07-28-2023 @ 08:09:18 - ---[ New import started at 2023-07-28 12:09:18 ] PHP Memory: 0 B, WP Memory: 2 GB
07-28-2023 @ 08:09:18 - Preparing for import.
07-28-2023 @ 08:09:18 - Row :1 - Parsing item.
07-28-2023 @ 08:09:18 - Row :1 - Parsing failed. Reason: Product with same ID already exists. ID: 65209
07-28-2023 @ 08:09:18 - Row :2 - Parsing item.
07-28-2023 @ 08:09:18 - Row :2 - Parsing failed. Reason: Product with same ID already exists. ID: 135121
07-28-2023 @ 08:09:18 - Row :3 - Parsing item.
07-28-2023 @ 08:09:18 - Row :3 - Parsing failed. Reason: Product with same ID already exists. ID: 135122
07-28-2023 @ 08:09:18 - Row :4 - Parsing item.
07-28-2023 @ 08:09:18 - Row :4 - Parsing failed. Reason: Product with same ID already exists. ID: 135118
07-28-2023 @ 08:09:18 - Row :5 - Parsing item.
07-28-2023 @ 08:09:18 - Row :5 - Parsing failed. Reason: Product with same ID already exists. ID: 69374
07-28-2023 @ 08:09:18 - Row :6 - Parsing item.
07-28-2023 @ 08:09:18 - Row :6 - Parsing failed. Reason: Product with same ID already exists. ID: 69375
07-28-2023 @ 08:09:18 - Row :7 - Parsing item.
07-28-2023 @ 08:09:18 - Row :7 - Parsing failed. Reason: Product with same ID already exists. ID: 69376
07-28-2023 @ 08:09:18 - Row :8 - Parsing item.
07-28-2023 @ 08:09:18 - Row :8 - Parsing failed. Reason: Product with same ID already exists. ID: 69377
07-28-2023 @ 08:09:18 - Row :9 - Parsing item.
07-28-2023 @ 08:09:18 - Row :9 - Parsing failed. Reason: Product with same ID already exists. ID: 69378
07-28-2023 @ 08:09:18 - Row :10 - Parsing item.
07-28-2023 @ 08:09:18 - Row :10 - Parsing failed. Reason: Product with same ID already exists. ID: 69379
07-28-2023 @ 08:09:20 - Preparing for import.
07-28-2023 @ 08:09:20 - Row :11 - Parsing item.
07-28-2023 @ 08:09:20 - Row :11 - Parsing failed. Reason: Product with same ID already exists. ID: 69380
07-28-2023 @ 08:09:20 - Row :12 - Parsing item.
07-28-2023 @ 08:09:20 - Row :12 - Parsing failed. Reason: Product with same ID already exists. ID: 69381
07-28-2023 @ 08:09:20 - Row :13 - Parsing item.
07-28-2023 @ 08:09:20 - Row :13 - Parsing failed. Reason: Product with same ID already exists. ID: 69382
07-28-2023 @ 08:09:20 - Row :14 - Parsing item.
07-28-2023 @ 08:09:20 - Row :14 - Parsing failed. Reason: Product with same ID already exists. ID: 69383
07-28-2023 @ 08:09:20 - Row :15 - Parsing item.
07-28-2023 @ 08:09:20 - Row :15 - Parsing failed. Reason: Product with same ID already exists. ID: 69384
07-28-2023 @ 08:09:20 - Row :16 - Parsing item.
07-28-2023 @ 08:09:20 - Row :16 - Parsing failed. Reason: Product with same ID already exists. ID: 69385
07-28-2023 @ 08:09:20 - Row :17 - Parsing item.
07-28-2023 @ 08:09:20 - Row :17 - Parsing failed. Reason: Product with same ID already exists. ID: 69388
07-28-2023 @ 08:09:20 - Row :18 - Parsing item.
07-28-2023 @ 08:09:20 - Row :18 - Parsing failed. Reason: Product with same ID already exists. ID: 69393
07-28-2023 @ 08:09:20 - Row :19 - Parsing item.
07-28-2023 @ 08:09:20 - Row :19 - Parsing failed. Reason: Product with same ID already exists. ID: 69394
07-28-2023 @ 08:09:20 - Row :20 - Parsing item.
07-28-2023 @ 08:09:20 - Row :20 - Parsing failed. Reason: Product with same ID already exists. ID: 69389
07-28-2023 @ 08:09:21 - Preparing for import.
07-28-2023 @ 08:09:21 - Row :21 - Parsing item.
07-28-2023 @ 08:09:21 - Row :21 - Parsing failed. Reason: Product with same ID already exists. ID: 69395
07-28-2023 @ 08:09:21 - Row :22 - Parsing item.
07-28-2023 @ 08:09:21 - Row :22 - Parsing failed. Reason: Product with same ID already exists. ID: 69390
07-28-2023 @ 08:09:21 - Row :23 - Parsing item.
07-28-2023 @ 08:09:21 - Row :23 - Parsing failed. Reason: Product with same ID already exists. ID: 69391
07-28-2023 @ 08:09:21 - Row :24 - Parsing item.
07-28-2023 @ 08:09:21 - Row :24 - Parsing failed. Reason: Product with same ID already exists. ID: 69392
07-28-2023 @ 08:09:21 - Row :25 - Parsing item.
07-28-2023 @ 08:09:21 - Row :25 - Parsing failed. Reason: Product with same ID already exists. ID: 69398
07-28-2023 @ 08:09:21 - Row :26 - Parsing item.
07-28-2023 @ 08:09:21 - Row :26 - Parsing failed. Reason: Product with same ID already exists. ID: 69413
07-28-2023 @ 08:09:21 - Row :27 - Parsing item.
07-28-2023 @ 08:09:21 - Row :27 - Parsing failed. Reason: Product with same ID already exists. ID: 69399
07-28-2023 @ 08:09:21 - Row :28 - Parsing item.
07-28-2023 @ 08:09:21 - Row :28 - Parsing failed. Reason: Product with same ID already exists. ID: 69400
07-28-2023 @ 08:09:21 - Row :29 - Parsing item.
07-28-2023 @ 08:09:21 - Row :29 - Parsing failed. Reason: Product with same ID already exists. ID: 69402
07-28-2023 @ 08:09:21 - Row :30 - Parsing item.
07-28-2023 @ 08:09:21 - Row :30 - Parsing failed. Reason: Product with same ID already exists. ID: 69409
07-28-2023 @ 08:09:22 - Preparing for import.
07-28-2023 @ 08:09:22 - Row :31 - Parsing item.
07-28-2023 @ 08:09:22 - Row :31 - Parsing failed. Reason: Product with same ID already exists. ID: 69403
07-28-2023 @ 08:09:22 - Row :32 - Parsing item.
07-28-2023 @ 08:09:22 - Row :32 - Parsing failed. Reason: Product with same ID already exists. ID: 135123
07-28-2023 @ 08:09:22 - Row :33 - Parsing item.
07-28-2023 @ 08:09:22 - Row :33 - Parsing failed. Reason: Product with same ID already exists. ID: 69405
07-28-2023 @ 08:09:22 - Row :34 - Parsing item.
07-28-2023 @ 08:09:22 - Row :34 - Parsing failed. Reason: Product with same ID already exists. ID: 69414
07-28-2023 @ 08:09:22 - Row :35 - Parsing item.
07-28-2023 @ 08:09:22 - Row :35 - Parsing failed. Reason: Product with same ID already exists. ID: 69412
07-28-2023 @ 08:09:22 - Row :36 - Parsing item.
07-28-2023 @ 08:09:22 - Row :36 - Parsing failed. Reason: Product with same ID already exists. ID: 135126
07-28-2023 @ 08:09:22 - Row :37 - Parsing item.
07-28-2023 @ 08:09:22 - Row :37 - Parsing failed. Reason: Product with same ID already exists. ID: 69396
07-28-2023 @ 08:09:22 - Row :38 - Parsing item.
07-28-2023 @ 08:09:22 - Row :38 - Parsing failed. Reason: Product with same ID already exists. ID: 69415
07-28-2023 @ 08:09:22 - Row :39 - Parsing item.
07-28-2023 @ 08:09:22 - Row :39 - Parsing failed. Reason: Product with same ID already exists. ID: 135127
07-28-2023 @ 08:09:22 - Row :40 - Parsing item.
07-28-2023 @ 08:09:22 - Row :40 - Parsing failed. Reason: Product with same ID already exists. ID: 69406
07-28-2023 @ 08:09:24 - Preparing for import.
07-28-2023 @ 08:09:24 - Row :41 - Parsing item.
07-28-2023 @ 08:09:24 - Row :41 - Parsing failed. Reason: Product with same ID already exists. ID: 69416
07-28-2023 @ 08:09:24 - Row :42 - Parsing item.
07-28-2023 @ 08:09:24 - Row :42 - Parsing failed. Reason: Product with same ID already exists. ID: 69407
07-28-2023 @ 08:09:24 - Row :43 - Parsing item.
07-28-2023 @ 08:09:24 - Row :43 - Parsing failed. Reason: Product with same ID already exists. ID: 135128
07-28-2023 @ 08:09:24 - Row :44 - Parsing item.
07-28-2023 @ 08:09:24 - Row :44 - Parsing failed. Reason: Product with same ID already exists. ID: 69417
07-28-2023 @ 08:09:24 - Row :45 - Parsing item.
07-28-2023 @ 08:09:24 - Row :45 - Parsing failed. Reason: Product with same ID already exists. ID: 69410
07-28-2023 @ 08:09:24 - Row :46 - Parsing item.
07-28-2023 @ 08:09:24 - Row :46 - Parsing failed. Reason: Product with same ID already exists. ID: 135129
07-28-2023 @ 08:09:24 - Row :47 - Parsing item.
07-28-2023 @ 08:09:24 - Row :47 - Parsing failed. Reason: Product with same ID already exists. ID: 69418
07-28-2023 @ 08:09:24 - Row :48 - Parsing item.
07-28-2023 @ 08:09:24 - Row :48 - Parsing failed. Reason: Product with same ID already exists. ID: 135124
07-28-2023 @ 08:09:24 - Row :49 - Parsing item.
07-28-2023 @ 08:09:24 - Row :49 - Parsing failed. Reason: Product with same ID already exists. ID: 135125
07-28-2023 @ 08:09:24 - Row :50 - Parsing item.
07-28-2023 @ 08:09:24 - Row :50 - Parsing failed. Reason: Product with same ID already exists. ID: 135130
07-28-2023 @ 08:09:25 - Preparing for import.
07-28-2023 @ 08:09:25 - Row :51 - Parsing item.
07-28-2023 @ 08:09:25 - Row :51 - Parsing failed. Reason: Product with same ID already exists. ID: 69419
07-28-2023 @ 08:09:25 - Row :52 - Parsing item.
07-28-2023 @ 08:09:25 - Row :52 - Parsing failed. Reason: Product with same ID already exists. ID: 135131
07-28-2023 @ 08:09:25 - Row :53 - Parsing item.
07-28-2023 @ 08:09:25 - Row :53 - Parsing failed. Reason: Product with same ID already exists. ID: 85181
07-28-2023 @ 08:09:25 - Row :54 - Parsing item.
07-28-2023 @ 08:09:25 - Row :54 - Parsing failed. Reason: Product with same ID already exists. ID: 135132
07-28-2023 @ 08:09:25 - Row :55 - Parsing item.
07-28-2023 @ 08:09:25 - Row :55 - Parsing failed. Reason: Product with same ID already exists. ID: 135133
07-28-2023 @ 08:09:25 - Row :56 - Parsing item.
07-28-2023 @ 08:09:25 - Row :56 - Parsing failed. Reason: Product with same ID already exists. ID: 135119
07-28-2023 @ 08:09:25 - Row :57 - Parsing item.
07-28-2023 @ 08:09:25 - Row :57 - Parsing failed. Reason: Product with same ID already exists. ID: 135134
07-28-2023 @ 08:09:25 - Row :58 - Parsing item.
07-28-2023 @ 08:09:25 - Row :58 - Parsing failed. Reason: Product with same ID already exists. ID: 135120
07-28-2023 @ 08:09:25 - Row :59 - Parsing item.
07-28-2023 @ 08:09:25 - Row :59 - Parsing failed. Reason: Product with same ID already exists. ID: 135135
07-28-2023 @ 08:09:25 - Row :60 - Parsing item.
07-28-2023 @ 08:09:25 - Row :60 - Parsing failed. Reason: Product with same ID already exists. ID: 135136
07-28-2023 @ 08:09:26 - Preparing for import.
07-28-2023 @ 08:09:26 - Row :61 - Parsing item.
07-28-2023 @ 08:09:26 - Row :61 - Parsing failed. Reason: Product with same ID already exists. ID: 135137
07-28-2023 @ 08:09:26 - Row :62 - Parsing item.
07-28-2023 @ 08:09:26 - Row :62 - Parsing failed. Reason: Product with same ID already exists. ID: 135138
07-28-2023 @ 08:09:26 - Row :63 - Parsing item.
07-28-2023 @ 08:09:26 - Row :63 - Parsing failed. Reason: Product with same ID already exists. ID: 135139
07-28-2023 @ 08:09:26 - Row :64 - Parsing item.
07-28-2023 @ 08:09:26 - Row :64 - Parsing failed. Reason: Product with same ID already exists. ID: 135140
07-28-2023 @ 08:09:26 - Row :65 - Parsing item.
07-28-2023 @ 08:09:26 - Row :65 - Parsing failed. Reason: Product with same ID already exists. ID: 135141
07-28-2023 @ 08:09:26 - Row :66 - Parsing item.
07-28-2023 @ 08:09:26 - Row :66 - Parsing failed. Reason: Product with same ID already exists. ID: 135142
07-28-2023 @ 08:09:26 - Row :67 - Parsing item.
07-28-2023 @ 08:09:26 - Row :67 - Parsing failed. Reason: Product with same ID already exists. ID: 135143
07-28-2023 @ 08:09:26 - Row :68 - Parsing item.
07-28-2023 @ 08:09:26 - Row :68 - Parsing failed. Reason: Product with same ID already exists. ID: 135144
07-28-2023 @ 08:09:26 - Row :69 - Parsing item.
07-28-2023 @ 08:09:26 - Row :69 - Parsing failed. Reason: Product with same ID already exists. ID: 135145
07-28-2023 @ 08:09:26 - Row :70 - Parsing item.
07-28-2023 @ 08:09:26 - Row :70 - Parsing failed. Reason: Product with same ID already exists. ID: 135146
07-28-2023 @ 08:09:27 - Preparing for import.
07-28-2023 @ 08:09:27 - Row :71 - Parsing item.
07-28-2023 @ 08:09:27 - Row :71 - Parsing failed. Reason: Product with same ID already exists. ID: 135147
07-28-2023 @ 08:09:27 - Row :72 - Parsing item.
07-28-2023 @ 08:09:27 - Row :72 - Parsing failed. Reason: Product with same ID already exists. ID: 135148
07-28-2023 @ 08:09:27 - Row :73 - Parsing item.
07-28-2023 @ 08:09:27 - Row :73 - Parsing failed. Reason: Product with same ID already exists. ID: 135149
07-28-2023 @ 08:09:27 - Row :74 - Parsing item.
07-28-2023 @ 08:09:27 - Importing as new product ID:762965
07-28-2023 @ 08:09:27 - Row :74 - Processing item.
07-28-2023 @ 08:09:27 - Found variation product object. ID:762965
07-28-2023 @ 08:09:28 - Setting Featured Image. URL:https://appareldirectdistributor.com/wp-content/uploads/2021/10/coming-soon-img-829.jpg
07-28-2023 @ 08:09:28 - Attachment ID:762966
07-28-2023 @ 08:09:28 - Row :74 - Product imported successfully.
07-28-2023 @ 08:09:28 - ---[ Import ended at 2023-07-28 12:09:28]---
