07-28-2023 @ 08:11:21 - ---[ New import started at 2023-07-28 12:11:21 ] PHP Memory: 0 B, WP Memory: 2 GB
07-28-2023 @ 08:11:21 - Preparing for import.
07-28-2023 @ 08:11:21 - Row :1 - Parsing item.
07-28-2023 @ 08:11:21 - Row :1 - Processing item.
07-28-2023 @ 08:11:21 - Found variable product object. ID:65209
07-28-2023 @ 08:11:22 - Setting Featured Image. URL:https://appareldirectdistributor.com/wp-content/uploads/2021/10/Hanes_482L_Black.jpg
07-28-2023 @ 08:11:24 - Attachment ID:762967
07-28-2023 @ 08:11:24 - Setting Gallery Images.
07-28-2023 @ 08:11:24 - Image URL:https://appareldirectdistributor.com/wp-content/uploads/2021/10/Hanes_482L_Deep_Red.jpg
07-28-2023 @ 08:11:25 - Attachment ID:762968
07-28-2023 @ 08:11:25 - Image URL:https://appareldirectdistributor.com/wp-content/uploads/2021/10/Hanes_482L_Deep_Royal.jpg
07-28-2023 @ 08:11:27 - Attachment ID:762969
07-28-2023 @ 08:11:27 - Image URL:https://appareldirectdistributor.com/wp-content/uploads/2021/10/Hanes_482L_Graphite.jpg
07-28-2023 @ 08:11:29 - Attachment ID:762970
07-28-2023 @ 08:11:29 - Image URL:https://appareldirectdistributor.com/wp-content/uploads/2021/10/Hanes_482L_Light_Blue.jpg
07-28-2023 @ 08:11:31 - Attachment ID:762971
07-28-2023 @ 08:11:31 - Image URL:https://appareldirectdistributor.com/wp-content/uploads/2021/10/Hanes_482L_Navy.jpg
07-28-2023 @ 08:11:32 - Attachment ID:762972
07-28-2023 @ 08:11:32 - Image URL:https://appareldirectdistributor.com/wp-content/uploads/2021/10/Hanes_482L_Safety_Green.jpg
07-28-2023 @ 08:11:33 - Attachment ID:762973
07-28-2023 @ 08:11:33 - Image URL:https://appareldirectdistributor.com/wp-content/uploads/2021/10/Hanes_482L_Safety_Orange.jpg
07-28-2023 @ 08:11:35 - Attachment ID:762974
07-28-2023 @ 08:11:35 - Image URL:https://appareldirectdistributor.com/wp-content/uploads/2021/10/Hanes_482L_White.jpg
07-28-2023 @ 08:11:37 - Attachment ID:762975
07-28-2023 @ 08:11:37 - Image URL:https://appareldirectdistributor.com/wp-content/uploads/2021/10/Hanes_482L_Wow_Pink.jpg
07-28-2023 @ 08:11:38 - Attachment ID:762976
07-28-2023 @ 08:11:38 - Image URL:https://appareldirectdistributor.com/wp-content/uploads/2021/10/coming-soon-img-829.jpg
07-28-2023 @ 08:11:38 - Attachment ID:762966
07-28-2023 @ 08:11:41 - Row :1 - Product updated successfully.
07-28-2023 @ 08:11:41 - Row :2 - Parsing item.
07-28-2023 @ 08:11:41 - Row :2 - Processing item.
07-28-2023 @ 08:11:41 - Found variation product object. ID:135121
07-28-2023 @ 08:11:43 - Setting Featured Image. URL:https://appareldirectdistributor.com/wp-content/uploads/2021/10/Hanes_482L_Graphite_sw.jpg
07-28-2023 @ 08:11:43 - Attachment ID:762977
07-28-2023 @ 08:11:43 - Row :2 - Product updated successfully.
07-28-2023 @ 08:11:43 - Row :3 - Parsing item.
07-28-2023 @ 08:11:43 - Row :3 - Processing item.
07-28-2023 @ 08:11:43 - Found variation product object. ID:135122
07-28-2023 @ 08:11:45 - Setting Featured Image. URL:https://appareldirectdistributor.com/wp-content/uploads/2021/10/Hanes_482L_Light_Blue_sw.jpg
07-28-2023 @ 08:11:45 - Attachment ID:762978
07-28-2023 @ 08:11:45 - Row :3 - Product updated successfully.
07-28-2023 @ 08:11:45 - Row :4 - Parsing item.
07-28-2023 @ 08:11:45 - Row :4 - Processing item.
07-28-2023 @ 08:11:45 - Found variation product object. ID:135118
07-28-2023 @ 08:11:47 - Setting Featured Image. URL:https://appareldirectdistributor.com/wp-content/uploads/2021/10/Hanes_482L_Black_sw.jpg
07-28-2023 @ 08:11:47 - Attachment ID:762979
07-28-2023 @ 08:11:47 - Row :4 - Product updated successfully.
07-28-2023 @ 08:11:47 - Row :5 - Parsing item.
07-28-2023 @ 08:11:47 - Row :5 - Processing item.
07-28-2023 @ 08:11:47 - Found variation product object. ID:69374
07-28-2023 @ 08:11:48 - Setting Featured Image. URL:https://appareldirectdistributor.com/wp-content/uploads/2021/10/Hanes_482L_Black_sw.jpg
07-28-2023 @ 08:11:48 - Attachment ID:762979
07-28-2023 @ 08:11:48 - Row :5 - Product updated successfully.
07-28-2023 @ 08:11:48 - Row :6 - Parsing item.
07-28-2023 @ 08:11:48 - Row :6 - Processing item.
07-28-2023 @ 08:11:48 - Found variation product object. ID:69375
07-28-2023 @ 08:11:50 - Setting Featured Image. URL:https://appareldirectdistributor.com/wp-content/uploads/2021/10/Hanes_482L_Black_sw.jpg
07-28-2023 @ 08:11:50 - Attachment ID:762979
07-28-2023 @ 08:11:50 - Row :6 - Product updated successfully.
07-28-2023 @ 08:11:50 - Row :7 - Parsing item.
07-28-2023 @ 08:11:50 - Row :7 - Processing item.
07-28-2023 @ 08:11:50 - Found variation product object. ID:69376
07-28-2023 @ 08:11:51 - Setting Featured Image. URL:https://appareldirectdistributor.com/wp-content/uploads/2021/10/Hanes_482L_Black_sw.jpg
07-28-2023 @ 08:11:51 - Attachment ID:762979
07-28-2023 @ 08:11:51 - Row :7 - Product updated successfully.
07-28-2023 @ 08:11:51 - Row :8 - Parsing item.
07-28-2023 @ 08:11:51 - Row :8 - Processing item.
07-28-2023 @ 08:11:51 - Found variation product object. ID:69377
07-28-2023 @ 08:11:53 - Setting Featured Image. URL:https://appareldirectdistributor.com/wp-content/uploads/2021/10/Hanes_482L_Black_sw.jpg
07-28-2023 @ 08:11:53 - Attachment ID:762979
07-28-2023 @ 08:11:53 - Row :8 - Product updated successfully.
07-28-2023 @ 08:11:53 - Row :9 - Parsing item.
07-28-2023 @ 08:11:53 - Row :9 - Processing item.
07-28-2023 @ 08:11:53 - Found variation product object. ID:69378
07-28-2023 @ 08:11:54 - Setting Featured Image. URL:https://appareldirectdistributor.com/wp-content/uploads/2021/10/Hanes_482L_Black_sw.jpg
07-28-2023 @ 08:11:54 - Attachment ID:762979
07-28-2023 @ 08:11:54 - Row :9 - Product updated successfully.
07-28-2023 @ 08:11:54 - Row :10 - Parsing item.
07-28-2023 @ 08:11:54 - Row :10 - Processing item.
07-28-2023 @ 08:11:54 - Found variation product object. ID:69379
07-28-2023 @ 08:11:56 - Setting Featured Image. URL:https://appareldirectdistributor.com/wp-content/uploads/2021/10/Hanes_482L_Black_sw.jpg
07-28-2023 @ 08:11:56 - Attachment ID:762979
07-28-2023 @ 08:11:56 - Row :10 - Product updated successfully.
07-28-2023 @ 08:11:58 - Preparing for import.
07-28-2023 @ 08:11:58 - Row :11 - Parsing item.
07-28-2023 @ 08:11:58 - Row :11 - Processing item.
07-28-2023 @ 08:11:58 - Found variation product object. ID:69380
07-28-2023 @ 08:11:58 - Setting Featured Image. URL:https://appareldirectdistributor.com/wp-content/uploads/2021/10/Hanes_482L_Deep_Red_sw.jpg
07-28-2023 @ 08:11:58 - Attachment ID:762980
07-28-2023 @ 08:11:58 - Row :11 - Product updated successfully.
07-28-2023 @ 08:11:58 - Row :12 - Parsing item.
07-28-2023 @ 08:11:58 - Row :12 - Processing item.
07-28-2023 @ 08:11:58 - Found variation product object. ID:69381
07-28-2023 @ 08:11:58 - Setting Featured Image. URL:https://appareldirectdistributor.com/wp-content/uploads/2021/10/Hanes_482L_Deep_Red_sw.jpg
07-28-2023 @ 08:11:58 - Attachment ID:762980
07-28-2023 @ 08:11:59 - Row :12 - Product updated successfully.
07-28-2023 @ 08:11:59 - Row :13 - Parsing item.
07-28-2023 @ 08:11:59 - Row :13 - Processing item.
07-28-2023 @ 08:11:59 - Found variation product object. ID:69382
07-28-2023 @ 08:11:59 - Setting Featured Image. URL:https://appareldirectdistributor.com/wp-content/uploads/2021/10/Hanes_482L_Deep_Red_sw.jpg
07-28-2023 @ 08:11:59 - Attachment ID:762980
07-28-2023 @ 08:11:59 - Row :13 - Product updated successfully.
07-28-2023 @ 08:11:59 - Row :14 - Parsing item.
07-28-2023 @ 08:11:59 - Row :14 - Processing item.
07-28-2023 @ 08:11:59 - Found variation product object. ID:69383
07-28-2023 @ 08:11:59 - Setting Featured Image. URL:https://appareldirectdistributor.com/wp-content/uploads/2021/10/Hanes_482L_Deep_Red_sw.jpg
07-28-2023 @ 08:11:59 - Attachment ID:762980
07-28-2023 @ 08:11:59 - Row :14 - Product updated successfully.
07-28-2023 @ 08:11:59 - Row :15 - Parsing item.
07-28-2023 @ 08:11:59 - Row :15 - Processing item.
07-28-2023 @ 08:11:59 - Found variation product object. ID:69384
07-28-2023 @ 08:11:59 - Setting Featured Image. URL:https://appareldirectdistributor.com/wp-content/uploads/2021/10/Hanes_482L_Deep_Red_sw.jpg
07-28-2023 @ 08:11:59 - Attachment ID:762980
07-28-2023 @ 08:11:59 - Row :15 - Product updated successfully.
07-28-2023 @ 08:11:59 - Row :16 - Parsing item.
07-28-2023 @ 08:12:00 - Row :16 - Processing item.
07-28-2023 @ 08:12:00 - Found variation product object. ID:69385
07-28-2023 @ 08:12:00 - Setting Featured Image. URL:https://appareldirectdistributor.com/wp-content/uploads/2021/10/Hanes_482L_Deep_Red_sw.jpg
07-28-2023 @ 08:12:00 - Attachment ID:762980
07-28-2023 @ 08:12:00 - Row :16 - Product updated successfully.
07-28-2023 @ 08:12:00 - Row :17 - Parsing item.
07-28-2023 @ 08:12:00 - Row :17 - Processing item.
07-28-2023 @ 08:12:00 - Found variation product object. ID:69388
07-28-2023 @ 08:12:00 - Setting Featured Image. URL:https://appareldirectdistributor.com/wp-content/uploads/2021/10/Hanes_482L_Deep_Royal_sw.jpg
07-28-2023 @ 08:12:00 - Attachment ID:762981
07-28-2023 @ 08:12:00 - Row :17 - Product updated successfully.
07-28-2023 @ 08:12:00 - Row :18 - Parsing item.
07-28-2023 @ 08:12:00 - Row :18 - Processing item.
07-28-2023 @ 08:12:00 - Found variation product object. ID:69393
07-28-2023 @ 08:12:00 - Setting Featured Image. URL:https://appareldirectdistributor.com/wp-content/uploads/2021/10/Hanes_482L_Deep_Royal_sw.jpg
07-28-2023 @ 08:12:00 - Attachment ID:762981
07-28-2023 @ 08:12:01 - Row :18 - Product updated successfully.
07-28-2023 @ 08:12:01 - Row :19 - Parsing item.
07-28-2023 @ 08:12:01 - Row :19 - Processing item.
07-28-2023 @ 08:12:01 - Found variation product object. ID:69394
07-28-2023 @ 08:12:01 - Setting Featured Image. URL:https://appareldirectdistributor.com/wp-content/uploads/2021/10/Hanes_482L_Graphite_sw.jpg
07-28-2023 @ 08:12:01 - Attachment ID:762977
07-28-2023 @ 08:12:01 - Row :19 - Product updated successfully.
07-28-2023 @ 08:12:01 - Row :20 - Parsing item.
07-28-2023 @ 08:12:01 - Row :20 - Processing item.
07-28-2023 @ 08:12:01 - Found variation product object. ID:69389
07-28-2023 @ 08:12:01 - Setting Featured Image. URL:https://appareldirectdistributor.com/wp-content/uploads/2021/10/Hanes_482L_Deep_Royal_sw.jpg
07-28-2023 @ 08:12:01 - Attachment ID:762981
07-28-2023 @ 08:12:01 - Row :20 - Product updated successfully.
07-28-2023 @ 08:12:02 - Preparing for import.
07-28-2023 @ 08:12:02 - Row :21 - Parsing item.
07-28-2023 @ 08:12:02 - Row :21 - Processing item.
07-28-2023 @ 08:12:02 - Found variation product object. ID:69395
07-28-2023 @ 08:12:02 - Setting Featured Image. URL:https://appareldirectdistributor.com/wp-content/uploads/2021/10/Hanes_482L_Graphite_sw.jpg
07-28-2023 @ 08:12:02 - Attachment ID:762977
07-28-2023 @ 08:12:02 - Row :21 - Product updated successfully.
07-28-2023 @ 08:12:02 - Row :22 - Parsing item.
07-28-2023 @ 08:12:02 - Row :22 - Processing item.
07-28-2023 @ 08:12:02 - Found variation product object. ID:69390
07-28-2023 @ 08:12:03 - Setting Featured Image. URL:https://appareldirectdistributor.com/wp-content/uploads/2021/10/Hanes_482L_Deep_Royal_sw.jpg
07-28-2023 @ 08:12:03 - Attachment ID:762981
07-28-2023 @ 08:12:03 - Row :22 - Product updated successfully.
07-28-2023 @ 08:12:03 - Row :23 - Parsing item.
07-28-2023 @ 08:12:03 - Row :23 - Processing item.
07-28-2023 @ 08:12:03 - Found variation product object. ID:69391
07-28-2023 @ 08:12:03 - Setting Featured Image. URL:https://appareldirectdistributor.com/wp-content/uploads/2021/10/Hanes_482L_Deep_Royal_sw.jpg
07-28-2023 @ 08:12:03 - Attachment ID:762981
07-28-2023 @ 08:12:03 - Row :23 - Product updated successfully.
07-28-2023 @ 08:12:03 - Row :24 - Parsing item.
07-28-2023 @ 08:12:03 - Row :24 - Processing item.
07-28-2023 @ 08:12:03 - Found variation product object. ID:69392
07-28-2023 @ 08:12:03 - Setting Featured Image. URL:https://appareldirectdistributor.com/wp-content/uploads/2021/10/Hanes_482L_Deep_Royal_sw.jpg
07-28-2023 @ 08:12:03 - Attachment ID:762981
07-28-2023 @ 08:12:03 - Row :24 - Product updated successfully.
07-28-2023 @ 08:12:03 - Row :25 - Parsing item.
07-28-2023 @ 08:12:04 - Row :25 - Processing item.
07-28-2023 @ 08:12:04 - Found variation product object. ID:69398
07-28-2023 @ 08:12:04 - Setting Featured Image. URL:https://appareldirectdistributor.com/wp-content/uploads/2021/10/Hanes_482L_Graphite_sw.jpg
07-28-2023 @ 08:12:04 - Attachment ID:762977
07-28-2023 @ 08:12:04 - Row :25 - Product updated successfully.
07-28-2023 @ 08:12:04 - Row :26 - Parsing item.
07-28-2023 @ 08:12:04 - Row :26 - Processing item.
07-28-2023 @ 08:12:04 - Found variation product object. ID:69413
07-28-2023 @ 08:12:04 - Setting Featured Image. URL:https://appareldirectdistributor.com/wp-content/uploads/2021/10/Hanes_482L_Safety_Green_sw.jpg
07-28-2023 @ 08:12:04 - Attachment ID:762982
07-28-2023 @ 08:12:04 - Row :26 - Product updated successfully.
07-28-2023 @ 08:12:04 - Row :27 - Parsing item.
07-28-2023 @ 08:12:04 - Row :27 - Processing item.
07-28-2023 @ 08:12:04 - Found variation product object. ID:69399
07-28-2023 @ 08:12:05 - Setting Featured Image. URL:https://appareldirectdistributor.com/wp-content/uploads/2021/10/Hanes_482L_Graphite_sw.jpg
07-28-2023 @ 08:12:05 - Attachment ID:762977
07-28-2023 @ 08:12:05 - Row :27 - Product updated successfully.
07-28-2023 @ 08:12:05 - Row :28 - Parsing item.
07-28-2023 @ 08:12:05 - Row :28 - Processing item.
07-28-2023 @ 08:12:05 - Found variation product object. ID:69400
07-28-2023 @ 08:12:05 - Setting Featured Image. URL:https://appareldirectdistributor.com/wp-content/uploads/2021/10/Hanes_482L_Graphite_sw.jpg
07-28-2023 @ 08:12:05 - Attachment ID:762977
07-28-2023 @ 08:12:05 - Row :28 - Product updated successfully.
07-28-2023 @ 08:12:05 - Row :29 - Parsing item.
07-28-2023 @ 08:12:05 - Row :29 - Processing item.
07-28-2023 @ 08:12:05 - Found variation product object. ID:69402
07-28-2023 @ 08:12:05 - Setting Featured Image. URL:https://appareldirectdistributor.com/wp-content/uploads/2021/10/Hanes_482L_Navy_sw.jpg
07-28-2023 @ 08:12:05 - Attachment ID:762983
07-28-2023 @ 08:12:05 - Row :29 - Product updated successfully.
07-28-2023 @ 08:12:05 - Row :30 - Parsing item.
07-28-2023 @ 08:12:05 - Row :30 - Processing item.
07-28-2023 @ 08:12:05 - Found variation product object. ID:69409
07-28-2023 @ 08:12:06 - Setting Featured Image. URL:https://appareldirectdistributor.com/wp-content/uploads/2021/10/Hanes_482L_Safety_Green_sw.jpg
07-28-2023 @ 08:12:06 - Attachment ID:762982
07-28-2023 @ 08:12:06 - Row :30 - Product updated successfully.
07-28-2023 @ 08:12:06 - Preparing for import.
07-28-2023 @ 08:12:06 - Row :31 - Parsing item.
07-28-2023 @ 08:12:06 - Row :31 - Processing item.
07-28-2023 @ 08:12:06 - Found variation product object. ID:69403
07-28-2023 @ 08:12:06 - Setting Featured Image. URL:https://appareldirectdistributor.com/wp-content/uploads/2021/10/Hanes_482L_Navy_sw.jpg
07-28-2023 @ 08:12:07 - Attachment ID:762983
07-28-2023 @ 08:12:07 - Row :31 - Product updated successfully.
07-28-2023 @ 08:12:07 - Row :32 - Parsing item.
07-28-2023 @ 08:12:07 - Row :32 - Processing item.
07-28-2023 @ 08:12:07 - Found variation product object. ID:135123
07-28-2023 @ 08:12:07 - Setting Featured Image. URL:https://appareldirectdistributor.com/wp-content/uploads/2021/10/Hanes_482L_Light_Blue_sw.jpg
07-28-2023 @ 08:12:07 - Attachment ID:762978
07-28-2023 @ 08:12:07 - Row :32 - Product updated successfully.
07-28-2023 @ 08:12:07 - Row :33 - Parsing item.
07-28-2023 @ 08:12:07 - Row :33 - Processing item.
07-28-2023 @ 08:12:07 - Found variation product object. ID:69405
07-28-2023 @ 08:12:08 - Setting Featured Image. URL:https://appareldirectdistributor.com/wp-content/uploads/2021/10/Hanes_482L_Navy_sw.jpg
07-28-2023 @ 08:12:08 - Attachment ID:762983
07-28-2023 @ 08:12:08 - Row :33 - Product updated successfully.
07-28-2023 @ 08:12:08 - Row :34 - Parsing item.
07-28-2023 @ 08:12:08 - Row :34 - Processing item.
07-28-2023 @ 08:12:08 - Found variation product object. ID:69414
07-28-2023 @ 08:12:08 - Setting Featured Image. URL:https://appareldirectdistributor.com/wp-content/uploads/2021/10/Hanes_482L_White_sw.jpg
07-28-2023 @ 08:12:08 - Attachment ID:762984
07-28-2023 @ 08:12:08 - Row :34 - Product updated successfully.
07-28-2023 @ 08:12:08 - Row :35 - Parsing item.
07-28-2023 @ 08:12:08 - Row :35 - Processing item.
07-28-2023 @ 08:12:08 - Found variation product object. ID:69412
07-28-2023 @ 08:12:08 - Setting Featured Image. URL:https://appareldirectdistributor.com/wp-content/uploads/2021/10/Hanes_482L_Safety_Green_sw.jpg
07-28-2023 @ 08:12:08 - Attachment ID:762982
07-28-2023 @ 08:12:08 - Row :35 - Product updated successfully.
07-28-2023 @ 08:12:08 - Row :36 - Parsing item.
07-28-2023 @ 08:12:09 - Row :36 - Processing item.
07-28-2023 @ 08:12:10 - Found variation product object. ID:135126
07-28-2023 @ 08:12:11 - Setting Featured Image. URL:https://appareldirectdistributor.com/wp-content/uploads/2021/10/Hanes_482L_Light_Blue_sw.jpg
07-28-2023 @ 08:12:11 - Attachment ID:762978
07-28-2023 @ 08:12:11 - Row :36 - Product updated successfully.
07-28-2023 @ 08:12:11 - Row :37 - Parsing item.
07-28-2023 @ 08:12:11 - Row :37 - Processing item.
07-28-2023 @ 08:12:11 - Found variation product object. ID:69396
07-28-2023 @ 08:12:11 - Setting Featured Image. URL:https://appareldirectdistributor.com/wp-content/uploads/2021/10/Hanes_482L_Graphite_sw.jpg
07-28-2023 @ 08:12:11 - Attachment ID:762977
07-28-2023 @ 08:12:11 - Row :37 - Product updated successfully.
07-28-2023 @ 08:12:11 - Row :38 - Parsing item.
07-28-2023 @ 08:12:11 - Row :38 - Processing item.
07-28-2023 @ 08:12:11 - Found variation product object. ID:69415
07-28-2023 @ 08:12:11 - Setting Featured Image. URL:https://appareldirectdistributor.com/wp-content/uploads/2021/10/Hanes_482L_White_sw.jpg
07-28-2023 @ 08:12:11 - Attachment ID:762984
07-28-2023 @ 08:12:11 - Row :38 - Product updated successfully.
07-28-2023 @ 08:12:11 - Row :39 - Parsing item.
07-28-2023 @ 08:12:11 - Row :39 - Processing item.
07-28-2023 @ 08:12:11 - Found variation product object. ID:135127
07-28-2023 @ 08:12:12 - Setting Featured Image. URL:https://appareldirectdistributor.com/wp-content/uploads/2021/10/Hanes_482L_Light_Blue_sw.jpg
07-28-2023 @ 08:12:12 - Attachment ID:762978
07-28-2023 @ 08:12:12 - Row :39 - Product updated successfully.
07-28-2023 @ 08:12:12 - Row :40 - Parsing item.
07-28-2023 @ 08:12:12 - Row :40 - Processing item.
07-28-2023 @ 08:12:12 - Found variation product object. ID:69406
07-28-2023 @ 08:12:12 - Setting Featured Image. URL:https://appareldirectdistributor.com/wp-content/uploads/2021/10/Hanes_482L_Navy_sw.jpg
07-28-2023 @ 08:12:12 - Attachment ID:762983
07-28-2023 @ 08:12:12 - Row :40 - Product updated successfully.
07-28-2023 @ 08:12:13 - Preparing for import.
07-28-2023 @ 08:12:13 - Row :41 - Parsing item.
07-28-2023 @ 08:12:13 - Row :41 - Processing item.
07-28-2023 @ 08:12:13 - Found variation product object. ID:69416
07-28-2023 @ 08:12:13 - Setting Featured Image. URL:https://appareldirectdistributor.com/wp-content/uploads/2021/10/Hanes_482L_White_sw.jpg
07-28-2023 @ 08:12:13 - Attachment ID:762984
07-28-2023 @ 08:12:13 - Row :41 - Product updated successfully.
07-28-2023 @ 08:12:13 - Row :42 - Parsing item.
07-28-2023 @ 08:12:13 - Row :42 - Processing item.
07-28-2023 @ 08:12:13 - Found variation product object. ID:69407
07-28-2023 @ 08:12:13 - Setting Featured Image. URL:https://appareldirectdistributor.com/wp-content/uploads/2021/10/Hanes_482L_Safety_Green_sw.jpg
07-28-2023 @ 08:12:13 - Attachment ID:762982
07-28-2023 @ 08:12:14 - Row :42 - Product updated successfully.
07-28-2023 @ 08:12:14 - Row :43 - Parsing item.
07-28-2023 @ 08:12:14 - Row :43 - Processing item.
07-28-2023 @ 08:12:15 - Found variation product object. ID:135128
07-28-2023 @ 08:12:15 - Setting Featured Image. URL:https://appareldirectdistributor.com/wp-content/uploads/2021/10/Hanes_482L_Light_Blue_sw.jpg
07-28-2023 @ 08:12:15 - Attachment ID:762978
07-28-2023 @ 08:12:15 - Row :43 - Product updated successfully.
07-28-2023 @ 08:12:15 - Row :44 - Parsing item.
07-28-2023 @ 08:12:15 - Row :44 - Processing item.
07-28-2023 @ 08:12:15 - Found variation product object. ID:69417
07-28-2023 @ 08:12:15 - Setting Featured Image. URL:https://appareldirectdistributor.com/wp-content/uploads/2021/10/Hanes_482L_White_sw.jpg
07-28-2023 @ 08:12:15 - Attachment ID:762984
07-28-2023 @ 08:12:16 - Row :44 - Product updated successfully.
07-28-2023 @ 08:12:16 - Row :45 - Parsing item.
07-28-2023 @ 08:12:16 - Row :45 - Processing item.
07-28-2023 @ 08:12:16 - Found variation product object. ID:69410
07-28-2023 @ 08:12:16 - Setting Featured Image. URL:https://appareldirectdistributor.com/wp-content/uploads/2021/10/Hanes_482L_Safety_Green_sw.jpg
07-28-2023 @ 08:12:16 - Attachment ID:762982
07-28-2023 @ 08:12:16 - Row :45 - Product updated successfully.
07-28-2023 @ 08:12:16 - Row :46 - Parsing item.
07-28-2023 @ 08:12:16 - Row :46 - Processing item.
07-28-2023 @ 08:12:16 - Found variation product object. ID:135129
07-28-2023 @ 08:12:16 - Setting Featured Image. URL:https://appareldirectdistributor.com/wp-content/uploads/2021/10/Hanes_482L_Navy_sw.jpg
07-28-2023 @ 08:12:16 - Attachment ID:762983
07-28-2023 @ 08:12:16 - Row :46 - Product updated successfully.
07-28-2023 @ 08:12:16 - Row :47 - Parsing item.
07-28-2023 @ 08:12:16 - Row :47 - Processing item.
07-28-2023 @ 08:12:16 - Found variation product object. ID:69418
07-28-2023 @ 08:12:17 - Setting Featured Image. URL:https://appareldirectdistributor.com/wp-content/uploads/2021/10/Hanes_482L_White_sw.jpg
07-28-2023 @ 08:12:17 - Attachment ID:762984
07-28-2023 @ 08:12:17 - Row :47 - Product updated successfully.
07-28-2023 @ 08:12:17 - Row :48 - Parsing item.
07-28-2023 @ 08:12:17 - Row :48 - Processing item.
07-28-2023 @ 08:12:17 - Found variation product object. ID:135124
07-28-2023 @ 08:12:17 - Setting Featured Image. URL:https://appareldirectdistributor.com/wp-content/uploads/2021/10/Hanes_482L_Light_Blue_sw.jpg
07-28-2023 @ 08:12:17 - Attachment ID:762978
07-28-2023 @ 08:12:17 - Row :48 - Product updated successfully.
07-28-2023 @ 08:12:17 - Row :49 - Parsing item.
07-28-2023 @ 08:12:17 - Row :49 - Processing item.
07-28-2023 @ 08:12:18 - Found variation product object. ID:135125
07-28-2023 @ 08:12:18 - Setting Featured Image. URL:https://appareldirectdistributor.com/wp-content/uploads/2021/10/Hanes_482L_Light_Blue_sw.jpg
07-28-2023 @ 08:12:18 - Attachment ID:762978
07-28-2023 @ 08:12:18 - Row :49 - Product updated successfully.
07-28-2023 @ 08:12:18 - Row :50 - Parsing item.
07-28-2023 @ 08:12:18 - Row :50 - Processing item.
07-28-2023 @ 08:12:18 - Found variation product object. ID:135130
07-28-2023 @ 08:12:18 - Setting Featured Image. URL:https://appareldirectdistributor.com/wp-content/uploads/2021/10/Hanes_482L_Navy_sw.jpg
07-28-2023 @ 08:12:18 - Attachment ID:762983
07-28-2023 @ 08:12:18 - Row :50 - Product updated successfully.
07-28-2023 @ 08:12:19 - Preparing for import.
07-28-2023 @ 08:12:19 - Row :51 - Parsing item.
07-28-2023 @ 08:12:19 - Row :51 - Processing item.
07-28-2023 @ 08:12:19 - Found variation product object. ID:69419
07-28-2023 @ 08:12:19 - Setting Featured Image. URL:https://appareldirectdistributor.com/wp-content/uploads/2021/10/Hanes_482L_White_sw.jpg
07-28-2023 @ 08:12:19 - Attachment ID:762984
07-28-2023 @ 08:12:19 - Row :51 - Product updated successfully.
07-28-2023 @ 08:12:19 - Row :52 - Parsing item.
07-28-2023 @ 08:12:19 - Row :52 - Processing item.
07-28-2023 @ 08:12:19 - Found variation product object. ID:135131
07-28-2023 @ 08:12:20 - Setting Featured Image. URL:https://appareldirectdistributor.com/wp-content/uploads/2021/10/Hanes_482L_Navy_sw.jpg
07-28-2023 @ 08:12:20 - Attachment ID:762983
07-28-2023 @ 08:12:20 - Row :52 - Product updated successfully.
07-28-2023 @ 08:12:20 - Row :53 - Parsing item.
07-28-2023 @ 08:12:20 - Row :53 - Processing item.
07-28-2023 @ 08:12:20 - Found variation product object. ID:85181
07-28-2023 @ 08:12:20 - Setting Featured Image. URL:https://appareldirectdistributor.com/wp-content/uploads/2021/10/Hanes_482L_White_sw.jpg
07-28-2023 @ 08:12:20 - Attachment ID:762984
07-28-2023 @ 08:12:20 - Row :53 - Product updated successfully.
07-28-2023 @ 08:12:20 - Row :54 - Parsing item.
07-28-2023 @ 08:12:20 - Row :54 - Processing item.
07-28-2023 @ 08:12:20 - Found variation product object. ID:135132
07-28-2023 @ 08:12:20 - Setting Featured Image. URL:https://appareldirectdistributor.com/wp-content/uploads/2021/10/Hanes_482L_Safety_Green_sw.jpg
07-28-2023 @ 08:12:20 - Attachment ID:762982
07-28-2023 @ 08:12:20 - Row :54 - Product updated successfully.
07-28-2023 @ 08:12:20 - Row :55 - Parsing item.
07-28-2023 @ 08:12:21 - Row :55 - Processing item.
07-28-2023 @ 08:12:21 - Found variation product object. ID:135133
07-28-2023 @ 08:12:21 - Setting Featured Image. URL:https://appareldirectdistributor.com/wp-content/uploads/2021/10/Hanes_482L_Safety_Green_sw.jpg
07-28-2023 @ 08:12:21 - Attachment ID:762982
07-28-2023 @ 08:12:21 - Row :55 - Product updated successfully.
07-28-2023 @ 08:12:21 - Row :56 - Parsing item.
07-28-2023 @ 08:12:21 - Row :56 - Processing item.
07-28-2023 @ 08:12:21 - Found variation product object. ID:135119
07-28-2023 @ 08:12:21 - Setting Featured Image. URL:https://appareldirectdistributor.com/wp-content/uploads/2021/10/Hanes_482L_Deep_Red_sw.jpg
07-28-2023 @ 08:12:21 - Attachment ID:762980
07-28-2023 @ 08:12:21 - Row :56 - Product updated successfully.
07-28-2023 @ 08:12:21 - Row :57 - Parsing item.
07-28-2023 @ 08:12:21 - Row :57 - Processing item.
07-28-2023 @ 08:12:21 - Found variation product object. ID:135134
07-28-2023 @ 08:12:22 - Setting Featured Image. URL:https://appareldirectdistributor.com/wp-content/uploads/2021/10/Hanes_482L_Wow_Pink_sw.jpg
07-28-2023 @ 08:12:22 - Attachment ID:762985
07-28-2023 @ 08:12:22 - Row :57 - Product updated successfully.
07-28-2023 @ 08:12:22 - Row :58 - Parsing item.
07-28-2023 @ 08:12:23 - Row :58 - Processing item.
07-28-2023 @ 08:12:23 - Found variation product object. ID:135120
07-28-2023 @ 08:12:23 - Setting Featured Image. URL:https://appareldirectdistributor.com/wp-content/uploads/2021/10/Hanes_482L_Deep_Royal_sw.jpg
07-28-2023 @ 08:12:23 - Attachment ID:762981
07-28-2023 @ 08:12:23 - Row :58 - Product updated successfully.
07-28-2023 @ 08:12:23 - Row :59 - Parsing item.
07-28-2023 @ 08:12:23 - Row :59 - Processing item.
07-28-2023 @ 08:12:23 - Found variation product object. ID:135135
07-28-2023 @ 08:12:24 - Setting Featured Image. URL:https://appareldirectdistributor.com/wp-content/uploads/2021/10/Hanes_482L_Wow_Pink_sw.jpg
07-28-2023 @ 08:12:24 - Attachment ID:762985
07-28-2023 @ 08:12:24 - Row :59 - Product updated successfully.
07-28-2023 @ 08:12:24 - Row :60 - Parsing item.
07-28-2023 @ 08:12:24 - Row :60 - Processing item.
07-28-2023 @ 08:12:24 - Found variation product object. ID:135136
07-28-2023 @ 08:12:25 - Setting Featured Image. URL:https://appareldirectdistributor.com/wp-content/uploads/2021/10/Hanes_482L_Wow_Pink_sw.jpg
07-28-2023 @ 08:12:25 - Attachment ID:762985
07-28-2023 @ 08:12:25 - Row :60 - Product updated successfully.
07-28-2023 @ 08:12:26 - Preparing for import.
07-28-2023 @ 08:12:26 - Row :61 - Parsing item.
07-28-2023 @ 08:12:26 - Row :61 - Processing item.
07-28-2023 @ 08:12:26 - Found variation product object. ID:135137
07-28-2023 @ 08:12:27 - Setting Featured Image. URL:https://appareldirectdistributor.com/wp-content/uploads/2021/10/Hanes_482L_Wow_Pink_sw.jpg
07-28-2023 @ 08:12:27 - Attachment ID:762985
07-28-2023 @ 08:12:27 - Row :61 - Product updated successfully.
07-28-2023 @ 08:12:27 - Row :62 - Parsing item.
07-28-2023 @ 08:12:27 - Row :62 - Processing item.
07-28-2023 @ 08:12:27 - Found variation product object. ID:135138
07-28-2023 @ 08:12:28 - Setting Featured Image. URL:https://appareldirectdistributor.com/wp-content/uploads/2021/10/Hanes_482L_Wow_Pink_sw.jpg
07-28-2023 @ 08:12:28 - Attachment ID:762985
07-28-2023 @ 08:12:28 - Row :62 - Product updated successfully.
07-28-2023 @ 08:12:28 - Row :63 - Parsing item.
07-28-2023 @ 08:12:28 - Row :63 - Processing item.
07-28-2023 @ 08:12:28 - Found variation product object. ID:135139
07-28-2023 @ 08:12:28 - Setting Featured Image. URL:https://appareldirectdistributor.com/wp-content/uploads/2021/10/Hanes_482L_Wow_Pink_sw.jpg
07-28-2023 @ 08:12:28 - Attachment ID:762985
07-28-2023 @ 08:12:29 - Row :63 - Product updated successfully.
07-28-2023 @ 08:12:29 - Row :64 - Parsing item.
07-28-2023 @ 08:12:29 - Row :64 - Processing item.
07-28-2023 @ 08:12:29 - Found variation product object. ID:135140
07-28-2023 @ 08:12:29 - Setting Featured Image. URL:https://appareldirectdistributor.com/wp-content/uploads/2021/10/Hanes_482L_Wow_Pink_sw.jpg
07-28-2023 @ 08:12:29 - Attachment ID:762985
07-28-2023 @ 08:12:30 - Row :64 - Product updated successfully.
07-28-2023 @ 08:12:30 - Row :65 - Parsing item.
07-28-2023 @ 08:12:30 - Row :65 - Processing item.
07-28-2023 @ 08:12:30 - Found variation product object. ID:135141
07-28-2023 @ 08:12:30 - Setting Featured Image. URL:https://appareldirectdistributor.com/wp-content/uploads/2021/10/Hanes_482L_Safety_Orange_sw.jpg
07-28-2023 @ 08:12:30 - Attachment ID:762986
07-28-2023 @ 08:12:30 - Row :65 - Product updated successfully.
07-28-2023 @ 08:12:30 - Row :66 - Parsing item.
07-28-2023 @ 08:12:31 - Row :66 - Processing item.
07-28-2023 @ 08:12:31 - Found variation product object. ID:135142
07-28-2023 @ 08:12:31 - Setting Featured Image. URL:https://appareldirectdistributor.com/wp-content/uploads/2021/10/Hanes_482L_Safety_Orange_sw.jpg
07-28-2023 @ 08:12:31 - Attachment ID:762986
07-28-2023 @ 08:12:32 - Row :66 - Product updated successfully.
07-28-2023 @ 08:12:32 - Row :67 - Parsing item.
07-28-2023 @ 08:12:32 - Row :67 - Processing item.
07-28-2023 @ 08:12:32 - Found variation product object. ID:135143
07-28-2023 @ 08:12:32 - Setting Featured Image. URL:https://appareldirectdistributor.com/wp-content/uploads/2021/10/Hanes_482L_Safety_Orange_sw.jpg
07-28-2023 @ 08:12:32 - Attachment ID:762986
07-28-2023 @ 08:12:32 - Row :67 - Product updated successfully.
07-28-2023 @ 08:12:32 - Row :68 - Parsing item.
07-28-2023 @ 08:12:32 - Row :68 - Processing item.
07-28-2023 @ 08:12:33 - Found variation product object. ID:135144
07-28-2023 @ 08:12:33 - Setting Featured Image. URL:https://appareldirectdistributor.com/wp-content/uploads/2021/10/Hanes_482L_Safety_Orange_sw.jpg
07-28-2023 @ 08:12:33 - Attachment ID:762986
07-28-2023 @ 08:12:33 - Row :68 - Product updated successfully.
07-28-2023 @ 08:12:33 - Row :69 - Parsing item.
07-28-2023 @ 08:12:33 - Row :69 - Processing item.
07-28-2023 @ 08:12:33 - Found variation product object. ID:135145
07-28-2023 @ 08:12:34 - Setting Featured Image. URL:https://appareldirectdistributor.com/wp-content/uploads/2021/10/Hanes_482L_Safety_Orange_sw.jpg
07-28-2023 @ 08:12:34 - Attachment ID:762986
07-28-2023 @ 08:12:34 - Row :69 - Product updated successfully.
07-28-2023 @ 08:12:34 - Row :70 - Parsing item.
07-28-2023 @ 08:12:34 - Row :70 - Processing item.
07-28-2023 @ 08:12:35 - Found variation product object. ID:135146
07-28-2023 @ 08:12:35 - Setting Featured Image. URL:https://appareldirectdistributor.com/wp-content/uploads/2021/10/Hanes_482L_Safety_Orange_sw.jpg
07-28-2023 @ 08:12:35 - Attachment ID:762986
07-28-2023 @ 08:12:35 - Row :70 - Product updated successfully.
07-28-2023 @ 08:12:36 - Preparing for import.
07-28-2023 @ 08:12:36 - Row :71 - Parsing item.
07-28-2023 @ 08:12:36 - Row :71 - Processing item.
07-28-2023 @ 08:12:36 - Found variation product object. ID:135147
07-28-2023 @ 08:12:37 - Setting Featured Image. URL:https://appareldirectdistributor.com/wp-content/uploads/2021/10/Hanes_482L_Safety_Orange_sw.jpg
07-28-2023 @ 08:12:37 - Attachment ID:762986
07-28-2023 @ 08:12:37 - Row :71 - Product updated successfully.
07-28-2023 @ 08:12:37 - Row :72 - Parsing item.
07-28-2023 @ 08:12:37 - Row :72 - Processing item.
07-28-2023 @ 08:12:37 - Found variation product object. ID:135148
07-28-2023 @ 08:12:38 - Row :72 - Product updated successfully.
07-28-2023 @ 08:12:38 - Row :73 - Parsing item.
07-28-2023 @ 08:12:38 - Row :73 - Processing item.
07-28-2023 @ 08:12:38 - Found variation product object. ID:135149
07-28-2023 @ 08:12:38 - Row :73 - Product updated successfully.
07-28-2023 @ 08:12:38 - Row :74 - Parsing item.
07-28-2023 @ 08:12:38 - Row :74 - Processing item.
07-28-2023 @ 08:12:38 - Found variation product object. ID:762965
07-28-2023 @ 08:12:39 - Setting Featured Image. URL:https://appareldirectdistributor.com/wp-content/uploads/2021/10/coming-soon-img-829.jpg
07-28-2023 @ 08:12:39 - Attachment ID:762966
07-28-2023 @ 08:12:39 - Row :74 - Product updated successfully.
07-28-2023 @ 08:12:39 - ---[ Import ended at 2023-07-28 12:12:39]---
