07-29-2021 @ 12:32:05 - ---[ New import started at 2021-07-29 16:32:05 ] PHP Memory: 4 GB, WP Memory: 40 MB
07-29-2021 @ 12:32:05 - Preparing for import.
07-29-2021 @ 12:32:05 - Row :1 - Parsing item.
07-29-2021 @ 12:32:05 - Importing as new product ID:1641
07-29-2021 @ 12:32:05 - Row :1 - Processing item.
07-29-2021 @ 12:32:05 - Found variable product object. ID:1641
07-29-2021 @ 12:32:05 - Setting Featured Image. URL:https://nylimages.s3.amazonaws.com/HNS_25439_Black.jpg
07-29-2021 @ 12:32:07 - Attachment ID:1642
07-29-2021 @ 12:32:07 - Setting Gallery Images.
07-29-2021 @ 12:32:07 - Image URL:https://nylimages.s3.amazonaws.com/HNS_22803_Black.jpg
07-29-2021 @ 12:32:08 - Attachment ID:1643
07-29-2021 @ 12:32:08 - Image URL:https://nylimages.s3.amazonaws.com/HBI_125439_Black.jpg
07-29-2021 @ 12:32:09 - Attachment ID:1644
07-29-2021 @ 12:32:09 - Image URL:https://nylimages.s3.amazonaws.com/HNS_25439_HeatherGrey.jpg
07-29-2021 @ 12:32:10 - Attachment ID:1645
07-29-2021 @ 12:32:10 - Image URL:https://nylimages.s3.amazonaws.com/HBI_28559_HeatherGrey.jpg
07-29-2021 @ 12:32:11 - Attachment ID:1646
07-29-2021 @ 12:32:11 - Image URL:https://nylimages.s3.amazonaws.com/HBI_125439_HeatherGrey.jpg
07-29-2021 @ 12:32:12 - Attachment ID:1647
07-29-2021 @ 12:32:12 - Image URL:https://nylimages.s3.amazonaws.com/HBI_28559_Natural.jpg
07-29-2021 @ 12:32:14 - Attachment ID:1648
07-29-2021 @ 12:32:14 - Image URL:https://nylimages.s3.amazonaws.com/HBI_125439_Natural.jpg
07-29-2021 @ 12:32:15 - Attachment ID:1649
07-29-2021 @ 12:32:15 - Image URL:https://nylimages.s3.amazonaws.com/EBY_22803_Natural.jpg
07-29-2021 @ 12:32:16 - Attachment ID:1650
07-29-2021 @ 12:32:16 - Image URL:https://nylimages.s3.amazonaws.com/HNS_25439_Natural.jpg
07-29-2021 @ 12:32:17 - Attachment ID:1651
07-29-2021 @ 12:32:17 - Row :1 - Product imported successfully.
07-29-2021 @ 12:32:17 - Row :2 - Parsing item.
07-29-2021 @ 12:32:17 - Importing as new product ID:1652
07-29-2021 @ 12:32:17 - Row :2 - Processing item.
07-29-2021 @ 12:32:17 - Found variation product object. ID:1652
07-29-2021 @ 12:32:17 - Setting Featured Image. URL:https://nylimages.s3.amazonaws.com/HBI_125439_Black.jpg
07-29-2021 @ 12:32:17 - Attachment ID:1644
07-29-2021 @ 12:32:17 - Row :2 - Product imported successfully.
07-29-2021 @ 12:32:17 - Row :3 - Parsing item.
07-29-2021 @ 12:32:17 - Importing as new product ID:1653
07-29-2021 @ 12:32:17 - Row :3 - Processing item.
07-29-2021 @ 12:32:17 - Found variation product object. ID:1653
07-29-2021 @ 12:32:18 - Setting Featured Image. URL:https://nylimages.s3.amazonaws.com/HBI_125439_Black.jpg
07-29-2021 @ 12:32:18 - Attachment ID:1644
07-29-2021 @ 12:32:18 - Row :3 - Product imported successfully.
07-29-2021 @ 12:32:18 - Row :4 - Parsing item.
07-29-2021 @ 12:32:18 - Importing as new product ID:1654
07-29-2021 @ 12:32:18 - Row :4 - Processing item.
07-29-2021 @ 12:32:18 - Found variation product object. ID:1654
07-29-2021 @ 12:32:18 - Setting Featured Image. URL:https://nylimages.s3.amazonaws.com/HBI_125439_Black.jpg
07-29-2021 @ 12:32:18 - Attachment ID:1644
07-29-2021 @ 12:32:18 - Row :4 - Product imported successfully.
07-29-2021 @ 12:32:18 - Row :5 - Parsing item.
07-29-2021 @ 12:32:18 - Importing as new product ID:1655
07-29-2021 @ 12:32:18 - Row :5 - Processing item.
07-29-2021 @ 12:32:18 - Found variation product object. ID:1655
07-29-2021 @ 12:32:18 - Setting Featured Image. URL:https://nylimages.s3.amazonaws.com/HBI_125439_Black.jpg
07-29-2021 @ 12:32:18 - Attachment ID:1644
07-29-2021 @ 12:32:18 - Row :5 - Product imported successfully.
07-29-2021 @ 12:32:18 - Row :6 - Parsing item.
07-29-2021 @ 12:32:18 - Importing as new product ID:1656
07-29-2021 @ 12:32:18 - Row :6 - Processing item.
07-29-2021 @ 12:32:18 - Found variation product object. ID:1656
07-29-2021 @ 12:32:18 - Setting Featured Image. URL:https://nylimages.s3.amazonaws.com/HBI_125439_Black.jpg
07-29-2021 @ 12:32:18 - Attachment ID:1644
07-29-2021 @ 12:32:19 - Row :6 - Product imported successfully.
07-29-2021 @ 12:32:19 - Row :7 - Parsing item.
07-29-2021 @ 12:32:19 - Importing as new product ID:1657
07-29-2021 @ 12:32:19 - Row :7 - Processing item.
07-29-2021 @ 12:32:19 - Found variation product object. ID:1657
07-29-2021 @ 12:32:19 - Setting Featured Image. URL:https://nylimages.s3.amazonaws.com/HBI_125439_HeatherGrey.jpg
07-29-2021 @ 12:32:19 - Attachment ID:1647
07-29-2021 @ 12:32:19 - Row :7 - Product imported successfully.
07-29-2021 @ 12:32:19 - Row :8 - Parsing item.
07-29-2021 @ 12:32:19 - Importing as new product ID:1658
07-29-2021 @ 12:32:19 - Row :8 - Processing item.
07-29-2021 @ 12:32:19 - Found variation product object. ID:1658
07-29-2021 @ 12:32:19 - Setting Featured Image. URL:https://nylimages.s3.amazonaws.com/HBI_125439_HeatherGrey.jpg
07-29-2021 @ 12:32:19 - Attachment ID:1647
07-29-2021 @ 12:32:19 - Row :8 - Product imported successfully.
07-29-2021 @ 12:32:19 - Row :9 - Parsing item.
07-29-2021 @ 12:32:19 - Importing as new product ID:1659
07-29-2021 @ 12:32:19 - Row :9 - Processing item.
07-29-2021 @ 12:32:19 - Found variation product object. ID:1659
07-29-2021 @ 12:32:20 - Setting Featured Image. URL:https://nylimages.s3.amazonaws.com/HBI_125439_HeatherGrey.jpg
07-29-2021 @ 12:32:20 - Attachment ID:1647
07-29-2021 @ 12:32:20 - Row :9 - Product imported successfully.
07-29-2021 @ 12:32:20 - Row :10 - Parsing item.
07-29-2021 @ 12:32:20 - Importing as new product ID:1660
07-29-2021 @ 12:32:20 - Row :10 - Processing item.
07-29-2021 @ 12:32:20 - Found variation product object. ID:1660
07-29-2021 @ 12:32:20 - Setting Featured Image. URL:https://nylimages.s3.amazonaws.com/HBI_125439_HeatherGrey.jpg
07-29-2021 @ 12:32:20 - Attachment ID:1647
07-29-2021 @ 12:32:20 - Row :10 - Product imported successfully.
07-29-2021 @ 12:32:23 - Preparing for import.
07-29-2021 @ 12:32:23 - Row :11 - Parsing item.
07-29-2021 @ 12:32:23 - Importing as new product ID:1661
07-29-2021 @ 12:32:23 - Row :11 - Processing item.
07-29-2021 @ 12:32:23 - Found variation product object. ID:1661
07-29-2021 @ 12:32:23 - Setting Featured Image. URL:https://nylimages.s3.amazonaws.com/HBI_125439_HeatherGrey.jpg
07-29-2021 @ 12:32:23 - Attachment ID:1647
07-29-2021 @ 12:32:23 - Row :11 - Product imported successfully.
07-29-2021 @ 12:32:23 - Row :12 - Parsing item.
07-29-2021 @ 12:32:23 - Importing as new product ID:1662
07-29-2021 @ 12:32:23 - Row :12 - Processing item.
07-29-2021 @ 12:32:23 - Found variation product object. ID:1662
07-29-2021 @ 12:32:23 - Setting Featured Image. URL:https://nylimages.s3.amazonaws.com/HBI_125439_Natural.jpg
07-29-2021 @ 12:32:23 - Attachment ID:1649
07-29-2021 @ 12:32:23 - Row :12 - Product imported successfully.
07-29-2021 @ 12:32:23 - Row :13 - Parsing item.
07-29-2021 @ 12:32:23 - Importing as new product ID:1663
07-29-2021 @ 12:32:23 - Row :13 - Processing item.
07-29-2021 @ 12:32:23 - Found variation product object. ID:1663
07-29-2021 @ 12:32:23 - Setting Featured Image. URL:https://nylimages.s3.amazonaws.com/HBI_125439_Natural.jpg
07-29-2021 @ 12:32:23 - Attachment ID:1649
07-29-2021 @ 12:32:23 - Row :13 - Product imported successfully.
07-29-2021 @ 12:32:23 - Row :14 - Parsing item.
07-29-2021 @ 12:32:23 - Importing as new product ID:1664
07-29-2021 @ 12:32:23 - Row :14 - Processing item.
07-29-2021 @ 12:32:23 - Found variation product object. ID:1664
07-29-2021 @ 12:32:23 - Setting Featured Image. URL:https://nylimages.s3.amazonaws.com/HBI_125439_Natural.jpg
07-29-2021 @ 12:32:24 - Attachment ID:1649
07-29-2021 @ 12:32:24 - Row :14 - Product imported successfully.
07-29-2021 @ 12:32:24 - Row :15 - Parsing item.
07-29-2021 @ 12:32:24 - Importing as new product ID:1665
07-29-2021 @ 12:32:24 - Row :15 - Processing item.
07-29-2021 @ 12:32:24 - Found variation product object. ID:1665
07-29-2021 @ 12:32:24 - Setting Featured Image. URL:https://nylimages.s3.amazonaws.com/HBI_125439_Natural.jpg
07-29-2021 @ 12:32:24 - Attachment ID:1649
07-29-2021 @ 12:32:24 - Row :15 - Product imported successfully.
07-29-2021 @ 12:32:24 - Row :16 - Parsing item.
07-29-2021 @ 12:32:24 - Importing as new product ID:1666
07-29-2021 @ 12:32:24 - Row :16 - Processing item.
07-29-2021 @ 12:32:24 - Found variation product object. ID:1666
07-29-2021 @ 12:32:24 - Setting Featured Image. URL:https://nylimages.s3.amazonaws.com/HBI_125439_Natural.jpg
07-29-2021 @ 12:32:24 - Attachment ID:1649
07-29-2021 @ 12:32:24 - Row :16 - Product imported successfully.
07-29-2021 @ 12:32:24 - Row :17 - Parsing item.
07-29-2021 @ 12:32:24 - Importing as new product ID:1667
07-29-2021 @ 12:32:24 - Row :17 - Processing item.
07-29-2021 @ 12:32:24 - Found variable product object. ID:1667
07-29-2021 @ 12:32:24 - Setting Featured Image. URL:https://cdn1.nuorder.com/product/ef3f17e20555e0b0f5e25a29c65ebe73.jpg
07-29-2021 @ 12:32:24 - Attachment ID:1668
07-29-2021 @ 12:32:24 - Setting Gallery Images.
07-29-2021 @ 12:32:24 - Image URL:https://cdn1.nuorder.com/product/154edc1b94edc174abc318a6e9709ac0.jpg
07-29-2021 @ 12:32:25 - Attachment ID:1669
07-29-2021 @ 12:32:25 - Row :17 - Product imported successfully.
07-29-2021 @ 12:32:25 - Row :18 - Parsing item.
07-29-2021 @ 12:32:25 - Importing as new product ID:1670
07-29-2021 @ 12:32:25 - Row :18 - Processing item.
07-29-2021 @ 12:32:25 - Found variation product object. ID:1670
07-29-2021 @ 12:32:25 - Setting Featured Image. URL:https://nylimages.s3.amazonaws.com/HBI_125462_PeacoatPeacoatSpaceDye.jpg
07-29-2021 @ 12:32:26 - Attachment ID:1671
07-29-2021 @ 12:32:26 - Row :18 - Product imported successfully.
07-29-2021 @ 12:32:26 - Row :19 - Parsing item.
07-29-2021 @ 12:32:26 - Importing as new product ID:1672
07-29-2021 @ 12:32:26 - Row :19 - Processing item.
07-29-2021 @ 12:32:26 - Found variation product object. ID:1672
07-29-2021 @ 12:32:26 - Setting Featured Image. URL:https://nylimages.s3.amazonaws.com/HBI_125462_PeacoatPeacoatSpaceDye.jpg
07-29-2021 @ 12:32:26 - Attachment ID:1671
07-29-2021 @ 12:32:27 - Row :19 - Product imported successfully.
07-29-2021 @ 12:32:27 - Row :20 - Parsing item.
07-29-2021 @ 12:32:27 - Importing as new product ID:1673
07-29-2021 @ 12:32:27 - Row :20 - Processing item.
07-29-2021 @ 12:32:27 - Found variation product object. ID:1673
07-29-2021 @ 12:32:27 - Setting Featured Image. URL:https://nylimages.s3.amazonaws.com/HBI_125462_PeacoatPeacoatSpaceDye.jpg
07-29-2021 @ 12:32:27 - Attachment ID:1671
07-29-2021 @ 12:32:27 - Row :20 - Product imported successfully.
07-29-2021 @ 12:32:29 - Preparing for import.
07-29-2021 @ 12:32:29 - Row :21 - Parsing item.
07-29-2021 @ 12:32:29 - Importing as new product ID:1674
07-29-2021 @ 12:32:29 - Row :21 - Processing item.
07-29-2021 @ 12:32:29 - Found variation product object. ID:1674
07-29-2021 @ 12:32:29 - Setting Featured Image. URL:https://nylimages.s3.amazonaws.com/HBI_125462_PeacoatPeacoatSpaceDye.jpg
07-29-2021 @ 12:32:29 - Attachment ID:1671
07-29-2021 @ 12:32:29 - Row :21 - Product imported successfully.
07-29-2021 @ 12:32:29 - Row :22 - Parsing item.
07-29-2021 @ 12:32:29 - Importing as new product ID:1675
07-29-2021 @ 12:32:29 - Row :22 - Processing item.
07-29-2021 @ 12:32:29 - Found variation product object. ID:1675
07-29-2021 @ 12:32:29 - Setting Featured Image. URL:https://nylimages.s3.amazonaws.com/HBI_125462_PeacoatPeacoatSpaceDye.jpg
07-29-2021 @ 12:32:29 - Attachment ID:1671
07-29-2021 @ 12:32:29 - Row :22 - Product imported successfully.
07-29-2021 @ 12:32:29 - Row :23 - Parsing item.
07-29-2021 @ 12:32:29 - Importing as new product ID:1676
07-29-2021 @ 12:32:29 - Row :23 - Processing item.
07-29-2021 @ 12:32:29 - Found variation product object. ID:1676
07-29-2021 @ 12:32:29 - Setting Featured Image. URL:https://nylimages.s3.amazonaws.com/HBI_125462_AsphaltAsphaltSpaceDye.jpg
07-29-2021 @ 12:32:31 - Attachment ID:1677
07-29-2021 @ 12:32:31 - Row :23 - Product imported successfully.
07-29-2021 @ 12:32:31 - Row :24 - Parsing item.
07-29-2021 @ 12:32:31 - Importing as new product ID:1678
07-29-2021 @ 12:32:31 - Row :24 - Processing item.
07-29-2021 @ 12:32:31 - Found variation product object. ID:1678
07-29-2021 @ 12:32:31 - Setting Featured Image. URL:https://nylimages.s3.amazonaws.com/HBI_125462_AsphaltAsphaltSpaceDye.jpg
07-29-2021 @ 12:32:31 - Attachment ID:1677
07-29-2021 @ 12:32:31 - Row :24 - Product imported successfully.
07-29-2021 @ 12:32:31 - Row :25 - Parsing item.
07-29-2021 @ 12:32:31 - Importing as new product ID:1679
07-29-2021 @ 12:32:31 - Row :25 - Processing item.
07-29-2021 @ 12:32:31 - Found variation product object. ID:1679
07-29-2021 @ 12:32:31 - Setting Featured Image. URL:https://nylimages.s3.amazonaws.com/HBI_125462_AsphaltAsphaltSpaceDye.jpg
07-29-2021 @ 12:32:31 - Attachment ID:1677
07-29-2021 @ 12:32:31 - Row :25 - Product imported successfully.
07-29-2021 @ 12:32:31 - Row :26 - Parsing item.
07-29-2021 @ 12:32:31 - Importing as new product ID:1680
07-29-2021 @ 12:32:31 - Row :26 - Processing item.
07-29-2021 @ 12:32:31 - Found variation product object. ID:1680
07-29-2021 @ 12:32:31 - Setting Featured Image. URL:https://nylimages.s3.amazonaws.com/HBI_125462_AsphaltAsphaltSpaceDye.jpg
07-29-2021 @ 12:32:31 - Attachment ID:1677
07-29-2021 @ 12:32:31 - Row :26 - Product imported successfully.
07-29-2021 @ 12:32:31 - Row :27 - Parsing item.
07-29-2021 @ 12:32:31 - Importing as new product ID:1681
07-29-2021 @ 12:32:31 - Row :27 - Processing item.
07-29-2021 @ 12:32:31 - Found variation product object. ID:1681
07-29-2021 @ 12:32:31 - Setting Featured Image. URL:https://nylimages.s3.amazonaws.com/HBI_125462_AsphaltAsphaltSpaceDye.jpg
07-29-2021 @ 12:32:31 - Attachment ID:1677
07-29-2021 @ 12:32:31 - Row :27 - Product imported successfully.
07-29-2021 @ 12:32:31 - Row :28 - Parsing item.
07-29-2021 @ 12:32:31 - Importing as new product ID:1682
07-29-2021 @ 12:32:31 - Row :28 - Processing item.
07-29-2021 @ 12:32:31 - Found variable product object. ID:1682
07-29-2021 @ 12:32:31 - Setting Featured Image. URL:https://cdn1.nuorder.com/product/265ff924cace96d5780f0dd4386e96b0.jpg
07-29-2021 @ 12:32:32 - Attachment ID:1683
07-29-2021 @ 12:32:32 - Setting Gallery Images.
07-29-2021 @ 12:32:32 - Image URL:https://cdn1.nuorder.com/product/4a173e65776bbb5e1aa92f39de47ce40.jpg
07-29-2021 @ 12:32:32 - Attachment ID:1684
07-29-2021 @ 12:32:32 - Row :28 - Product imported successfully.
07-29-2021 @ 12:32:32 - Row :29 - Parsing item.
07-29-2021 @ 12:32:32 - Importing as new product ID:1685
07-29-2021 @ 12:32:32 - Row :29 - Processing item.
07-29-2021 @ 12:32:32 - Found variation product object. ID:1685
07-29-2021 @ 12:32:33 - Setting Featured Image. URL:https://nylimages.s3.amazonaws.com/HBI_M09729_Black_sw.jpg
07-29-2021 @ 12:32:33 - Attachment ID:1686
07-29-2021 @ 12:32:33 - Row :29 - Product imported successfully.
07-29-2021 @ 12:32:33 - Row :30 - Parsing item.
07-29-2021 @ 12:32:33 - Importing as new product ID:1687
07-29-2021 @ 12:32:33 - Row :30 - Processing item.
07-29-2021 @ 12:32:33 - Found variation product object. ID:1687
07-29-2021 @ 12:32:33 - Setting Featured Image. URL:https://nylimages.s3.amazonaws.com/HBI_M09729_Black_sw.jpg
07-29-2021 @ 12:32:33 - Attachment ID:1686
07-29-2021 @ 12:32:33 - Row :30 - Product imported successfully.
07-29-2021 @ 12:32:35 - Preparing for import.
07-29-2021 @ 12:32:35 - Row :31 - Parsing item.
07-29-2021 @ 12:32:35 - Importing as new product ID:1688
07-29-2021 @ 12:32:35 - Row :31 - Processing item.
07-29-2021 @ 12:32:35 - Found variation product object. ID:1688
07-29-2021 @ 12:32:35 - Setting Featured Image. URL:https://nylimages.s3.amazonaws.com/HBI_M09729_Black_sw.jpg
07-29-2021 @ 12:32:35 - Attachment ID:1686
07-29-2021 @ 12:32:35 - Row :31 - Product imported successfully.
07-29-2021 @ 12:32:35 - Row :32 - Parsing item.
07-29-2021 @ 12:32:35 - Importing as new product ID:1689
07-29-2021 @ 12:32:35 - Row :32 - Processing item.
07-29-2021 @ 12:32:35 - Found variation product object. ID:1689
07-29-2021 @ 12:32:35 - Setting Featured Image. URL:https://nylimages.s3.amazonaws.com/HBI_M09729_Black_sw.jpg
07-29-2021 @ 12:32:35 - Attachment ID:1686
07-29-2021 @ 12:32:35 - Row :32 - Product imported successfully.
07-29-2021 @ 12:32:35 - Row :33 - Parsing item.
07-29-2021 @ 12:32:35 - Importing as new product ID:1690
07-29-2021 @ 12:32:35 - Row :33 - Processing item.
07-29-2021 @ 12:32:35 - Found variation product object. ID:1690
07-29-2021 @ 12:32:35 - Setting Featured Image. URL:https://nylimages.s3.amazonaws.com/HBI_M09729_Black_sw.jpg
07-29-2021 @ 12:32:35 - Attachment ID:1686
07-29-2021 @ 12:32:35 - Row :33 - Product imported successfully.
07-29-2021 @ 12:32:35 - Row :34 - Parsing item.
07-29-2021 @ 12:32:35 - Importing as new product ID:1691
07-29-2021 @ 12:32:35 - Row :34 - Processing item.
07-29-2021 @ 12:32:35 - Found variation product object. ID:1691
07-29-2021 @ 12:32:35 - Setting Featured Image. URL:https://nylimages.s3.amazonaws.com/HBI_M09729_LatteLift_sw.jpg
07-29-2021 @ 12:32:36 - Attachment ID:1692
07-29-2021 @ 12:32:36 - Row :34 - Product imported successfully.
07-29-2021 @ 12:32:36 - Row :35 - Parsing item.
07-29-2021 @ 12:32:36 - Importing as new product ID:1693
07-29-2021 @ 12:32:36 - Row :35 - Processing item.
07-29-2021 @ 12:32:36 - Found variation product object. ID:1693
07-29-2021 @ 12:32:36 - Setting Featured Image. URL:https://nylimages.s3.amazonaws.com/HBI_M09729_LatteLift_sw.jpg
07-29-2021 @ 12:32:36 - Attachment ID:1692
07-29-2021 @ 12:32:36 - Row :35 - Product imported successfully.
07-29-2021 @ 12:32:36 - Row :36 - Parsing item.
07-29-2021 @ 12:32:36 - Importing as new product ID:1694
07-29-2021 @ 12:32:36 - Row :36 - Processing item.
07-29-2021 @ 12:32:36 - Found variation product object. ID:1694
07-29-2021 @ 12:32:36 - Setting Featured Image. URL:https://nylimages.s3.amazonaws.com/HBI_M09729_LatteLift_sw.jpg
07-29-2021 @ 12:32:36 - Attachment ID:1692
07-29-2021 @ 12:32:36 - Row :36 - Product imported successfully.
07-29-2021 @ 12:32:36 - Row :37 - Parsing item.
07-29-2021 @ 12:32:36 - Importing as new product ID:1695
07-29-2021 @ 12:32:36 - Row :37 - Processing item.
07-29-2021 @ 12:32:36 - Found variation product object. ID:1695
07-29-2021 @ 12:32:36 - Setting Featured Image. URL:https://nylimages.s3.amazonaws.com/HBI_M09729_LatteLift_sw.jpg
07-29-2021 @ 12:32:36 - Attachment ID:1692
07-29-2021 @ 12:32:36 - Row :37 - Product imported successfully.
07-29-2021 @ 12:32:36 - Row :38 - Parsing item.
07-29-2021 @ 12:32:36 - Importing as new product ID:1696
07-29-2021 @ 12:32:36 - Row :38 - Processing item.
07-29-2021 @ 12:32:36 - Found variation product object. ID:1696
07-29-2021 @ 12:32:36 - Setting Featured Image. URL:https://nylimages.s3.amazonaws.com/HBI_M09729_LatteLift_sw.jpg
07-29-2021 @ 12:32:36 - Attachment ID:1692
07-29-2021 @ 12:32:36 - Row :38 - Product imported successfully.
07-29-2021 @ 12:32:36 - Row :39 - Parsing item.
07-29-2021 @ 12:32:36 - Importing as new product ID:1697
07-29-2021 @ 12:32:36 - Row :39 - Processing item.
07-29-2021 @ 12:32:36 - Found variable product object. ID:1697
07-29-2021 @ 12:32:36 - Setting Featured Image. URL:https://nylimages.s3.amazonaws.com/HBI_125601_Black.jpg
07-29-2021 @ 12:32:37 - Attachment ID:1698
07-29-2021 @ 12:32:37 - Setting Gallery Images.
07-29-2021 @ 12:32:37 - Image URL:https://nylimages.s3.amazonaws.com/HBI_125601_HeatherGrey.jpg
07-29-2021 @ 12:32:38 - Attachment ID:1699
07-29-2021 @ 12:32:38 - Image URL:https://nylimages.s3.amazonaws.com/HBI_125601_DustyBlue.jpg
07-29-2021 @ 12:32:40 - Attachment ID:1700
07-29-2021 @ 12:32:40 - Image URL:https://nylimages.s3.amazonaws.com/HBI_125601_SeaportCombo.jpg
07-29-2021 @ 12:32:41 - Attachment ID:1701
07-29-2021 @ 12:32:41 - Image URL:https://nylimages.s3.amazonaws.com/HBI_125601_FlintStoneCombo.jpg
07-29-2021 @ 12:32:42 - Attachment ID:1702
07-29-2021 @ 12:32:42 - Row :39 - Product imported successfully.
07-29-2021 @ 12:32:42 - Row :40 - Parsing item.
07-29-2021 @ 12:32:43 - Importing as new product ID:1703
07-29-2021 @ 12:32:43 - Row :40 - Processing item.
07-29-2021 @ 12:32:43 - Found variation product object. ID:1703
07-29-2021 @ 12:32:43 - Setting Featured Image. URL:https://nylimages.s3.amazonaws.com/HBI_125601_Black.jpg
07-29-2021 @ 12:32:43 - Attachment ID:1698
07-29-2021 @ 12:32:43 - Row :40 - Product imported successfully.
07-29-2021 @ 12:32:44 - Preparing for import.
07-29-2021 @ 12:32:44 - Row :41 - Parsing item.
07-29-2021 @ 12:32:44 - Importing as new product ID:1704
07-29-2021 @ 12:32:44 - Row :41 - Processing item.
07-29-2021 @ 12:32:44 - Found variation product object. ID:1704
07-29-2021 @ 12:32:45 - Setting Featured Image. URL:https://nylimages.s3.amazonaws.com/HBI_125601_Black.jpg
07-29-2021 @ 12:32:45 - Attachment ID:1698
07-29-2021 @ 12:32:45 - Row :41 - Product imported successfully.
07-29-2021 @ 12:32:45 - Row :42 - Parsing item.
07-29-2021 @ 12:32:45 - Importing as new product ID:1705
07-29-2021 @ 12:32:45 - Row :42 - Processing item.
07-29-2021 @ 12:32:45 - Found variation product object. ID:1705
07-29-2021 @ 12:32:45 - Setting Featured Image. URL:https://nylimages.s3.amazonaws.com/HBI_125601_Black.jpg
07-29-2021 @ 12:32:45 - Attachment ID:1698
07-29-2021 @ 12:32:45 - Row :42 - Product imported successfully.
07-29-2021 @ 12:32:45 - Row :43 - Parsing item.
07-29-2021 @ 12:32:45 - Importing as new product ID:1706
07-29-2021 @ 12:32:45 - Row :43 - Processing item.
07-29-2021 @ 12:32:45 - Found variation product object. ID:1706
07-29-2021 @ 12:32:45 - Setting Featured Image. URL:https://nylimages.s3.amazonaws.com/HBI_125601_Black.jpg
07-29-2021 @ 12:32:45 - Attachment ID:1698
07-29-2021 @ 12:32:45 - Row :43 - Product imported successfully.
07-29-2021 @ 12:32:45 - Row :44 - Parsing item.
07-29-2021 @ 12:32:45 - Importing as new product ID:1707
07-29-2021 @ 12:32:45 - Row :44 - Processing item.
07-29-2021 @ 12:32:45 - Found variation product object. ID:1707
07-29-2021 @ 12:32:45 - Setting Featured Image. URL:https://nylimages.s3.amazonaws.com/HBI_125601_Black.jpg
07-29-2021 @ 12:32:45 - Attachment ID:1698
07-29-2021 @ 12:32:45 - Row :44 - Product imported successfully.
07-29-2021 @ 12:32:45 - Row :45 - Parsing item.
07-29-2021 @ 12:32:45 - Importing as new product ID:1708
07-29-2021 @ 12:32:45 - Row :45 - Processing item.
07-29-2021 @ 12:32:45 - Found variation product object. ID:1708
07-29-2021 @ 12:32:45 - Setting Featured Image. URL:https://nylimages.s3.amazonaws.com/HBI_125601_Black.jpg
07-29-2021 @ 12:32:45 - Attachment ID:1698
07-29-2021 @ 12:32:45 - Row :45 - Product imported successfully.
07-29-2021 @ 12:32:45 - Row :46 - Parsing item.
07-29-2021 @ 12:32:45 - Importing as new product ID:1709
07-29-2021 @ 12:32:45 - Row :46 - Processing item.
07-29-2021 @ 12:32:45 - Found variation product object. ID:1709
07-29-2021 @ 12:32:45 - Setting Featured Image. URL:https://nylimages.s3.amazonaws.com/HBI_125601_Black.jpg
07-29-2021 @ 12:32:45 - Attachment ID:1698
07-29-2021 @ 12:32:45 - Row :46 - Product imported successfully.
07-29-2021 @ 12:32:45 - Row :47 - Parsing item.
07-29-2021 @ 12:32:45 - Importing as new product ID:1710
07-29-2021 @ 12:32:45 - Row :47 - Processing item.
07-29-2021 @ 12:32:45 - Found variation product object. ID:1710
07-29-2021 @ 12:32:45 - Setting Featured Image. URL:https://nylimages.s3.amazonaws.com/HBI_125601_HeatherGrey.jpg
07-29-2021 @ 12:32:45 - Attachment ID:1699
07-29-2021 @ 12:32:45 - Row :47 - Product imported successfully.
07-29-2021 @ 12:32:45 - Row :48 - Parsing item.
07-29-2021 @ 12:32:45 - Importing as new product ID:1711
07-29-2021 @ 12:32:45 - Row :48 - Processing item.
07-29-2021 @ 12:32:45 - Found variation product object. ID:1711
07-29-2021 @ 12:32:45 - Setting Featured Image. URL:https://nylimages.s3.amazonaws.com/HBI_125601_HeatherGrey.jpg
07-29-2021 @ 12:32:45 - Attachment ID:1699
07-29-2021 @ 12:32:45 - Row :48 - Product imported successfully.
07-29-2021 @ 12:32:45 - Row :49 - Parsing item.
07-29-2021 @ 12:32:45 - Importing as new product ID:1712
07-29-2021 @ 12:32:45 - Row :49 - Processing item.
07-29-2021 @ 12:32:45 - Found variation product object. ID:1712
07-29-2021 @ 12:32:45 - Setting Featured Image. URL:https://nylimages.s3.amazonaws.com/HBI_125601_HeatherGrey.jpg
07-29-2021 @ 12:32:45 - Attachment ID:1699
07-29-2021 @ 12:32:45 - Row :49 - Product imported successfully.
07-29-2021 @ 12:32:45 - Row :50 - Parsing item.
07-29-2021 @ 12:32:45 - Importing as new product ID:1713
07-29-2021 @ 12:32:45 - Row :50 - Processing item.
07-29-2021 @ 12:32:45 - Found variation product object. ID:1713
07-29-2021 @ 12:32:45 - Setting Featured Image. URL:https://nylimages.s3.amazonaws.com/HBI_125601_HeatherGrey.jpg
07-29-2021 @ 12:32:45 - Attachment ID:1699
07-29-2021 @ 12:32:45 - Row :50 - Product imported successfully.
07-29-2021 @ 12:32:47 - Preparing for import.
07-29-2021 @ 12:32:47 - Row :51 - Parsing item.
07-29-2021 @ 12:32:47 - Importing as new product ID:1714
07-29-2021 @ 12:32:47 - Row :51 - Processing item.
07-29-2021 @ 12:32:47 - Found variation product object. ID:1714
07-29-2021 @ 12:32:47 - Setting Featured Image. URL:https://nylimages.s3.amazonaws.com/HBI_125601_HeatherGrey.jpg
07-29-2021 @ 12:32:47 - Attachment ID:1699
07-29-2021 @ 12:32:47 - Row :51 - Product imported successfully.
07-29-2021 @ 12:32:47 - Row :52 - Parsing item.
07-29-2021 @ 12:32:47 - Importing as new product ID:1715
07-29-2021 @ 12:32:47 - Row :52 - Processing item.
07-29-2021 @ 12:32:47 - Found variation product object. ID:1715
07-29-2021 @ 12:32:47 - Setting Featured Image. URL:https://nylimages.s3.amazonaws.com/HBI_125601_HeatherGrey.jpg
07-29-2021 @ 12:32:47 - Attachment ID:1699
07-29-2021 @ 12:32:47 - Row :52 - Product imported successfully.
07-29-2021 @ 12:32:47 - Row :53 - Parsing item.
07-29-2021 @ 12:32:47 - Importing as new product ID:1716
07-29-2021 @ 12:32:47 - Row :53 - Processing item.
07-29-2021 @ 12:32:47 - Found variation product object. ID:1716
07-29-2021 @ 12:32:47 - Setting Featured Image. URL:https://nylimages.s3.amazonaws.com/HBI_125601_HeatherGrey.jpg
07-29-2021 @ 12:32:47 - Attachment ID:1699
07-29-2021 @ 12:32:47 - Row :53 - Product imported successfully.
07-29-2021 @ 12:32:47 - Row :54 - Parsing item.
07-29-2021 @ 12:32:47 - Importing as new product ID:1717
07-29-2021 @ 12:32:47 - Row :54 - Processing item.
07-29-2021 @ 12:32:47 - Found variation product object. ID:1717
07-29-2021 @ 12:32:47 - Setting Featured Image. URL:https://nylimages.s3.amazonaws.com/HBI_125601_DustyBlue.jpg
07-29-2021 @ 12:32:47 - Attachment ID:1700
07-29-2021 @ 12:32:48 - Row :54 - Product imported successfully.
07-29-2021 @ 12:32:48 - Row :55 - Parsing item.
07-29-2021 @ 12:32:48 - Importing as new product ID:1718
07-29-2021 @ 12:32:48 - Row :55 - Processing item.
07-29-2021 @ 12:32:48 - Found variation product object. ID:1718
07-29-2021 @ 12:32:48 - Setting Featured Image. URL:https://nylimages.s3.amazonaws.com/HBI_125601_DustyBlue.jpg
07-29-2021 @ 12:32:48 - Attachment ID:1700
07-29-2021 @ 12:32:48 - Row :55 - Product imported successfully.
07-29-2021 @ 12:32:48 - Row :56 - Parsing item.
07-29-2021 @ 12:32:48 - Importing as new product ID:1719
07-29-2021 @ 12:32:48 - Row :56 - Processing item.
07-29-2021 @ 12:32:48 - Found variation product object. ID:1719
07-29-2021 @ 12:32:48 - Setting Featured Image. URL:https://nylimages.s3.amazonaws.com/HBI_125601_DustyBlue.jpg
07-29-2021 @ 12:32:48 - Attachment ID:1700
07-29-2021 @ 12:32:48 - Row :56 - Product imported successfully.
07-29-2021 @ 12:32:48 - Row :57 - Parsing item.
07-29-2021 @ 12:32:48 - Importing as new product ID:1720
07-29-2021 @ 12:32:48 - Row :57 - Processing item.
07-29-2021 @ 12:32:48 - Found variation product object. ID:1720
07-29-2021 @ 12:32:48 - Setting Featured Image. URL:https://nylimages.s3.amazonaws.com/HBI_125601_DustyBlue.jpg
07-29-2021 @ 12:32:48 - Attachment ID:1700
07-29-2021 @ 12:32:48 - Row :57 - Product imported successfully.
07-29-2021 @ 12:32:48 - Row :58 - Parsing item.
07-29-2021 @ 12:32:48 - Importing as new product ID:1721
07-29-2021 @ 12:32:48 - Row :58 - Processing item.
07-29-2021 @ 12:32:48 - Found variation product object. ID:1721
07-29-2021 @ 12:32:48 - Setting Featured Image. URL:https://nylimages.s3.amazonaws.com/HBI_125601_DustyBlue.jpg
07-29-2021 @ 12:32:48 - Attachment ID:1700
07-29-2021 @ 12:32:48 - Row :58 - Product imported successfully.
07-29-2021 @ 12:32:48 - Row :59 - Parsing item.
07-29-2021 @ 12:32:48 - Importing as new product ID:1722
07-29-2021 @ 12:32:48 - Row :59 - Processing item.
07-29-2021 @ 12:32:48 - Found variation product object. ID:1722
07-29-2021 @ 12:32:48 - Setting Featured Image. URL:https://nylimages.s3.amazonaws.com/HBI_125601_DustyBlue.jpg
07-29-2021 @ 12:32:48 - Attachment ID:1700
07-29-2021 @ 12:32:48 - Row :59 - Product imported successfully.
07-29-2021 @ 12:32:48 - Row :60 - Parsing item.
07-29-2021 @ 12:32:48 - Importing as new product ID:1723
07-29-2021 @ 12:32:48 - Row :60 - Processing item.
07-29-2021 @ 12:32:48 - Found variation product object. ID:1723
07-29-2021 @ 12:32:48 - Setting Featured Image. URL:https://nylimages.s3.amazonaws.com/HBI_125601_DustyBlue.jpg
07-29-2021 @ 12:32:48 - Attachment ID:1700
07-29-2021 @ 12:32:48 - Row :60 - Product imported successfully.
07-29-2021 @ 12:32:50 - Preparing for import.
07-29-2021 @ 12:32:50 - Row :61 - Parsing item.
07-29-2021 @ 12:32:50 - Importing as new product ID:1724
07-29-2021 @ 12:32:50 - Row :61 - Processing item.
07-29-2021 @ 12:32:50 - Found variation product object. ID:1724
07-29-2021 @ 12:32:50 - Setting Featured Image. URL:https://nylimages.s3.amazonaws.com/HBI_125601_SeaportCombo.jpg
07-29-2021 @ 12:32:50 - Attachment ID:1701
07-29-2021 @ 12:32:50 - Row :61 - Product imported successfully.
07-29-2021 @ 12:32:50 - Row :62 - Parsing item.
07-29-2021 @ 12:32:50 - Importing as new product ID:1725
07-29-2021 @ 12:32:50 - Row :62 - Processing item.
07-29-2021 @ 12:32:50 - Found variation product object. ID:1725
07-29-2021 @ 12:32:50 - Setting Featured Image. URL:https://nylimages.s3.amazonaws.com/HBI_125601_SeaportCombo.jpg
07-29-2021 @ 12:32:50 - Attachment ID:1701
07-29-2021 @ 12:32:50 - Row :62 - Product imported successfully.
07-29-2021 @ 12:32:50 - Row :63 - Parsing item.
07-29-2021 @ 12:32:50 - Importing as new product ID:1726
07-29-2021 @ 12:32:50 - Row :63 - Processing item.
07-29-2021 @ 12:32:50 - Found variation product object. ID:1726
07-29-2021 @ 12:32:50 - Setting Featured Image. URL:https://nylimages.s3.amazonaws.com/HBI_125601_SeaportCombo.jpg
07-29-2021 @ 12:32:50 - Attachment ID:1701
07-29-2021 @ 12:32:50 - Row :63 - Product imported successfully.
07-29-2021 @ 12:32:50 - Row :64 - Parsing item.
07-29-2021 @ 12:32:50 - Importing as new product ID:1727
07-29-2021 @ 12:32:50 - Row :64 - Processing item.
07-29-2021 @ 12:32:50 - Found variation product object. ID:1727
07-29-2021 @ 12:32:50 - Setting Featured Image. URL:https://nylimages.s3.amazonaws.com/HBI_125601_SeaportCombo.jpg
07-29-2021 @ 12:32:50 - Attachment ID:1701
07-29-2021 @ 12:32:50 - Row :64 - Product imported successfully.
07-29-2021 @ 12:32:50 - Row :65 - Parsing item.
07-29-2021 @ 12:32:50 - Importing as new product ID:1728
07-29-2021 @ 12:32:50 - Row :65 - Processing item.
07-29-2021 @ 12:32:50 - Found variation product object. ID:1728
07-29-2021 @ 12:32:50 - Setting Featured Image. URL:https://nylimages.s3.amazonaws.com/HBI_125601_SeaportCombo.jpg
07-29-2021 @ 12:32:50 - Attachment ID:1701
07-29-2021 @ 12:32:50 - Row :65 - Product imported successfully.
07-29-2021 @ 12:32:50 - Row :66 - Parsing item.
07-29-2021 @ 12:32:50 - Importing as new product ID:1729
07-29-2021 @ 12:32:50 - Row :66 - Processing item.
07-29-2021 @ 12:32:50 - Found variation product object. ID:1729
07-29-2021 @ 12:32:50 - Setting Featured Image. URL:https://nylimages.s3.amazonaws.com/HBI_125601_SeaportCombo.jpg
07-29-2021 @ 12:32:50 - Attachment ID:1701
07-29-2021 @ 12:32:50 - Row :66 - Product imported successfully.
07-29-2021 @ 12:32:50 - Row :67 - Parsing item.
07-29-2021 @ 12:32:50 - Importing as new product ID:1730
07-29-2021 @ 12:32:50 - Row :67 - Processing item.
07-29-2021 @ 12:32:50 - Found variation product object. ID:1730
07-29-2021 @ 12:32:50 - Setting Featured Image. URL:https://nylimages.s3.amazonaws.com/HBI_125601_SeaportCombo.jpg
07-29-2021 @ 12:32:50 - Attachment ID:1701
07-29-2021 @ 12:32:50 - Row :67 - Product imported successfully.
07-29-2021 @ 12:32:50 - Row :68 - Parsing item.
07-29-2021 @ 12:32:50 - Importing as new product ID:1731
07-29-2021 @ 12:32:50 - Row :68 - Processing item.
07-29-2021 @ 12:32:51 - Found variation product object. ID:1731
07-29-2021 @ 12:32:51 - Setting Featured Image. URL:https://nylimages.s3.amazonaws.com/HBI_125601_FlintStoneCombo.jpg
07-29-2021 @ 12:32:51 - Attachment ID:1702
07-29-2021 @ 12:32:51 - Row :68 - Product imported successfully.
07-29-2021 @ 12:32:51 - Row :69 - Parsing item.
07-29-2021 @ 12:32:51 - Importing as new product ID:1732
07-29-2021 @ 12:32:51 - Row :69 - Processing item.
07-29-2021 @ 12:32:51 - Found variation product object. ID:1732
07-29-2021 @ 12:32:51 - Setting Featured Image. URL:https://nylimages.s3.amazonaws.com/HBI_125601_FlintStoneCombo.jpg
07-29-2021 @ 12:32:51 - Attachment ID:1702
07-29-2021 @ 12:32:51 - Row :69 - Product imported successfully.
07-29-2021 @ 12:32:51 - Row :70 - Parsing item.
07-29-2021 @ 12:32:51 - Importing as new product ID:1733
07-29-2021 @ 12:32:51 - Row :70 - Processing item.
07-29-2021 @ 12:32:51 - Found variation product object. ID:1733
07-29-2021 @ 12:32:51 - Setting Featured Image. URL:https://nylimages.s3.amazonaws.com/HBI_125601_FlintStoneCombo.jpg
07-29-2021 @ 12:32:51 - Attachment ID:1702
07-29-2021 @ 12:32:51 - Row :70 - Product imported successfully.
07-29-2021 @ 12:32:52 - Preparing for import.
07-29-2021 @ 12:32:52 - Row :71 - Parsing item.
07-29-2021 @ 12:32:52 - Importing as new product ID:1734
07-29-2021 @ 12:32:52 - Row :71 - Processing item.
07-29-2021 @ 12:32:52 - Found variation product object. ID:1734
07-29-2021 @ 12:32:52 - Setting Featured Image. URL:https://nylimages.s3.amazonaws.com/HBI_125601_FlintStoneCombo.jpg
07-29-2021 @ 12:32:52 - Attachment ID:1702
07-29-2021 @ 12:32:53 - Row :71 - Product imported successfully.
07-29-2021 @ 12:32:53 - Row :72 - Parsing item.
07-29-2021 @ 12:32:53 - Importing as new product ID:1735
07-29-2021 @ 12:32:53 - Row :72 - Processing item.
07-29-2021 @ 12:32:53 - Found variation product object. ID:1735
07-29-2021 @ 12:32:53 - Setting Featured Image. URL:https://nylimages.s3.amazonaws.com/HBI_125601_FlintStoneCombo.jpg
07-29-2021 @ 12:32:53 - Attachment ID:1702
07-29-2021 @ 12:32:53 - Row :72 - Product imported successfully.
07-29-2021 @ 12:32:53 - Row :73 - Parsing item.
07-29-2021 @ 12:32:53 - Importing as new product ID:1736
07-29-2021 @ 12:32:53 - Row :73 - Processing item.
07-29-2021 @ 12:32:53 - Found variation product object. ID:1736
07-29-2021 @ 12:32:53 - Setting Featured Image. URL:https://nylimages.s3.amazonaws.com/HBI_125601_FlintStoneCombo.jpg
07-29-2021 @ 12:32:53 - Attachment ID:1702
07-29-2021 @ 12:32:53 - Row :73 - Product imported successfully.
07-29-2021 @ 12:32:53 - Row :74 - Parsing item.
07-29-2021 @ 12:32:53 - Importing as new product ID:1737
07-29-2021 @ 12:32:53 - Row :74 - Processing item.
07-29-2021 @ 12:32:53 - Found variation product object. ID:1737
07-29-2021 @ 12:32:53 - Setting Featured Image. URL:https://nylimages.s3.amazonaws.com/HBI_125601_FlintStoneCombo.jpg
07-29-2021 @ 12:32:53 - Attachment ID:1702
07-29-2021 @ 12:32:53 - Row :74 - Product imported successfully.
07-29-2021 @ 12:32:53 - Row :75 - Parsing item.
07-29-2021 @ 12:32:53 - Importing as new product ID:1738
07-29-2021 @ 12:32:53 - Row :75 - Processing item.
07-29-2021 @ 12:32:53 - Found variable product object. ID:1738
07-29-2021 @ 12:32:53 - Setting Featured Image. URL:https://nylimages.s3.amazonaws.com/HBI_125605_TealCombo.jpg
07-29-2021 @ 12:32:54 - Attachment ID:1739
07-29-2021 @ 12:32:54 - Row :75 - Product imported successfully.
07-29-2021 @ 12:32:54 - Row :76 - Parsing item.
07-29-2021 @ 12:32:54 - Importing as new product ID:1740
07-29-2021 @ 12:32:54 - Row :76 - Processing item.
07-29-2021 @ 12:32:54 - Found variation product object. ID:1740
07-29-2021 @ 12:32:54 - Setting Featured Image. URL:https://nylimages.s3.amazonaws.com/HBI_125605_TealCombo.jpg
07-29-2021 @ 12:32:54 - Attachment ID:1739
07-29-2021 @ 12:32:54 - Row :76 - Product imported successfully.
07-29-2021 @ 12:32:54 - Row :77 - Parsing item.
07-29-2021 @ 12:32:54 - Importing as new product ID:1741
07-29-2021 @ 12:32:54 - Row :77 - Processing item.
07-29-2021 @ 12:32:54 - Found variation product object. ID:1741
07-29-2021 @ 12:32:54 - Setting Featured Image. URL:https://nylimages.s3.amazonaws.com/HBI_125605_TealCombo.jpg
07-29-2021 @ 12:32:54 - Attachment ID:1739
07-29-2021 @ 12:32:54 - Row :77 - Product imported successfully.
07-29-2021 @ 12:32:54 - Row :78 - Parsing item.
07-29-2021 @ 12:32:54 - Importing as new product ID:1742
07-29-2021 @ 12:32:54 - Row :78 - Processing item.
07-29-2021 @ 12:32:54 - Found variation product object. ID:1742
07-29-2021 @ 12:32:54 - Setting Featured Image. URL:https://nylimages.s3.amazonaws.com/HBI_125605_TealCombo.jpg
07-29-2021 @ 12:32:54 - Attachment ID:1739
07-29-2021 @ 12:32:54 - Row :78 - Product imported successfully.
07-29-2021 @ 12:32:54 - Row :79 - Parsing item.
07-29-2021 @ 12:32:54 - Importing as new product ID:1743
07-29-2021 @ 12:32:54 - Row :79 - Processing item.
07-29-2021 @ 12:32:55 - Found variation product object. ID:1743
07-29-2021 @ 12:32:55 - Setting Featured Image. URL:https://nylimages.s3.amazonaws.com/HBI_125605_TealCombo.jpg
07-29-2021 @ 12:32:55 - Attachment ID:1739
07-29-2021 @ 12:32:55 - Row :79 - Product imported successfully.
07-29-2021 @ 12:32:55 - Row :80 - Parsing item.
07-29-2021 @ 12:32:55 - Importing as new product ID:1744
07-29-2021 @ 12:32:55 - Row :80 - Processing item.
07-29-2021 @ 12:32:55 - Found variation product object. ID:1744
07-29-2021 @ 12:32:55 - Setting Featured Image. URL:https://nylimages.s3.amazonaws.com/HBI_125605_TealCombo.jpg
07-29-2021 @ 12:32:55 - Attachment ID:1739
07-29-2021 @ 12:32:55 - Row :80 - Product imported successfully.
07-29-2021 @ 12:32:56 - Preparing for import.
07-29-2021 @ 12:32:56 - Row :81 - Parsing item.
07-29-2021 @ 12:32:56 - Importing as new product ID:1745
07-29-2021 @ 12:32:56 - Row :81 - Processing item.
07-29-2021 @ 12:32:56 - Found variable product object. ID:1745
07-29-2021 @ 12:32:56 - Setting Featured Image. URL:https://nylimages.s3.amazonaws.com/HBI_125606_TealCombo.jpg
07-29-2021 @ 12:32:58 - Attachment ID:1746
07-29-2021 @ 12:32:58 - Row :81 - Product imported successfully.
07-29-2021 @ 12:32:58 - Row :82 - Parsing item.
07-29-2021 @ 12:32:58 - Importing as new product ID:1747
07-29-2021 @ 12:32:58 - Row :82 - Processing item.
07-29-2021 @ 12:32:58 - Found variation product object. ID:1747
07-29-2021 @ 12:32:58 - Setting Featured Image. URL:https://nylimages.s3.amazonaws.com/HBI_125606_TealCombo.jpg
07-29-2021 @ 12:32:58 - Attachment ID:1746
07-29-2021 @ 12:32:58 - Row :82 - Product imported successfully.
07-29-2021 @ 12:32:58 - Row :83 - Parsing item.
07-29-2021 @ 12:32:58 - Importing as new product ID:1748
07-29-2021 @ 12:32:58 - Row :83 - Processing item.
07-29-2021 @ 12:32:58 - Found variation product object. ID:1748
07-29-2021 @ 12:32:58 - Setting Featured Image. URL:https://nylimages.s3.amazonaws.com/HBI_125606_TealCombo.jpg
07-29-2021 @ 12:32:58 - Attachment ID:1746
07-29-2021 @ 12:32:58 - Row :83 - Product imported successfully.
07-29-2021 @ 12:32:58 - Row :84 - Parsing item.
07-29-2021 @ 12:32:58 - Importing as new product ID:1749
07-29-2021 @ 12:32:58 - Row :84 - Processing item.
07-29-2021 @ 12:32:58 - Found variation product object. ID:1749
07-29-2021 @ 12:32:58 - Setting Featured Image. URL:https://nylimages.s3.amazonaws.com/HBI_125606_TealCombo.jpg
07-29-2021 @ 12:32:58 - Attachment ID:1746
07-29-2021 @ 12:32:58 - Row :84 - Product imported successfully.
07-29-2021 @ 12:32:58 - Row :85 - Parsing item.
07-29-2021 @ 12:32:58 - Importing as new product ID:1750
07-29-2021 @ 12:32:58 - Row :85 - Processing item.
07-29-2021 @ 12:32:58 - Found variation product object. ID:1750
07-29-2021 @ 12:32:58 - Setting Featured Image. URL:https://nylimages.s3.amazonaws.com/HBI_125606_TealCombo.jpg
07-29-2021 @ 12:32:58 - Attachment ID:1746
07-29-2021 @ 12:32:58 - Row :85 - Product imported successfully.
07-29-2021 @ 12:32:58 - Row :86 - Parsing item.
07-29-2021 @ 12:32:58 - Importing as new product ID:1751
07-29-2021 @ 12:32:58 - Row :86 - Processing item.
07-29-2021 @ 12:32:58 - Found variation product object. ID:1751
07-29-2021 @ 12:32:58 - Setting Featured Image. URL:https://nylimages.s3.amazonaws.com/HBI_125606_TealCombo.jpg
07-29-2021 @ 12:32:58 - Attachment ID:1746
07-29-2021 @ 12:32:58 - Row :86 - Product imported successfully.
07-29-2021 @ 12:32:58 - Row :87 - Parsing item.
07-29-2021 @ 12:32:58 - Importing as new product ID:1752
07-29-2021 @ 12:32:58 - Row :87 - Processing item.
07-29-2021 @ 12:32:58 - Found variable product object. ID:1752
07-29-2021 @ 12:32:58 - Setting Featured Image. URL:https://nylimages.s3.amazonaws.com/HBI_125607_Astral.jpg
07-29-2021 @ 12:33:00 - Attachment ID:1753
07-29-2021 @ 12:33:00 - Row :87 - Product imported successfully.
07-29-2021 @ 12:33:00 - Row :88 - Parsing item.
07-29-2021 @ 12:33:00 - Importing as new product ID:1754
07-29-2021 @ 12:33:00 - Row :88 - Processing item.
07-29-2021 @ 12:33:00 - Found variation product object. ID:1754
07-29-2021 @ 12:33:00 - Setting Featured Image. URL:https://nylimages.s3.amazonaws.com/HBI_125607_Astral.jpg
07-29-2021 @ 12:33:00 - Attachment ID:1753
07-29-2021 @ 12:33:00 - Row :88 - Product imported successfully.
07-29-2021 @ 12:33:00 - Row :89 - Parsing item.
07-29-2021 @ 12:33:00 - Importing as new product ID:1755
07-29-2021 @ 12:33:00 - Row :89 - Processing item.
07-29-2021 @ 12:33:00 - Found variation product object. ID:1755
07-29-2021 @ 12:33:00 - Setting Featured Image. URL:https://nylimages.s3.amazonaws.com/HBI_125607_Astral.jpg
07-29-2021 @ 12:33:00 - Attachment ID:1753
07-29-2021 @ 12:33:00 - Row :89 - Product imported successfully.
07-29-2021 @ 12:33:00 - Row :90 - Parsing item.
07-29-2021 @ 12:33:00 - Importing as new product ID:1756
07-29-2021 @ 12:33:00 - Row :90 - Processing item.
07-29-2021 @ 12:33:00 - Found variation product object. ID:1756
07-29-2021 @ 12:33:00 - Setting Featured Image. URL:https://nylimages.s3.amazonaws.com/HBI_125607_Astral.jpg
07-29-2021 @ 12:33:00 - Attachment ID:1753
07-29-2021 @ 12:33:00 - Row :90 - Product imported successfully.
07-29-2021 @ 12:33:02 - Preparing for import.
07-29-2021 @ 12:33:02 - Row :91 - Parsing item.
07-29-2021 @ 12:33:02 - Importing as new product ID:1757
07-29-2021 @ 12:33:02 - Row :91 - Processing item.
07-29-2021 @ 12:33:02 - Found variation product object. ID:1757
07-29-2021 @ 12:33:02 - Setting Featured Image. URL:https://nylimages.s3.amazonaws.com/HBI_125607_Astral.jpg
07-29-2021 @ 12:33:02 - Attachment ID:1753
07-29-2021 @ 12:33:02 - Row :91 - Product imported successfully.
07-29-2021 @ 12:33:02 - Row :92 - Parsing item.
07-29-2021 @ 12:33:02 - Importing as new product ID:1758
07-29-2021 @ 12:33:02 - Row :92 - Processing item.
07-29-2021 @ 12:33:02 - Found variation product object. ID:1758
07-29-2021 @ 12:33:02 - Setting Featured Image. URL:https://nylimages.s3.amazonaws.com/HBI_125607_Astral.jpg
07-29-2021 @ 12:33:02 - Attachment ID:1753
07-29-2021 @ 12:33:02 - Row :92 - Product imported successfully.
07-29-2021 @ 12:33:02 - Row :93 - Parsing item.
07-29-2021 @ 12:33:02 - Importing as new product ID:1759
07-29-2021 @ 12:33:02 - Row :93 - Processing item.
07-29-2021 @ 12:33:02 - Found variable product object. ID:1759
07-29-2021 @ 12:33:02 - Setting Featured Image. URL:https://nylimages.s3.amazonaws.com/HBI_125609_GreyBlackCombo.jpg
07-29-2021 @ 12:33:04 - Attachment ID:1760
07-29-2021 @ 12:33:04 - Row :93 - Product imported successfully.
07-29-2021 @ 12:33:04 - Row :94 - Parsing item.
07-29-2021 @ 12:33:04 - Importing as new product ID:1761
07-29-2021 @ 12:33:04 - Row :94 - Processing item.
07-29-2021 @ 12:33:04 - Found variation product object. ID:1761
07-29-2021 @ 12:33:04 - Setting Featured Image. URL:https://nylimages.s3.amazonaws.com/HBI_125609_GreyBlackCombo.jpg
07-29-2021 @ 12:33:04 - Attachment ID:1760
07-29-2021 @ 12:33:04 - Row :94 - Product imported successfully.
07-29-2021 @ 12:33:04 - Row :95 - Parsing item.
07-29-2021 @ 12:33:04 - Importing as new product ID:1762
07-29-2021 @ 12:33:04 - Row :95 - Processing item.
07-29-2021 @ 12:33:04 - Found variation product object. ID:1762
07-29-2021 @ 12:33:04 - Setting Featured Image. URL:https://nylimages.s3.amazonaws.com/HBI_125609_GreyBlackCombo.jpg
07-29-2021 @ 12:33:04 - Attachment ID:1760
07-29-2021 @ 12:33:04 - Row :95 - Product imported successfully.
07-29-2021 @ 12:33:04 - Row :96 - Parsing item.
07-29-2021 @ 12:33:04 - Importing as new product ID:1763
07-29-2021 @ 12:33:04 - Row :96 - Processing item.
07-29-2021 @ 12:33:04 - Found variation product object. ID:1763
07-29-2021 @ 12:33:04 - Setting Featured Image. URL:https://nylimages.s3.amazonaws.com/HBI_125609_GreyBlackCombo.jpg
07-29-2021 @ 12:33:04 - Attachment ID:1760
07-29-2021 @ 12:33:04 - Row :96 - Product imported successfully.
07-29-2021 @ 12:33:04 - Row :97 - Parsing item.
07-29-2021 @ 12:33:04 - Importing as new product ID:1764
07-29-2021 @ 12:33:04 - Row :97 - Processing item.
07-29-2021 @ 12:33:04 - Found variation product object. ID:1764
07-29-2021 @ 12:33:04 - Setting Featured Image. URL:https://nylimages.s3.amazonaws.com/HBI_125609_GreyBlackCombo.jpg
07-29-2021 @ 12:33:04 - Attachment ID:1760
07-29-2021 @ 12:33:04 - Row :97 - Product imported successfully.
07-29-2021 @ 12:33:04 - Row :98 - Parsing item.
07-29-2021 @ 12:33:04 - Importing as new product ID:1765
07-29-2021 @ 12:33:04 - Row :98 - Processing item.
07-29-2021 @ 12:33:04 - Found variation product object. ID:1765
07-29-2021 @ 12:33:04 - Setting Featured Image. URL:https://nylimages.s3.amazonaws.com/HBI_125609_GreyBlackCombo.jpg
07-29-2021 @ 12:33:04 - Attachment ID:1760
07-29-2021 @ 12:33:04 - Row :98 - Product imported successfully.
07-29-2021 @ 12:33:04 - Row :99 - Parsing item.
07-29-2021 @ 12:33:04 - Importing as new product ID:1766
07-29-2021 @ 12:33:04 - Row :99 - Processing item.
07-29-2021 @ 12:33:04 - Found variation product object. ID:1766
07-29-2021 @ 12:33:04 - Setting Featured Image. URL:https://nylimages.s3.amazonaws.com/HBI_125609_NavyCombo.jpg
07-29-2021 @ 12:33:06 - Attachment ID:1767
07-29-2021 @ 12:33:06 - Row :99 - Product imported successfully.
07-29-2021 @ 12:33:06 - Row :100 - Parsing item.
07-29-2021 @ 12:33:06 - Importing as new product ID:1768
07-29-2021 @ 12:33:06 - Row :100 - Processing item.
07-29-2021 @ 12:33:06 - Found variation product object. ID:1768
07-29-2021 @ 12:33:06 - Setting Featured Image. URL:https://nylimages.s3.amazonaws.com/HBI_125609_NavyCombo.jpg
07-29-2021 @ 12:33:06 - Attachment ID:1767
07-29-2021 @ 12:33:06 - Row :100 - Product imported successfully.
07-29-2021 @ 12:33:07 - Preparing for import.
07-29-2021 @ 12:33:07 - Row :101 - Parsing item.
07-29-2021 @ 12:33:07 - Importing as new product ID:1769
07-29-2021 @ 12:33:07 - Row :101 - Processing item.
07-29-2021 @ 12:33:07 - Found variation product object. ID:1769
07-29-2021 @ 12:33:07 - Setting Featured Image. URL:https://nylimages.s3.amazonaws.com/HBI_125609_NavyCombo.jpg
07-29-2021 @ 12:33:07 - Attachment ID:1767
07-29-2021 @ 12:33:07 - Row :101 - Product imported successfully.
07-29-2021 @ 12:33:07 - Row :102 - Parsing item.
07-29-2021 @ 12:33:07 - Importing as new product ID:1770
07-29-2021 @ 12:33:07 - Row :102 - Processing item.
07-29-2021 @ 12:33:07 - Found variation product object. ID:1770
07-29-2021 @ 12:33:08 - Setting Featured Image. URL:https://nylimages.s3.amazonaws.com/HBI_125609_NavyCombo.jpg
07-29-2021 @ 12:33:08 - Attachment ID:1767
07-29-2021 @ 12:33:08 - Row :102 - Product imported successfully.
07-29-2021 @ 12:33:08 - Row :103 - Parsing item.
07-29-2021 @ 12:33:08 - Importing as new product ID:1771
07-29-2021 @ 12:33:08 - Row :103 - Processing item.
07-29-2021 @ 12:33:08 - Found variation product object. ID:1771
07-29-2021 @ 12:33:08 - Setting Featured Image. URL:https://nylimages.s3.amazonaws.com/HBI_125609_NavyCombo.jpg
07-29-2021 @ 12:33:08 - Attachment ID:1767
07-29-2021 @ 12:33:08 - Row :103 - Product imported successfully.
07-29-2021 @ 12:33:08 - Row :104 - Parsing item.
07-29-2021 @ 12:33:08 - Importing as new product ID:1772
07-29-2021 @ 12:33:08 - Row :104 - Processing item.
07-29-2021 @ 12:33:08 - Found variable product object. ID:1772
07-29-2021 @ 12:33:08 - Setting Featured Image. URL:https://nylimages.s3.amazonaws.com/HBI_M09729_Black_sw.jpg
07-29-2021 @ 12:33:08 - Attachment ID:1686
07-29-2021 @ 12:33:08 - Row :104 - Product imported successfully.
07-29-2021 @ 12:33:08 - Row :105 - Parsing item.
07-29-2021 @ 12:33:08 - Importing as new product ID:1773
07-29-2021 @ 12:33:08 - Row :105 - Processing item.
07-29-2021 @ 12:33:08 - Found variation product object. ID:1773
07-29-2021 @ 12:33:08 - Setting Featured Image. URL:https://nylimages.s3.amazonaws.com/HBI_M09729_Black_sw.jpg
07-29-2021 @ 12:33:08 - Attachment ID:1686
07-29-2021 @ 12:33:08 - Row :105 - Product imported successfully.
07-29-2021 @ 12:33:08 - Row :106 - Parsing item.
07-29-2021 @ 12:33:08 - Importing as new product ID:1774
07-29-2021 @ 12:33:08 - Row :106 - Processing item.
07-29-2021 @ 12:33:08 - Found variation product object. ID:1774
07-29-2021 @ 12:33:08 - Setting Featured Image. URL:https://nylimages.s3.amazonaws.com/HBI_M09729_Black_sw.jpg
07-29-2021 @ 12:33:08 - Attachment ID:1686
07-29-2021 @ 12:33:08 - Row :106 - Product imported successfully.
07-29-2021 @ 12:33:08 - Row :107 - Parsing item.
07-29-2021 @ 12:33:08 - Importing as new product ID:1775
07-29-2021 @ 12:33:08 - Row :107 - Processing item.
07-29-2021 @ 12:33:08 - Found variation product object. ID:1775
07-29-2021 @ 12:33:08 - Setting Featured Image. URL:https://nylimages.s3.amazonaws.com/HBI_M09729_Black_sw.jpg
07-29-2021 @ 12:33:08 - Attachment ID:1686
07-29-2021 @ 12:33:08 - Row :107 - Product imported successfully.
07-29-2021 @ 12:33:08 - Row :108 - Parsing item.
07-29-2021 @ 12:33:08 - Importing as new product ID:1776
07-29-2021 @ 12:33:08 - Row :108 - Processing item.
07-29-2021 @ 12:33:08 - Found variation product object. ID:1776
07-29-2021 @ 12:33:08 - Setting Featured Image. URL:https://nylimages.s3.amazonaws.com/HBI_M09729_Black_sw.jpg
07-29-2021 @ 12:33:08 - Attachment ID:1686
07-29-2021 @ 12:33:08 - Row :108 - Product imported successfully.
07-29-2021 @ 12:33:08 - Row :109 - Parsing item.
07-29-2021 @ 12:33:08 - Importing as new product ID:1777
07-29-2021 @ 12:33:08 - Row :109 - Processing item.
07-29-2021 @ 12:33:08 - Found variation product object. ID:1777
07-29-2021 @ 12:33:08 - Setting Featured Image. URL:https://nylimages.s3.amazonaws.com/HBI_M09729_Black_sw.jpg
07-29-2021 @ 12:33:08 - Attachment ID:1686
07-29-2021 @ 12:33:08 - Row :109 - Product imported successfully.
07-29-2021 @ 12:33:08 - Row :110 - Parsing item.
07-29-2021 @ 12:33:08 - Importing as new product ID:1778
07-29-2021 @ 12:33:08 - Row :110 - Processing item.
07-29-2021 @ 12:33:08 - Found variation product object. ID:1778
07-29-2021 @ 12:33:08 - Setting Featured Image. URL:https://nylimages.s3.amazonaws.com/HBI_M09729_White_sw.jpg
07-29-2021 @ 12:33:09 - Attachment ID:1779
07-29-2021 @ 12:33:09 - Row :110 - Product imported successfully.
07-29-2021 @ 12:33:11 - Preparing for import.
07-29-2021 @ 12:33:11 - Row :111 - Parsing item.
07-29-2021 @ 12:33:11 - Importing as new product ID:1780
07-29-2021 @ 12:33:11 - Row :111 - Processing item.
07-29-2021 @ 12:33:11 - Found variation product object. ID:1780
07-29-2021 @ 12:33:11 - Setting Featured Image. URL:https://nylimages.s3.amazonaws.com/HBI_M09729_White_sw.jpg
07-29-2021 @ 12:33:11 - Attachment ID:1779
07-29-2021 @ 12:33:11 - Row :111 - Product imported successfully.
07-29-2021 @ 12:33:11 - Row :112 - Parsing item.
07-29-2021 @ 12:33:11 - Importing as new product ID:1781
07-29-2021 @ 12:33:11 - Row :112 - Processing item.
07-29-2021 @ 12:33:11 - Found variation product object. ID:1781
07-29-2021 @ 12:33:11 - Setting Featured Image. URL:https://nylimages.s3.amazonaws.com/HBI_M09729_White_sw.jpg
07-29-2021 @ 12:33:11 - Attachment ID:1779
07-29-2021 @ 12:33:11 - Row :112 - Product imported successfully.
07-29-2021 @ 12:33:11 - Row :113 - Parsing item.
07-29-2021 @ 12:33:11 - Importing as new product ID:1782
07-29-2021 @ 12:33:11 - Row :113 - Processing item.
07-29-2021 @ 12:33:11 - Found variation product object. ID:1782
07-29-2021 @ 12:33:11 - Setting Featured Image. URL:https://nylimages.s3.amazonaws.com/HBI_M09729_White_sw.jpg
07-29-2021 @ 12:33:11 - Attachment ID:1779
07-29-2021 @ 12:33:11 - Row :113 - Product imported successfully.
07-29-2021 @ 12:33:11 - Row :114 - Parsing item.
07-29-2021 @ 12:33:11 - Importing as new product ID:1783
07-29-2021 @ 12:33:11 - Row :114 - Processing item.
07-29-2021 @ 12:33:11 - Found variation product object. ID:1783
07-29-2021 @ 12:33:11 - Setting Featured Image. URL:https://nylimages.s3.amazonaws.com/HBI_M09729_White_sw.jpg
07-29-2021 @ 12:33:11 - Attachment ID:1779
07-29-2021 @ 12:33:11 - Row :114 - Product imported successfully.
07-29-2021 @ 12:33:11 - Row :115 - Parsing item.
07-29-2021 @ 12:33:11 - Importing as new product ID:1784
07-29-2021 @ 12:33:11 - Row :115 - Processing item.
07-29-2021 @ 12:33:11 - Found variation product object. ID:1784
07-29-2021 @ 12:33:11 - Setting Featured Image. URL:https://nylimages.s3.amazonaws.com/HBI_M09729_LatteLift_sw.jpg
07-29-2021 @ 12:33:11 - Attachment ID:1692
07-29-2021 @ 12:33:11 - Row :115 - Product imported successfully.
07-29-2021 @ 12:33:11 - Row :116 - Parsing item.
07-29-2021 @ 12:33:11 - Importing as new product ID:1785
07-29-2021 @ 12:33:11 - Row :116 - Processing item.
07-29-2021 @ 12:33:11 - Found variation product object. ID:1785
07-29-2021 @ 12:33:11 - Setting Featured Image. URL:https://nylimages.s3.amazonaws.com/HBI_M09729_LatteLift_sw.jpg
07-29-2021 @ 12:33:11 - Attachment ID:1692
07-29-2021 @ 12:33:11 - Row :116 - Product imported successfully.
07-29-2021 @ 12:33:11 - Row :117 - Parsing item.
07-29-2021 @ 12:33:11 - Importing as new product ID:1786
07-29-2021 @ 12:33:11 - Row :117 - Processing item.
07-29-2021 @ 12:33:11 - Found variation product object. ID:1786
07-29-2021 @ 12:33:11 - Setting Featured Image. URL:https://nylimages.s3.amazonaws.com/HBI_M09729_LatteLift_sw.jpg
07-29-2021 @ 12:33:11 - Attachment ID:1692
07-29-2021 @ 12:33:11 - Row :117 - Product imported successfully.
07-29-2021 @ 12:33:11 - Row :118 - Parsing item.
07-29-2021 @ 12:33:12 - Importing as new product ID:1787
07-29-2021 @ 12:33:12 - Row :118 - Processing item.
07-29-2021 @ 12:33:12 - Found variation product object. ID:1787
07-29-2021 @ 12:33:12 - Setting Featured Image. URL:https://nylimages.s3.amazonaws.com/HBI_M09729_LatteLift_sw.jpg
07-29-2021 @ 12:33:12 - Attachment ID:1692
07-29-2021 @ 12:33:12 - Row :118 - Product imported successfully.
07-29-2021 @ 12:33:12 - Row :119 - Parsing item.
07-29-2021 @ 12:33:12 - Importing as new product ID:1788
07-29-2021 @ 12:33:12 - Row :119 - Processing item.
07-29-2021 @ 12:33:12 - Found variation product object. ID:1788
07-29-2021 @ 12:33:12 - Setting Featured Image. URL:https://nylimages.s3.amazonaws.com/HBI_M09729_LatteLift_sw.jpg
07-29-2021 @ 12:33:12 - Attachment ID:1692
07-29-2021 @ 12:33:12 - Row :119 - Product imported successfully.
07-29-2021 @ 12:33:12 - Row :120 - Parsing item.
07-29-2021 @ 12:33:12 - Importing as new product ID:1789
07-29-2021 @ 12:33:12 - Row :120 - Processing item.
07-29-2021 @ 12:33:12 - Found variable product object. ID:1789
07-29-2021 @ 12:33:12 - Setting Featured Image. URL:https://cdn1.nuorder.com/product/f869343505ad3f38b740868e4411b381.jpg
07-29-2021 @ 12:33:12 - Attachment ID:1790
07-29-2021 @ 12:33:12 - Setting Gallery Images.
07-29-2021 @ 12:33:12 - Image URL:https://cdn1.nuorder.com/product/d206bb44cc5aaf734a820e3a28d572fc.jpg
07-29-2021 @ 12:33:12 - Attachment ID:1791
07-29-2021 @ 12:33:12 - Row :120 - Product imported successfully.
07-29-2021 @ 12:33:14 - Preparing for import.
07-29-2021 @ 12:33:14 - Row :121 - Parsing item.
07-29-2021 @ 12:33:14 - Importing as new product ID:1792
07-29-2021 @ 12:33:14 - Row :121 - Processing item.
07-29-2021 @ 12:33:14 - Found variation product object. ID:1792
07-29-2021 @ 12:33:14 - Setting Featured Image. URL:https://nylimages.s3.amazonaws.com/HBI_M12622_Black_sw.jpg
07-29-2021 @ 12:33:15 - Attachment ID:1793
07-29-2021 @ 12:33:15 - Row :121 - Product imported successfully.
07-29-2021 @ 12:33:15 - Row :122 - Parsing item.
07-29-2021 @ 12:33:15 - Importing as new product ID:1794
07-29-2021 @ 12:33:15 - Row :122 - Processing item.
07-29-2021 @ 12:33:15 - Found variation product object. ID:1794
07-29-2021 @ 12:33:15 - Setting Featured Image. URL:https://nylimages.s3.amazonaws.com/HBI_M12622_Black_sw.jpg
07-29-2021 @ 12:33:15 - Attachment ID:1793
07-29-2021 @ 12:33:15 - Row :122 - Product imported successfully.
07-29-2021 @ 12:33:15 - Row :123 - Parsing item.
07-29-2021 @ 12:33:15 - Importing as new product ID:1795
07-29-2021 @ 12:33:15 - Row :123 - Processing item.
07-29-2021 @ 12:33:15 - Found variation product object. ID:1795
07-29-2021 @ 12:33:15 - Setting Featured Image. URL:https://nylimages.s3.amazonaws.com/HBI_M12622_Black_sw.jpg
07-29-2021 @ 12:33:15 - Attachment ID:1793
07-29-2021 @ 12:33:15 - Row :123 - Product imported successfully.
07-29-2021 @ 12:33:15 - Row :124 - Parsing item.
07-29-2021 @ 12:33:15 - Importing as new product ID:1796
07-29-2021 @ 12:33:15 - Row :124 - Processing item.
07-29-2021 @ 12:33:15 - Found variation product object. ID:1796
07-29-2021 @ 12:33:15 - Setting Featured Image. URL:https://nylimages.s3.amazonaws.com/HBI_M12622_Black_sw.jpg
07-29-2021 @ 12:33:15 - Attachment ID:1793
07-29-2021 @ 12:33:15 - Row :124 - Product imported successfully.
07-29-2021 @ 12:33:15 - Row :125 - Parsing item.
07-29-2021 @ 12:33:15 - Importing as new product ID:1797
07-29-2021 @ 12:33:15 - Row :125 - Processing item.
07-29-2021 @ 12:33:15 - Found variation product object. ID:1797
07-29-2021 @ 12:33:15 - Setting Featured Image. URL:https://nylimages.s3.amazonaws.com/HBI_M12622_Black_sw.jpg
07-29-2021 @ 12:33:15 - Attachment ID:1793
07-29-2021 @ 12:33:15 - Row :125 - Product imported successfully.
07-29-2021 @ 12:33:15 - Row :126 - Parsing item.
07-29-2021 @ 12:33:15 - Importing as new product ID:1798
07-29-2021 @ 12:33:15 - Row :126 - Processing item.
07-29-2021 @ 12:33:15 - Found variation product object. ID:1798
07-29-2021 @ 12:33:15 - Setting Featured Image. URL:https://nylimages.s3.amazonaws.com/HBI_M12622_LatteLift_sw.jpg
07-29-2021 @ 12:33:16 - Attachment ID:1799
07-29-2021 @ 12:33:16 - Row :126 - Product imported successfully.
07-29-2021 @ 12:33:16 - Row :127 - Parsing item.
07-29-2021 @ 12:33:16 - Importing as new product ID:1800
07-29-2021 @ 12:33:16 - Row :127 - Processing item.
07-29-2021 @ 12:33:16 - Found variation product object. ID:1800
07-29-2021 @ 12:33:16 - Setting Featured Image. URL:https://nylimages.s3.amazonaws.com/HBI_M12622_LatteLift_sw.jpg
07-29-2021 @ 12:33:16 - Attachment ID:1799
07-29-2021 @ 12:33:16 - Row :127 - Product imported successfully.
07-29-2021 @ 12:33:16 - Row :128 - Parsing item.
07-29-2021 @ 12:33:16 - Importing as new product ID:1801
07-29-2021 @ 12:33:16 - Row :128 - Processing item.
07-29-2021 @ 12:33:16 - Found variation product object. ID:1801
07-29-2021 @ 12:33:16 - Setting Featured Image. URL:https://nylimages.s3.amazonaws.com/HBI_M12622_LatteLift_sw.jpg
07-29-2021 @ 12:33:16 - Attachment ID:1799
07-29-2021 @ 12:33:16 - Row :128 - Product imported successfully.
07-29-2021 @ 12:33:16 - Row :129 - Parsing item.
07-29-2021 @ 12:33:16 - Importing as new product ID:1802
07-29-2021 @ 12:33:16 - Row :129 - Processing item.
07-29-2021 @ 12:33:16 - Found variation product object. ID:1802
07-29-2021 @ 12:33:16 - Setting Featured Image. URL:https://nylimages.s3.amazonaws.com/HBI_M12622_LatteLift_sw.jpg
07-29-2021 @ 12:33:16 - Attachment ID:1799
07-29-2021 @ 12:33:16 - Row :129 - Product imported successfully.
07-29-2021 @ 12:33:16 - Row :130 - Parsing item.
07-29-2021 @ 12:33:16 - Importing as new product ID:1803
07-29-2021 @ 12:33:16 - Row :130 - Processing item.
07-29-2021 @ 12:33:16 - Found variation product object. ID:1803
07-29-2021 @ 12:33:16 - Setting Featured Image. URL:https://nylimages.s3.amazonaws.com/HBI_M12622_LatteLift_sw.jpg
07-29-2021 @ 12:33:16 - Attachment ID:1799
07-29-2021 @ 12:33:16 - Row :130 - Product imported successfully.
07-29-2021 @ 12:33:18 - Preparing for import.
07-29-2021 @ 12:33:18 - Row :131 - Parsing item.
07-29-2021 @ 12:33:18 - Importing as new product ID:1804
07-29-2021 @ 12:33:18 - Row :131 - Processing item.
07-29-2021 @ 12:33:18 - Found variable product object. ID:1804
07-29-2021 @ 12:33:18 - Setting Featured Image. URL:https://nylimages.s3.amazonaws.com/91DAe1pKwWL._UX1500_.jpg
07-29-2021 @ 12:33:20 - Attachment ID:1805
07-29-2021 @ 12:33:20 - Setting Gallery Images.
07-29-2021 @ 12:33:20 - Image URL:https://nylimages.s3.amazonaws.com/91MsBLR-nPL._UX1500_.jpg
07-29-2021 @ 12:33:21 - Attachment ID:1806
07-29-2021 @ 12:33:21 - Row :131 - Product imported successfully.
07-29-2021 @ 12:33:21 - Row :132 - Parsing item.
07-29-2021 @ 12:33:21 - Importing as new product ID:1807
07-29-2021 @ 12:33:21 - Row :132 - Processing item.
07-29-2021 @ 12:33:21 - Found variation product object. ID:1807
07-29-2021 @ 12:33:21 - Setting Featured Image. URL:https://nylimages.s3.amazonaws.com/HBI_M12627_Black_sw.jpg
07-29-2021 @ 12:33:22 - Attachment ID:1808
07-29-2021 @ 12:33:22 - Row :132 - Product imported successfully.
07-29-2021 @ 12:33:22 - Row :133 - Parsing item.
07-29-2021 @ 12:33:22 - Importing as new product ID:1809
07-29-2021 @ 12:33:22 - Row :133 - Processing item.
07-29-2021 @ 12:33:22 - Found variation product object. ID:1809
07-29-2021 @ 12:33:22 - Setting Featured Image. URL:https://nylimages.s3.amazonaws.com/HBI_M12627_Black_sw.jpg
07-29-2021 @ 12:33:22 - Attachment ID:1808
07-29-2021 @ 12:33:22 - Row :133 - Product imported successfully.
07-29-2021 @ 12:33:22 - Row :134 - Parsing item.
07-29-2021 @ 12:33:22 - Importing as new product ID:1810
07-29-2021 @ 12:33:22 - Row :134 - Processing item.
07-29-2021 @ 12:33:22 - Found variation product object. ID:1810
07-29-2021 @ 12:33:22 - Setting Featured Image. URL:https://nylimages.s3.amazonaws.com/HBI_M12627_Black_sw.jpg
07-29-2021 @ 12:33:22 - Attachment ID:1808
07-29-2021 @ 12:33:22 - Row :134 - Product imported successfully.
07-29-2021 @ 12:33:22 - Row :135 - Parsing item.
07-29-2021 @ 12:33:22 - Importing as new product ID:1811
07-29-2021 @ 12:33:22 - Row :135 - Processing item.
07-29-2021 @ 12:33:22 - Found variation product object. ID:1811
07-29-2021 @ 12:33:22 - Setting Featured Image. URL:https://nylimages.s3.amazonaws.com/HBI_M12627_Black_sw.jpg
07-29-2021 @ 12:33:22 - Attachment ID:1808
07-29-2021 @ 12:33:22 - Row :135 - Product imported successfully.
07-29-2021 @ 12:33:22 - Row :136 - Parsing item.
07-29-2021 @ 12:33:22 - Importing as new product ID:1812
07-29-2021 @ 12:33:22 - Row :136 - Processing item.
07-29-2021 @ 12:33:22 - Found variation product object. ID:1812
07-29-2021 @ 12:33:22 - Setting Featured Image. URL:https://nylimages.s3.amazonaws.com/HBI_M12627_Black_sw.jpg
07-29-2021 @ 12:33:22 - Attachment ID:1808
07-29-2021 @ 12:33:22 - Row :136 - Product imported successfully.
07-29-2021 @ 12:33:22 - Row :137 - Parsing item.
07-29-2021 @ 12:33:22 - Importing as new product ID:1813
07-29-2021 @ 12:33:22 - Row :137 - Processing item.
07-29-2021 @ 12:33:22 - Found variation product object. ID:1813
07-29-2021 @ 12:33:22 - Setting Featured Image. URL:https://nylimages.s3.amazonaws.com/HBI_M12627_LatteLift_sw.jpg
07-29-2021 @ 12:33:22 - Attachment ID:1814
07-29-2021 @ 12:33:23 - Row :137 - Product imported successfully.
07-29-2021 @ 12:33:23 - Row :138 - Parsing item.
07-29-2021 @ 12:33:23 - Importing as new product ID:1815
07-29-2021 @ 12:33:23 - Row :138 - Processing item.
07-29-2021 @ 12:33:23 - Found variation product object. ID:1815
07-29-2021 @ 12:33:23 - Setting Featured Image. URL:https://nylimages.s3.amazonaws.com/HBI_M12627_LatteLift_sw.jpg
07-29-2021 @ 12:33:23 - Attachment ID:1814
07-29-2021 @ 12:33:23 - Row :138 - Product imported successfully.
07-29-2021 @ 12:33:23 - Row :139 - Parsing item.
07-29-2021 @ 12:33:23 - Importing as new product ID:1816
07-29-2021 @ 12:33:23 - Row :139 - Processing item.
07-29-2021 @ 12:33:23 - Found variation product object. ID:1816
07-29-2021 @ 12:33:23 - Setting Featured Image. URL:https://nylimages.s3.amazonaws.com/HBI_M12627_LatteLift_sw.jpg
07-29-2021 @ 12:33:23 - Attachment ID:1814
07-29-2021 @ 12:33:23 - Row :139 - Product imported successfully.
07-29-2021 @ 12:33:23 - Row :140 - Parsing item.
07-29-2021 @ 12:33:23 - Importing as new product ID:1817
07-29-2021 @ 12:33:23 - Row :140 - Processing item.
07-29-2021 @ 12:33:23 - Found variation product object. ID:1817
07-29-2021 @ 12:33:23 - Setting Featured Image. URL:https://nylimages.s3.amazonaws.com/HBI_M12627_LatteLift_sw.jpg
07-29-2021 @ 12:33:23 - Attachment ID:1814
07-29-2021 @ 12:33:23 - Row :140 - Product imported successfully.
07-29-2021 @ 12:33:26 - Preparing for import.
07-29-2021 @ 12:33:26 - Row :141 - Parsing item.
07-29-2021 @ 12:33:26 - Importing as new product ID:1818
07-29-2021 @ 12:33:26 - Row :141 - Processing item.
07-29-2021 @ 12:33:26 - Found variation product object. ID:1818
07-29-2021 @ 12:33:26 - Setting Featured Image. URL:https://nylimages.s3.amazonaws.com/HBI_M12627_LatteLift_sw.jpg
07-29-2021 @ 12:33:26 - Attachment ID:1814
07-29-2021 @ 12:33:26 - Row :141 - Product imported successfully.
07-29-2021 @ 12:33:26 - ---[ Import ended at 2021-07-29 16:33:26]---
