07-29-2021 @ 12:48:20 - ---[ New import started at 2021-07-29 16:48:20 ] PHP Memory: 4 GB, WP Memory: 40 MB
07-29-2021 @ 12:48:20 - Preparing for import.
07-29-2021 @ 12:48:20 - Row :1 - Parsing item.
07-29-2021 @ 12:48:20 - Importing as new product ID:1819
07-29-2021 @ 12:48:20 - Row :1 - Processing item.
07-29-2021 @ 12:48:20 - Found variable product object. ID:1819
07-29-2021 @ 12:48:20 - Setting Featured Image. URL:https://nylimages.s3.amazonaws.com/HNS_25439_Black.jpg
07-29-2021 @ 12:48:21 - Attachment ID:1820
07-29-2021 @ 12:48:21 - Setting Gallery Images.
07-29-2021 @ 12:48:21 - Image URL:https://nylimages.s3.amazonaws.com/HNS_22803_Black.jpg
07-29-2021 @ 12:48:22 - Attachment ID:1821
07-29-2021 @ 12:48:22 - Image URL:https://nylimages.s3.amazonaws.com/HBI_125439_Black.jpg
07-29-2021 @ 12:48:24 - Attachment ID:1822
07-29-2021 @ 12:48:24 - Image URL:https://nylimages.s3.amazonaws.com/HNS_25439_HeatherGrey.jpg
07-29-2021 @ 12:48:25 - Attachment ID:1823
07-29-2021 @ 12:48:25 - Image URL:https://nylimages.s3.amazonaws.com/HBI_28559_HeatherGrey.jpg
07-29-2021 @ 12:48:26 - Attachment ID:1824
07-29-2021 @ 12:48:26 - Image URL:https://nylimages.s3.amazonaws.com/HBI_125439_HeatherGrey.jpg
07-29-2021 @ 12:48:27 - Attachment ID:1825
07-29-2021 @ 12:48:27 - Image URL:https://nylimages.s3.amazonaws.com/HBI_28559_Natural.jpg
07-29-2021 @ 12:48:28 - Attachment ID:1826
07-29-2021 @ 12:48:28 - Image URL:https://nylimages.s3.amazonaws.com/HBI_125439_Natural.jpg
07-29-2021 @ 12:48:30 - Attachment ID:1827
07-29-2021 @ 12:48:30 - Image URL:https://nylimages.s3.amazonaws.com/EBY_22803_Natural.jpg
07-29-2021 @ 12:48:31 - Attachment ID:1828
07-29-2021 @ 12:48:31 - Image URL:https://nylimages.s3.amazonaws.com/HNS_25439_Natural.jpg
07-29-2021 @ 12:48:32 - Attachment ID:1829
07-29-2021 @ 12:48:32 - Row :1 - Product imported successfully.
07-29-2021 @ 12:48:32 - Row :2 - Parsing item.
07-29-2021 @ 12:48:32 - Importing as new product ID:1830
07-29-2021 @ 12:48:32 - Row :2 - Processing item.
07-29-2021 @ 12:48:32 - Found variation product object. ID:1830
07-29-2021 @ 12:48:32 - Setting Featured Image. URL:https://nylimages.s3.amazonaws.com/HBI_125439_Black.jpg
07-29-2021 @ 12:48:32 - Attachment ID:1822
07-29-2021 @ 12:48:32 - Row :2 - Product imported successfully.
07-29-2021 @ 12:48:32 - Row :3 - Parsing item.
07-29-2021 @ 12:48:32 - Importing as new product ID:1831
07-29-2021 @ 12:48:32 - Row :3 - Processing item.
07-29-2021 @ 12:48:32 - Found variation product object. ID:1831
07-29-2021 @ 12:48:33 - Setting Featured Image. URL:https://nylimages.s3.amazonaws.com/HBI_125439_Black.jpg
07-29-2021 @ 12:48:33 - Attachment ID:1822
07-29-2021 @ 12:48:33 - Row :3 - Product imported successfully.
07-29-2021 @ 12:48:33 - Row :4 - Parsing item.
07-29-2021 @ 12:48:33 - Importing as new product ID:1832
07-29-2021 @ 12:48:33 - Row :4 - Processing item.
07-29-2021 @ 12:48:33 - Found variation product object. ID:1832
07-29-2021 @ 12:48:33 - Setting Featured Image. URL:https://nylimages.s3.amazonaws.com/HBI_125439_Black.jpg
07-29-2021 @ 12:48:33 - Attachment ID:1822
07-29-2021 @ 12:48:33 - Row :4 - Product imported successfully.
07-29-2021 @ 12:48:33 - Row :5 - Parsing item.
07-29-2021 @ 12:48:33 - Importing as new product ID:1833
07-29-2021 @ 12:48:33 - Row :5 - Processing item.
07-29-2021 @ 12:48:33 - Found variation product object. ID:1833
07-29-2021 @ 12:48:33 - Setting Featured Image. URL:https://nylimages.s3.amazonaws.com/HBI_125439_Black.jpg
07-29-2021 @ 12:48:33 - Attachment ID:1822
07-29-2021 @ 12:48:33 - Row :5 - Product imported successfully.
07-29-2021 @ 12:48:33 - Row :6 - Parsing item.
07-29-2021 @ 12:48:33 - Importing as new product ID:1834
07-29-2021 @ 12:48:33 - Row :6 - Processing item.
07-29-2021 @ 12:48:33 - Found variation product object. ID:1834
07-29-2021 @ 12:48:33 - Setting Featured Image. URL:https://nylimages.s3.amazonaws.com/HBI_125439_Black.jpg
07-29-2021 @ 12:48:33 - Attachment ID:1822
07-29-2021 @ 12:48:33 - Row :6 - Product imported successfully.
07-29-2021 @ 12:48:33 - Row :7 - Parsing item.
07-29-2021 @ 12:48:34 - Importing as new product ID:1835
07-29-2021 @ 12:48:34 - Row :7 - Processing item.
07-29-2021 @ 12:48:34 - Found variation product object. ID:1835
07-29-2021 @ 12:48:34 - Setting Featured Image. URL:https://nylimages.s3.amazonaws.com/HBI_125439_HeatherGrey.jpg
07-29-2021 @ 12:48:34 - Attachment ID:1825
07-29-2021 @ 12:48:34 - Row :7 - Product imported successfully.
07-29-2021 @ 12:48:34 - Row :8 - Parsing item.
07-29-2021 @ 12:48:34 - Importing as new product ID:1836
07-29-2021 @ 12:48:34 - Row :8 - Processing item.
07-29-2021 @ 12:48:34 - Found variation product object. ID:1836
07-29-2021 @ 12:48:34 - Setting Featured Image. URL:https://nylimages.s3.amazonaws.com/HBI_125439_HeatherGrey.jpg
07-29-2021 @ 12:48:34 - Attachment ID:1825
07-29-2021 @ 12:48:34 - Row :8 - Product imported successfully.
07-29-2021 @ 12:48:34 - Row :9 - Parsing item.
07-29-2021 @ 12:48:34 - Importing as new product ID:1837
07-29-2021 @ 12:48:34 - Row :9 - Processing item.
07-29-2021 @ 12:48:34 - Found variation product object. ID:1837
07-29-2021 @ 12:48:35 - Setting Featured Image. URL:https://nylimages.s3.amazonaws.com/HBI_125439_HeatherGrey.jpg
07-29-2021 @ 12:48:35 - Attachment ID:1825
07-29-2021 @ 12:48:35 - Row :9 - Product imported successfully.
07-29-2021 @ 12:48:35 - Row :10 - Parsing item.
07-29-2021 @ 12:48:35 - Importing as new product ID:1838
07-29-2021 @ 12:48:35 - Row :10 - Processing item.
07-29-2021 @ 12:48:35 - Found variation product object. ID:1838
07-29-2021 @ 12:48:35 - Setting Featured Image. URL:https://nylimages.s3.amazonaws.com/HBI_125439_HeatherGrey.jpg
07-29-2021 @ 12:48:35 - Attachment ID:1825
07-29-2021 @ 12:48:35 - Row :10 - Product imported successfully.
07-29-2021 @ 12:48:37 - Preparing for import.
07-29-2021 @ 12:48:37 - Row :11 - Parsing item.
07-29-2021 @ 12:48:37 - Importing as new product ID:1839
07-29-2021 @ 12:48:37 - Row :11 - Processing item.
07-29-2021 @ 12:48:37 - Found variation product object. ID:1839
07-29-2021 @ 12:48:37 - Setting Featured Image. URL:https://nylimages.s3.amazonaws.com/HBI_125439_HeatherGrey.jpg
07-29-2021 @ 12:48:37 - Attachment ID:1825
07-29-2021 @ 12:48:37 - Row :11 - Product imported successfully.
07-29-2021 @ 12:48:37 - Row :12 - Parsing item.
07-29-2021 @ 12:48:37 - Importing as new product ID:1840
07-29-2021 @ 12:48:37 - Row :12 - Processing item.
07-29-2021 @ 12:48:37 - Found variation product object. ID:1840
07-29-2021 @ 12:48:38 - Setting Featured Image. URL:https://nylimages.s3.amazonaws.com/HBI_125439_Natural.jpg
07-29-2021 @ 12:48:38 - Attachment ID:1827
07-29-2021 @ 12:48:38 - Row :12 - Product imported successfully.
07-29-2021 @ 12:48:38 - Row :13 - Parsing item.
07-29-2021 @ 12:48:38 - Importing as new product ID:1841
07-29-2021 @ 12:48:38 - Row :13 - Processing item.
07-29-2021 @ 12:48:38 - Found variation product object. ID:1841
07-29-2021 @ 12:48:38 - Setting Featured Image. URL:https://nylimages.s3.amazonaws.com/HBI_125439_Natural.jpg
07-29-2021 @ 12:48:38 - Attachment ID:1827
07-29-2021 @ 12:48:38 - Row :13 - Product imported successfully.
07-29-2021 @ 12:48:38 - Row :14 - Parsing item.
07-29-2021 @ 12:48:38 - Importing as new product ID:1842
07-29-2021 @ 12:48:38 - Row :14 - Processing item.
07-29-2021 @ 12:48:38 - Found variation product object. ID:1842
07-29-2021 @ 12:48:38 - Setting Featured Image. URL:https://nylimages.s3.amazonaws.com/HBI_125439_Natural.jpg
07-29-2021 @ 12:48:38 - Attachment ID:1827
07-29-2021 @ 12:48:38 - Row :14 - Product imported successfully.
07-29-2021 @ 12:48:38 - Row :15 - Parsing item.
07-29-2021 @ 12:48:38 - Importing as new product ID:1843
07-29-2021 @ 12:48:38 - Row :15 - Processing item.
07-29-2021 @ 12:48:38 - Found variation product object. ID:1843
07-29-2021 @ 12:48:38 - Setting Featured Image. URL:https://nylimages.s3.amazonaws.com/HBI_125439_Natural.jpg
07-29-2021 @ 12:48:38 - Attachment ID:1827
07-29-2021 @ 12:48:38 - Row :15 - Product imported successfully.
07-29-2021 @ 12:48:38 - Row :16 - Parsing item.
07-29-2021 @ 12:48:38 - Importing as new product ID:1844
07-29-2021 @ 12:48:38 - Row :16 - Processing item.
07-29-2021 @ 12:48:38 - Found variation product object. ID:1844
07-29-2021 @ 12:48:38 - Setting Featured Image. URL:https://nylimages.s3.amazonaws.com/HBI_125439_Natural.jpg
07-29-2021 @ 12:48:38 - Attachment ID:1827
07-29-2021 @ 12:48:38 - Row :16 - Product imported successfully.
07-29-2021 @ 12:48:38 - Row :17 - Parsing item.
07-29-2021 @ 12:48:38 - Importing as new product ID:1845
07-29-2021 @ 12:48:38 - Row :17 - Processing item.
07-29-2021 @ 12:48:38 - Found variable product object. ID:1845
07-29-2021 @ 12:48:38 - Setting Featured Image. URL:https://cdn1.nuorder.com/product/ef3f17e20555e0b0f5e25a29c65ebe73.jpg
07-29-2021 @ 12:48:38 - Attachment ID:1846
07-29-2021 @ 12:48:38 - Setting Gallery Images.
07-29-2021 @ 12:48:38 - Image URL:https://cdn1.nuorder.com/product/154edc1b94edc174abc318a6e9709ac0.jpg
07-29-2021 @ 12:48:38 - Attachment ID:1847
07-29-2021 @ 12:48:39 - Row :17 - Product imported successfully.
07-29-2021 @ 12:48:39 - Row :18 - Parsing item.
07-29-2021 @ 12:48:39 - Importing as new product ID:1848
07-29-2021 @ 12:48:39 - Row :18 - Processing item.
07-29-2021 @ 12:48:39 - Found variation product object. ID:1848
07-29-2021 @ 12:48:39 - Setting Featured Image. URL:https://nylimages.s3.amazonaws.com/HBI_125462_PeacoatPeacoatSpaceDye.jpg
07-29-2021 @ 12:48:40 - Attachment ID:1849
07-29-2021 @ 12:48:40 - Row :18 - Product imported successfully.
07-29-2021 @ 12:48:40 - Row :19 - Parsing item.
07-29-2021 @ 12:48:40 - Importing as new product ID:1850
07-29-2021 @ 12:48:40 - Row :19 - Processing item.
07-29-2021 @ 12:48:40 - Found variation product object. ID:1850
07-29-2021 @ 12:48:40 - Setting Featured Image. URL:https://nylimages.s3.amazonaws.com/HBI_125462_PeacoatPeacoatSpaceDye.jpg
07-29-2021 @ 12:48:40 - Attachment ID:1849
07-29-2021 @ 12:48:40 - Row :19 - Product imported successfully.
07-29-2021 @ 12:48:40 - Row :20 - Parsing item.
07-29-2021 @ 12:48:40 - Importing as new product ID:1851
07-29-2021 @ 12:48:40 - Row :20 - Processing item.
07-29-2021 @ 12:48:40 - Found variation product object. ID:1851
07-29-2021 @ 12:48:40 - Setting Featured Image. URL:https://nylimages.s3.amazonaws.com/HBI_125462_PeacoatPeacoatSpaceDye.jpg
07-29-2021 @ 12:48:40 - Attachment ID:1849
07-29-2021 @ 12:48:40 - Row :20 - Product imported successfully.
07-29-2021 @ 12:48:42 - Preparing for import.
07-29-2021 @ 12:48:42 - Row :21 - Parsing item.
07-29-2021 @ 12:48:42 - Importing as new product ID:1852
07-29-2021 @ 12:48:42 - Row :21 - Processing item.
07-29-2021 @ 12:48:42 - Found variation product object. ID:1852
07-29-2021 @ 12:48:42 - Setting Featured Image. URL:https://nylimages.s3.amazonaws.com/HBI_125462_PeacoatPeacoatSpaceDye.jpg
07-29-2021 @ 12:48:42 - Attachment ID:1849
07-29-2021 @ 12:48:42 - Row :21 - Product imported successfully.
07-29-2021 @ 12:48:42 - Row :22 - Parsing item.
07-29-2021 @ 12:48:42 - Importing as new product ID:1853
07-29-2021 @ 12:48:42 - Row :22 - Processing item.
07-29-2021 @ 12:48:42 - Found variation product object. ID:1853
07-29-2021 @ 12:48:42 - Setting Featured Image. URL:https://nylimages.s3.amazonaws.com/HBI_125462_PeacoatPeacoatSpaceDye.jpg
07-29-2021 @ 12:48:42 - Attachment ID:1849
07-29-2021 @ 12:48:42 - Row :22 - Product imported successfully.
07-29-2021 @ 12:48:42 - Row :23 - Parsing item.
07-29-2021 @ 12:48:42 - Importing as new product ID:1854
07-29-2021 @ 12:48:42 - Row :23 - Processing item.
07-29-2021 @ 12:48:42 - Found variation product object. ID:1854
07-29-2021 @ 12:48:42 - Setting Featured Image. URL:https://nylimages.s3.amazonaws.com/HBI_125462_AsphaltAsphaltSpaceDye.jpg
07-29-2021 @ 12:48:44 - Attachment ID:1855
07-29-2021 @ 12:48:44 - Row :23 - Product imported successfully.
07-29-2021 @ 12:48:44 - Row :24 - Parsing item.
07-29-2021 @ 12:48:44 - Importing as new product ID:1856
07-29-2021 @ 12:48:44 - Row :24 - Processing item.
07-29-2021 @ 12:48:44 - Found variation product object. ID:1856
07-29-2021 @ 12:48:44 - Setting Featured Image. URL:https://nylimages.s3.amazonaws.com/HBI_125462_AsphaltAsphaltSpaceDye.jpg
07-29-2021 @ 12:48:44 - Attachment ID:1855
07-29-2021 @ 12:48:44 - Row :24 - Product imported successfully.
07-29-2021 @ 12:48:44 - Row :25 - Parsing item.
07-29-2021 @ 12:48:44 - Importing as new product ID:1857
07-29-2021 @ 12:48:44 - Row :25 - Processing item.
07-29-2021 @ 12:48:44 - Found variation product object. ID:1857
07-29-2021 @ 12:48:44 - Setting Featured Image. URL:https://nylimages.s3.amazonaws.com/HBI_125462_AsphaltAsphaltSpaceDye.jpg
07-29-2021 @ 12:48:44 - Attachment ID:1855
07-29-2021 @ 12:48:44 - Row :25 - Product imported successfully.
07-29-2021 @ 12:48:44 - Row :26 - Parsing item.
07-29-2021 @ 12:48:44 - Importing as new product ID:1858
07-29-2021 @ 12:48:44 - Row :26 - Processing item.
07-29-2021 @ 12:48:44 - Found variation product object. ID:1858
07-29-2021 @ 12:48:44 - Setting Featured Image. URL:https://nylimages.s3.amazonaws.com/HBI_125462_AsphaltAsphaltSpaceDye.jpg
07-29-2021 @ 12:48:44 - Attachment ID:1855
07-29-2021 @ 12:48:44 - Row :26 - Product imported successfully.
07-29-2021 @ 12:48:44 - Row :27 - Parsing item.
07-29-2021 @ 12:48:44 - Importing as new product ID:1859
07-29-2021 @ 12:48:44 - Row :27 - Processing item.
07-29-2021 @ 12:48:44 - Found variation product object. ID:1859
07-29-2021 @ 12:48:44 - Setting Featured Image. URL:https://nylimages.s3.amazonaws.com/HBI_125462_AsphaltAsphaltSpaceDye.jpg
07-29-2021 @ 12:48:44 - Attachment ID:1855
07-29-2021 @ 12:48:44 - Row :27 - Product imported successfully.
07-29-2021 @ 12:48:44 - Row :28 - Parsing item.
07-29-2021 @ 12:48:44 - Importing as new product ID:1860
07-29-2021 @ 12:48:44 - Row :28 - Processing item.
07-29-2021 @ 12:48:44 - Found variable product object. ID:1860
07-29-2021 @ 12:48:44 - Setting Featured Image. URL:https://cdn1.nuorder.com/product/265ff924cace96d5780f0dd4386e96b0.jpg
07-29-2021 @ 12:48:44 - Attachment ID:1861
07-29-2021 @ 12:48:44 - Setting Gallery Images.
07-29-2021 @ 12:48:44 - Image URL:https://cdn1.nuorder.com/product/4a173e65776bbb5e1aa92f39de47ce40.jpg
07-29-2021 @ 12:48:44 - Attachment ID:1862
07-29-2021 @ 12:48:44 - Row :28 - Product imported successfully.
07-29-2021 @ 12:48:44 - Row :29 - Parsing item.
07-29-2021 @ 12:48:44 - Importing as new product ID:1863
07-29-2021 @ 12:48:44 - Row :29 - Processing item.
07-29-2021 @ 12:48:44 - Found variation product object. ID:1863
07-29-2021 @ 12:48:44 - Setting Featured Image. URL:https://nylimages.s3.amazonaws.com/HBI_M09729_Black_sw.jpg
07-29-2021 @ 12:48:45 - Attachment ID:1864
07-29-2021 @ 12:48:45 - Row :29 - Product imported successfully.
07-29-2021 @ 12:48:45 - Row :30 - Parsing item.
07-29-2021 @ 12:48:45 - Importing as new product ID:1865
07-29-2021 @ 12:48:45 - Row :30 - Processing item.
07-29-2021 @ 12:48:45 - Found variation product object. ID:1865
07-29-2021 @ 12:48:45 - Setting Featured Image. URL:https://nylimages.s3.amazonaws.com/HBI_M09729_Black_sw.jpg
07-29-2021 @ 12:48:45 - Attachment ID:1864
07-29-2021 @ 12:48:45 - Row :30 - Product imported successfully.
07-29-2021 @ 12:48:47 - Preparing for import.
07-29-2021 @ 12:48:47 - Row :31 - Parsing item.
07-29-2021 @ 12:48:47 - Importing as new product ID:1866
07-29-2021 @ 12:48:47 - Row :31 - Processing item.
07-29-2021 @ 12:48:47 - Found variation product object. ID:1866
07-29-2021 @ 12:48:47 - Setting Featured Image. URL:https://nylimages.s3.amazonaws.com/HBI_M09729_Black_sw.jpg
07-29-2021 @ 12:48:47 - Attachment ID:1864
07-29-2021 @ 12:48:47 - Row :31 - Product imported successfully.
07-29-2021 @ 12:48:47 - Row :32 - Parsing item.
07-29-2021 @ 12:48:47 - Importing as new product ID:1867
07-29-2021 @ 12:48:47 - Row :32 - Processing item.
07-29-2021 @ 12:48:47 - Found variation product object. ID:1867
07-29-2021 @ 12:48:47 - Setting Featured Image. URL:https://nylimages.s3.amazonaws.com/HBI_M09729_Black_sw.jpg
07-29-2021 @ 12:48:47 - Attachment ID:1864
07-29-2021 @ 12:48:47 - Row :32 - Product imported successfully.
07-29-2021 @ 12:48:47 - Row :33 - Parsing item.
07-29-2021 @ 12:48:47 - Importing as new product ID:1868
07-29-2021 @ 12:48:47 - Row :33 - Processing item.
07-29-2021 @ 12:48:47 - Found variation product object. ID:1868
07-29-2021 @ 12:48:47 - Setting Featured Image. URL:https://nylimages.s3.amazonaws.com/HBI_M09729_Black_sw.jpg
07-29-2021 @ 12:48:47 - Attachment ID:1864
07-29-2021 @ 12:48:47 - Row :33 - Product imported successfully.
07-29-2021 @ 12:48:47 - Row :34 - Parsing item.
07-29-2021 @ 12:48:47 - Importing as new product ID:1869
07-29-2021 @ 12:48:47 - Row :34 - Processing item.
07-29-2021 @ 12:48:47 - Found variation product object. ID:1869
07-29-2021 @ 12:48:47 - Setting Featured Image. URL:https://nylimages.s3.amazonaws.com/HBI_M09729_LatteLift_sw.jpg
07-29-2021 @ 12:48:48 - Attachment ID:1870
07-29-2021 @ 12:48:48 - Row :34 - Product imported successfully.
07-29-2021 @ 12:48:48 - Row :35 - Parsing item.
07-29-2021 @ 12:48:48 - Importing as new product ID:1871
07-29-2021 @ 12:48:48 - Row :35 - Processing item.
07-29-2021 @ 12:48:48 - Found variation product object. ID:1871
07-29-2021 @ 12:48:48 - Setting Featured Image. URL:https://nylimages.s3.amazonaws.com/HBI_M09729_LatteLift_sw.jpg
07-29-2021 @ 12:48:48 - Attachment ID:1870
07-29-2021 @ 12:48:48 - Row :35 - Product imported successfully.
07-29-2021 @ 12:48:48 - Row :36 - Parsing item.
07-29-2021 @ 12:48:48 - Importing as new product ID:1872
07-29-2021 @ 12:48:48 - Row :36 - Processing item.
07-29-2021 @ 12:48:48 - Found variation product object. ID:1872
07-29-2021 @ 12:48:48 - Setting Featured Image. URL:https://nylimages.s3.amazonaws.com/HBI_M09729_LatteLift_sw.jpg
07-29-2021 @ 12:48:48 - Attachment ID:1870
07-29-2021 @ 12:48:48 - Row :36 - Product imported successfully.
07-29-2021 @ 12:48:48 - Row :37 - Parsing item.
07-29-2021 @ 12:48:48 - Importing as new product ID:1873
07-29-2021 @ 12:48:48 - Row :37 - Processing item.
07-29-2021 @ 12:48:48 - Found variation product object. ID:1873
07-29-2021 @ 12:48:48 - Setting Featured Image. URL:https://nylimages.s3.amazonaws.com/HBI_M09729_LatteLift_sw.jpg
07-29-2021 @ 12:48:48 - Attachment ID:1870
07-29-2021 @ 12:48:48 - Row :37 - Product imported successfully.
07-29-2021 @ 12:48:48 - Row :38 - Parsing item.
07-29-2021 @ 12:48:48 - Importing as new product ID:1874
07-29-2021 @ 12:48:48 - Row :38 - Processing item.
07-29-2021 @ 12:48:48 - Found variation product object. ID:1874
07-29-2021 @ 12:48:48 - Setting Featured Image. URL:https://nylimages.s3.amazonaws.com/HBI_M09729_LatteLift_sw.jpg
07-29-2021 @ 12:48:48 - Attachment ID:1870
07-29-2021 @ 12:48:48 - Row :38 - Product imported successfully.
07-29-2021 @ 12:48:48 - Row :39 - Parsing item.
07-29-2021 @ 12:48:48 - Importing as new product ID:1875
07-29-2021 @ 12:48:48 - Row :39 - Processing item.
07-29-2021 @ 12:48:48 - Found variable product object. ID:1875
07-29-2021 @ 12:48:48 - Setting Featured Image. URL:https://nylimages.s3.amazonaws.com/HBI_125601_Black.jpg
07-29-2021 @ 12:48:49 - Attachment ID:1876
07-29-2021 @ 12:48:49 - Setting Gallery Images.
07-29-2021 @ 12:48:49 - Image URL:https://nylimages.s3.amazonaws.com/HBI_125601_HeatherGrey.jpg
07-29-2021 @ 12:48:51 - Attachment ID:1877
07-29-2021 @ 12:48:51 - Image URL:https://nylimages.s3.amazonaws.com/HBI_125601_DustyBlue.jpg
07-29-2021 @ 12:48:52 - Attachment ID:1878
07-29-2021 @ 12:48:52 - Image URL:https://nylimages.s3.amazonaws.com/HBI_125601_SeaportCombo.jpg
07-29-2021 @ 12:48:53 - Attachment ID:1879
07-29-2021 @ 12:48:53 - Image URL:https://nylimages.s3.amazonaws.com/HBI_125601_FlintStoneCombo.jpg
07-29-2021 @ 12:48:54 - Attachment ID:1880
07-29-2021 @ 12:48:54 - Row :39 - Product imported successfully.
07-29-2021 @ 12:48:54 - Row :40 - Parsing item.
07-29-2021 @ 12:48:54 - Importing as new product ID:1881
07-29-2021 @ 12:48:54 - Row :40 - Processing item.
07-29-2021 @ 12:48:54 - Found variation product object. ID:1881
07-29-2021 @ 12:48:54 - Setting Featured Image. URL:https://nylimages.s3.amazonaws.com/HBI_125601_Black.jpg
07-29-2021 @ 12:48:54 - Attachment ID:1876
07-29-2021 @ 12:48:54 - Row :40 - Product imported successfully.
07-29-2021 @ 12:48:57 - Preparing for import.
07-29-2021 @ 12:48:57 - Row :41 - Parsing item.
07-29-2021 @ 12:48:57 - Importing as new product ID:1882
07-29-2021 @ 12:48:57 - Row :41 - Processing item.
07-29-2021 @ 12:48:57 - Found variation product object. ID:1882
07-29-2021 @ 12:48:57 - Setting Featured Image. URL:https://nylimages.s3.amazonaws.com/HBI_125601_Black.jpg
07-29-2021 @ 12:48:57 - Attachment ID:1876
07-29-2021 @ 12:48:57 - Row :41 - Product imported successfully.
07-29-2021 @ 12:48:57 - Row :42 - Parsing item.
07-29-2021 @ 12:48:57 - Importing as new product ID:1883
07-29-2021 @ 12:48:57 - Row :42 - Processing item.
07-29-2021 @ 12:48:57 - Found variation product object. ID:1883
07-29-2021 @ 12:48:58 - Setting Featured Image. URL:https://nylimages.s3.amazonaws.com/HBI_125601_Black.jpg
07-29-2021 @ 12:48:58 - Attachment ID:1876
07-29-2021 @ 12:48:58 - Row :42 - Product imported successfully.
07-29-2021 @ 12:48:58 - Row :43 - Parsing item.
07-29-2021 @ 12:48:58 - Importing as new product ID:1884
07-29-2021 @ 12:48:58 - Row :43 - Processing item.
07-29-2021 @ 12:48:58 - Found variation product object. ID:1884
07-29-2021 @ 12:48:58 - Setting Featured Image. URL:https://nylimages.s3.amazonaws.com/HBI_125601_Black.jpg
07-29-2021 @ 12:48:58 - Attachment ID:1876
07-29-2021 @ 12:48:58 - Row :43 - Product imported successfully.
07-29-2021 @ 12:48:58 - Row :44 - Parsing item.
07-29-2021 @ 12:48:58 - Importing as new product ID:1885
07-29-2021 @ 12:48:58 - Row :44 - Processing item.
07-29-2021 @ 12:48:58 - Found variation product object. ID:1885
07-29-2021 @ 12:48:58 - Setting Featured Image. URL:https://nylimages.s3.amazonaws.com/HBI_125601_Black.jpg
07-29-2021 @ 12:48:58 - Attachment ID:1876
07-29-2021 @ 12:48:58 - Row :44 - Product imported successfully.
07-29-2021 @ 12:48:58 - Row :45 - Parsing item.
07-29-2021 @ 12:48:58 - Importing as new product ID:1886
07-29-2021 @ 12:48:58 - Row :45 - Processing item.
07-29-2021 @ 12:48:58 - Found variation product object. ID:1886
07-29-2021 @ 12:48:58 - Setting Featured Image. URL:https://nylimages.s3.amazonaws.com/HBI_125601_Black.jpg
07-29-2021 @ 12:48:58 - Attachment ID:1876
07-29-2021 @ 12:48:58 - Row :45 - Product imported successfully.
07-29-2021 @ 12:48:58 - Row :46 - Parsing item.
07-29-2021 @ 12:48:58 - Importing as new product ID:1887
07-29-2021 @ 12:48:58 - Row :46 - Processing item.
07-29-2021 @ 12:48:58 - Found variation product object. ID:1887
07-29-2021 @ 12:48:58 - Setting Featured Image. URL:https://nylimages.s3.amazonaws.com/HBI_125601_Black.jpg
07-29-2021 @ 12:48:58 - Attachment ID:1876
07-29-2021 @ 12:48:58 - Row :46 - Product imported successfully.
07-29-2021 @ 12:48:58 - Row :47 - Parsing item.
07-29-2021 @ 12:48:58 - Importing as new product ID:1888
07-29-2021 @ 12:48:58 - Row :47 - Processing item.
07-29-2021 @ 12:48:58 - Found variation product object. ID:1888
07-29-2021 @ 12:48:58 - Setting Featured Image. URL:https://nylimages.s3.amazonaws.com/HBI_125601_HeatherGrey.jpg
07-29-2021 @ 12:48:58 - Attachment ID:1877
07-29-2021 @ 12:48:58 - Row :47 - Product imported successfully.
07-29-2021 @ 12:48:58 - Row :48 - Parsing item.
07-29-2021 @ 12:48:58 - Importing as new product ID:1889
07-29-2021 @ 12:48:58 - Row :48 - Processing item.
07-29-2021 @ 12:48:58 - Found variation product object. ID:1889
07-29-2021 @ 12:48:58 - Setting Featured Image. URL:https://nylimages.s3.amazonaws.com/HBI_125601_HeatherGrey.jpg
07-29-2021 @ 12:48:58 - Attachment ID:1877
07-29-2021 @ 12:48:58 - Row :48 - Product imported successfully.
07-29-2021 @ 12:48:58 - Row :49 - Parsing item.
07-29-2021 @ 12:48:58 - Importing as new product ID:1890
07-29-2021 @ 12:48:58 - Row :49 - Processing item.
07-29-2021 @ 12:48:58 - Found variation product object. ID:1890
07-29-2021 @ 12:48:58 - Setting Featured Image. URL:https://nylimages.s3.amazonaws.com/HBI_125601_HeatherGrey.jpg
07-29-2021 @ 12:48:58 - Attachment ID:1877
07-29-2021 @ 12:48:58 - Row :49 - Product imported successfully.
07-29-2021 @ 12:48:58 - Row :50 - Parsing item.
07-29-2021 @ 12:48:58 - Importing as new product ID:1891
07-29-2021 @ 12:48:58 - Row :50 - Processing item.
07-29-2021 @ 12:48:58 - Found variation product object. ID:1891
07-29-2021 @ 12:48:58 - Setting Featured Image. URL:https://nylimages.s3.amazonaws.com/HBI_125601_HeatherGrey.jpg
07-29-2021 @ 12:48:58 - Attachment ID:1877
07-29-2021 @ 12:48:58 - Row :50 - Product imported successfully.
07-29-2021 @ 12:49:01 - Preparing for import.
07-29-2021 @ 12:49:01 - Row :51 - Parsing item.
07-29-2021 @ 12:49:01 - Importing as new product ID:1892
07-29-2021 @ 12:49:01 - Row :51 - Processing item.
07-29-2021 @ 12:49:01 - Found variation product object. ID:1892
07-29-2021 @ 12:49:01 - Setting Featured Image. URL:https://nylimages.s3.amazonaws.com/HBI_125601_HeatherGrey.jpg
07-29-2021 @ 12:49:01 - Attachment ID:1877
07-29-2021 @ 12:49:01 - Row :51 - Product imported successfully.
07-29-2021 @ 12:49:01 - Row :52 - Parsing item.
07-29-2021 @ 12:49:01 - Importing as new product ID:1893
07-29-2021 @ 12:49:01 - Row :52 - Processing item.
07-29-2021 @ 12:49:01 - Found variation product object. ID:1893
07-29-2021 @ 12:49:01 - Setting Featured Image. URL:https://nylimages.s3.amazonaws.com/HBI_125601_HeatherGrey.jpg
07-29-2021 @ 12:49:01 - Attachment ID:1877
07-29-2021 @ 12:49:01 - Row :52 - Product imported successfully.
07-29-2021 @ 12:49:01 - Row :53 - Parsing item.
07-29-2021 @ 12:49:01 - Importing as new product ID:1894
07-29-2021 @ 12:49:01 - Row :53 - Processing item.
07-29-2021 @ 12:49:01 - Found variation product object. ID:1894
07-29-2021 @ 12:49:01 - Setting Featured Image. URL:https://nylimages.s3.amazonaws.com/HBI_125601_HeatherGrey.jpg
07-29-2021 @ 12:49:01 - Attachment ID:1877
07-29-2021 @ 12:49:01 - Row :53 - Product imported successfully.
07-29-2021 @ 12:49:01 - Row :54 - Parsing item.
07-29-2021 @ 12:49:01 - Importing as new product ID:1895
07-29-2021 @ 12:49:01 - Row :54 - Processing item.
07-29-2021 @ 12:49:01 - Found variation product object. ID:1895
07-29-2021 @ 12:49:01 - Setting Featured Image. URL:https://nylimages.s3.amazonaws.com/HBI_125601_DustyBlue.jpg
07-29-2021 @ 12:49:01 - Attachment ID:1878
07-29-2021 @ 12:49:01 - Row :54 - Product imported successfully.
07-29-2021 @ 12:49:01 - Row :55 - Parsing item.
07-29-2021 @ 12:49:01 - Importing as new product ID:1896
07-29-2021 @ 12:49:01 - Row :55 - Processing item.
07-29-2021 @ 12:49:01 - Found variation product object. ID:1896
07-29-2021 @ 12:49:01 - Setting Featured Image. URL:https://nylimages.s3.amazonaws.com/HBI_125601_DustyBlue.jpg
07-29-2021 @ 12:49:01 - Attachment ID:1878
07-29-2021 @ 12:49:01 - Row :55 - Product imported successfully.
07-29-2021 @ 12:49:01 - Row :56 - Parsing item.
07-29-2021 @ 12:49:01 - Importing as new product ID:1897
07-29-2021 @ 12:49:01 - Row :56 - Processing item.
07-29-2021 @ 12:49:01 - Found variation product object. ID:1897
07-29-2021 @ 12:49:01 - Setting Featured Image. URL:https://nylimages.s3.amazonaws.com/HBI_125601_DustyBlue.jpg
07-29-2021 @ 12:49:01 - Attachment ID:1878
07-29-2021 @ 12:49:01 - Row :56 - Product imported successfully.
07-29-2021 @ 12:49:01 - Row :57 - Parsing item.
07-29-2021 @ 12:49:01 - Importing as new product ID:1898
07-29-2021 @ 12:49:01 - Row :57 - Processing item.
07-29-2021 @ 12:49:01 - Found variation product object. ID:1898
07-29-2021 @ 12:49:01 - Setting Featured Image. URL:https://nylimages.s3.amazonaws.com/HBI_125601_DustyBlue.jpg
07-29-2021 @ 12:49:01 - Attachment ID:1878
07-29-2021 @ 12:49:01 - Row :57 - Product imported successfully.
07-29-2021 @ 12:49:01 - Row :58 - Parsing item.
07-29-2021 @ 12:49:01 - Importing as new product ID:1899
07-29-2021 @ 12:49:01 - Row :58 - Processing item.
07-29-2021 @ 12:49:01 - Found variation product object. ID:1899
07-29-2021 @ 12:49:01 - Setting Featured Image. URL:https://nylimages.s3.amazonaws.com/HBI_125601_DustyBlue.jpg
07-29-2021 @ 12:49:01 - Attachment ID:1878
07-29-2021 @ 12:49:02 - Row :58 - Product imported successfully.
07-29-2021 @ 12:49:02 - Row :59 - Parsing item.
07-29-2021 @ 12:49:02 - Importing as new product ID:1900
07-29-2021 @ 12:49:02 - Row :59 - Processing item.
07-29-2021 @ 12:49:02 - Found variation product object. ID:1900
07-29-2021 @ 12:49:02 - Setting Featured Image. URL:https://nylimages.s3.amazonaws.com/HBI_125601_DustyBlue.jpg
07-29-2021 @ 12:49:02 - Attachment ID:1878
07-29-2021 @ 12:49:02 - Row :59 - Product imported successfully.
07-29-2021 @ 12:49:02 - Row :60 - Parsing item.
07-29-2021 @ 12:49:02 - Importing as new product ID:1901
07-29-2021 @ 12:49:02 - Row :60 - Processing item.
07-29-2021 @ 12:49:02 - Found variation product object. ID:1901
07-29-2021 @ 12:49:02 - Setting Featured Image. URL:https://nylimages.s3.amazonaws.com/HBI_125601_DustyBlue.jpg
07-29-2021 @ 12:49:02 - Attachment ID:1878
07-29-2021 @ 12:49:02 - Row :60 - Product imported successfully.
07-29-2021 @ 12:49:04 - Preparing for import.
07-29-2021 @ 12:49:04 - Row :61 - Parsing item.
07-29-2021 @ 12:49:04 - Importing as new product ID:1902
07-29-2021 @ 12:49:04 - Row :61 - Processing item.
07-29-2021 @ 12:49:04 - Found variation product object. ID:1902
07-29-2021 @ 12:49:04 - Setting Featured Image. URL:https://nylimages.s3.amazonaws.com/HBI_125601_SeaportCombo.jpg
07-29-2021 @ 12:49:04 - Attachment ID:1879
07-29-2021 @ 12:49:04 - Row :61 - Product imported successfully.
07-29-2021 @ 12:49:04 - Row :62 - Parsing item.
07-29-2021 @ 12:49:04 - Importing as new product ID:1903
07-29-2021 @ 12:49:04 - Row :62 - Processing item.
07-29-2021 @ 12:49:04 - Found variation product object. ID:1903
07-29-2021 @ 12:49:04 - Setting Featured Image. URL:https://nylimages.s3.amazonaws.com/HBI_125601_SeaportCombo.jpg
07-29-2021 @ 12:49:04 - Attachment ID:1879
07-29-2021 @ 12:49:04 - Row :62 - Product imported successfully.
07-29-2021 @ 12:49:04 - Row :63 - Parsing item.
07-29-2021 @ 12:49:04 - Importing as new product ID:1904
07-29-2021 @ 12:49:04 - Row :63 - Processing item.
07-29-2021 @ 12:49:04 - Found variation product object. ID:1904
07-29-2021 @ 12:49:04 - Setting Featured Image. URL:https://nylimages.s3.amazonaws.com/HBI_125601_SeaportCombo.jpg
07-29-2021 @ 12:49:04 - Attachment ID:1879
07-29-2021 @ 12:49:04 - Row :63 - Product imported successfully.
07-29-2021 @ 12:49:04 - Row :64 - Parsing item.
07-29-2021 @ 12:49:04 - Importing as new product ID:1905
07-29-2021 @ 12:49:04 - Row :64 - Processing item.
07-29-2021 @ 12:49:04 - Found variation product object. ID:1905
07-29-2021 @ 12:49:04 - Setting Featured Image. URL:https://nylimages.s3.amazonaws.com/HBI_125601_SeaportCombo.jpg
07-29-2021 @ 12:49:04 - Attachment ID:1879
07-29-2021 @ 12:49:04 - Row :64 - Product imported successfully.
07-29-2021 @ 12:49:04 - Row :65 - Parsing item.
07-29-2021 @ 12:49:04 - Importing as new product ID:1906
07-29-2021 @ 12:49:04 - Row :65 - Processing item.
07-29-2021 @ 12:49:04 - Found variation product object. ID:1906
07-29-2021 @ 12:49:04 - Setting Featured Image. URL:https://nylimages.s3.amazonaws.com/HBI_125601_SeaportCombo.jpg
07-29-2021 @ 12:49:04 - Attachment ID:1879
07-29-2021 @ 12:49:04 - Row :65 - Product imported successfully.
07-29-2021 @ 12:49:04 - Row :66 - Parsing item.
07-29-2021 @ 12:49:04 - Importing as new product ID:1907
07-29-2021 @ 12:49:04 - Row :66 - Processing item.
07-29-2021 @ 12:49:04 - Found variation product object. ID:1907
07-29-2021 @ 12:49:04 - Setting Featured Image. URL:https://nylimages.s3.amazonaws.com/HBI_125601_SeaportCombo.jpg
07-29-2021 @ 12:49:04 - Attachment ID:1879
07-29-2021 @ 12:49:04 - Row :66 - Product imported successfully.
07-29-2021 @ 12:49:04 - Row :67 - Parsing item.
07-29-2021 @ 12:49:04 - Importing as new product ID:1908
07-29-2021 @ 12:49:04 - Row :67 - Processing item.
07-29-2021 @ 12:49:04 - Found variation product object. ID:1908
07-29-2021 @ 12:49:05 - Setting Featured Image. URL:https://nylimages.s3.amazonaws.com/HBI_125601_SeaportCombo.jpg
07-29-2021 @ 12:49:05 - Attachment ID:1879
07-29-2021 @ 12:49:05 - Row :67 - Product imported successfully.
07-29-2021 @ 12:49:05 - Row :68 - Parsing item.
07-29-2021 @ 12:49:05 - Importing as new product ID:1909
07-29-2021 @ 12:49:05 - Row :68 - Processing item.
07-29-2021 @ 12:49:05 - Found variation product object. ID:1909
07-29-2021 @ 12:49:05 - Setting Featured Image. URL:https://nylimages.s3.amazonaws.com/HBI_125601_FlintStoneCombo.jpg
07-29-2021 @ 12:49:05 - Attachment ID:1880
07-29-2021 @ 12:49:05 - Row :68 - Product imported successfully.
07-29-2021 @ 12:49:05 - Row :69 - Parsing item.
07-29-2021 @ 12:49:05 - Importing as new product ID:1910
07-29-2021 @ 12:49:05 - Row :69 - Processing item.
07-29-2021 @ 12:49:05 - Found variation product object. ID:1910
07-29-2021 @ 12:49:05 - Setting Featured Image. URL:https://nylimages.s3.amazonaws.com/HBI_125601_FlintStoneCombo.jpg
07-29-2021 @ 12:49:05 - Attachment ID:1880
07-29-2021 @ 12:49:05 - Row :69 - Product imported successfully.
07-29-2021 @ 12:49:05 - Row :70 - Parsing item.
07-29-2021 @ 12:49:05 - Importing as new product ID:1911
07-29-2021 @ 12:49:05 - Row :70 - Processing item.
07-29-2021 @ 12:49:05 - Found variation product object. ID:1911
07-29-2021 @ 12:49:05 - Setting Featured Image. URL:https://nylimages.s3.amazonaws.com/HBI_125601_FlintStoneCombo.jpg
07-29-2021 @ 12:49:05 - Attachment ID:1880
07-29-2021 @ 12:49:05 - Row :70 - Product imported successfully.
07-29-2021 @ 12:49:07 - Preparing for import.
07-29-2021 @ 12:49:07 - Row :71 - Parsing item.
07-29-2021 @ 12:49:07 - Importing as new product ID:1912
07-29-2021 @ 12:49:07 - Row :71 - Processing item.
07-29-2021 @ 12:49:07 - Found variation product object. ID:1912
07-29-2021 @ 12:49:07 - Setting Featured Image. URL:https://nylimages.s3.amazonaws.com/HBI_125601_FlintStoneCombo.jpg
07-29-2021 @ 12:49:07 - Attachment ID:1880
07-29-2021 @ 12:49:07 - Row :71 - Product imported successfully.
07-29-2021 @ 12:49:07 - Row :72 - Parsing item.
07-29-2021 @ 12:49:07 - Importing as new product ID:1913
07-29-2021 @ 12:49:07 - Row :72 - Processing item.
07-29-2021 @ 12:49:07 - Found variation product object. ID:1913
07-29-2021 @ 12:49:07 - Setting Featured Image. URL:https://nylimages.s3.amazonaws.com/HBI_125601_FlintStoneCombo.jpg
07-29-2021 @ 12:49:07 - Attachment ID:1880
07-29-2021 @ 12:49:07 - Row :72 - Product imported successfully.
07-29-2021 @ 12:49:07 - Row :73 - Parsing item.
07-29-2021 @ 12:49:07 - Importing as new product ID:1914
07-29-2021 @ 12:49:07 - Row :73 - Processing item.
07-29-2021 @ 12:49:07 - Found variation product object. ID:1914
07-29-2021 @ 12:49:07 - Setting Featured Image. URL:https://nylimages.s3.amazonaws.com/HBI_125601_FlintStoneCombo.jpg
07-29-2021 @ 12:49:07 - Attachment ID:1880
07-29-2021 @ 12:49:07 - Row :73 - Product imported successfully.
07-29-2021 @ 12:49:07 - Row :74 - Parsing item.
07-29-2021 @ 12:49:07 - Importing as new product ID:1915
07-29-2021 @ 12:49:07 - Row :74 - Processing item.
07-29-2021 @ 12:49:07 - Found variation product object. ID:1915
07-29-2021 @ 12:49:07 - Setting Featured Image. URL:https://nylimages.s3.amazonaws.com/HBI_125601_FlintStoneCombo.jpg
07-29-2021 @ 12:49:07 - Attachment ID:1880
07-29-2021 @ 12:49:07 - Row :74 - Product imported successfully.
07-29-2021 @ 12:49:07 - Row :75 - Parsing item.
07-29-2021 @ 12:49:07 - Importing as new product ID:1916
07-29-2021 @ 12:49:07 - Row :75 - Processing item.
07-29-2021 @ 12:49:07 - Found variable product object. ID:1916
07-29-2021 @ 12:49:07 - Setting Featured Image. URL:https://nylimages.s3.amazonaws.com/HBI_125605_TealCombo.jpg
07-29-2021 @ 12:49:09 - Attachment ID:1917
07-29-2021 @ 12:49:09 - Row :75 - Product imported successfully.
07-29-2021 @ 12:49:09 - Row :76 - Parsing item.
07-29-2021 @ 12:49:09 - Importing as new product ID:1918
07-29-2021 @ 12:49:09 - Row :76 - Processing item.
07-29-2021 @ 12:49:09 - Found variation product object. ID:1918
07-29-2021 @ 12:49:09 - Setting Featured Image. URL:https://nylimages.s3.amazonaws.com/HBI_125605_TealCombo.jpg
07-29-2021 @ 12:49:09 - Attachment ID:1917
07-29-2021 @ 12:49:09 - Row :76 - Product imported successfully.
07-29-2021 @ 12:49:09 - Row :77 - Parsing item.
07-29-2021 @ 12:49:09 - Importing as new product ID:1919
07-29-2021 @ 12:49:09 - Row :77 - Processing item.
07-29-2021 @ 12:49:09 - Found variation product object. ID:1919
07-29-2021 @ 12:49:09 - Setting Featured Image. URL:https://nylimages.s3.amazonaws.com/HBI_125605_TealCombo.jpg
07-29-2021 @ 12:49:09 - Attachment ID:1917
07-29-2021 @ 12:49:09 - Row :77 - Product imported successfully.
07-29-2021 @ 12:49:09 - Row :78 - Parsing item.
07-29-2021 @ 12:49:09 - Importing as new product ID:1920
07-29-2021 @ 12:49:09 - Row :78 - Processing item.
07-29-2021 @ 12:49:09 - Found variation product object. ID:1920
07-29-2021 @ 12:49:09 - Setting Featured Image. URL:https://nylimages.s3.amazonaws.com/HBI_125605_TealCombo.jpg
07-29-2021 @ 12:49:09 - Attachment ID:1917
07-29-2021 @ 12:49:09 - Row :78 - Product imported successfully.
07-29-2021 @ 12:49:09 - Row :79 - Parsing item.
07-29-2021 @ 12:49:09 - Importing as new product ID:1921
07-29-2021 @ 12:49:09 - Row :79 - Processing item.
07-29-2021 @ 12:49:09 - Found variation product object. ID:1921
07-29-2021 @ 12:49:09 - Setting Featured Image. URL:https://nylimages.s3.amazonaws.com/HBI_125605_TealCombo.jpg
07-29-2021 @ 12:49:09 - Attachment ID:1917
07-29-2021 @ 12:49:09 - Row :79 - Product imported successfully.
07-29-2021 @ 12:49:09 - Row :80 - Parsing item.
07-29-2021 @ 12:49:09 - Importing as new product ID:1922
07-29-2021 @ 12:49:09 - Row :80 - Processing item.
07-29-2021 @ 12:49:09 - Found variation product object. ID:1922
07-29-2021 @ 12:49:09 - Setting Featured Image. URL:https://nylimages.s3.amazonaws.com/HBI_125605_TealCombo.jpg
07-29-2021 @ 12:49:09 - Attachment ID:1917
07-29-2021 @ 12:49:09 - Row :80 - Product imported successfully.
07-29-2021 @ 12:49:11 - Preparing for import.
07-29-2021 @ 12:49:11 - Row :81 - Parsing item.
07-29-2021 @ 12:49:11 - Importing as new product ID:1923
07-29-2021 @ 12:49:11 - Row :81 - Processing item.
07-29-2021 @ 12:49:11 - Found variable product object. ID:1923
07-29-2021 @ 12:49:11 - Setting Featured Image. URL:https://nylimages.s3.amazonaws.com/HBI_125606_TealCombo.jpg
07-29-2021 @ 12:49:13 - Attachment ID:1924
07-29-2021 @ 12:49:13 - Row :81 - Product imported successfully.
07-29-2021 @ 12:49:13 - Row :82 - Parsing item.
07-29-2021 @ 12:49:13 - Importing as new product ID:1925
07-29-2021 @ 12:49:13 - Row :82 - Processing item.
07-29-2021 @ 12:49:13 - Found variation product object. ID:1925
07-29-2021 @ 12:49:13 - Setting Featured Image. URL:https://nylimages.s3.amazonaws.com/HBI_125606_TealCombo.jpg
07-29-2021 @ 12:49:13 - Attachment ID:1924
07-29-2021 @ 12:49:13 - Row :82 - Product imported successfully.
07-29-2021 @ 12:49:13 - Row :83 - Parsing item.
07-29-2021 @ 12:49:13 - Importing as new product ID:1926
07-29-2021 @ 12:49:13 - Row :83 - Processing item.
07-29-2021 @ 12:49:13 - Found variation product object. ID:1926
07-29-2021 @ 12:49:13 - Setting Featured Image. URL:https://nylimages.s3.amazonaws.com/HBI_125606_TealCombo.jpg
07-29-2021 @ 12:49:13 - Attachment ID:1924
07-29-2021 @ 12:49:13 - Row :83 - Product imported successfully.
07-29-2021 @ 12:49:13 - Row :84 - Parsing item.
07-29-2021 @ 12:49:13 - Importing as new product ID:1927
07-29-2021 @ 12:49:13 - Row :84 - Processing item.
07-29-2021 @ 12:49:13 - Found variation product object. ID:1927
07-29-2021 @ 12:49:13 - Setting Featured Image. URL:https://nylimages.s3.amazonaws.com/HBI_125606_TealCombo.jpg
07-29-2021 @ 12:49:13 - Attachment ID:1924
07-29-2021 @ 12:49:13 - Row :84 - Product imported successfully.
07-29-2021 @ 12:49:13 - Row :85 - Parsing item.
07-29-2021 @ 12:49:13 - Importing as new product ID:1928
07-29-2021 @ 12:49:13 - Row :85 - Processing item.
07-29-2021 @ 12:49:13 - Found variation product object. ID:1928
07-29-2021 @ 12:49:13 - Setting Featured Image. URL:https://nylimages.s3.amazonaws.com/HBI_125606_TealCombo.jpg
07-29-2021 @ 12:49:13 - Attachment ID:1924
07-29-2021 @ 12:49:13 - Row :85 - Product imported successfully.
07-29-2021 @ 12:49:13 - Row :86 - Parsing item.
07-29-2021 @ 12:49:13 - Importing as new product ID:1929
07-29-2021 @ 12:49:13 - Row :86 - Processing item.
07-29-2021 @ 12:49:13 - Found variation product object. ID:1929
07-29-2021 @ 12:49:13 - Setting Featured Image. URL:https://nylimages.s3.amazonaws.com/HBI_125606_TealCombo.jpg
07-29-2021 @ 12:49:13 - Attachment ID:1924
07-29-2021 @ 12:49:13 - Row :86 - Product imported successfully.
07-29-2021 @ 12:49:13 - Row :87 - Parsing item.
07-29-2021 @ 12:49:13 - Importing as new product ID:1930
07-29-2021 @ 12:49:13 - Row :87 - Processing item.
07-29-2021 @ 12:49:13 - Found variable product object. ID:1930
07-29-2021 @ 12:49:13 - Setting Featured Image. URL:https://nylimages.s3.amazonaws.com/HBI_125607_Astral.jpg
07-29-2021 @ 12:49:14 - Attachment ID:1931
07-29-2021 @ 12:49:14 - Row :87 - Product imported successfully.
07-29-2021 @ 12:49:14 - Row :88 - Parsing item.
07-29-2021 @ 12:49:14 - Importing as new product ID:1932
07-29-2021 @ 12:49:14 - Row :88 - Processing item.
07-29-2021 @ 12:49:14 - Found variation product object. ID:1932
07-29-2021 @ 12:49:15 - Setting Featured Image. URL:https://nylimages.s3.amazonaws.com/HBI_125607_Astral.jpg
07-29-2021 @ 12:49:15 - Attachment ID:1931
07-29-2021 @ 12:49:15 - Row :88 - Product imported successfully.
07-29-2021 @ 12:49:15 - Row :89 - Parsing item.
07-29-2021 @ 12:49:15 - Importing as new product ID:1933
07-29-2021 @ 12:49:15 - Row :89 - Processing item.
07-29-2021 @ 12:49:15 - Found variation product object. ID:1933
07-29-2021 @ 12:49:15 - Setting Featured Image. URL:https://nylimages.s3.amazonaws.com/HBI_125607_Astral.jpg
07-29-2021 @ 12:49:15 - Attachment ID:1931
07-29-2021 @ 12:49:15 - Row :89 - Product imported successfully.
07-29-2021 @ 12:49:15 - Row :90 - Parsing item.
07-29-2021 @ 12:49:15 - Importing as new product ID:1934
07-29-2021 @ 12:49:15 - Row :90 - Processing item.
07-29-2021 @ 12:49:15 - Found variation product object. ID:1934
07-29-2021 @ 12:49:15 - Setting Featured Image. URL:https://nylimages.s3.amazonaws.com/HBI_125607_Astral.jpg
07-29-2021 @ 12:49:15 - Attachment ID:1931
07-29-2021 @ 12:49:15 - Row :90 - Product imported successfully.
07-29-2021 @ 12:49:18 - Preparing for import.
07-29-2021 @ 12:49:18 - Row :91 - Parsing item.
07-29-2021 @ 12:49:18 - Importing as new product ID:1935
07-29-2021 @ 12:49:18 - Row :91 - Processing item.
07-29-2021 @ 12:49:18 - Found variation product object. ID:1935
07-29-2021 @ 12:49:18 - Setting Featured Image. URL:https://nylimages.s3.amazonaws.com/HBI_125607_Astral.jpg
07-29-2021 @ 12:49:18 - Attachment ID:1931
07-29-2021 @ 12:49:18 - Row :91 - Product imported successfully.
07-29-2021 @ 12:49:18 - Row :92 - Parsing item.
07-29-2021 @ 12:49:18 - Importing as new product ID:1936
07-29-2021 @ 12:49:18 - Row :92 - Processing item.
07-29-2021 @ 12:49:18 - Found variation product object. ID:1936
07-29-2021 @ 12:49:18 - Setting Featured Image. URL:https://nylimages.s3.amazonaws.com/HBI_125607_Astral.jpg
07-29-2021 @ 12:49:18 - Attachment ID:1931
07-29-2021 @ 12:49:18 - Row :92 - Product imported successfully.
07-29-2021 @ 12:49:18 - Row :93 - Parsing item.
07-29-2021 @ 12:49:18 - Importing as new product ID:1937
07-29-2021 @ 12:49:18 - Row :93 - Processing item.
07-29-2021 @ 12:49:18 - Found variable product object. ID:1937
07-29-2021 @ 12:49:18 - Setting Featured Image. URL:https://nylimages.s3.amazonaws.com/HBI_125609_GreyBlackCombo.jpg
07-29-2021 @ 12:49:19 - Attachment ID:1938
07-29-2021 @ 12:49:19 - Row :93 - Product imported successfully.
07-29-2021 @ 12:49:19 - Row :94 - Parsing item.
07-29-2021 @ 12:49:19 - Importing as new product ID:1939
07-29-2021 @ 12:49:19 - Row :94 - Processing item.
07-29-2021 @ 12:49:19 - Found variation product object. ID:1939
07-29-2021 @ 12:49:19 - Setting Featured Image. URL:https://nylimages.s3.amazonaws.com/HBI_125609_GreyBlackCombo.jpg
07-29-2021 @ 12:49:19 - Attachment ID:1938
07-29-2021 @ 12:49:19 - Row :94 - Product imported successfully.
07-29-2021 @ 12:49:19 - Row :95 - Parsing item.
07-29-2021 @ 12:49:19 - Importing as new product ID:1940
07-29-2021 @ 12:49:19 - Row :95 - Processing item.
07-29-2021 @ 12:49:19 - Found variation product object. ID:1940
07-29-2021 @ 12:49:19 - Setting Featured Image. URL:https://nylimages.s3.amazonaws.com/HBI_125609_GreyBlackCombo.jpg
07-29-2021 @ 12:49:19 - Attachment ID:1938
07-29-2021 @ 12:49:19 - Row :95 - Product imported successfully.
07-29-2021 @ 12:49:19 - Row :96 - Parsing item.
07-29-2021 @ 12:49:19 - Importing as new product ID:1941
07-29-2021 @ 12:49:19 - Row :96 - Processing item.
07-29-2021 @ 12:49:19 - Found variation product object. ID:1941
07-29-2021 @ 12:49:19 - Setting Featured Image. URL:https://nylimages.s3.amazonaws.com/HBI_125609_GreyBlackCombo.jpg
07-29-2021 @ 12:49:19 - Attachment ID:1938
07-29-2021 @ 12:49:20 - Row :96 - Product imported successfully.
07-29-2021 @ 12:49:20 - Row :97 - Parsing item.
07-29-2021 @ 12:49:20 - Importing as new product ID:1942
07-29-2021 @ 12:49:20 - Row :97 - Processing item.
07-29-2021 @ 12:49:20 - Found variation product object. ID:1942
07-29-2021 @ 12:49:20 - Setting Featured Image. URL:https://nylimages.s3.amazonaws.com/HBI_125609_GreyBlackCombo.jpg
07-29-2021 @ 12:49:20 - Attachment ID:1938
07-29-2021 @ 12:49:20 - Row :97 - Product imported successfully.
07-29-2021 @ 12:49:20 - Row :98 - Parsing item.
07-29-2021 @ 12:49:20 - Importing as new product ID:1943
07-29-2021 @ 12:49:20 - Row :98 - Processing item.
07-29-2021 @ 12:49:20 - Found variation product object. ID:1943
07-29-2021 @ 12:49:20 - Setting Featured Image. URL:https://nylimages.s3.amazonaws.com/HBI_125609_GreyBlackCombo.jpg
07-29-2021 @ 12:49:20 - Attachment ID:1938
07-29-2021 @ 12:49:20 - Row :98 - Product imported successfully.
07-29-2021 @ 12:49:20 - Row :99 - Parsing item.
07-29-2021 @ 12:49:20 - Importing as new product ID:1944
07-29-2021 @ 12:49:20 - Row :99 - Processing item.
07-29-2021 @ 12:49:20 - Found variation product object. ID:1944
07-29-2021 @ 12:49:20 - Setting Featured Image. URL:https://nylimages.s3.amazonaws.com/HBI_125609_NavyCombo.jpg
07-29-2021 @ 12:49:21 - Attachment ID:1945
07-29-2021 @ 12:49:21 - Row :99 - Product imported successfully.
07-29-2021 @ 12:49:21 - Row :100 - Parsing item.
07-29-2021 @ 12:49:21 - Importing as new product ID:1946
07-29-2021 @ 12:49:21 - Row :100 - Processing item.
07-29-2021 @ 12:49:21 - Found variation product object. ID:1946
07-29-2021 @ 12:49:21 - Setting Featured Image. URL:https://nylimages.s3.amazonaws.com/HBI_125609_NavyCombo.jpg
07-29-2021 @ 12:49:21 - Attachment ID:1945
07-29-2021 @ 12:49:21 - Row :100 - Product imported successfully.
07-29-2021 @ 12:49:23 - Preparing for import.
07-29-2021 @ 12:49:23 - Row :101 - Parsing item.
07-29-2021 @ 12:49:23 - Importing as new product ID:1947
07-29-2021 @ 12:49:23 - Row :101 - Processing item.
07-29-2021 @ 12:49:23 - Found variation product object. ID:1947
07-29-2021 @ 12:49:23 - Setting Featured Image. URL:https://nylimages.s3.amazonaws.com/HBI_125609_NavyCombo.jpg
07-29-2021 @ 12:49:23 - Attachment ID:1945
07-29-2021 @ 12:49:23 - Row :101 - Product imported successfully.
07-29-2021 @ 12:49:23 - Row :102 - Parsing item.
07-29-2021 @ 12:49:23 - Importing as new product ID:1948
07-29-2021 @ 12:49:23 - Row :102 - Processing item.
07-29-2021 @ 12:49:23 - Found variation product object. ID:1948
07-29-2021 @ 12:49:23 - Setting Featured Image. URL:https://nylimages.s3.amazonaws.com/HBI_125609_NavyCombo.jpg
07-29-2021 @ 12:49:23 - Attachment ID:1945
07-29-2021 @ 12:49:23 - Row :102 - Product imported successfully.
07-29-2021 @ 12:49:23 - Row :103 - Parsing item.
07-29-2021 @ 12:49:23 - Importing as new product ID:1949
07-29-2021 @ 12:49:23 - Row :103 - Processing item.
07-29-2021 @ 12:49:23 - Found variation product object. ID:1949
07-29-2021 @ 12:49:23 - Setting Featured Image. URL:https://nylimages.s3.amazonaws.com/HBI_125609_NavyCombo.jpg
07-29-2021 @ 12:49:23 - Attachment ID:1945
07-29-2021 @ 12:49:23 - Row :103 - Product imported successfully.
07-29-2021 @ 12:49:23 - Row :104 - Parsing item.
07-29-2021 @ 12:49:23 - Importing as new product ID:1950
07-29-2021 @ 12:49:23 - Row :104 - Processing item.
07-29-2021 @ 12:49:23 - Found variable product object. ID:1950
07-29-2021 @ 12:49:23 - Setting Featured Image. URL:https://nylimages.s3.amazonaws.com/HBI_M09729_Black_sw.jpg
07-29-2021 @ 12:49:23 - Attachment ID:1864
07-29-2021 @ 12:49:23 - Row :104 - Product imported successfully.
07-29-2021 @ 12:49:23 - Row :105 - Parsing item.
07-29-2021 @ 12:49:23 - Importing as new product ID:1951
07-29-2021 @ 12:49:23 - Row :105 - Processing item.
07-29-2021 @ 12:49:23 - Found variation product object. ID:1951
07-29-2021 @ 12:49:24 - Setting Featured Image. URL:https://nylimages.s3.amazonaws.com/HBI_M09729_Black_sw.jpg
07-29-2021 @ 12:49:24 - Attachment ID:1864
07-29-2021 @ 12:49:24 - Row :105 - Product imported successfully.
07-29-2021 @ 12:49:24 - Row :106 - Parsing item.
07-29-2021 @ 12:49:24 - Importing as new product ID:1952
07-29-2021 @ 12:49:24 - Row :106 - Processing item.
07-29-2021 @ 12:49:24 - Found variation product object. ID:1952
07-29-2021 @ 12:49:24 - Setting Featured Image. URL:https://nylimages.s3.amazonaws.com/HBI_M09729_Black_sw.jpg
07-29-2021 @ 12:49:24 - Attachment ID:1864
07-29-2021 @ 12:49:24 - Row :106 - Product imported successfully.
07-29-2021 @ 12:49:24 - Row :107 - Parsing item.
07-29-2021 @ 12:49:24 - Importing as new product ID:1953
07-29-2021 @ 12:49:24 - Row :107 - Processing item.
07-29-2021 @ 12:49:24 - Found variation product object. ID:1953
07-29-2021 @ 12:49:24 - Setting Featured Image. URL:https://nylimages.s3.amazonaws.com/HBI_M09729_Black_sw.jpg
07-29-2021 @ 12:49:24 - Attachment ID:1864
07-29-2021 @ 12:49:24 - Row :107 - Product imported successfully.
07-29-2021 @ 12:49:24 - Row :108 - Parsing item.
07-29-2021 @ 12:49:24 - Importing as new product ID:1954
07-29-2021 @ 12:49:24 - Row :108 - Processing item.
07-29-2021 @ 12:49:24 - Found variation product object. ID:1954
07-29-2021 @ 12:49:24 - Setting Featured Image. URL:https://nylimages.s3.amazonaws.com/HBI_M09729_Black_sw.jpg
07-29-2021 @ 12:49:24 - Attachment ID:1864
07-29-2021 @ 12:49:24 - Row :108 - Product imported successfully.
07-29-2021 @ 12:49:24 - Row :109 - Parsing item.
07-29-2021 @ 12:49:24 - Importing as new product ID:1955
07-29-2021 @ 12:49:24 - Row :109 - Processing item.
07-29-2021 @ 12:49:24 - Found variation product object. ID:1955
07-29-2021 @ 12:49:24 - Setting Featured Image. URL:https://nylimages.s3.amazonaws.com/HBI_M09729_Black_sw.jpg
07-29-2021 @ 12:49:24 - Attachment ID:1864
07-29-2021 @ 12:49:24 - Row :109 - Product imported successfully.
07-29-2021 @ 12:49:24 - Row :110 - Parsing item.
07-29-2021 @ 12:49:24 - Importing as new product ID:1956
07-29-2021 @ 12:49:24 - Row :110 - Processing item.
07-29-2021 @ 12:49:24 - Found variation product object. ID:1956
07-29-2021 @ 12:49:24 - Setting Featured Image. URL:https://nylimages.s3.amazonaws.com/HBI_M09729_White_sw.jpg
07-29-2021 @ 12:49:25 - Attachment ID:1957
07-29-2021 @ 12:49:25 - Row :110 - Product imported successfully.
07-29-2021 @ 12:49:26 - Preparing for import.
07-29-2021 @ 12:49:26 - Row :111 - Parsing item.
07-29-2021 @ 12:49:26 - Importing as new product ID:1958
07-29-2021 @ 12:49:26 - Row :111 - Processing item.
07-29-2021 @ 12:49:26 - Found variation product object. ID:1958
07-29-2021 @ 12:49:26 - Setting Featured Image. URL:https://nylimages.s3.amazonaws.com/HBI_M09729_White_sw.jpg
07-29-2021 @ 12:49:26 - Attachment ID:1957
07-29-2021 @ 12:49:26 - Row :111 - Product imported successfully.
07-29-2021 @ 12:49:26 - Row :112 - Parsing item.
07-29-2021 @ 12:49:27 - Importing as new product ID:1959
07-29-2021 @ 12:49:27 - Row :112 - Processing item.
07-29-2021 @ 12:49:27 - Found variation product object. ID:1959
07-29-2021 @ 12:49:27 - Setting Featured Image. URL:https://nylimages.s3.amazonaws.com/HBI_M09729_White_sw.jpg
07-29-2021 @ 12:49:27 - Attachment ID:1957
07-29-2021 @ 12:49:27 - Row :112 - Product imported successfully.
07-29-2021 @ 12:49:27 - Row :113 - Parsing item.
07-29-2021 @ 12:49:27 - Importing as new product ID:1960
07-29-2021 @ 12:49:27 - Row :113 - Processing item.
07-29-2021 @ 12:49:27 - Found variation product object. ID:1960
07-29-2021 @ 12:49:27 - Setting Featured Image. URL:https://nylimages.s3.amazonaws.com/HBI_M09729_White_sw.jpg
07-29-2021 @ 12:49:27 - Attachment ID:1957
07-29-2021 @ 12:49:27 - Row :113 - Product imported successfully.
07-29-2021 @ 12:49:27 - Row :114 - Parsing item.
07-29-2021 @ 12:49:27 - Importing as new product ID:1961
07-29-2021 @ 12:49:27 - Row :114 - Processing item.
07-29-2021 @ 12:49:27 - Found variation product object. ID:1961
07-29-2021 @ 12:49:27 - Setting Featured Image. URL:https://nylimages.s3.amazonaws.com/HBI_M09729_White_sw.jpg
07-29-2021 @ 12:49:27 - Attachment ID:1957
07-29-2021 @ 12:49:27 - Row :114 - Product imported successfully.
07-29-2021 @ 12:49:27 - Row :115 - Parsing item.
07-29-2021 @ 12:49:27 - Importing as new product ID:1962
07-29-2021 @ 12:49:27 - Row :115 - Processing item.
07-29-2021 @ 12:49:27 - Found variation product object. ID:1962
07-29-2021 @ 12:49:27 - Setting Featured Image. URL:https://nylimages.s3.amazonaws.com/HBI_M09729_LatteLift_sw.jpg
07-29-2021 @ 12:49:27 - Attachment ID:1870
07-29-2021 @ 12:49:27 - Row :115 - Product imported successfully.
07-29-2021 @ 12:49:27 - Row :116 - Parsing item.
07-29-2021 @ 12:49:27 - Importing as new product ID:1963
07-29-2021 @ 12:49:27 - Row :116 - Processing item.
07-29-2021 @ 12:49:27 - Found variation product object. ID:1963
07-29-2021 @ 12:49:27 - Setting Featured Image. URL:https://nylimages.s3.amazonaws.com/HBI_M09729_LatteLift_sw.jpg
07-29-2021 @ 12:49:27 - Attachment ID:1870
07-29-2021 @ 12:49:27 - Row :116 - Product imported successfully.
07-29-2021 @ 12:49:27 - Row :117 - Parsing item.
07-29-2021 @ 12:49:27 - Importing as new product ID:1964
07-29-2021 @ 12:49:27 - Row :117 - Processing item.
07-29-2021 @ 12:49:27 - Found variation product object. ID:1964
07-29-2021 @ 12:49:27 - Setting Featured Image. URL:https://nylimages.s3.amazonaws.com/HBI_M09729_LatteLift_sw.jpg
07-29-2021 @ 12:49:27 - Attachment ID:1870
07-29-2021 @ 12:49:27 - Row :117 - Product imported successfully.
07-29-2021 @ 12:49:27 - Row :118 - Parsing item.
07-29-2021 @ 12:49:27 - Importing as new product ID:1965
07-29-2021 @ 12:49:27 - Row :118 - Processing item.
07-29-2021 @ 12:49:27 - Found variation product object. ID:1965
07-29-2021 @ 12:49:27 - Setting Featured Image. URL:https://nylimages.s3.amazonaws.com/HBI_M09729_LatteLift_sw.jpg
07-29-2021 @ 12:49:27 - Attachment ID:1870
07-29-2021 @ 12:49:27 - Row :118 - Product imported successfully.
07-29-2021 @ 12:49:27 - Row :119 - Parsing item.
07-29-2021 @ 12:49:27 - Importing as new product ID:1966
07-29-2021 @ 12:49:27 - Row :119 - Processing item.
07-29-2021 @ 12:49:27 - Found variation product object. ID:1966
07-29-2021 @ 12:49:27 - Setting Featured Image. URL:https://nylimages.s3.amazonaws.com/HBI_M09729_LatteLift_sw.jpg
07-29-2021 @ 12:49:27 - Attachment ID:1870
07-29-2021 @ 12:49:27 - Row :119 - Product imported successfully.
07-29-2021 @ 12:49:27 - Row :120 - Parsing item.
07-29-2021 @ 12:49:27 - Importing as new product ID:1967
07-29-2021 @ 12:49:27 - Row :120 - Processing item.
07-29-2021 @ 12:49:27 - Found variable product object. ID:1967
07-29-2021 @ 12:49:27 - Setting Featured Image. URL:https://cdn1.nuorder.com/product/f869343505ad3f38b740868e4411b381.jpg
07-29-2021 @ 12:49:28 - Attachment ID:1968
07-29-2021 @ 12:49:28 - Setting Gallery Images.
07-29-2021 @ 12:49:28 - Image URL:https://cdn1.nuorder.com/product/d206bb44cc5aaf734a820e3a28d572fc.jpg
07-29-2021 @ 12:49:28 - Attachment ID:1969
07-29-2021 @ 12:49:28 - Row :120 - Product imported successfully.
07-29-2021 @ 12:49:30 - Preparing for import.
07-29-2021 @ 12:49:30 - Row :121 - Parsing item.
07-29-2021 @ 12:49:30 - Importing as new product ID:1970
07-29-2021 @ 12:49:30 - Row :121 - Processing item.
07-29-2021 @ 12:49:30 - Found variation product object. ID:1970
07-29-2021 @ 12:49:30 - Setting Featured Image. URL:https://nylimages.s3.amazonaws.com/HBI_M12622_Black_sw.jpg
07-29-2021 @ 12:49:30 - Attachment ID:1971
07-29-2021 @ 12:49:30 - Row :121 - Product imported successfully.
07-29-2021 @ 12:49:30 - Row :122 - Parsing item.
07-29-2021 @ 12:49:30 - Importing as new product ID:1972
07-29-2021 @ 12:49:30 - Row :122 - Processing item.
07-29-2021 @ 12:49:30 - Found variation product object. ID:1972
07-29-2021 @ 12:49:30 - Setting Featured Image. URL:https://nylimages.s3.amazonaws.com/HBI_M12622_Black_sw.jpg
07-29-2021 @ 12:49:30 - Attachment ID:1971
07-29-2021 @ 12:49:30 - Row :122 - Product imported successfully.
07-29-2021 @ 12:49:30 - Row :123 - Parsing item.
07-29-2021 @ 12:49:30 - Importing as new product ID:1973
07-29-2021 @ 12:49:30 - Row :123 - Processing item.
07-29-2021 @ 12:49:30 - Found variation product object. ID:1973
07-29-2021 @ 12:49:30 - Setting Featured Image. URL:https://nylimages.s3.amazonaws.com/HBI_M12622_Black_sw.jpg
07-29-2021 @ 12:49:30 - Attachment ID:1971
07-29-2021 @ 12:49:30 - Row :123 - Product imported successfully.
07-29-2021 @ 12:49:30 - Row :124 - Parsing item.
07-29-2021 @ 12:49:30 - Importing as new product ID:1974
07-29-2021 @ 12:49:30 - Row :124 - Processing item.
07-29-2021 @ 12:49:30 - Found variation product object. ID:1974
07-29-2021 @ 12:49:30 - Setting Featured Image. URL:https://nylimages.s3.amazonaws.com/HBI_M12622_Black_sw.jpg
07-29-2021 @ 12:49:30 - Attachment ID:1971
07-29-2021 @ 12:49:30 - Row :124 - Product imported successfully.
07-29-2021 @ 12:49:30 - Row :125 - Parsing item.
07-29-2021 @ 12:49:30 - Importing as new product ID:1975
07-29-2021 @ 12:49:30 - Row :125 - Processing item.
07-29-2021 @ 12:49:31 - Found variation product object. ID:1975
07-29-2021 @ 12:49:31 - Setting Featured Image. URL:https://nylimages.s3.amazonaws.com/HBI_M12622_Black_sw.jpg
07-29-2021 @ 12:49:31 - Attachment ID:1971
07-29-2021 @ 12:49:31 - Row :125 - Product imported successfully.
07-29-2021 @ 12:49:31 - Row :126 - Parsing item.
07-29-2021 @ 12:49:31 - Importing as new product ID:1976
07-29-2021 @ 12:49:31 - Row :126 - Processing item.
07-29-2021 @ 12:49:31 - Found variation product object. ID:1976
07-29-2021 @ 12:49:31 - Setting Featured Image. URL:https://nylimages.s3.amazonaws.com/HBI_M12622_LatteLift_sw.jpg
07-29-2021 @ 12:49:31 - Attachment ID:1977
07-29-2021 @ 12:49:31 - Row :126 - Product imported successfully.
07-29-2021 @ 12:49:31 - Row :127 - Parsing item.
07-29-2021 @ 12:49:31 - Importing as new product ID:1978
07-29-2021 @ 12:49:31 - Row :127 - Processing item.
07-29-2021 @ 12:49:31 - Found variation product object. ID:1978
07-29-2021 @ 12:49:31 - Setting Featured Image. URL:https://nylimages.s3.amazonaws.com/HBI_M12622_LatteLift_sw.jpg
07-29-2021 @ 12:49:31 - Attachment ID:1977
07-29-2021 @ 12:49:31 - Row :127 - Product imported successfully.
07-29-2021 @ 12:49:31 - Row :128 - Parsing item.
07-29-2021 @ 12:49:31 - Importing as new product ID:1979
07-29-2021 @ 12:49:31 - Row :128 - Processing item.
07-29-2021 @ 12:49:31 - Found variation product object. ID:1979
07-29-2021 @ 12:49:31 - Setting Featured Image. URL:https://nylimages.s3.amazonaws.com/HBI_M12622_LatteLift_sw.jpg
07-29-2021 @ 12:49:31 - Attachment ID:1977
07-29-2021 @ 12:49:31 - Row :128 - Product imported successfully.
07-29-2021 @ 12:49:31 - Row :129 - Parsing item.
07-29-2021 @ 12:49:31 - Importing as new product ID:1980
07-29-2021 @ 12:49:31 - Row :129 - Processing item.
07-29-2021 @ 12:49:31 - Found variation product object. ID:1980
07-29-2021 @ 12:49:31 - Setting Featured Image. URL:https://nylimages.s3.amazonaws.com/HBI_M12622_LatteLift_sw.jpg
07-29-2021 @ 12:49:31 - Attachment ID:1977
07-29-2021 @ 12:49:31 - Row :129 - Product imported successfully.
07-29-2021 @ 12:49:31 - Row :130 - Parsing item.
07-29-2021 @ 12:49:31 - Importing as new product ID:1981
07-29-2021 @ 12:49:31 - Row :130 - Processing item.
07-29-2021 @ 12:49:31 - Found variation product object. ID:1981
07-29-2021 @ 12:49:31 - Setting Featured Image. URL:https://nylimages.s3.amazonaws.com/HBI_M12622_LatteLift_sw.jpg
07-29-2021 @ 12:49:31 - Attachment ID:1977
07-29-2021 @ 12:49:32 - Row :130 - Product imported successfully.
07-29-2021 @ 12:49:33 - Preparing for import.
07-29-2021 @ 12:49:33 - Row :131 - Parsing item.
07-29-2021 @ 12:49:33 - Importing as new product ID:1982
07-29-2021 @ 12:49:33 - Row :131 - Processing item.
07-29-2021 @ 12:49:33 - Found variable product object. ID:1982
07-29-2021 @ 12:49:33 - Setting Featured Image. URL:https://nylimages.s3.amazonaws.com/91DAe1pKwWL._UX1500_.jpg
07-29-2021 @ 12:49:35 - Attachment ID:1983
07-29-2021 @ 12:49:35 - Setting Gallery Images.
07-29-2021 @ 12:49:35 - Image URL:https://nylimages.s3.amazonaws.com/91MsBLR-nPL._UX1500_.jpg
07-29-2021 @ 12:49:36 - Attachment ID:1984
07-29-2021 @ 12:49:36 - Row :131 - Product imported successfully.
07-29-2021 @ 12:49:36 - Row :132 - Parsing item.
07-29-2021 @ 12:49:36 - Importing as new product ID:1985
07-29-2021 @ 12:49:36 - Row :132 - Processing item.
07-29-2021 @ 12:49:36 - Found variation product object. ID:1985
07-29-2021 @ 12:49:36 - Setting Featured Image. URL:https://nylimages.s3.amazonaws.com/HBI_M12627_Black_sw.jpg
07-29-2021 @ 12:49:36 - Attachment ID:1986
07-29-2021 @ 12:49:36 - Row :132 - Product imported successfully.
07-29-2021 @ 12:49:36 - Row :133 - Parsing item.
07-29-2021 @ 12:49:36 - Importing as new product ID:1987
07-29-2021 @ 12:49:36 - Row :133 - Processing item.
07-29-2021 @ 12:49:36 - Found variation product object. ID:1987
07-29-2021 @ 12:49:36 - Setting Featured Image. URL:https://nylimages.s3.amazonaws.com/HBI_M12627_Black_sw.jpg
07-29-2021 @ 12:49:36 - Attachment ID:1986
07-29-2021 @ 12:49:36 - Row :133 - Product imported successfully.
07-29-2021 @ 12:49:36 - Row :134 - Parsing item.
07-29-2021 @ 12:49:36 - Importing as new product ID:1988
07-29-2021 @ 12:49:36 - Row :134 - Processing item.
07-29-2021 @ 12:49:36 - Found variation product object. ID:1988
07-29-2021 @ 12:49:37 - Setting Featured Image. URL:https://nylimages.s3.amazonaws.com/HBI_M12627_Black_sw.jpg
07-29-2021 @ 12:49:37 - Attachment ID:1986
07-29-2021 @ 12:49:37 - Row :134 - Product imported successfully.
07-29-2021 @ 12:49:37 - Row :135 - Parsing item.
07-29-2021 @ 12:49:37 - Importing as new product ID:1989
07-29-2021 @ 12:49:37 - Row :135 - Processing item.
07-29-2021 @ 12:49:37 - Found variation product object. ID:1989
07-29-2021 @ 12:49:37 - Setting Featured Image. URL:https://nylimages.s3.amazonaws.com/HBI_M12627_Black_sw.jpg
07-29-2021 @ 12:49:37 - Attachment ID:1986
07-29-2021 @ 12:49:37 - Row :135 - Product imported successfully.
07-29-2021 @ 12:49:37 - Row :136 - Parsing item.
07-29-2021 @ 12:49:37 - Importing as new product ID:1990
07-29-2021 @ 12:49:37 - Row :136 - Processing item.
07-29-2021 @ 12:49:37 - Found variation product object. ID:1990
07-29-2021 @ 12:49:37 - Setting Featured Image. URL:https://nylimages.s3.amazonaws.com/HBI_M12627_Black_sw.jpg
07-29-2021 @ 12:49:37 - Attachment ID:1986
07-29-2021 @ 12:49:37 - Row :136 - Product imported successfully.
07-29-2021 @ 12:49:37 - Row :137 - Parsing item.
07-29-2021 @ 12:49:37 - Importing as new product ID:1991
07-29-2021 @ 12:49:37 - Row :137 - Processing item.
07-29-2021 @ 12:49:37 - Found variation product object. ID:1991
07-29-2021 @ 12:49:37 - Setting Featured Image. URL:https://nylimages.s3.amazonaws.com/HBI_M12627_LatteLift_sw.jpg
07-29-2021 @ 12:49:37 - Attachment ID:1992
07-29-2021 @ 12:49:37 - Row :137 - Product imported successfully.
07-29-2021 @ 12:49:37 - Row :138 - Parsing item.
07-29-2021 @ 12:49:37 - Importing as new product ID:1993
07-29-2021 @ 12:49:37 - Row :138 - Processing item.
07-29-2021 @ 12:49:37 - Found variation product object. ID:1993
07-29-2021 @ 12:49:37 - Setting Featured Image. URL:https://nylimages.s3.amazonaws.com/HBI_M12627_LatteLift_sw.jpg
07-29-2021 @ 12:49:37 - Attachment ID:1992
07-29-2021 @ 12:49:37 - Row :138 - Product imported successfully.
07-29-2021 @ 12:49:37 - Row :139 - Parsing item.
07-29-2021 @ 12:49:37 - Importing as new product ID:1994
07-29-2021 @ 12:49:37 - Row :139 - Processing item.
07-29-2021 @ 12:49:37 - Found variation product object. ID:1994
07-29-2021 @ 12:49:37 - Setting Featured Image. URL:https://nylimages.s3.amazonaws.com/HBI_M12627_LatteLift_sw.jpg
07-29-2021 @ 12:49:37 - Attachment ID:1992
07-29-2021 @ 12:49:37 - Row :139 - Product imported successfully.
07-29-2021 @ 12:49:37 - Row :140 - Parsing item.
07-29-2021 @ 12:49:37 - Importing as new product ID:1995
07-29-2021 @ 12:49:37 - Row :140 - Processing item.
07-29-2021 @ 12:49:37 - Found variation product object. ID:1995
07-29-2021 @ 12:49:38 - Setting Featured Image. URL:https://nylimages.s3.amazonaws.com/HBI_M12627_LatteLift_sw.jpg
07-29-2021 @ 12:49:38 - Attachment ID:1992
07-29-2021 @ 12:49:38 - Row :140 - Product imported successfully.
07-29-2021 @ 12:49:39 - Preparing for import.
07-29-2021 @ 12:49:39 - Row :141 - Parsing item.
07-29-2021 @ 12:49:39 - Importing as new product ID:1996
07-29-2021 @ 12:49:39 - Row :141 - Processing item.
07-29-2021 @ 12:49:39 - Found variation product object. ID:1996
07-29-2021 @ 12:49:39 - Setting Featured Image. URL:https://nylimages.s3.amazonaws.com/HBI_M12627_LatteLift_sw.jpg
07-29-2021 @ 12:49:39 - Attachment ID:1992
07-29-2021 @ 12:49:39 - Row :141 - Product imported successfully.
07-29-2021 @ 12:49:39 - ---[ Import ended at 2021-07-29 16:49:39]---
