07-30-2021 @ 12:37:45 - ---[ New import started at 2021-07-30 16:37:45 ] PHP Memory: 4 GB, WP Memory: 40 MB
07-30-2021 @ 12:37:45 - Preparing for import.
07-30-2021 @ 12:37:45 - Row :1 - Parsing item.
07-30-2021 @ 12:37:45 - Importing as new product ID:7082
07-30-2021 @ 12:37:45 - Row :1 - Processing item.
07-30-2021 @ 12:37:45 - Found variable product object. ID:7082
07-30-2021 @ 12:37:45 - Setting Featured Image. URL:https://nylimages.s3.amazonaws.com/HNS_25439_Black.jpg
07-30-2021 @ 12:37:45 - Attachment ID:5393
07-30-2021 @ 12:37:45 - Setting Gallery Images.
07-30-2021 @ 12:37:45 - Image URL:https://nylimages.s3.amazonaws.com/HNS_22803_Black.jpg
07-30-2021 @ 12:37:45 - Attachment ID:5394
07-30-2021 @ 12:37:45 - Image URL:https://nylimages.s3.amazonaws.com/HBI_125439_Black.jpg
07-30-2021 @ 12:37:45 - Attachment ID:5395
07-30-2021 @ 12:37:45 - Image URL:https://nylimages.s3.amazonaws.com/HNS_25439_HeatherGrey.jpg
07-30-2021 @ 12:37:45 - Attachment ID:5396
07-30-2021 @ 12:37:45 - Image URL:https://nylimages.s3.amazonaws.com/HBI_28559_HeatherGrey.jpg
07-30-2021 @ 12:37:45 - Attachment ID:5397
07-30-2021 @ 12:37:45 - Image URL:https://nylimages.s3.amazonaws.com/HBI_125439_HeatherGrey.jpg
07-30-2021 @ 12:37:45 - Attachment ID:5398
07-30-2021 @ 12:37:45 - Image URL:https://nylimages.s3.amazonaws.com/HBI_28559_Natural.jpg
07-30-2021 @ 12:37:45 - Attachment ID:5399
07-30-2021 @ 12:37:45 - Image URL:https://nylimages.s3.amazonaws.com/HBI_125439_Natural.jpg
07-30-2021 @ 12:37:45 - Attachment ID:5400
07-30-2021 @ 12:37:45 - Image URL:https://nylimages.s3.amazonaws.com/EBY_22803_Natural.jpg
07-30-2021 @ 12:37:45 - Attachment ID:5401
07-30-2021 @ 12:37:45 - Image URL:https://nylimages.s3.amazonaws.com/HNS_25439_Natural.jpg
07-30-2021 @ 12:37:45 - Attachment ID:5402
07-30-2021 @ 12:37:45 - Row :1 - Product imported successfully.
07-30-2021 @ 12:37:45 - Row :2 - Parsing item.
07-30-2021 @ 12:37:45 - Importing as new product ID:7083
07-30-2021 @ 12:37:45 - Row :2 - Processing item.
07-30-2021 @ 12:37:45 - Found variation product object. ID:7083
07-30-2021 @ 12:37:45 - Setting Featured Image. URL:https://nylimages.s3.amazonaws.com/HBI_125439_Black.jpg
07-30-2021 @ 12:37:45 - Attachment ID:5395
07-30-2021 @ 12:37:45 - Row :2 - Product imported successfully.
07-30-2021 @ 12:37:45 - Row :3 - Parsing item.
07-30-2021 @ 12:37:45 - Importing as new product ID:7084
07-30-2021 @ 12:37:45 - Row :3 - Processing item.
07-30-2021 @ 12:37:45 - Found variation product object. ID:7084
07-30-2021 @ 12:37:46 - Setting Featured Image. URL:https://nylimages.s3.amazonaws.com/HBI_125439_Black.jpg
07-30-2021 @ 12:37:46 - Attachment ID:5395
07-30-2021 @ 12:37:46 - Row :3 - Product imported successfully.
07-30-2021 @ 12:37:46 - Row :4 - Parsing item.
07-30-2021 @ 12:37:46 - Importing as new product ID:7085
07-30-2021 @ 12:37:46 - Row :4 - Processing item.
07-30-2021 @ 12:37:46 - Found variation product object. ID:7085
07-30-2021 @ 12:37:46 - Setting Featured Image. URL:https://nylimages.s3.amazonaws.com/HBI_125439_Black.jpg
07-30-2021 @ 12:37:46 - Attachment ID:5395
07-30-2021 @ 12:37:46 - Row :4 - Product imported successfully.
07-30-2021 @ 12:37:46 - Row :5 - Parsing item.
07-30-2021 @ 12:37:46 - Importing as new product ID:7086
07-30-2021 @ 12:37:46 - Row :5 - Processing item.
07-30-2021 @ 12:37:46 - Found variation product object. ID:7086
07-30-2021 @ 12:37:46 - Setting Featured Image. URL:https://nylimages.s3.amazonaws.com/HBI_125439_Black.jpg
07-30-2021 @ 12:37:46 - Attachment ID:5395
07-30-2021 @ 12:37:46 - Row :5 - Product imported successfully.
07-30-2021 @ 12:37:46 - Row :6 - Parsing item.
07-30-2021 @ 12:37:46 - Importing as new product ID:7087
07-30-2021 @ 12:37:46 - Row :6 - Processing item.
07-30-2021 @ 12:37:46 - Found variation product object. ID:7087
07-30-2021 @ 12:37:47 - Setting Featured Image. URL:https://nylimages.s3.amazonaws.com/HBI_125439_Black.jpg
07-30-2021 @ 12:37:47 - Attachment ID:5395
07-30-2021 @ 12:37:47 - Row :6 - Product imported successfully.
07-30-2021 @ 12:37:47 - Row :7 - Parsing item.
07-30-2021 @ 12:37:47 - Importing as new product ID:7088
07-30-2021 @ 12:37:47 - Row :7 - Processing item.
07-30-2021 @ 12:37:47 - Found variation product object. ID:7088
07-30-2021 @ 12:37:47 - Setting Featured Image. URL:https://nylimages.s3.amazonaws.com/HBI_125439_HeatherGrey.jpg
07-30-2021 @ 12:37:47 - Attachment ID:5398
07-30-2021 @ 12:37:47 - Row :7 - Product imported successfully.
07-30-2021 @ 12:37:47 - Row :8 - Parsing item.
07-30-2021 @ 12:37:47 - Importing as new product ID:7089
07-30-2021 @ 12:37:47 - Row :8 - Processing item.
07-30-2021 @ 12:37:47 - Found variation product object. ID:7089
07-30-2021 @ 12:37:47 - Setting Featured Image. URL:https://nylimages.s3.amazonaws.com/HBI_125439_HeatherGrey.jpg
07-30-2021 @ 12:37:47 - Attachment ID:5398
07-30-2021 @ 12:37:47 - Row :8 - Product imported successfully.
07-30-2021 @ 12:37:47 - Row :9 - Parsing item.
07-30-2021 @ 12:37:47 - Importing as new product ID:7090
07-30-2021 @ 12:37:47 - Row :9 - Processing item.
07-30-2021 @ 12:37:47 - Found variation product object. ID:7090
07-30-2021 @ 12:37:48 - Setting Featured Image. URL:https://nylimages.s3.amazonaws.com/HBI_125439_HeatherGrey.jpg
07-30-2021 @ 12:37:48 - Attachment ID:5398
07-30-2021 @ 12:37:48 - Row :9 - Product imported successfully.
07-30-2021 @ 12:37:48 - Row :10 - Parsing item.
07-30-2021 @ 12:37:48 - Importing as new product ID:7091
07-30-2021 @ 12:37:48 - Row :10 - Processing item.
07-30-2021 @ 12:37:48 - Found variation product object. ID:7091
07-30-2021 @ 12:37:48 - Setting Featured Image. URL:https://nylimages.s3.amazonaws.com/HBI_125439_HeatherGrey.jpg
07-30-2021 @ 12:37:48 - Attachment ID:5398
07-30-2021 @ 12:37:49 - Row :10 - Product imported successfully.
07-30-2021 @ 12:37:51 - Preparing for import.
07-30-2021 @ 12:37:51 - Row :11 - Parsing item.
07-30-2021 @ 12:37:51 - Importing as new product ID:7092
07-30-2021 @ 12:37:51 - Row :11 - Processing item.
07-30-2021 @ 12:37:51 - Found variation product object. ID:7092
07-30-2021 @ 12:37:51 - Setting Featured Image. URL:https://nylimages.s3.amazonaws.com/HBI_125439_HeatherGrey.jpg
07-30-2021 @ 12:37:51 - Attachment ID:5398
07-30-2021 @ 12:37:51 - Row :11 - Product imported successfully.
07-30-2021 @ 12:37:51 - Row :12 - Parsing item.
07-30-2021 @ 12:37:51 - Importing as new product ID:7093
07-30-2021 @ 12:37:51 - Row :12 - Processing item.
07-30-2021 @ 12:37:51 - Found variation product object. ID:7093
07-30-2021 @ 12:37:51 - Setting Featured Image. URL:https://nylimages.s3.amazonaws.com/HBI_125439_Natural.jpg
07-30-2021 @ 12:37:51 - Attachment ID:5400
07-30-2021 @ 12:37:52 - Row :12 - Product imported successfully.
07-30-2021 @ 12:37:52 - Row :13 - Parsing item.
07-30-2021 @ 12:37:52 - Importing as new product ID:7094
07-30-2021 @ 12:37:52 - Row :13 - Processing item.
07-30-2021 @ 12:37:52 - Found variation product object. ID:7094
07-30-2021 @ 12:37:52 - Setting Featured Image. URL:https://nylimages.s3.amazonaws.com/HBI_125439_Natural.jpg
07-30-2021 @ 12:37:52 - Attachment ID:5400
07-30-2021 @ 12:37:52 - Row :13 - Product imported successfully.
07-30-2021 @ 12:37:52 - Row :14 - Parsing item.
07-30-2021 @ 12:37:52 - Importing as new product ID:7095
07-30-2021 @ 12:37:52 - Row :14 - Processing item.
07-30-2021 @ 12:37:52 - Found variation product object. ID:7095
07-30-2021 @ 12:37:52 - Setting Featured Image. URL:https://nylimages.s3.amazonaws.com/HBI_125439_Natural.jpg
07-30-2021 @ 12:37:52 - Attachment ID:5400
07-30-2021 @ 12:37:52 - Row :14 - Product imported successfully.
07-30-2021 @ 12:37:52 - Row :15 - Parsing item.
07-30-2021 @ 12:37:52 - Importing as new product ID:7096
07-30-2021 @ 12:37:52 - Row :15 - Processing item.
07-30-2021 @ 12:37:52 - Found variation product object. ID:7096
07-30-2021 @ 12:37:52 - Setting Featured Image. URL:https://nylimages.s3.amazonaws.com/HBI_125439_Natural.jpg
07-30-2021 @ 12:37:52 - Attachment ID:5400
07-30-2021 @ 12:37:52 - Row :15 - Product imported successfully.
07-30-2021 @ 12:37:52 - Row :16 - Parsing item.
07-30-2021 @ 12:37:52 - Importing as new product ID:7097
07-30-2021 @ 12:37:52 - Row :16 - Processing item.
07-30-2021 @ 12:37:52 - Found variation product object. ID:7097
07-30-2021 @ 12:37:52 - Setting Featured Image. URL:https://nylimages.s3.amazonaws.com/HBI_125439_Natural.jpg
07-30-2021 @ 12:37:52 - Attachment ID:5400
07-30-2021 @ 12:37:52 - Row :16 - Product imported successfully.
07-30-2021 @ 12:37:52 - Row :17 - Parsing item.
07-30-2021 @ 12:37:52 - Importing as new product ID:7098
07-30-2021 @ 12:37:52 - Row :17 - Processing item.
07-30-2021 @ 12:37:52 - Found variable product object. ID:7098
07-30-2021 @ 12:37:52 - Setting Featured Image. URL:https://cdn1.nuorder.com/product/ef3f17e20555e0b0f5e25a29c65ebe73.jpg
07-30-2021 @ 12:37:52 - Attachment ID:5419
07-30-2021 @ 12:37:52 - Setting Gallery Images.
07-30-2021 @ 12:37:52 - Image URL:https://cdn1.nuorder.com/product/154edc1b94edc174abc318a6e9709ac0.jpg
07-30-2021 @ 12:37:52 - Attachment ID:5420
07-30-2021 @ 12:37:52 - Row :17 - Product imported successfully.
07-30-2021 @ 12:37:52 - Row :18 - Parsing item.
07-30-2021 @ 12:37:52 - Importing as new product ID:7099
07-30-2021 @ 12:37:52 - Row :18 - Processing item.
07-30-2021 @ 12:37:52 - Found variation product object. ID:7099
07-30-2021 @ 12:37:52 - Setting Featured Image. URL:https://nylimages.s3.amazonaws.com/HBI_125462_PeacoatPeacoatSpaceDye.jpg
07-30-2021 @ 12:37:52 - Attachment ID:5422
07-30-2021 @ 12:37:52 - Row :18 - Product imported successfully.
07-30-2021 @ 12:37:52 - Row :19 - Parsing item.
07-30-2021 @ 12:37:52 - Importing as new product ID:7100
07-30-2021 @ 12:37:52 - Row :19 - Processing item.
07-30-2021 @ 12:37:52 - Found variation product object. ID:7100
07-30-2021 @ 12:37:52 - Setting Featured Image. URL:https://nylimages.s3.amazonaws.com/HBI_125462_PeacoatPeacoatSpaceDye.jpg
07-30-2021 @ 12:37:52 - Attachment ID:5422
07-30-2021 @ 12:37:52 - Row :19 - Product imported successfully.
07-30-2021 @ 12:37:52 - Row :20 - Parsing item.
07-30-2021 @ 12:37:52 - Importing as new product ID:7101
07-30-2021 @ 12:37:52 - Row :20 - Processing item.
07-30-2021 @ 12:37:52 - Found variation product object. ID:7101
07-30-2021 @ 12:37:52 - Setting Featured Image. URL:https://nylimages.s3.amazonaws.com/HBI_125462_PeacoatPeacoatSpaceDye.jpg
07-30-2021 @ 12:37:52 - Attachment ID:5422
07-30-2021 @ 12:37:52 - Row :20 - Product imported successfully.
07-30-2021 @ 12:37:54 - Preparing for import.
07-30-2021 @ 12:37:54 - Row :21 - Parsing item.
07-30-2021 @ 12:37:54 - Importing as new product ID:7102
07-30-2021 @ 12:37:54 - Row :21 - Processing item.
07-30-2021 @ 12:37:54 - Found variation product object. ID:7102
07-30-2021 @ 12:37:54 - Setting Featured Image. URL:https://nylimages.s3.amazonaws.com/HBI_125462_PeacoatPeacoatSpaceDye.jpg
07-30-2021 @ 12:37:54 - Attachment ID:5422
07-30-2021 @ 12:37:54 - Row :21 - Product imported successfully.
07-30-2021 @ 12:37:54 - Row :22 - Parsing item.
07-30-2021 @ 12:37:54 - Importing as new product ID:7103
07-30-2021 @ 12:37:54 - Row :22 - Processing item.
07-30-2021 @ 12:37:54 - Found variation product object. ID:7103
07-30-2021 @ 12:37:54 - Setting Featured Image. URL:https://nylimages.s3.amazonaws.com/HBI_125462_PeacoatPeacoatSpaceDye.jpg
07-30-2021 @ 12:37:54 - Attachment ID:5422
07-30-2021 @ 12:37:54 - Row :22 - Product imported successfully.
07-30-2021 @ 12:37:54 - Row :23 - Parsing item.
07-30-2021 @ 12:37:54 - Importing as new product ID:7104
07-30-2021 @ 12:37:54 - Row :23 - Processing item.
07-30-2021 @ 12:37:54 - Found variation product object. ID:7104
07-30-2021 @ 12:37:54 - Setting Featured Image. URL:https://nylimages.s3.amazonaws.com/HBI_125462_AsphaltAsphaltSpaceDye.jpg
07-30-2021 @ 12:37:54 - Attachment ID:5428
07-30-2021 @ 12:37:54 - Row :23 - Product imported successfully.
07-30-2021 @ 12:37:54 - Row :24 - Parsing item.
07-30-2021 @ 12:37:54 - Importing as new product ID:7105
07-30-2021 @ 12:37:54 - Row :24 - Processing item.
07-30-2021 @ 12:37:54 - Found variation product object. ID:7105
07-30-2021 @ 12:37:55 - Setting Featured Image. URL:https://nylimages.s3.amazonaws.com/HBI_125462_AsphaltAsphaltSpaceDye.jpg
07-30-2021 @ 12:37:55 - Attachment ID:5428
07-30-2021 @ 12:37:55 - Row :24 - Product imported successfully.
07-30-2021 @ 12:37:55 - Row :25 - Parsing item.
07-30-2021 @ 12:37:55 - Importing as new product ID:7106
07-30-2021 @ 12:37:55 - Row :25 - Processing item.
07-30-2021 @ 12:37:55 - Found variation product object. ID:7106
07-30-2021 @ 12:37:55 - Setting Featured Image. URL:https://nylimages.s3.amazonaws.com/HBI_125462_AsphaltAsphaltSpaceDye.jpg
07-30-2021 @ 12:37:55 - Attachment ID:5428
07-30-2021 @ 12:37:55 - Row :25 - Product imported successfully.
07-30-2021 @ 12:37:55 - Row :26 - Parsing item.
07-30-2021 @ 12:37:55 - Importing as new product ID:7107
07-30-2021 @ 12:37:55 - Row :26 - Processing item.
07-30-2021 @ 12:37:55 - Found variation product object. ID:7107
07-30-2021 @ 12:37:55 - Setting Featured Image. URL:https://nylimages.s3.amazonaws.com/HBI_125462_AsphaltAsphaltSpaceDye.jpg
07-30-2021 @ 12:37:55 - Attachment ID:5428
07-30-2021 @ 12:37:55 - Row :26 - Product imported successfully.
07-30-2021 @ 12:37:55 - Row :27 - Parsing item.
07-30-2021 @ 12:37:55 - Importing as new product ID:7108
07-30-2021 @ 12:37:55 - Row :27 - Processing item.
07-30-2021 @ 12:37:55 - Found variation product object. ID:7108
07-30-2021 @ 12:37:55 - Setting Featured Image. URL:https://nylimages.s3.amazonaws.com/HBI_125462_AsphaltAsphaltSpaceDye.jpg
07-30-2021 @ 12:37:55 - Attachment ID:5428
07-30-2021 @ 12:37:55 - Row :27 - Product imported successfully.
07-30-2021 @ 12:37:55 - Row :28 - Parsing item.
07-30-2021 @ 12:37:55 - Importing as new product ID:7109
07-30-2021 @ 12:37:55 - Row :28 - Processing item.
07-30-2021 @ 12:37:55 - Found variable product object. ID:7109
07-30-2021 @ 12:37:55 - Setting Featured Image. URL:https://cdn1.nuorder.com/product/265ff924cace96d5780f0dd4386e96b0.jpg
07-30-2021 @ 12:37:55 - Attachment ID:5434
07-30-2021 @ 12:37:55 - Setting Gallery Images.
07-30-2021 @ 12:37:55 - Image URL:https://cdn1.nuorder.com/product/4a173e65776bbb5e1aa92f39de47ce40.jpg
07-30-2021 @ 12:37:55 - Attachment ID:5435
07-30-2021 @ 12:37:55 - Row :28 - Product imported successfully.
07-30-2021 @ 12:37:55 - Row :29 - Parsing item.
07-30-2021 @ 12:37:55 - Importing as new product ID:7110
07-30-2021 @ 12:37:55 - Row :29 - Processing item.
07-30-2021 @ 12:37:55 - Found variation product object. ID:7110
07-30-2021 @ 12:37:55 - Setting Featured Image. URL:https://nylimages.s3.amazonaws.com/HBI_M09729_Black_sw.jpg
07-30-2021 @ 12:37:55 - Attachment ID:5437
07-30-2021 @ 12:37:55 - Row :29 - Product imported successfully.
07-30-2021 @ 12:37:55 - Row :30 - Parsing item.
07-30-2021 @ 12:37:55 - Importing as new product ID:7111
07-30-2021 @ 12:37:55 - Row :30 - Processing item.
07-30-2021 @ 12:37:55 - Found variation product object. ID:7111
07-30-2021 @ 12:37:55 - Setting Featured Image. URL:https://nylimages.s3.amazonaws.com/HBI_M09729_Black_sw.jpg
07-30-2021 @ 12:37:55 - Attachment ID:5437
07-30-2021 @ 12:37:55 - Row :30 - Product imported successfully.
07-30-2021 @ 12:37:57 - Preparing for import.
07-30-2021 @ 12:37:57 - Row :31 - Parsing item.
07-30-2021 @ 12:37:57 - Importing as new product ID:7112
07-30-2021 @ 12:37:57 - Row :31 - Processing item.
07-30-2021 @ 12:37:57 - Found variation product object. ID:7112
07-30-2021 @ 12:37:57 - Setting Featured Image. URL:https://nylimages.s3.amazonaws.com/HBI_M09729_Black_sw.jpg
07-30-2021 @ 12:37:57 - Attachment ID:5437
07-30-2021 @ 12:37:57 - Row :31 - Product imported successfully.
07-30-2021 @ 12:37:57 - Row :32 - Parsing item.
07-30-2021 @ 12:37:57 - Importing as new product ID:7113
07-30-2021 @ 12:37:57 - Row :32 - Processing item.
07-30-2021 @ 12:37:57 - Found variation product object. ID:7113
07-30-2021 @ 12:37:57 - Setting Featured Image. URL:https://nylimages.s3.amazonaws.com/HBI_M09729_Black_sw.jpg
07-30-2021 @ 12:37:57 - Attachment ID:5437
07-30-2021 @ 12:37:57 - Row :32 - Product imported successfully.
07-30-2021 @ 12:37:57 - Row :33 - Parsing item.
07-30-2021 @ 12:37:57 - Importing as new product ID:7114
07-30-2021 @ 12:37:57 - Row :33 - Processing item.
07-30-2021 @ 12:37:57 - Found variation product object. ID:7114
07-30-2021 @ 12:37:57 - Setting Featured Image. URL:https://nylimages.s3.amazonaws.com/HBI_M09729_Black_sw.jpg
07-30-2021 @ 12:37:57 - Attachment ID:5437
07-30-2021 @ 12:37:57 - Row :33 - Product imported successfully.
07-30-2021 @ 12:37:57 - Row :34 - Parsing item.
07-30-2021 @ 12:37:57 - Importing as new product ID:7115
07-30-2021 @ 12:37:57 - Row :34 - Processing item.
07-30-2021 @ 12:37:57 - Found variation product object. ID:7115
07-30-2021 @ 12:37:57 - Setting Featured Image. URL:https://nylimages.s3.amazonaws.com/HBI_M09729_LatteLift_sw.jpg
07-30-2021 @ 12:37:57 - Attachment ID:5443
07-30-2021 @ 12:37:57 - Row :34 - Product imported successfully.
07-30-2021 @ 12:37:57 - Row :35 - Parsing item.
07-30-2021 @ 12:37:57 - Importing as new product ID:7116
07-30-2021 @ 12:37:57 - Row :35 - Processing item.
07-30-2021 @ 12:37:57 - Found variation product object. ID:7116
07-30-2021 @ 12:37:57 - Setting Featured Image. URL:https://nylimages.s3.amazonaws.com/HBI_M09729_LatteLift_sw.jpg
07-30-2021 @ 12:37:57 - Attachment ID:5443
07-30-2021 @ 12:37:57 - Row :35 - Product imported successfully.
07-30-2021 @ 12:37:57 - Row :36 - Parsing item.
07-30-2021 @ 12:37:57 - Importing as new product ID:7117
07-30-2021 @ 12:37:57 - Row :36 - Processing item.
07-30-2021 @ 12:37:57 - Found variation product object. ID:7117
07-30-2021 @ 12:37:58 - Setting Featured Image. URL:https://nylimages.s3.amazonaws.com/HBI_M09729_LatteLift_sw.jpg
07-30-2021 @ 12:37:58 - Attachment ID:5443
07-30-2021 @ 12:37:58 - Row :36 - Product imported successfully.
07-30-2021 @ 12:37:58 - Row :37 - Parsing item.
07-30-2021 @ 12:37:58 - Importing as new product ID:7118
07-30-2021 @ 12:37:58 - Row :37 - Processing item.
07-30-2021 @ 12:37:58 - Found variation product object. ID:7118
07-30-2021 @ 12:37:58 - Setting Featured Image. URL:https://nylimages.s3.amazonaws.com/HBI_M09729_LatteLift_sw.jpg
07-30-2021 @ 12:37:58 - Attachment ID:5443
07-30-2021 @ 12:37:58 - Row :37 - Product imported successfully.
07-30-2021 @ 12:37:58 - Row :38 - Parsing item.
07-30-2021 @ 12:37:58 - Importing as new product ID:7119
07-30-2021 @ 12:37:58 - Row :38 - Processing item.
07-30-2021 @ 12:37:58 - Found variation product object. ID:7119
07-30-2021 @ 12:37:58 - Setting Featured Image. URL:https://nylimages.s3.amazonaws.com/HBI_M09729_LatteLift_sw.jpg
07-30-2021 @ 12:37:58 - Attachment ID:5443
07-30-2021 @ 12:37:58 - Row :38 - Product imported successfully.
07-30-2021 @ 12:37:58 - Row :39 - Parsing item.
07-30-2021 @ 12:37:58 - Importing as new product ID:7120
07-30-2021 @ 12:37:58 - Row :39 - Processing item.
07-30-2021 @ 12:37:58 - Found variable product object. ID:7120
07-30-2021 @ 12:37:58 - Setting Featured Image. URL:https://nylimages.s3.amazonaws.com/HBI_125601_Black.jpg
07-30-2021 @ 12:37:58 - Attachment ID:5449
07-30-2021 @ 12:37:58 - Setting Gallery Images.
07-30-2021 @ 12:37:58 - Image URL:https://nylimages.s3.amazonaws.com/HBI_125601_HeatherGrey.jpg
07-30-2021 @ 12:37:58 - Attachment ID:5450
07-30-2021 @ 12:37:58 - Image URL:https://nylimages.s3.amazonaws.com/HBI_125601_DustyBlue.jpg
07-30-2021 @ 12:37:59 - Attachment ID:7121
07-30-2021 @ 12:37:59 - Image URL:https://nylimages.s3.amazonaws.com/HBI_125601_SeaportCombo.jpg
07-30-2021 @ 12:38:00 - Attachment ID:7122
07-30-2021 @ 12:38:00 - Image URL:https://nylimages.s3.amazonaws.com/HBI_125601_FlintStoneCombo.jpg
07-30-2021 @ 12:38:02 - Attachment ID:7123
07-30-2021 @ 12:38:02 - Row :39 - Product imported successfully.
07-30-2021 @ 12:38:02 - Row :40 - Parsing item.
07-30-2021 @ 12:38:02 - Importing as new product ID:7124
07-30-2021 @ 12:38:02 - Row :40 - Processing item.
07-30-2021 @ 12:38:02 - Found variation product object. ID:7124
07-30-2021 @ 12:38:03 - Setting Featured Image. URL:https://nylimages.s3.amazonaws.com/HBI_125601_Black.jpg
07-30-2021 @ 12:38:03 - Attachment ID:5449
07-30-2021 @ 12:38:03 - Row :40 - Product imported successfully.
07-30-2021 @ 12:38:05 - Preparing for import.
07-30-2021 @ 12:38:05 - Row :41 - Parsing item.
07-30-2021 @ 12:38:05 - Importing as new product ID:7125
07-30-2021 @ 12:38:05 - Row :41 - Processing item.
07-30-2021 @ 12:38:05 - Found variation product object. ID:7125
07-30-2021 @ 12:38:05 - Setting Featured Image. URL:https://nylimages.s3.amazonaws.com/HBI_125601_Black.jpg
07-30-2021 @ 12:38:05 - Attachment ID:5449
07-30-2021 @ 12:38:05 - Row :41 - Product imported successfully.
07-30-2021 @ 12:38:05 - Row :42 - Parsing item.
07-30-2021 @ 12:38:05 - Importing as new product ID:7126
07-30-2021 @ 12:38:05 - Row :42 - Processing item.
07-30-2021 @ 12:38:05 - Found variation product object. ID:7126
07-30-2021 @ 12:38:05 - Setting Featured Image. URL:https://nylimages.s3.amazonaws.com/HBI_125601_Black.jpg
07-30-2021 @ 12:38:05 - Attachment ID:5449
07-30-2021 @ 12:38:05 - Row :42 - Product imported successfully.
07-30-2021 @ 12:38:05 - Row :43 - Parsing item.
07-30-2021 @ 12:38:05 - Importing as new product ID:7127
07-30-2021 @ 12:38:05 - Row :43 - Processing item.
07-30-2021 @ 12:38:05 - Found variation product object. ID:7127
07-30-2021 @ 12:38:06 - Setting Featured Image. URL:https://nylimages.s3.amazonaws.com/HBI_125601_Black.jpg
07-30-2021 @ 12:38:06 - Attachment ID:5449
07-30-2021 @ 12:38:06 - Row :43 - Product imported successfully.
07-30-2021 @ 12:38:06 - Row :44 - Parsing item.
07-30-2021 @ 12:38:06 - Importing as new product ID:7128
07-30-2021 @ 12:38:06 - Row :44 - Processing item.
07-30-2021 @ 12:38:06 - Found variation product object. ID:7128
07-30-2021 @ 12:38:06 - Setting Featured Image. URL:https://nylimages.s3.amazonaws.com/HBI_125601_Black.jpg
07-30-2021 @ 12:38:06 - Attachment ID:5449
07-30-2021 @ 12:38:06 - Row :44 - Product imported successfully.
07-30-2021 @ 12:38:06 - Row :45 - Parsing item.
07-30-2021 @ 12:38:06 - Importing as new product ID:7129
07-30-2021 @ 12:38:06 - Row :45 - Processing item.
07-30-2021 @ 12:38:06 - Found variation product object. ID:7129
07-30-2021 @ 12:38:06 - Setting Featured Image. URL:https://nylimages.s3.amazonaws.com/HBI_125601_Black.jpg
07-30-2021 @ 12:38:06 - Attachment ID:5449
07-30-2021 @ 12:38:06 - Row :45 - Product imported successfully.
07-30-2021 @ 12:38:06 - Row :46 - Parsing item.
07-30-2021 @ 12:38:06 - Importing as new product ID:7130
07-30-2021 @ 12:38:06 - Row :46 - Processing item.
07-30-2021 @ 12:38:06 - Found variation product object. ID:7130
07-30-2021 @ 12:38:06 - Setting Featured Image. URL:https://nylimages.s3.amazonaws.com/HBI_125601_Black.jpg
07-30-2021 @ 12:38:06 - Attachment ID:5449
07-30-2021 @ 12:38:06 - Row :46 - Product imported successfully.
07-30-2021 @ 12:38:06 - Row :47 - Parsing item.
07-30-2021 @ 12:38:06 - Importing as new product ID:7131
07-30-2021 @ 12:38:06 - Row :47 - Processing item.
07-30-2021 @ 12:38:06 - Found variation product object. ID:7131
07-30-2021 @ 12:38:06 - Setting Featured Image. URL:https://nylimages.s3.amazonaws.com/HBI_125601_HeatherGrey.jpg
07-30-2021 @ 12:38:06 - Attachment ID:5450
07-30-2021 @ 12:38:06 - Row :47 - Product imported successfully.
07-30-2021 @ 12:38:06 - Row :48 - Parsing item.
07-30-2021 @ 12:38:06 - Importing as new product ID:7132
07-30-2021 @ 12:38:06 - Row :48 - Processing item.
07-30-2021 @ 12:38:06 - Found variation product object. ID:7132
07-30-2021 @ 12:38:06 - Setting Featured Image. URL:https://nylimages.s3.amazonaws.com/HBI_125601_HeatherGrey.jpg
07-30-2021 @ 12:38:06 - Attachment ID:5450
07-30-2021 @ 12:38:06 - Row :48 - Product imported successfully.
07-30-2021 @ 12:38:06 - Row :49 - Parsing item.
07-30-2021 @ 12:38:06 - Importing as new product ID:7133
07-30-2021 @ 12:38:06 - Row :49 - Processing item.
07-30-2021 @ 12:38:06 - Found variation product object. ID:7133
07-30-2021 @ 12:38:06 - Setting Featured Image. URL:https://nylimages.s3.amazonaws.com/HBI_125601_HeatherGrey.jpg
07-30-2021 @ 12:38:06 - Attachment ID:5450
07-30-2021 @ 12:38:06 - Row :49 - Product imported successfully.
07-30-2021 @ 12:38:06 - Row :50 - Parsing item.
07-30-2021 @ 12:38:06 - Importing as new product ID:7134
07-30-2021 @ 12:38:06 - Row :50 - Processing item.
07-30-2021 @ 12:38:06 - Found variation product object. ID:7134
07-30-2021 @ 12:38:06 - Setting Featured Image. URL:https://nylimages.s3.amazonaws.com/HBI_125601_HeatherGrey.jpg
07-30-2021 @ 12:38:06 - Attachment ID:5450
07-30-2021 @ 12:38:06 - Row :50 - Product imported successfully.
07-30-2021 @ 12:38:08 - Preparing for import.
07-30-2021 @ 12:38:08 - Row :51 - Parsing item.
07-30-2021 @ 12:38:08 - Importing as new product ID:7135
07-30-2021 @ 12:38:08 - Row :51 - Processing item.
07-30-2021 @ 12:38:08 - Found variation product object. ID:7135
07-30-2021 @ 12:38:08 - Setting Featured Image. URL:https://nylimages.s3.amazonaws.com/HBI_125601_HeatherGrey.jpg
07-30-2021 @ 12:38:08 - Attachment ID:5450
07-30-2021 @ 12:38:08 - Row :51 - Product imported successfully.
07-30-2021 @ 12:38:08 - Row :52 - Parsing item.
07-30-2021 @ 12:38:08 - Importing as new product ID:7136
07-30-2021 @ 12:38:08 - Row :52 - Processing item.
07-30-2021 @ 12:38:08 - Found variation product object. ID:7136
07-30-2021 @ 12:38:08 - Setting Featured Image. URL:https://nylimages.s3.amazonaws.com/HBI_125601_HeatherGrey.jpg
07-30-2021 @ 12:38:08 - Attachment ID:5450
07-30-2021 @ 12:38:08 - Row :52 - Product imported successfully.
07-30-2021 @ 12:38:08 - Row :53 - Parsing item.
07-30-2021 @ 12:38:08 - Importing as new product ID:7137
07-30-2021 @ 12:38:08 - Row :53 - Processing item.
07-30-2021 @ 12:38:08 - Found variation product object. ID:7137
07-30-2021 @ 12:38:08 - Setting Featured Image. URL:https://nylimages.s3.amazonaws.com/HBI_125601_HeatherGrey.jpg
07-30-2021 @ 12:38:08 - Attachment ID:5450
07-30-2021 @ 12:38:09 - Row :53 - Product imported successfully.
07-30-2021 @ 12:38:09 - Row :54 - Parsing item.
07-30-2021 @ 12:38:09 - Importing as new product ID:7138
07-30-2021 @ 12:38:09 - Row :54 - Processing item.
07-30-2021 @ 12:38:09 - Found variation product object. ID:7138
07-30-2021 @ 12:38:09 - Setting Featured Image. URL:https://nylimages.s3.amazonaws.com/HBI_125601_DustyBlue.jpg
07-30-2021 @ 12:38:09 - Attachment ID:7121
07-30-2021 @ 12:38:09 - Row :54 - Product imported successfully.
07-30-2021 @ 12:38:09 - Row :55 - Parsing item.
07-30-2021 @ 12:38:09 - Importing as new product ID:7139
07-30-2021 @ 12:38:09 - Row :55 - Processing item.
07-30-2021 @ 12:38:09 - Found variation product object. ID:7139
07-30-2021 @ 12:38:09 - Setting Featured Image. URL:https://nylimages.s3.amazonaws.com/HBI_125601_DustyBlue.jpg
07-30-2021 @ 12:38:09 - Attachment ID:7121
07-30-2021 @ 12:38:09 - Row :55 - Product imported successfully.
07-30-2021 @ 12:38:09 - Row :56 - Parsing item.
07-30-2021 @ 12:38:09 - Importing as new product ID:7140
07-30-2021 @ 12:38:09 - Row :56 - Processing item.
07-30-2021 @ 12:38:09 - Found variation product object. ID:7140
07-30-2021 @ 12:38:09 - Setting Featured Image. URL:https://nylimages.s3.amazonaws.com/HBI_125601_DustyBlue.jpg
07-30-2021 @ 12:38:09 - Attachment ID:7121
07-30-2021 @ 12:38:09 - Row :56 - Product imported successfully.
07-30-2021 @ 12:38:09 - Row :57 - Parsing item.
07-30-2021 @ 12:38:09 - Importing as new product ID:7141
07-30-2021 @ 12:38:09 - Row :57 - Processing item.
07-30-2021 @ 12:38:09 - Found variation product object. ID:7141
07-30-2021 @ 12:38:09 - Setting Featured Image. URL:https://nylimages.s3.amazonaws.com/HBI_125601_DustyBlue.jpg
07-30-2021 @ 12:38:09 - Attachment ID:7121
07-30-2021 @ 12:38:09 - Row :57 - Product imported successfully.
07-30-2021 @ 12:38:09 - Row :58 - Parsing item.
07-30-2021 @ 12:38:09 - Importing as new product ID:7142
07-30-2021 @ 12:38:09 - Row :58 - Processing item.
07-30-2021 @ 12:38:09 - Found variation product object. ID:7142
07-30-2021 @ 12:38:09 - Setting Featured Image. URL:https://nylimages.s3.amazonaws.com/HBI_125601_DustyBlue.jpg
07-30-2021 @ 12:38:09 - Attachment ID:7121
07-30-2021 @ 12:38:09 - Row :58 - Product imported successfully.
07-30-2021 @ 12:38:09 - Row :59 - Parsing item.
07-30-2021 @ 12:38:09 - Importing as new product ID:7143
07-30-2021 @ 12:38:09 - Row :59 - Processing item.
07-30-2021 @ 12:38:09 - Found variation product object. ID:7143
07-30-2021 @ 12:38:09 - Setting Featured Image. URL:https://nylimages.s3.amazonaws.com/HBI_125601_DustyBlue.jpg
07-30-2021 @ 12:38:09 - Attachment ID:7121
07-30-2021 @ 12:38:09 - Row :59 - Product imported successfully.
07-30-2021 @ 12:38:09 - Row :60 - Parsing item.
07-30-2021 @ 12:38:09 - Importing as new product ID:7144
07-30-2021 @ 12:38:09 - Row :60 - Processing item.
07-30-2021 @ 12:38:09 - Found variation product object. ID:7144
07-30-2021 @ 12:38:09 - Setting Featured Image. URL:https://nylimages.s3.amazonaws.com/HBI_125601_DustyBlue.jpg
07-30-2021 @ 12:38:09 - Attachment ID:7121
07-30-2021 @ 12:38:09 - Row :60 - Product imported successfully.
07-30-2021 @ 12:38:11 - Preparing for import.
07-30-2021 @ 12:38:11 - Row :61 - Parsing item.
07-30-2021 @ 12:38:11 - Importing as new product ID:7145
07-30-2021 @ 12:38:11 - Row :61 - Processing item.
07-30-2021 @ 12:38:11 - Found variation product object. ID:7145
07-30-2021 @ 12:38:11 - Setting Featured Image. URL:https://nylimages.s3.amazonaws.com/HBI_125601_SeaportCombo.jpg
07-30-2021 @ 12:38:11 - Attachment ID:7122
07-30-2021 @ 12:38:11 - Row :61 - Product imported successfully.
07-30-2021 @ 12:38:11 - Row :62 - Parsing item.
07-30-2021 @ 12:38:11 - Importing as new product ID:7146
07-30-2021 @ 12:38:11 - Row :62 - Processing item.
07-30-2021 @ 12:38:11 - Found variation product object. ID:7146
07-30-2021 @ 12:38:11 - Setting Featured Image. URL:https://nylimages.s3.amazonaws.com/HBI_125601_SeaportCombo.jpg
07-30-2021 @ 12:38:11 - Attachment ID:7122
07-30-2021 @ 12:38:11 - Row :62 - Product imported successfully.
07-30-2021 @ 12:38:11 - Row :63 - Parsing item.
07-30-2021 @ 12:38:11 - Importing as new product ID:7147
07-30-2021 @ 12:38:11 - Row :63 - Processing item.
07-30-2021 @ 12:38:11 - Found variation product object. ID:7147
07-30-2021 @ 12:38:11 - Setting Featured Image. URL:https://nylimages.s3.amazonaws.com/HBI_125601_SeaportCombo.jpg
07-30-2021 @ 12:38:11 - Attachment ID:7122
07-30-2021 @ 12:38:11 - Row :63 - Product imported successfully.
07-30-2021 @ 12:38:11 - Row :64 - Parsing item.
07-30-2021 @ 12:38:11 - Importing as new product ID:7148
07-30-2021 @ 12:38:11 - Row :64 - Processing item.
07-30-2021 @ 12:38:11 - Found variation product object. ID:7148
07-30-2021 @ 12:38:12 - Setting Featured Image. URL:https://nylimages.s3.amazonaws.com/HBI_125601_SeaportCombo.jpg
07-30-2021 @ 12:38:12 - Attachment ID:7122
07-30-2021 @ 12:38:12 - Row :64 - Product imported successfully.
07-30-2021 @ 12:38:12 - Row :65 - Parsing item.
07-30-2021 @ 12:38:12 - Importing as new product ID:7149
07-30-2021 @ 12:38:12 - Row :65 - Processing item.
07-30-2021 @ 12:38:12 - Found variation product object. ID:7149
07-30-2021 @ 12:38:12 - Setting Featured Image. URL:https://nylimages.s3.amazonaws.com/HBI_125601_SeaportCombo.jpg
07-30-2021 @ 12:38:12 - Attachment ID:7122
07-30-2021 @ 12:38:12 - Row :65 - Product imported successfully.
07-30-2021 @ 12:38:12 - Row :66 - Parsing item.
07-30-2021 @ 12:38:12 - Importing as new product ID:7150
07-30-2021 @ 12:38:12 - Row :66 - Processing item.
07-30-2021 @ 12:38:12 - Found variation product object. ID:7150
07-30-2021 @ 12:38:12 - Setting Featured Image. URL:https://nylimages.s3.amazonaws.com/HBI_125601_SeaportCombo.jpg
07-30-2021 @ 12:38:12 - Attachment ID:7122
07-30-2021 @ 12:38:12 - Row :66 - Product imported successfully.
07-30-2021 @ 12:38:12 - Row :67 - Parsing item.
07-30-2021 @ 12:38:12 - Importing as new product ID:7151
07-30-2021 @ 12:38:12 - Row :67 - Processing item.
07-30-2021 @ 12:38:12 - Found variation product object. ID:7151
07-30-2021 @ 12:38:12 - Setting Featured Image. URL:https://nylimages.s3.amazonaws.com/HBI_125601_SeaportCombo.jpg
07-30-2021 @ 12:38:12 - Attachment ID:7122
07-30-2021 @ 12:38:12 - Row :67 - Product imported successfully.
07-30-2021 @ 12:38:12 - Row :68 - Parsing item.
07-30-2021 @ 12:38:12 - Importing as new product ID:7152
07-30-2021 @ 12:38:12 - Row :68 - Processing item.
07-30-2021 @ 12:38:12 - Found variation product object. ID:7152
07-30-2021 @ 12:38:12 - Setting Featured Image. URL:https://nylimages.s3.amazonaws.com/HBI_125601_FlintStoneCombo.jpg
07-30-2021 @ 12:38:12 - Attachment ID:7123
07-30-2021 @ 12:38:12 - Row :68 - Product imported successfully.
07-30-2021 @ 12:38:12 - Row :69 - Parsing item.
07-30-2021 @ 12:38:12 - Importing as new product ID:7153
07-30-2021 @ 12:38:12 - Row :69 - Processing item.
07-30-2021 @ 12:38:12 - Found variation product object. ID:7153
07-30-2021 @ 12:38:12 - Setting Featured Image. URL:https://nylimages.s3.amazonaws.com/HBI_125601_FlintStoneCombo.jpg
07-30-2021 @ 12:38:12 - Attachment ID:7123
07-30-2021 @ 12:38:12 - Row :69 - Product imported successfully.
07-30-2021 @ 12:38:12 - Row :70 - Parsing item.
07-30-2021 @ 12:38:12 - Importing as new product ID:7154
07-30-2021 @ 12:38:12 - Row :70 - Processing item.
07-30-2021 @ 12:38:12 - Found variation product object. ID:7154
07-30-2021 @ 12:38:12 - Setting Featured Image. URL:https://nylimages.s3.amazonaws.com/HBI_125601_FlintStoneCombo.jpg
07-30-2021 @ 12:38:12 - Attachment ID:7123
07-30-2021 @ 12:38:12 - Row :70 - Product imported successfully.
07-30-2021 @ 12:38:15 - Preparing for import.
07-30-2021 @ 12:38:15 - Row :71 - Parsing item.
07-30-2021 @ 12:38:15 - Importing as new product ID:7155
07-30-2021 @ 12:38:15 - Row :71 - Processing item.
07-30-2021 @ 12:38:15 - Found variation product object. ID:7155
07-30-2021 @ 12:38:15 - Setting Featured Image. URL:https://nylimages.s3.amazonaws.com/HBI_125601_FlintStoneCombo.jpg
07-30-2021 @ 12:38:15 - Attachment ID:7123
07-30-2021 @ 12:38:15 - Row :71 - Product imported successfully.
07-30-2021 @ 12:38:15 - Row :72 - Parsing item.
07-30-2021 @ 12:38:15 - Importing as new product ID:7156
07-30-2021 @ 12:38:15 - Row :72 - Processing item.
07-30-2021 @ 12:38:15 - Found variation product object. ID:7156
07-30-2021 @ 12:38:16 - Setting Featured Image. URL:https://nylimages.s3.amazonaws.com/HBI_125601_FlintStoneCombo.jpg
07-30-2021 @ 12:38:16 - Attachment ID:7123
07-30-2021 @ 12:38:16 - Row :72 - Product imported successfully.
07-30-2021 @ 12:38:16 - Row :73 - Parsing item.
07-30-2021 @ 12:38:16 - Importing as new product ID:7157
07-30-2021 @ 12:38:16 - Row :73 - Processing item.
07-30-2021 @ 12:38:16 - Found variation product object. ID:7157
07-30-2021 @ 12:38:16 - Setting Featured Image. URL:https://nylimages.s3.amazonaws.com/HBI_125601_FlintStoneCombo.jpg
07-30-2021 @ 12:38:16 - Attachment ID:7123
07-30-2021 @ 12:38:16 - Row :73 - Product imported successfully.
07-30-2021 @ 12:38:16 - Row :74 - Parsing item.
07-30-2021 @ 12:38:16 - Importing as new product ID:7158
07-30-2021 @ 12:38:16 - Row :74 - Processing item.
07-30-2021 @ 12:38:16 - Found variation product object. ID:7158
07-30-2021 @ 12:38:16 - Setting Featured Image. URL:https://nylimages.s3.amazonaws.com/HBI_125601_FlintStoneCombo.jpg
07-30-2021 @ 12:38:16 - Attachment ID:7123
07-30-2021 @ 12:38:16 - Row :74 - Product imported successfully.
07-30-2021 @ 12:38:16 - Row :75 - Parsing item.
07-30-2021 @ 12:38:16 - Importing as new product ID:7159
07-30-2021 @ 12:38:16 - Row :75 - Processing item.
07-30-2021 @ 12:38:16 - Found variable product object. ID:7159
07-30-2021 @ 12:38:16 - Setting Featured Image. URL:https://nylimages.s3.amazonaws.com/HBI_125605_TealCombo.jpg
07-30-2021 @ 12:38:17 - Attachment ID:7160
07-30-2021 @ 12:38:17 - Row :75 - Product imported successfully.
07-30-2021 @ 12:38:17 - Row :76 - Parsing item.
07-30-2021 @ 12:38:17 - Importing as new product ID:7161
07-30-2021 @ 12:38:17 - Row :76 - Processing item.
07-30-2021 @ 12:38:17 - Found variation product object. ID:7161
07-30-2021 @ 12:38:17 - Setting Featured Image. URL:https://nylimages.s3.amazonaws.com/HBI_125605_TealCombo.jpg
07-30-2021 @ 12:38:17 - Attachment ID:7160
07-30-2021 @ 12:38:17 - Row :76 - Product imported successfully.
07-30-2021 @ 12:38:17 - Row :77 - Parsing item.
07-30-2021 @ 12:38:17 - Importing as new product ID:7162
07-30-2021 @ 12:38:17 - Row :77 - Processing item.
07-30-2021 @ 12:38:17 - Found variation product object. ID:7162
07-30-2021 @ 12:38:17 - Setting Featured Image. URL:https://nylimages.s3.amazonaws.com/HBI_125605_TealCombo.jpg
07-30-2021 @ 12:38:17 - Attachment ID:7160
07-30-2021 @ 12:38:17 - Row :77 - Product imported successfully.
07-30-2021 @ 12:38:17 - Row :78 - Parsing item.
07-30-2021 @ 12:38:17 - Importing as new product ID:7163
07-30-2021 @ 12:38:17 - Row :78 - Processing item.
07-30-2021 @ 12:38:17 - Found variation product object. ID:7163
07-30-2021 @ 12:38:17 - Setting Featured Image. URL:https://nylimages.s3.amazonaws.com/HBI_125605_TealCombo.jpg
07-30-2021 @ 12:38:17 - Attachment ID:7160
07-30-2021 @ 12:38:18 - Row :78 - Product imported successfully.
07-30-2021 @ 12:38:18 - Row :79 - Parsing item.
07-30-2021 @ 12:38:18 - Importing as new product ID:7164
07-30-2021 @ 12:38:18 - Row :79 - Processing item.
07-30-2021 @ 12:38:18 - Found variation product object. ID:7164
07-30-2021 @ 12:38:18 - Setting Featured Image. URL:https://nylimages.s3.amazonaws.com/HBI_125605_TealCombo.jpg
07-30-2021 @ 12:38:18 - Attachment ID:7160
07-30-2021 @ 12:38:18 - Row :79 - Product imported successfully.
07-30-2021 @ 12:38:18 - Row :80 - Parsing item.
07-30-2021 @ 12:38:18 - Importing as new product ID:7165
07-30-2021 @ 12:38:18 - Row :80 - Processing item.
07-30-2021 @ 12:38:18 - Found variation product object. ID:7165
07-30-2021 @ 12:38:18 - Setting Featured Image. URL:https://nylimages.s3.amazonaws.com/HBI_125605_TealCombo.jpg
07-30-2021 @ 12:38:18 - Attachment ID:7160
07-30-2021 @ 12:38:18 - Row :80 - Product imported successfully.
07-30-2021 @ 12:38:20 - Preparing for import.
07-30-2021 @ 12:38:20 - Row :81 - Parsing item.
07-30-2021 @ 12:38:20 - Importing as new product ID:7166
07-30-2021 @ 12:38:20 - Row :81 - Processing item.
07-30-2021 @ 12:38:20 - Found variable product object. ID:7166
07-30-2021 @ 12:38:20 - Setting Featured Image. URL:https://nylimages.s3.amazonaws.com/HBI_125606_TealCombo.jpg
07-30-2021 @ 12:38:21 - Attachment ID:7167
07-30-2021 @ 12:38:21 - Row :81 - Product imported successfully.
07-30-2021 @ 12:38:21 - Row :82 - Parsing item.
07-30-2021 @ 12:38:21 - Importing as new product ID:7168
07-30-2021 @ 12:38:21 - Row :82 - Processing item.
07-30-2021 @ 12:38:21 - Found variation product object. ID:7168
07-30-2021 @ 12:38:21 - Setting Featured Image. URL:https://nylimages.s3.amazonaws.com/HBI_125606_TealCombo.jpg
07-30-2021 @ 12:38:21 - Attachment ID:7167
07-30-2021 @ 12:38:21 - Row :82 - Product imported successfully.
07-30-2021 @ 12:38:21 - Row :83 - Parsing item.
07-30-2021 @ 12:38:21 - Importing as new product ID:7169
07-30-2021 @ 12:38:21 - Row :83 - Processing item.
07-30-2021 @ 12:38:21 - Found variation product object. ID:7169
07-30-2021 @ 12:38:22 - Setting Featured Image. URL:https://nylimages.s3.amazonaws.com/HBI_125606_TealCombo.jpg
07-30-2021 @ 12:38:22 - Attachment ID:7167
07-30-2021 @ 12:38:22 - Row :83 - Product imported successfully.
07-30-2021 @ 12:38:22 - Row :84 - Parsing item.
07-30-2021 @ 12:38:22 - Importing as new product ID:7170
07-30-2021 @ 12:38:22 - Row :84 - Processing item.
07-30-2021 @ 12:38:22 - Found variation product object. ID:7170
07-30-2021 @ 12:38:22 - Setting Featured Image. URL:https://nylimages.s3.amazonaws.com/HBI_125606_TealCombo.jpg
07-30-2021 @ 12:38:22 - Attachment ID:7167
07-30-2021 @ 12:38:22 - Row :84 - Product imported successfully.
07-30-2021 @ 12:38:22 - Row :85 - Parsing item.
07-30-2021 @ 12:38:22 - Importing as new product ID:7171
07-30-2021 @ 12:38:22 - Row :85 - Processing item.
07-30-2021 @ 12:38:22 - Found variation product object. ID:7171
07-30-2021 @ 12:38:22 - Setting Featured Image. URL:https://nylimages.s3.amazonaws.com/HBI_125606_TealCombo.jpg
07-30-2021 @ 12:38:22 - Attachment ID:7167
07-30-2021 @ 12:38:22 - Row :85 - Product imported successfully.
07-30-2021 @ 12:38:22 - Row :86 - Parsing item.
07-30-2021 @ 12:38:22 - Importing as new product ID:7172
07-30-2021 @ 12:38:22 - Row :86 - Processing item.
07-30-2021 @ 12:38:22 - Found variation product object. ID:7172
07-30-2021 @ 12:38:22 - Setting Featured Image. URL:https://nylimages.s3.amazonaws.com/HBI_125606_TealCombo.jpg
07-30-2021 @ 12:38:22 - Attachment ID:7167
07-30-2021 @ 12:38:22 - Row :86 - Product imported successfully.
07-30-2021 @ 12:38:22 - Row :87 - Parsing item.
07-30-2021 @ 12:38:22 - Importing as new product ID:7173
07-30-2021 @ 12:38:22 - Row :87 - Processing item.
07-30-2021 @ 12:38:22 - Found variable product object. ID:7173
07-30-2021 @ 12:38:22 - Setting Featured Image. URL:https://nylimages.s3.amazonaws.com/HBI_125607_Astral.jpg
07-30-2021 @ 12:38:23 - Attachment ID:7174
07-30-2021 @ 12:38:23 - Row :87 - Product imported successfully.
07-30-2021 @ 12:38:23 - Row :88 - Parsing item.
07-30-2021 @ 12:38:23 - Importing as new product ID:7175
07-30-2021 @ 12:38:23 - Row :88 - Processing item.
07-30-2021 @ 12:38:23 - Found variation product object. ID:7175
07-30-2021 @ 12:38:23 - Setting Featured Image. URL:https://nylimages.s3.amazonaws.com/HBI_125607_Astral.jpg
07-30-2021 @ 12:38:23 - Attachment ID:7174
07-30-2021 @ 12:38:23 - Row :88 - Product imported successfully.
07-30-2021 @ 12:38:23 - Row :89 - Parsing item.
07-30-2021 @ 12:38:23 - Importing as new product ID:7176
07-30-2021 @ 12:38:23 - Row :89 - Processing item.
07-30-2021 @ 12:38:23 - Found variation product object. ID:7176
07-30-2021 @ 12:38:23 - Setting Featured Image. URL:https://nylimages.s3.amazonaws.com/HBI_125607_Astral.jpg
07-30-2021 @ 12:38:23 - Attachment ID:7174
07-30-2021 @ 12:38:23 - Row :89 - Product imported successfully.
07-30-2021 @ 12:38:23 - Row :90 - Parsing item.
07-30-2021 @ 12:38:23 - Importing as new product ID:7177
07-30-2021 @ 12:38:23 - Row :90 - Processing item.
07-30-2021 @ 12:38:23 - Found variation product object. ID:7177
07-30-2021 @ 12:38:24 - Setting Featured Image. URL:https://nylimages.s3.amazonaws.com/HBI_125607_Astral.jpg
07-30-2021 @ 12:38:24 - Attachment ID:7174
07-30-2021 @ 12:38:24 - Row :90 - Product imported successfully.
07-30-2021 @ 12:38:26 - Preparing for import.
07-30-2021 @ 12:38:26 - Row :91 - Parsing item.
07-30-2021 @ 12:38:26 - Importing as new product ID:7178
07-30-2021 @ 12:38:26 - Row :91 - Processing item.
07-30-2021 @ 12:38:26 - Found variation product object. ID:7178
07-30-2021 @ 12:38:26 - Setting Featured Image. URL:https://nylimages.s3.amazonaws.com/HBI_125607_Astral.jpg
07-30-2021 @ 12:38:26 - Attachment ID:7174
07-30-2021 @ 12:38:26 - Row :91 - Product imported successfully.
07-30-2021 @ 12:38:26 - Row :92 - Parsing item.
07-30-2021 @ 12:38:26 - Importing as new product ID:7179
07-30-2021 @ 12:38:26 - Row :92 - Processing item.
07-30-2021 @ 12:38:26 - Found variation product object. ID:7179
07-30-2021 @ 12:38:26 - Setting Featured Image. URL:https://nylimages.s3.amazonaws.com/HBI_125607_Astral.jpg
07-30-2021 @ 12:38:26 - Attachment ID:7174
07-30-2021 @ 12:38:27 - Row :92 - Product imported successfully.
07-30-2021 @ 12:38:27 - Row :93 - Parsing item.
07-30-2021 @ 12:38:27 - Importing as new product ID:7180
07-30-2021 @ 12:38:27 - Row :93 - Processing item.
07-30-2021 @ 12:38:27 - Found variable product object. ID:7180
07-30-2021 @ 12:38:27 - Setting Featured Image. URL:https://nylimages.s3.amazonaws.com/HBI_125609_GreyBlackCombo.jpg
07-30-2021 @ 12:38:28 - Attachment ID:7181
07-30-2021 @ 12:38:28 - Row :93 - Product imported successfully.
07-30-2021 @ 12:38:28 - Row :94 - Parsing item.
07-30-2021 @ 12:38:28 - Importing as new product ID:7182
07-30-2021 @ 12:38:28 - Row :94 - Processing item.
07-30-2021 @ 12:38:28 - Found variation product object. ID:7182
07-30-2021 @ 12:38:28 - Setting Featured Image. URL:https://nylimages.s3.amazonaws.com/HBI_125609_GreyBlackCombo.jpg
07-30-2021 @ 12:38:28 - Attachment ID:7181
07-30-2021 @ 12:38:28 - Row :94 - Product imported successfully.
07-30-2021 @ 12:38:28 - Row :95 - Parsing item.
07-30-2021 @ 12:38:28 - Importing as new product ID:7183
07-30-2021 @ 12:38:28 - Row :95 - Processing item.
07-30-2021 @ 12:38:28 - Found variation product object. ID:7183
07-30-2021 @ 12:38:28 - Setting Featured Image. URL:https://nylimages.s3.amazonaws.com/HBI_125609_GreyBlackCombo.jpg
07-30-2021 @ 12:38:28 - Attachment ID:7181
07-30-2021 @ 12:38:28 - Row :95 - Product imported successfully.
07-30-2021 @ 12:38:28 - Row :96 - Parsing item.
07-30-2021 @ 12:38:28 - Importing as new product ID:7184
07-30-2021 @ 12:38:28 - Row :96 - Processing item.
07-30-2021 @ 12:38:28 - Found variation product object. ID:7184
07-30-2021 @ 12:38:28 - Setting Featured Image. URL:https://nylimages.s3.amazonaws.com/HBI_125609_GreyBlackCombo.jpg
07-30-2021 @ 12:38:28 - Attachment ID:7181
07-30-2021 @ 12:38:28 - Row :96 - Product imported successfully.
07-30-2021 @ 12:38:28 - Row :97 - Parsing item.
07-30-2021 @ 12:38:28 - Importing as new product ID:7185
07-30-2021 @ 12:38:28 - Row :97 - Processing item.
07-30-2021 @ 12:38:28 - Found variation product object. ID:7185
07-30-2021 @ 12:38:28 - Setting Featured Image. URL:https://nylimages.s3.amazonaws.com/HBI_125609_GreyBlackCombo.jpg
07-30-2021 @ 12:38:28 - Attachment ID:7181
07-30-2021 @ 12:38:28 - Row :97 - Product imported successfully.
07-30-2021 @ 12:38:28 - Row :98 - Parsing item.
07-30-2021 @ 12:38:28 - Importing as new product ID:7186
07-30-2021 @ 12:38:28 - Row :98 - Processing item.
07-30-2021 @ 12:38:28 - Found variation product object. ID:7186
07-30-2021 @ 12:38:28 - Setting Featured Image. URL:https://nylimages.s3.amazonaws.com/HBI_125609_GreyBlackCombo.jpg
07-30-2021 @ 12:38:28 - Attachment ID:7181
07-30-2021 @ 12:38:29 - Row :98 - Product imported successfully.
07-30-2021 @ 12:38:29 - Row :99 - Parsing item.
07-30-2021 @ 12:38:29 - Importing as new product ID:7187
07-30-2021 @ 12:38:29 - Row :99 - Processing item.
07-30-2021 @ 12:38:29 - Found variation product object. ID:7187
07-30-2021 @ 12:38:29 - Setting Featured Image. URL:https://nylimages.s3.amazonaws.com/HBI_125609_NavyCombo.jpg
07-30-2021 @ 12:38:30 - Attachment ID:7188
07-30-2021 @ 12:38:30 - Row :99 - Product imported successfully.
07-30-2021 @ 12:38:30 - Row :100 - Parsing item.
07-30-2021 @ 12:38:30 - Importing as new product ID:7189
07-30-2021 @ 12:38:30 - Row :100 - Processing item.
07-30-2021 @ 12:38:30 - Found variation product object. ID:7189
07-30-2021 @ 12:38:30 - Setting Featured Image. URL:https://nylimages.s3.amazonaws.com/HBI_125609_NavyCombo.jpg
07-30-2021 @ 12:38:30 - Attachment ID:7188
07-30-2021 @ 12:38:30 - Row :100 - Product imported successfully.
07-30-2021 @ 12:38:32 - Preparing for import.
07-30-2021 @ 12:38:32 - Row :101 - Parsing item.
07-30-2021 @ 12:38:32 - Importing as new product ID:7190
07-30-2021 @ 12:38:32 - Row :101 - Processing item.
07-30-2021 @ 12:38:32 - Found variation product object. ID:7190
07-30-2021 @ 12:38:32 - Setting Featured Image. URL:https://nylimages.s3.amazonaws.com/HBI_125609_NavyCombo.jpg
07-30-2021 @ 12:38:32 - Attachment ID:7188
07-30-2021 @ 12:38:32 - Row :101 - Product imported successfully.
07-30-2021 @ 12:38:32 - Row :102 - Parsing item.
07-30-2021 @ 12:38:32 - Importing as new product ID:7191
07-30-2021 @ 12:38:32 - Row :102 - Processing item.
07-30-2021 @ 12:38:32 - Found variation product object. ID:7191
07-30-2021 @ 12:38:32 - Setting Featured Image. URL:https://nylimages.s3.amazonaws.com/HBI_125609_NavyCombo.jpg
07-30-2021 @ 12:38:32 - Attachment ID:7188
07-30-2021 @ 12:38:32 - Row :102 - Product imported successfully.
07-30-2021 @ 12:38:32 - Row :103 - Parsing item.
07-30-2021 @ 12:38:32 - Importing as new product ID:7192
07-30-2021 @ 12:38:32 - Row :103 - Processing item.
07-30-2021 @ 12:38:32 - Found variation product object. ID:7192
07-30-2021 @ 12:38:32 - Setting Featured Image. URL:https://nylimages.s3.amazonaws.com/HBI_125609_NavyCombo.jpg
07-30-2021 @ 12:38:32 - Attachment ID:7188
07-30-2021 @ 12:38:32 - Row :103 - Product imported successfully.
07-30-2021 @ 12:38:32 - Row :104 - Parsing item.
07-30-2021 @ 12:38:32 - Importing as new product ID:7193
07-30-2021 @ 12:38:32 - Row :104 - Processing item.
07-30-2021 @ 12:38:32 - Found variable product object. ID:7193
07-30-2021 @ 12:38:32 - Setting Featured Image. URL:https://nylimages.s3.amazonaws.com/HBI_M09729_Black_sw.jpg
07-30-2021 @ 12:38:32 - Attachment ID:5437
07-30-2021 @ 12:38:32 - Row :104 - Product imported successfully.
07-30-2021 @ 12:38:32 - Row :105 - Parsing item.
07-30-2021 @ 12:38:32 - Importing as new product ID:7194
07-30-2021 @ 12:38:32 - Row :105 - Processing item.
07-30-2021 @ 12:38:32 - Found variation product object. ID:7194
07-30-2021 @ 12:38:32 - Setting Featured Image. URL:https://nylimages.s3.amazonaws.com/HBI_M09729_Black_sw.jpg
07-30-2021 @ 12:38:32 - Attachment ID:5437
07-30-2021 @ 12:38:32 - Row :105 - Product imported successfully.
07-30-2021 @ 12:38:32 - Row :106 - Parsing item.
07-30-2021 @ 12:38:32 - Importing as new product ID:7195
07-30-2021 @ 12:38:32 - Row :106 - Processing item.
07-30-2021 @ 12:38:32 - Found variation product object. ID:7195
07-30-2021 @ 12:38:32 - Setting Featured Image. URL:https://nylimages.s3.amazonaws.com/HBI_M09729_Black_sw.jpg
07-30-2021 @ 12:38:32 - Attachment ID:5437
07-30-2021 @ 12:38:32 - Row :106 - Product imported successfully.
07-30-2021 @ 12:38:32 - Row :107 - Parsing item.
07-30-2021 @ 12:38:32 - Importing as new product ID:7196
07-30-2021 @ 12:38:32 - Row :107 - Processing item.
07-30-2021 @ 12:38:32 - Found variation product object. ID:7196
07-30-2021 @ 12:38:33 - Setting Featured Image. URL:https://nylimages.s3.amazonaws.com/HBI_M09729_Black_sw.jpg
07-30-2021 @ 12:38:33 - Attachment ID:5437
07-30-2021 @ 12:38:33 - Row :107 - Product imported successfully.
07-30-2021 @ 12:38:33 - Row :108 - Parsing item.
07-30-2021 @ 12:38:33 - Importing as new product ID:7197
07-30-2021 @ 12:38:33 - Row :108 - Processing item.
07-30-2021 @ 12:38:33 - Found variation product object. ID:7197
07-30-2021 @ 12:38:33 - Setting Featured Image. URL:https://nylimages.s3.amazonaws.com/HBI_M09729_Black_sw.jpg
07-30-2021 @ 12:38:33 - Attachment ID:5437
07-30-2021 @ 12:38:33 - Row :108 - Product imported successfully.
07-30-2021 @ 12:38:33 - Row :109 - Parsing item.
07-30-2021 @ 12:38:33 - Importing as new product ID:7198
07-30-2021 @ 12:38:33 - Row :109 - Processing item.
07-30-2021 @ 12:38:33 - Found variation product object. ID:7198
07-30-2021 @ 12:38:33 - Setting Featured Image. URL:https://nylimages.s3.amazonaws.com/HBI_M09729_Black_sw.jpg
07-30-2021 @ 12:38:33 - Attachment ID:5437
07-30-2021 @ 12:38:33 - Row :109 - Product imported successfully.
07-30-2021 @ 12:38:33 - Row :110 - Parsing item.
07-30-2021 @ 12:38:33 - Importing as new product ID:7199
07-30-2021 @ 12:38:33 - Row :110 - Processing item.
07-30-2021 @ 12:38:33 - Found variation product object. ID:7199
07-30-2021 @ 12:38:33 - Setting Featured Image. URL:https://nylimages.s3.amazonaws.com/HBI_M09729_White_sw.jpg
07-30-2021 @ 12:38:33 - Attachment ID:7200
07-30-2021 @ 12:38:33 - Row :110 - Product imported successfully.
07-30-2021 @ 12:38:35 - Preparing for import.
07-30-2021 @ 12:38:35 - Row :111 - Parsing item.
07-30-2021 @ 12:38:35 - Importing as new product ID:7201
07-30-2021 @ 12:38:35 - Row :111 - Processing item.
07-30-2021 @ 12:38:35 - Found variation product object. ID:7201
07-30-2021 @ 12:38:35 - Setting Featured Image. URL:https://nylimages.s3.amazonaws.com/HBI_M09729_White_sw.jpg
07-30-2021 @ 12:38:35 - Attachment ID:7200
07-30-2021 @ 12:38:35 - Row :111 - Product imported successfully.
07-30-2021 @ 12:38:35 - Row :112 - Parsing item.
07-30-2021 @ 12:38:35 - Importing as new product ID:7202
07-30-2021 @ 12:38:35 - Row :112 - Processing item.
07-30-2021 @ 12:38:35 - Found variation product object. ID:7202
07-30-2021 @ 12:38:35 - Setting Featured Image. URL:https://nylimages.s3.amazonaws.com/HBI_M09729_White_sw.jpg
07-30-2021 @ 12:38:35 - Attachment ID:7200
07-30-2021 @ 12:38:35 - Row :112 - Product imported successfully.
07-30-2021 @ 12:38:35 - Row :113 - Parsing item.
07-30-2021 @ 12:38:36 - Importing as new product ID:7203
07-30-2021 @ 12:38:36 - Row :113 - Processing item.
07-30-2021 @ 12:38:36 - Found variation product object. ID:7203
07-30-2021 @ 12:38:36 - Setting Featured Image. URL:https://nylimages.s3.amazonaws.com/HBI_M09729_White_sw.jpg
07-30-2021 @ 12:38:36 - Attachment ID:7200
07-30-2021 @ 12:38:36 - Row :113 - Product imported successfully.
07-30-2021 @ 12:38:36 - Row :114 - Parsing item.
07-30-2021 @ 12:38:36 - Importing as new product ID:7204
07-30-2021 @ 12:38:36 - Row :114 - Processing item.
07-30-2021 @ 12:38:36 - Found variation product object. ID:7204
07-30-2021 @ 12:38:36 - Setting Featured Image. URL:https://nylimages.s3.amazonaws.com/HBI_M09729_White_sw.jpg
07-30-2021 @ 12:38:36 - Attachment ID:7200
07-30-2021 @ 12:38:36 - Row :114 - Product imported successfully.
07-30-2021 @ 12:38:36 - Row :115 - Parsing item.
07-30-2021 @ 12:38:36 - Importing as new product ID:7205
07-30-2021 @ 12:38:36 - Row :115 - Processing item.
07-30-2021 @ 12:38:36 - Found variation product object. ID:7205
07-30-2021 @ 12:38:36 - Setting Featured Image. URL:https://nylimages.s3.amazonaws.com/HBI_M09729_LatteLift_sw.jpg
07-30-2021 @ 12:38:36 - Attachment ID:5443
07-30-2021 @ 12:38:36 - Row :115 - Product imported successfully.
07-30-2021 @ 12:38:36 - Row :116 - Parsing item.
07-30-2021 @ 12:38:36 - Importing as new product ID:7206
07-30-2021 @ 12:38:36 - Row :116 - Processing item.
07-30-2021 @ 12:38:36 - Found variation product object. ID:7206
07-30-2021 @ 12:38:36 - Setting Featured Image. URL:https://nylimages.s3.amazonaws.com/HBI_M09729_LatteLift_sw.jpg
07-30-2021 @ 12:38:36 - Attachment ID:5443
07-30-2021 @ 12:38:36 - Row :116 - Product imported successfully.
07-30-2021 @ 12:38:36 - Row :117 - Parsing item.
07-30-2021 @ 12:38:36 - Importing as new product ID:7207
07-30-2021 @ 12:38:36 - Row :117 - Processing item.
07-30-2021 @ 12:38:36 - Found variation product object. ID:7207
07-30-2021 @ 12:38:36 - Setting Featured Image. URL:https://nylimages.s3.amazonaws.com/HBI_M09729_LatteLift_sw.jpg
07-30-2021 @ 12:38:36 - Attachment ID:5443
07-30-2021 @ 12:38:36 - Row :117 - Product imported successfully.
07-30-2021 @ 12:38:36 - Row :118 - Parsing item.
07-30-2021 @ 12:38:36 - Importing as new product ID:7208
07-30-2021 @ 12:38:36 - Row :118 - Processing item.
07-30-2021 @ 12:38:36 - Found variation product object. ID:7208
07-30-2021 @ 12:38:36 - Setting Featured Image. URL:https://nylimages.s3.amazonaws.com/HBI_M09729_LatteLift_sw.jpg
07-30-2021 @ 12:38:36 - Attachment ID:5443
07-30-2021 @ 12:38:36 - Row :118 - Product imported successfully.
07-30-2021 @ 12:38:36 - Row :119 - Parsing item.
07-30-2021 @ 12:38:36 - Importing as new product ID:7209
07-30-2021 @ 12:38:36 - Row :119 - Processing item.
07-30-2021 @ 12:38:36 - Found variation product object. ID:7209
07-30-2021 @ 12:38:36 - Setting Featured Image. URL:https://nylimages.s3.amazonaws.com/HBI_M09729_LatteLift_sw.jpg
07-30-2021 @ 12:38:36 - Attachment ID:5443
07-30-2021 @ 12:38:36 - Row :119 - Product imported successfully.
07-30-2021 @ 12:38:36 - Row :120 - Parsing item.
07-30-2021 @ 12:38:36 - Importing as new product ID:7210
07-30-2021 @ 12:38:36 - Row :120 - Processing item.
07-30-2021 @ 12:38:36 - Found variable product object. ID:7210
07-30-2021 @ 12:38:36 - Setting Featured Image. URL:https://cdn1.nuorder.com/product/f869343505ad3f38b740868e4411b381.jpg
07-30-2021 @ 12:38:37 - Attachment ID:7211
07-30-2021 @ 12:38:37 - Setting Gallery Images.
07-30-2021 @ 12:38:37 - Image URL:https://cdn1.nuorder.com/product/d206bb44cc5aaf734a820e3a28d572fc.jpg
07-30-2021 @ 12:38:37 - Attachment ID:7212
07-30-2021 @ 12:38:37 - Row :120 - Product imported successfully.
07-30-2021 @ 12:38:39 - Preparing for import.
07-30-2021 @ 12:38:39 - Row :121 - Parsing item.
07-30-2021 @ 12:38:39 - Importing as new product ID:7213
07-30-2021 @ 12:38:39 - Row :121 - Processing item.
07-30-2021 @ 12:38:39 - Found variation product object. ID:7213
07-30-2021 @ 12:38:39 - Setting Featured Image. URL:https://nylimages.s3.amazonaws.com/HBI_M12622_Black_sw.jpg
07-30-2021 @ 12:38:39 - Attachment ID:7214
07-30-2021 @ 12:38:39 - Row :121 - Product imported successfully.
07-30-2021 @ 12:38:39 - Row :122 - Parsing item.
07-30-2021 @ 12:38:39 - Importing as new product ID:7215
07-30-2021 @ 12:38:39 - Row :122 - Processing item.
07-30-2021 @ 12:38:39 - Found variation product object. ID:7215
07-30-2021 @ 12:38:39 - Setting Featured Image. URL:https://nylimages.s3.amazonaws.com/HBI_M12622_Black_sw.jpg
07-30-2021 @ 12:38:39 - Attachment ID:7214
07-30-2021 @ 12:38:39 - Row :122 - Product imported successfully.
07-30-2021 @ 12:38:39 - Row :123 - Parsing item.
07-30-2021 @ 12:38:39 - Importing as new product ID:7216
07-30-2021 @ 12:38:39 - Row :123 - Processing item.
07-30-2021 @ 12:38:39 - Found variation product object. ID:7216
07-30-2021 @ 12:38:40 - Setting Featured Image. URL:https://nylimages.s3.amazonaws.com/HBI_M12622_Black_sw.jpg
07-30-2021 @ 12:38:40 - Attachment ID:7214
07-30-2021 @ 12:38:40 - Row :123 - Product imported successfully.
07-30-2021 @ 12:38:40 - Row :124 - Parsing item.
07-30-2021 @ 12:38:40 - Importing as new product ID:7217
07-30-2021 @ 12:38:40 - Row :124 - Processing item.
07-30-2021 @ 12:38:40 - Found variation product object. ID:7217
07-30-2021 @ 12:38:40 - Setting Featured Image. URL:https://nylimages.s3.amazonaws.com/HBI_M12622_Black_sw.jpg
07-30-2021 @ 12:38:40 - Attachment ID:7214
07-30-2021 @ 12:38:40 - Row :124 - Product imported successfully.
07-30-2021 @ 12:38:40 - Row :125 - Parsing item.
07-30-2021 @ 12:38:40 - Importing as new product ID:7218
07-30-2021 @ 12:38:40 - Row :125 - Processing item.
07-30-2021 @ 12:38:40 - Found variation product object. ID:7218
07-30-2021 @ 12:38:40 - Setting Featured Image. URL:https://nylimages.s3.amazonaws.com/HBI_M12622_Black_sw.jpg
07-30-2021 @ 12:38:40 - Attachment ID:7214
07-30-2021 @ 12:38:40 - Row :125 - Product imported successfully.
07-30-2021 @ 12:38:40 - Row :126 - Parsing item.
07-30-2021 @ 12:38:40 - Importing as new product ID:7219
07-30-2021 @ 12:38:40 - Row :126 - Processing item.
07-30-2021 @ 12:38:40 - Found variation product object. ID:7219
07-30-2021 @ 12:38:40 - Setting Featured Image. URL:https://nylimages.s3.amazonaws.com/HBI_M12622_LatteLift_sw.jpg
07-30-2021 @ 12:38:40 - Attachment ID:7220
07-30-2021 @ 12:38:40 - Row :126 - Product imported successfully.
07-30-2021 @ 12:38:40 - Row :127 - Parsing item.
07-30-2021 @ 12:38:40 - Importing as new product ID:7221
07-30-2021 @ 12:38:40 - Row :127 - Processing item.
07-30-2021 @ 12:38:40 - Found variation product object. ID:7221
07-30-2021 @ 12:38:40 - Setting Featured Image. URL:https://nylimages.s3.amazonaws.com/HBI_M12622_LatteLift_sw.jpg
07-30-2021 @ 12:38:40 - Attachment ID:7220
07-30-2021 @ 12:38:40 - Row :127 - Product imported successfully.
07-30-2021 @ 12:38:40 - Row :128 - Parsing item.
07-30-2021 @ 12:38:40 - Importing as new product ID:7222
07-30-2021 @ 12:38:40 - Row :128 - Processing item.
07-30-2021 @ 12:38:40 - Found variation product object. ID:7222
07-30-2021 @ 12:38:41 - Setting Featured Image. URL:https://nylimages.s3.amazonaws.com/HBI_M12622_LatteLift_sw.jpg
07-30-2021 @ 12:38:41 - Attachment ID:7220
07-30-2021 @ 12:38:41 - Row :128 - Product imported successfully.
07-30-2021 @ 12:38:41 - Row :129 - Parsing item.
07-30-2021 @ 12:38:41 - Importing as new product ID:7223
07-30-2021 @ 12:38:41 - Row :129 - Processing item.
07-30-2021 @ 12:38:41 - Found variation product object. ID:7223
07-30-2021 @ 12:38:41 - Setting Featured Image. URL:https://nylimages.s3.amazonaws.com/HBI_M12622_LatteLift_sw.jpg
07-30-2021 @ 12:38:41 - Attachment ID:7220
07-30-2021 @ 12:38:41 - Row :129 - Product imported successfully.
07-30-2021 @ 12:38:41 - Row :130 - Parsing item.
07-30-2021 @ 12:38:41 - Importing as new product ID:7224
07-30-2021 @ 12:38:41 - Row :130 - Processing item.
07-30-2021 @ 12:38:41 - Found variation product object. ID:7224
07-30-2021 @ 12:38:41 - Setting Featured Image. URL:https://nylimages.s3.amazonaws.com/HBI_M12622_LatteLift_sw.jpg
07-30-2021 @ 12:38:41 - Attachment ID:7220
07-30-2021 @ 12:38:41 - Row :130 - Product imported successfully.
07-30-2021 @ 12:38:42 - Preparing for import.
07-30-2021 @ 12:38:42 - Row :131 - Parsing item.
07-30-2021 @ 12:38:42 - Importing as new product ID:7225
07-30-2021 @ 12:38:42 - Row :131 - Processing item.
07-30-2021 @ 12:38:42 - Found variable product object. ID:7225
07-30-2021 @ 12:38:42 - Setting Featured Image. URL:https://nylimages.s3.amazonaws.com/91DAe1pKwWL._UX1500_.jpg
07-30-2021 @ 12:38:44 - Attachment ID:7226
07-30-2021 @ 12:38:44 - Setting Gallery Images.
07-30-2021 @ 12:38:44 - Image URL:https://nylimages.s3.amazonaws.com/91MsBLR-nPL._UX1500_.jpg
07-30-2021 @ 12:38:45 - Attachment ID:7227
07-30-2021 @ 12:38:45 - Row :131 - Product imported successfully.
07-30-2021 @ 12:38:45 - Row :132 - Parsing item.
07-30-2021 @ 12:38:45 - Importing as new product ID:7228
07-30-2021 @ 12:38:45 - Row :132 - Processing item.
07-30-2021 @ 12:38:45 - Found variation product object. ID:7228
07-30-2021 @ 12:38:45 - Setting Featured Image. URL:https://nylimages.s3.amazonaws.com/HBI_M12627_Black_sw.jpg
07-30-2021 @ 12:38:46 - Attachment ID:7229
07-30-2021 @ 12:38:46 - Row :132 - Product imported successfully.
07-30-2021 @ 12:38:46 - Row :133 - Parsing item.
07-30-2021 @ 12:38:46 - Importing as new product ID:7230
07-30-2021 @ 12:38:46 - Row :133 - Processing item.
07-30-2021 @ 12:38:46 - Found variation product object. ID:7230
07-30-2021 @ 12:38:46 - Setting Featured Image. URL:https://nylimages.s3.amazonaws.com/HBI_M12627_Black_sw.jpg
07-30-2021 @ 12:38:46 - Attachment ID:7229
07-30-2021 @ 12:38:46 - Row :133 - Product imported successfully.
07-30-2021 @ 12:38:46 - Row :134 - Parsing item.
07-30-2021 @ 12:38:46 - Importing as new product ID:7231
07-30-2021 @ 12:38:46 - Row :134 - Processing item.
07-30-2021 @ 12:38:46 - Found variation product object. ID:7231
07-30-2021 @ 12:38:46 - Setting Featured Image. URL:https://nylimages.s3.amazonaws.com/HBI_M12627_Black_sw.jpg
07-30-2021 @ 12:38:46 - Attachment ID:7229
07-30-2021 @ 12:38:46 - Row :134 - Product imported successfully.
07-30-2021 @ 12:38:46 - Row :135 - Parsing item.
07-30-2021 @ 12:38:46 - Importing as new product ID:7232
07-30-2021 @ 12:38:46 - Row :135 - Processing item.
07-30-2021 @ 12:38:46 - Found variation product object. ID:7232
07-30-2021 @ 12:38:46 - Setting Featured Image. URL:https://nylimages.s3.amazonaws.com/HBI_M12627_Black_sw.jpg
07-30-2021 @ 12:38:46 - Attachment ID:7229
07-30-2021 @ 12:38:46 - Row :135 - Product imported successfully.
07-30-2021 @ 12:38:46 - Row :136 - Parsing item.
07-30-2021 @ 12:38:46 - Importing as new product ID:7233
07-30-2021 @ 12:38:46 - Row :136 - Processing item.
07-30-2021 @ 12:38:46 - Found variation product object. ID:7233
07-30-2021 @ 12:38:46 - Setting Featured Image. URL:https://nylimages.s3.amazonaws.com/HBI_M12627_Black_sw.jpg
07-30-2021 @ 12:38:46 - Attachment ID:7229
07-30-2021 @ 12:38:46 - Row :136 - Product imported successfully.
07-30-2021 @ 12:38:46 - Row :137 - Parsing item.
07-30-2021 @ 12:38:46 - Importing as new product ID:7234
07-30-2021 @ 12:38:46 - Row :137 - Processing item.
07-30-2021 @ 12:38:46 - Found variation product object. ID:7234
07-30-2021 @ 12:38:46 - Setting Featured Image. URL:https://nylimages.s3.amazonaws.com/HBI_M12627_LatteLift_sw.jpg
07-30-2021 @ 12:38:47 - Attachment ID:7235
07-30-2021 @ 12:38:47 - Row :137 - Product imported successfully.
07-30-2021 @ 12:38:47 - Row :138 - Parsing item.
07-30-2021 @ 12:38:47 - Importing as new product ID:7236
07-30-2021 @ 12:38:47 - Row :138 - Processing item.
07-30-2021 @ 12:38:47 - Found variation product object. ID:7236
07-30-2021 @ 12:38:47 - Setting Featured Image. URL:https://nylimages.s3.amazonaws.com/HBI_M12627_LatteLift_sw.jpg
07-30-2021 @ 12:38:47 - Attachment ID:7235
07-30-2021 @ 12:38:47 - Row :138 - Product imported successfully.
07-30-2021 @ 12:38:47 - Row :139 - Parsing item.
07-30-2021 @ 12:38:47 - Importing as new product ID:7237
07-30-2021 @ 12:38:47 - Row :139 - Processing item.
07-30-2021 @ 12:38:47 - Found variation product object. ID:7237
07-30-2021 @ 12:38:47 - Setting Featured Image. URL:https://nylimages.s3.amazonaws.com/HBI_M12627_LatteLift_sw.jpg
07-30-2021 @ 12:38:47 - Attachment ID:7235
07-30-2021 @ 12:38:47 - Row :139 - Product imported successfully.
07-30-2021 @ 12:38:47 - Row :140 - Parsing item.
07-30-2021 @ 12:38:47 - Importing as new product ID:7238
07-30-2021 @ 12:38:47 - Row :140 - Processing item.
07-30-2021 @ 12:38:47 - Found variation product object. ID:7238
07-30-2021 @ 12:38:47 - Setting Featured Image. URL:https://nylimages.s3.amazonaws.com/HBI_M12627_LatteLift_sw.jpg
07-30-2021 @ 12:38:47 - Attachment ID:7235
07-30-2021 @ 12:38:47 - Row :140 - Product imported successfully.
07-30-2021 @ 12:38:50 - Preparing for import.
07-30-2021 @ 12:38:50 - Row :141 - Parsing item.
07-30-2021 @ 12:38:50 - Importing as new product ID:7239
07-30-2021 @ 12:38:50 - Row :141 - Processing item.
07-30-2021 @ 12:38:50 - Found variation product object. ID:7239
07-30-2021 @ 12:38:50 - Setting Featured Image. URL:https://nylimages.s3.amazonaws.com/HBI_M12627_LatteLift_sw.jpg
07-30-2021 @ 12:38:50 - Attachment ID:7235
07-30-2021 @ 12:38:50 - Row :141 - Product imported successfully.
07-30-2021 @ 12:38:50 - Row :142 - Parsing item.
07-30-2021 @ 12:38:50 - Importing as new product ID:7240
07-30-2021 @ 12:38:50 - Row :142 - Processing item.
07-30-2021 @ 12:38:50 - Found variable product object. ID:7240
07-30-2021 @ 12:38:50 - Setting Featured Image. URL:https://nylimages.s3.amazonaws.com/HBI_01008_BlackPlaid.jpg
07-30-2021 @ 12:38:51 - Attachment ID:7241
07-30-2021 @ 12:38:51 - Setting Gallery Images.
07-30-2021 @ 12:38:51 - Image URL:https://nylimages.s3.amazonaws.com/01008_redblackplaid.jpg
07-30-2021 @ 12:38:52 - Attachment ID:7242
07-30-2021 @ 12:38:52 - Image URL:https://nylimages.s3.amazonaws.com/01008_BlackWhitePlaid.jpg
07-30-2021 @ 12:38:54 - Attachment ID:7243
07-30-2021 @ 12:38:54 - Image URL:https://nylimages.s3.amazonaws.com/01008_Red.jpg
07-30-2021 @ 12:38:56 - Attachment ID:7244
07-30-2021 @ 12:38:56 - Image URL:https://nylimages.s3.amazonaws.com/HBI_01008_BlackwatchPlaid.jpg
07-30-2021 @ 12:38:57 - Attachment ID:7245
07-30-2021 @ 12:38:57 - Row :142 - Product imported successfully.
07-30-2021 @ 12:38:57 - Row :143 - Parsing item.
07-30-2021 @ 12:38:57 - Importing as new product ID:7246
07-30-2021 @ 12:38:57 - Row :143 - Processing item.
07-30-2021 @ 12:38:57 - Found variation product object. ID:7246
07-30-2021 @ 12:38:57 - Row :143 - Product imported successfully.
07-30-2021 @ 12:38:57 - Row :144 - Parsing item.
07-30-2021 @ 12:38:57 - Importing as new product ID:7247
07-30-2021 @ 12:38:57 - Row :144 - Processing item.
07-30-2021 @ 12:38:57 - Found variation product object. ID:7247
07-30-2021 @ 12:38:58 - Row :144 - Product imported successfully.
07-30-2021 @ 12:38:58 - Row :145 - Parsing item.
07-30-2021 @ 12:38:58 - Importing as new product ID:7248
07-30-2021 @ 12:38:58 - Row :145 - Processing item.
07-30-2021 @ 12:38:58 - Found variation product object. ID:7248
07-30-2021 @ 12:38:58 - Row :145 - Product imported successfully.
07-30-2021 @ 12:38:58 - Row :146 - Parsing item.
07-30-2021 @ 12:38:58 - Importing as new product ID:7249
07-30-2021 @ 12:38:58 - Row :146 - Processing item.
07-30-2021 @ 12:38:58 - Found variation product object. ID:7249
07-30-2021 @ 12:38:58 - Row :146 - Product imported successfully.
07-30-2021 @ 12:38:58 - Row :147 - Parsing item.
07-30-2021 @ 12:38:58 - Importing as new product ID:7250
07-30-2021 @ 12:38:58 - Row :147 - Processing item.
07-30-2021 @ 12:38:58 - Found variation product object. ID:7250
07-30-2021 @ 12:38:58 - Row :147 - Product imported successfully.
07-30-2021 @ 12:38:58 - Row :148 - Parsing item.
07-30-2021 @ 12:38:58 - Importing as new product ID:7251
07-30-2021 @ 12:38:58 - Row :148 - Processing item.
07-30-2021 @ 12:38:58 - Found variation product object. ID:7251
07-30-2021 @ 12:38:58 - Row :148 - Product imported successfully.
07-30-2021 @ 12:38:58 - Row :149 - Parsing item.
07-30-2021 @ 12:38:58 - Importing as new product ID:7252
07-30-2021 @ 12:38:58 - Row :149 - Processing item.
07-30-2021 @ 12:38:58 - Found variation product object. ID:7252
07-30-2021 @ 12:38:58 - Row :149 - Product imported successfully.
07-30-2021 @ 12:38:58 - Row :150 - Parsing item.
07-30-2021 @ 12:38:58 - Importing as new product ID:7253
07-30-2021 @ 12:38:58 - Row :150 - Processing item.
07-30-2021 @ 12:38:58 - Found variation product object. ID:7253
07-30-2021 @ 12:38:58 - Row :150 - Product imported successfully.
