08-16-2021 @ 12:09:40 - ---[ New import started at 2021-08-16 16:09:40 ] PHP Memory: 512 MB, WP Memory: 40 MB
08-16-2021 @ 12:09:40 - Preparing for import.
08-16-2021 @ 12:09:40 - Row :1 - Parsing item.
08-16-2021 @ 12:09:40 - Row :1 - Processing item.
08-16-2021 @ 12:09:40 - Row :1 - Processing failed. Reason: Invalid product.
08-16-2021 @ 12:09:40 - Row :2 - Parsing item.
08-16-2021 @ 12:09:40 - Row :2 - Processing item.
08-16-2021 @ 12:09:40 - Row :2 - Processing failed. Reason: Invalid product.
08-16-2021 @ 12:09:40 - Row :3 - Parsing item.
08-16-2021 @ 12:09:40 - Row :3 - Processing item.
08-16-2021 @ 12:09:40 - Row :3 - Processing failed. Reason: Invalid product.
08-16-2021 @ 12:09:40 - Row :4 - Parsing item.
08-16-2021 @ 12:09:40 - Row :4 - Processing item.
08-16-2021 @ 12:09:40 - Row :4 - Processing failed. Reason: Invalid product.
08-16-2021 @ 12:09:40 - Row :5 - Parsing item.
08-16-2021 @ 12:09:40 - Row :5 - Processing item.
08-16-2021 @ 12:09:40 - Row :5 - Processing failed. Reason: Invalid product.
08-16-2021 @ 12:09:40 - Row :6 - Parsing item.
08-16-2021 @ 12:09:40 - Row :6 - Processing item.
08-16-2021 @ 12:09:40 - Row :6 - Processing failed. Reason: Invalid product.
08-16-2021 @ 12:09:40 - Row :7 - Parsing item.
08-16-2021 @ 12:09:40 - Row :7 - Processing item.
08-16-2021 @ 12:09:40 - Row :7 - Processing failed. Reason: Invalid product.
08-16-2021 @ 12:09:40 - Row :8 - Parsing item.
08-16-2021 @ 12:09:40 - Row :8 - Processing item.
08-16-2021 @ 12:09:40 - Row :8 - Processing failed. Reason: Invalid product.
08-16-2021 @ 12:09:40 - Row :9 - Parsing item.
08-16-2021 @ 12:09:40 - Row :9 - Processing item.
08-16-2021 @ 12:09:40 - Row :9 - Processing failed. Reason: Invalid product.
08-16-2021 @ 12:09:40 - Row :10 - Parsing item.
08-16-2021 @ 12:09:40 - Row :10 - Processing item.
08-16-2021 @ 12:09:40 - Row :10 - Processing failed. Reason: Invalid product.
08-16-2021 @ 12:09:42 - Preparing for import.
08-16-2021 @ 12:09:42 - Row :11 - Parsing item.
08-16-2021 @ 12:09:42 - Row :11 - Processing item.
08-16-2021 @ 12:09:42 - Row :11 - Processing failed. Reason: Invalid product.
08-16-2021 @ 12:09:42 - Row :12 - Parsing item.
08-16-2021 @ 12:09:42 - Row :12 - Processing item.
08-16-2021 @ 12:09:42 - Row :12 - Processing failed. Reason: Invalid product.
08-16-2021 @ 12:09:42 - Row :13 - Parsing item.
08-16-2021 @ 12:09:42 - Row :13 - Processing item.
08-16-2021 @ 12:09:42 - Row :13 - Processing failed. Reason: Invalid product.
08-16-2021 @ 12:09:42 - Row :14 - Parsing item.
08-16-2021 @ 12:09:42 - Row :14 - Processing item.
08-16-2021 @ 12:09:42 - Row :14 - Processing failed. Reason: Invalid product.
08-16-2021 @ 12:09:42 - Row :15 - Parsing item.
08-16-2021 @ 12:09:42 - Row :15 - Processing item.
08-16-2021 @ 12:09:42 - Row :15 - Processing failed. Reason: Invalid product.
08-16-2021 @ 12:09:42 - Row :16 - Parsing item.
08-16-2021 @ 12:09:42 - Row :16 - Processing item.
08-16-2021 @ 12:09:42 - Row :16 - Processing failed. Reason: Invalid product.
08-16-2021 @ 12:09:42 - Row :17 - Parsing item.
08-16-2021 @ 12:09:42 - Row :17 - Processing item.
08-16-2021 @ 12:09:42 - Row :17 - Processing failed. Reason: Invalid product.
08-16-2021 @ 12:09:42 - Row :18 - Parsing item.
08-16-2021 @ 12:09:42 - Row :18 - Processing item.
08-16-2021 @ 12:09:42 - Row :18 - Processing failed. Reason: Invalid product.
08-16-2021 @ 12:09:42 - Row :19 - Parsing item.
08-16-2021 @ 12:09:42 - Row :19 - Processing item.
08-16-2021 @ 12:09:42 - Row :19 - Processing failed. Reason: Invalid product.
08-16-2021 @ 12:09:42 - Row :20 - Parsing item.
08-16-2021 @ 12:09:42 - Row :20 - Processing item.
08-16-2021 @ 12:09:42 - Row :20 - Processing failed. Reason: Invalid product.
08-16-2021 @ 12:09:43 - Preparing for import.
08-16-2021 @ 12:09:43 - Row :21 - Parsing item.
08-16-2021 @ 12:09:43 - Row :21 - Processing item.
08-16-2021 @ 12:09:43 - Row :21 - Processing failed. Reason: Invalid product.
08-16-2021 @ 12:09:43 - Row :22 - Parsing item.
08-16-2021 @ 12:09:43 - Row :22 - Processing item.
08-16-2021 @ 12:09:43 - Row :22 - Processing failed. Reason: Invalid product.
08-16-2021 @ 12:09:43 - Row :23 - Parsing item.
08-16-2021 @ 12:09:43 - Row :23 - Processing item.
08-16-2021 @ 12:09:43 - Row :23 - Processing failed. Reason: Invalid product.
08-16-2021 @ 12:09:43 - Row :24 - Parsing item.
08-16-2021 @ 12:09:43 - Row :24 - Processing item.
08-16-2021 @ 12:09:43 - Row :24 - Processing failed. Reason: Invalid product.
08-16-2021 @ 12:09:43 - Row :25 - Parsing item.
08-16-2021 @ 12:09:43 - Row :25 - Processing item.
08-16-2021 @ 12:09:43 - Row :25 - Processing failed. Reason: Invalid product.
08-16-2021 @ 12:09:43 - Row :26 - Parsing item.
08-16-2021 @ 12:09:43 - Row :26 - Processing item.
08-16-2021 @ 12:09:43 - Row :26 - Processing failed. Reason: Invalid product.
08-16-2021 @ 12:09:43 - Row :27 - Parsing item.
08-16-2021 @ 12:09:43 - Row :27 - Processing item.
08-16-2021 @ 12:09:43 - Row :27 - Processing failed. Reason: Invalid product.
08-16-2021 @ 12:09:43 - Row :28 - Parsing item.
08-16-2021 @ 12:09:43 - Row :28 - Processing item.
08-16-2021 @ 12:09:43 - Row :28 - Processing failed. Reason: Invalid product.
08-16-2021 @ 12:09:43 - Row :29 - Parsing item.
08-16-2021 @ 12:09:43 - Row :29 - Processing item.
08-16-2021 @ 12:09:43 - Row :29 - Processing failed. Reason: Invalid product.
08-16-2021 @ 12:09:43 - Row :30 - Parsing item.
08-16-2021 @ 12:09:43 - Row :30 - Processing item.
08-16-2021 @ 12:09:43 - Row :30 - Processing failed. Reason: Invalid product.
08-16-2021 @ 12:09:45 - Preparing for import.
08-16-2021 @ 12:09:45 - Row :31 - Parsing item.
08-16-2021 @ 12:09:45 - Row :31 - Processing item.
08-16-2021 @ 12:09:45 - Row :31 - Processing failed. Reason: Invalid product.
08-16-2021 @ 12:09:45 - Row :32 - Parsing item.
08-16-2021 @ 12:09:45 - Row :32 - Processing item.
08-16-2021 @ 12:09:45 - Row :32 - Processing failed. Reason: Invalid product.
08-16-2021 @ 12:09:45 - Row :33 - Parsing item.
08-16-2021 @ 12:09:45 - Row :33 - Processing item.
08-16-2021 @ 12:09:45 - Row :33 - Processing failed. Reason: Invalid product.
08-16-2021 @ 12:09:45 - Row :34 - Parsing item.
08-16-2021 @ 12:09:45 - Row :34 - Processing item.
08-16-2021 @ 12:09:45 - Row :34 - Processing failed. Reason: Invalid product.
08-16-2021 @ 12:09:45 - Row :35 - Parsing item.
08-16-2021 @ 12:09:45 - Row :35 - Processing item.
08-16-2021 @ 12:09:45 - Row :35 - Processing failed. Reason: Invalid product.
08-16-2021 @ 12:09:45 - Row :36 - Parsing item.
08-16-2021 @ 12:09:45 - Row :36 - Processing item.
08-16-2021 @ 12:09:45 - Row :36 - Processing failed. Reason: Invalid product.
08-16-2021 @ 12:09:45 - Row :37 - Parsing item.
08-16-2021 @ 12:09:45 - Row :37 - Processing item.
08-16-2021 @ 12:09:45 - Row :37 - Processing failed. Reason: Invalid product.
08-16-2021 @ 12:09:45 - Row :38 - Parsing item.
08-16-2021 @ 12:09:45 - Row :38 - Processing item.
08-16-2021 @ 12:09:45 - Row :38 - Processing failed. Reason: Invalid product.
08-16-2021 @ 12:09:45 - Row :39 - Parsing item.
08-16-2021 @ 12:09:45 - Row :39 - Processing item.
08-16-2021 @ 12:09:45 - Row :39 - Processing failed. Reason: Invalid product.
08-16-2021 @ 12:09:45 - Row :40 - Parsing item.
08-16-2021 @ 12:09:45 - Row :40 - Processing item.
08-16-2021 @ 12:09:45 - Row :40 - Processing failed. Reason: Invalid product.
08-16-2021 @ 12:09:46 - Preparing for import.
08-16-2021 @ 12:09:46 - Row :41 - Parsing item.
08-16-2021 @ 12:09:46 - Row :41 - Processing item.
08-16-2021 @ 12:09:46 - Row :41 - Processing failed. Reason: Invalid product.
08-16-2021 @ 12:09:46 - Row :42 - Parsing item.
08-16-2021 @ 12:09:46 - Row :42 - Processing item.
08-16-2021 @ 12:09:46 - Row :42 - Processing failed. Reason: Invalid product.
08-16-2021 @ 12:09:46 - Row :43 - Parsing item.
08-16-2021 @ 12:09:46 - Row :43 - Processing item.
08-16-2021 @ 12:09:46 - Row :43 - Processing failed. Reason: Invalid product.
08-16-2021 @ 12:09:46 - Row :44 - Parsing item.
08-16-2021 @ 12:09:46 - Row :44 - Processing item.
08-16-2021 @ 12:09:46 - Row :44 - Processing failed. Reason: Invalid product.
08-16-2021 @ 12:09:46 - Row :45 - Parsing item.
08-16-2021 @ 12:09:46 - Row :45 - Processing item.
08-16-2021 @ 12:09:46 - Row :45 - Processing failed. Reason: Invalid product.
08-16-2021 @ 12:09:46 - Row :46 - Parsing item.
08-16-2021 @ 12:09:46 - Row :46 - Processing item.
08-16-2021 @ 12:09:46 - Row :46 - Processing failed. Reason: Invalid product.
08-16-2021 @ 12:09:46 - Row :47 - Parsing item.
08-16-2021 @ 12:09:46 - Row :47 - Processing item.
08-16-2021 @ 12:09:46 - Row :47 - Processing failed. Reason: Invalid product.
08-16-2021 @ 12:09:46 - Row :48 - Parsing item.
08-16-2021 @ 12:09:46 - Row :48 - Processing item.
08-16-2021 @ 12:09:46 - Row :48 - Processing failed. Reason: Invalid product.
08-16-2021 @ 12:09:46 - Row :49 - Parsing item.
08-16-2021 @ 12:09:46 - Row :49 - Processing item.
08-16-2021 @ 12:09:46 - Row :49 - Processing failed. Reason: Invalid product.
08-16-2021 @ 12:09:46 - Row :50 - Parsing item.
08-16-2021 @ 12:09:46 - Row :50 - Processing item.
08-16-2021 @ 12:09:46 - Row :50 - Processing failed. Reason: Invalid product.
08-16-2021 @ 12:09:48 - Preparing for import.
08-16-2021 @ 12:09:48 - Row :51 - Parsing item.
08-16-2021 @ 12:09:48 - Row :51 - Processing item.
08-16-2021 @ 12:09:48 - Row :51 - Processing failed. Reason: Invalid product.
08-16-2021 @ 12:09:48 - Row :52 - Parsing item.
08-16-2021 @ 12:09:48 - Row :52 - Processing item.
08-16-2021 @ 12:09:48 - Row :52 - Processing failed. Reason: Invalid product.
08-16-2021 @ 12:09:48 - Row :53 - Parsing item.
08-16-2021 @ 12:09:48 - Row :53 - Processing item.
08-16-2021 @ 12:09:48 - Row :53 - Processing failed. Reason: Invalid product.
08-16-2021 @ 12:09:48 - Row :54 - Parsing item.
08-16-2021 @ 12:09:48 - Row :54 - Processing item.
08-16-2021 @ 12:09:48 - Row :54 - Processing failed. Reason: Invalid product.
08-16-2021 @ 12:09:48 - Row :55 - Parsing item.
08-16-2021 @ 12:09:48 - Row :55 - Processing item.
08-16-2021 @ 12:09:48 - Row :55 - Processing failed. Reason: Invalid product.
08-16-2021 @ 12:09:48 - Row :56 - Parsing item.
08-16-2021 @ 12:09:48 - Row :56 - Processing item.
08-16-2021 @ 12:09:48 - Row :56 - Processing failed. Reason: Invalid product.
08-16-2021 @ 12:09:48 - Row :57 - Parsing item.
08-16-2021 @ 12:09:48 - Row :57 - Processing item.
08-16-2021 @ 12:09:48 - Row :57 - Processing failed. Reason: Invalid product.
08-16-2021 @ 12:09:48 - Row :58 - Parsing item.
08-16-2021 @ 12:09:48 - Row :58 - Processing item.
08-16-2021 @ 12:09:48 - Row :58 - Processing failed. Reason: Invalid product.
08-16-2021 @ 12:09:48 - Row :59 - Parsing item.
08-16-2021 @ 12:09:48 - Row :59 - Processing item.
08-16-2021 @ 12:09:48 - Row :59 - Processing failed. Reason: Invalid product.
08-16-2021 @ 12:09:48 - Row :60 - Parsing item.
08-16-2021 @ 12:09:48 - Row :60 - Processing item.
08-16-2021 @ 12:09:48 - Row :60 - Processing failed. Reason: Invalid product.
08-16-2021 @ 12:09:49 - Preparing for import.
08-16-2021 @ 12:09:49 - Row :61 - Parsing item.
08-16-2021 @ 12:09:49 - Row :61 - Processing item.
08-16-2021 @ 12:09:49 - Row :61 - Processing failed. Reason: Invalid product.
08-16-2021 @ 12:09:49 - Row :62 - Parsing item.
08-16-2021 @ 12:09:49 - Row :62 - Processing item.
08-16-2021 @ 12:09:49 - Row :62 - Processing failed. Reason: Invalid product.
08-16-2021 @ 12:09:49 - Row :63 - Parsing item.
08-16-2021 @ 12:09:49 - Row :63 - Processing item.
08-16-2021 @ 12:09:49 - Row :63 - Processing failed. Reason: Invalid product.
08-16-2021 @ 12:09:49 - Row :64 - Parsing item.
08-16-2021 @ 12:09:49 - Row :64 - Processing item.
08-16-2021 @ 12:09:49 - Row :64 - Processing failed. Reason: Invalid product.
08-16-2021 @ 12:09:49 - Row :65 - Parsing item.
08-16-2021 @ 12:09:49 - Row :65 - Processing item.
08-16-2021 @ 12:09:49 - Row :65 - Processing failed. Reason: Invalid product.
08-16-2021 @ 12:09:49 - Row :66 - Parsing item.
08-16-2021 @ 12:09:49 - Row :66 - Processing item.
08-16-2021 @ 12:09:49 - Row :66 - Processing failed. Reason: Invalid product.
08-16-2021 @ 12:09:49 - Row :67 - Parsing item.
08-16-2021 @ 12:09:49 - Row :67 - Processing item.
08-16-2021 @ 12:09:49 - Row :67 - Processing failed. Reason: Invalid product.
08-16-2021 @ 12:09:49 - Row :68 - Parsing item.
08-16-2021 @ 12:09:49 - Row :68 - Processing item.
08-16-2021 @ 12:09:49 - Row :68 - Processing failed. Reason: Invalid product.
08-16-2021 @ 12:09:49 - Row :69 - Parsing item.
08-16-2021 @ 12:09:49 - Row :69 - Processing item.
08-16-2021 @ 12:09:49 - Row :69 - Processing failed. Reason: Invalid product.
08-16-2021 @ 12:09:49 - Row :70 - Parsing item.
08-16-2021 @ 12:09:49 - Row :70 - Processing item.
08-16-2021 @ 12:09:49 - Row :70 - Processing failed. Reason: Invalid product.
08-16-2021 @ 12:09:51 - Preparing for import.
08-16-2021 @ 12:09:51 - Row :71 - Parsing item.
08-16-2021 @ 12:09:51 - Row :71 - Processing item.
08-16-2021 @ 12:09:51 - Row :71 - Processing failed. Reason: Invalid product.
08-16-2021 @ 12:09:51 - Row :72 - Parsing item.
08-16-2021 @ 12:09:51 - Row :72 - Processing item.
08-16-2021 @ 12:09:51 - Row :72 - Processing failed. Reason: Invalid product.
08-16-2021 @ 12:09:51 - Row :73 - Parsing item.
08-16-2021 @ 12:09:51 - Row :73 - Processing item.
08-16-2021 @ 12:09:51 - Row :73 - Processing failed. Reason: Invalid product.
08-16-2021 @ 12:09:51 - Row :74 - Parsing item.
08-16-2021 @ 12:09:51 - Row :74 - Processing item.
08-16-2021 @ 12:09:51 - Row :74 - Processing failed. Reason: Invalid product.
08-16-2021 @ 12:09:51 - Row :75 - Parsing item.
08-16-2021 @ 12:09:51 - Row :75 - Processing item.
08-16-2021 @ 12:09:51 - Row :75 - Processing failed. Reason: Invalid product.
08-16-2021 @ 12:09:51 - Row :76 - Parsing item.
08-16-2021 @ 12:09:51 - Row :76 - Processing item.
08-16-2021 @ 12:09:51 - Row :76 - Processing failed. Reason: Invalid product.
08-16-2021 @ 12:09:51 - Row :77 - Parsing item.
08-16-2021 @ 12:09:51 - Row :77 - Processing item.
08-16-2021 @ 12:09:51 - Row :77 - Processing failed. Reason: Invalid product.
08-16-2021 @ 12:09:51 - Row :78 - Parsing item.
08-16-2021 @ 12:09:51 - Row :78 - Processing item.
08-16-2021 @ 12:09:51 - Row :78 - Processing failed. Reason: Invalid product.
08-16-2021 @ 12:09:51 - Row :79 - Parsing item.
08-16-2021 @ 12:09:51 - Row :79 - Processing item.
08-16-2021 @ 12:09:51 - Row :79 - Processing failed. Reason: Invalid product.
08-16-2021 @ 12:09:51 - Row :80 - Parsing item.
08-16-2021 @ 12:09:51 - Row :80 - Processing item.
08-16-2021 @ 12:09:51 - Row :80 - Processing failed. Reason: Invalid product.
08-16-2021 @ 12:09:52 - Preparing for import.
08-16-2021 @ 12:09:52 - Row :81 - Parsing item.
08-16-2021 @ 12:09:52 - Row :81 - Processing item.
08-16-2021 @ 12:09:52 - Row :81 - Processing failed. Reason: Invalid product.
08-16-2021 @ 12:09:52 - Row :82 - Parsing item.
08-16-2021 @ 12:09:52 - Row :82 - Processing item.
08-16-2021 @ 12:09:52 - Row :82 - Processing failed. Reason: Invalid product.
08-16-2021 @ 12:09:52 - Row :83 - Parsing item.
08-16-2021 @ 12:09:52 - Row :83 - Processing item.
08-16-2021 @ 12:09:52 - Row :83 - Processing failed. Reason: Invalid product.
08-16-2021 @ 12:09:52 - Row :84 - Parsing item.
08-16-2021 @ 12:09:52 - Row :84 - Processing item.
08-16-2021 @ 12:09:52 - Row :84 - Processing failed. Reason: Invalid product.
08-16-2021 @ 12:09:52 - Row :85 - Parsing item.
08-16-2021 @ 12:09:52 - Row :85 - Processing item.
08-16-2021 @ 12:09:52 - Row :85 - Processing failed. Reason: Invalid product.
08-16-2021 @ 12:09:52 - Row :86 - Parsing item.
08-16-2021 @ 12:09:52 - Row :86 - Processing item.
08-16-2021 @ 12:09:52 - Row :86 - Processing failed. Reason: Invalid product.
08-16-2021 @ 12:09:52 - Row :87 - Parsing item.
08-16-2021 @ 12:09:52 - Row :87 - Processing item.
08-16-2021 @ 12:09:52 - Row :87 - Processing failed. Reason: Invalid product.
08-16-2021 @ 12:09:52 - Row :88 - Parsing item.
08-16-2021 @ 12:09:52 - Row :88 - Processing item.
08-16-2021 @ 12:09:52 - Row :88 - Processing failed. Reason: Invalid product.
08-16-2021 @ 12:09:52 - Row :89 - Parsing item.
08-16-2021 @ 12:09:52 - Row :89 - Processing item.
08-16-2021 @ 12:09:52 - Row :89 - Processing failed. Reason: Invalid product.
08-16-2021 @ 12:09:52 - Row :90 - Parsing item.
08-16-2021 @ 12:09:52 - Row :90 - Processing item.
08-16-2021 @ 12:09:52 - Row :90 - Processing failed. Reason: Invalid product.
08-16-2021 @ 12:09:54 - Preparing for import.
08-16-2021 @ 12:09:54 - Row :91 - Parsing item.
08-16-2021 @ 12:09:54 - Row :91 - Processing item.
08-16-2021 @ 12:09:54 - Row :91 - Processing failed. Reason: Invalid product.
08-16-2021 @ 12:09:54 - Row :92 - Parsing item.
08-16-2021 @ 12:09:54 - Row :92 - Processing item.
08-16-2021 @ 12:09:54 - Row :92 - Processing failed. Reason: Invalid product.
08-16-2021 @ 12:09:54 - Row :93 - Parsing item.
08-16-2021 @ 12:09:54 - Row :93 - Processing item.
08-16-2021 @ 12:09:54 - Row :93 - Processing failed. Reason: Invalid product.
08-16-2021 @ 12:09:54 - Row :94 - Parsing item.
08-16-2021 @ 12:09:54 - Row :94 - Processing item.
08-16-2021 @ 12:09:54 - Row :94 - Processing failed. Reason: Invalid product.
08-16-2021 @ 12:09:54 - Row :95 - Parsing item.
08-16-2021 @ 12:09:54 - Row :95 - Processing item.
08-16-2021 @ 12:09:54 - Row :95 - Processing failed. Reason: Invalid product.
08-16-2021 @ 12:09:54 - Row :96 - Parsing item.
08-16-2021 @ 12:09:54 - Row :96 - Processing item.
08-16-2021 @ 12:09:54 - Row :96 - Processing failed. Reason: Invalid product.
08-16-2021 @ 12:09:54 - Row :97 - Parsing item.
08-16-2021 @ 12:09:54 - Row :97 - Processing item.
08-16-2021 @ 12:09:54 - Row :97 - Processing failed. Reason: Invalid product.
08-16-2021 @ 12:09:54 - Row :98 - Parsing item.
08-16-2021 @ 12:09:54 - Row :98 - Processing item.
08-16-2021 @ 12:09:54 - Row :98 - Processing failed. Reason: Invalid product.
08-16-2021 @ 12:09:54 - Row :99 - Parsing item.
08-16-2021 @ 12:09:54 - Row :99 - Processing item.
08-16-2021 @ 12:09:54 - Row :99 - Processing failed. Reason: Invalid product.
08-16-2021 @ 12:09:54 - Row :100 - Parsing item.
08-16-2021 @ 12:09:54 - Row :100 - Processing item.
08-16-2021 @ 12:09:54 - Row :100 - Processing failed. Reason: Invalid product.
08-16-2021 @ 12:09:55 - Preparing for import.
08-16-2021 @ 12:09:55 - Row :101 - Parsing item.
08-16-2021 @ 12:09:55 - Row :101 - Processing item.
08-16-2021 @ 12:09:55 - Row :101 - Processing failed. Reason: Invalid product.
08-16-2021 @ 12:09:55 - Row :102 - Parsing item.
08-16-2021 @ 12:09:55 - Row :102 - Processing item.
08-16-2021 @ 12:09:55 - Row :102 - Processing failed. Reason: Invalid product.
08-16-2021 @ 12:09:55 - Row :103 - Parsing item.
08-16-2021 @ 12:09:55 - Row :103 - Processing item.
08-16-2021 @ 12:09:55 - Row :103 - Processing failed. Reason: Invalid product.
08-16-2021 @ 12:09:55 - Row :104 - Parsing item.
08-16-2021 @ 12:09:55 - Row :104 - Processing item.
08-16-2021 @ 12:09:55 - Row :104 - Processing failed. Reason: Invalid product.
08-16-2021 @ 12:09:55 - Row :105 - Parsing item.
08-16-2021 @ 12:09:55 - Row :105 - Processing item.
08-16-2021 @ 12:09:55 - Row :105 - Processing failed. Reason: Invalid product.
08-16-2021 @ 12:09:55 - Row :106 - Parsing item.
08-16-2021 @ 12:09:55 - Row :106 - Processing item.
08-16-2021 @ 12:09:55 - Row :106 - Processing failed. Reason: Invalid product.
08-16-2021 @ 12:09:55 - Row :107 - Parsing item.
08-16-2021 @ 12:09:55 - Row :107 - Processing item.
08-16-2021 @ 12:09:55 - Row :107 - Processing failed. Reason: Invalid product.
08-16-2021 @ 12:09:55 - Row :108 - Parsing item.
08-16-2021 @ 12:09:55 - Row :108 - Processing item.
08-16-2021 @ 12:09:55 - Row :108 - Processing failed. Reason: Invalid product.
08-16-2021 @ 12:09:55 - Row :109 - Parsing item.
08-16-2021 @ 12:09:55 - Row :109 - Processing item.
08-16-2021 @ 12:09:55 - Row :109 - Processing failed. Reason: Invalid product.
08-16-2021 @ 12:09:55 - Row :110 - Parsing item.
08-16-2021 @ 12:09:55 - Row :110 - Processing item.
08-16-2021 @ 12:09:55 - Row :110 - Processing failed. Reason: Invalid product.
08-16-2021 @ 12:09:57 - Preparing for import.
08-16-2021 @ 12:09:57 - Row :111 - Parsing item.
08-16-2021 @ 12:09:57 - Row :111 - Processing item.
08-16-2021 @ 12:09:57 - Row :111 - Processing failed. Reason: Invalid product.
08-16-2021 @ 12:09:57 - Row :112 - Parsing item.
08-16-2021 @ 12:09:57 - Row :112 - Processing item.
08-16-2021 @ 12:09:57 - Row :112 - Processing failed. Reason: Invalid product.
08-16-2021 @ 12:09:57 - Row :113 - Parsing item.
08-16-2021 @ 12:09:57 - Row :113 - Processing item.
08-16-2021 @ 12:09:57 - Row :113 - Processing failed. Reason: Invalid product.
08-16-2021 @ 12:09:57 - Row :114 - Parsing item.
08-16-2021 @ 12:09:57 - Row :114 - Processing item.
08-16-2021 @ 12:09:57 - Row :114 - Processing failed. Reason: Invalid product.
08-16-2021 @ 12:09:57 - Row :115 - Parsing item.
08-16-2021 @ 12:09:57 - Row :115 - Processing item.
08-16-2021 @ 12:09:57 - Row :115 - Processing failed. Reason: Invalid product.
08-16-2021 @ 12:09:57 - Row :116 - Parsing item.
08-16-2021 @ 12:09:57 - Row :116 - Processing item.
08-16-2021 @ 12:09:57 - Row :116 - Processing failed. Reason: Invalid product.
08-16-2021 @ 12:09:57 - Row :117 - Parsing item.
08-16-2021 @ 12:09:57 - Row :117 - Processing item.
08-16-2021 @ 12:09:57 - Row :117 - Processing failed. Reason: Invalid product.
08-16-2021 @ 12:09:57 - Row :118 - Parsing item.
08-16-2021 @ 12:09:57 - Row :118 - Processing item.
08-16-2021 @ 12:09:57 - Row :118 - Processing failed. Reason: Invalid product.
08-16-2021 @ 12:09:57 - Row :119 - Parsing item.
08-16-2021 @ 12:09:57 - Row :119 - Processing item.
08-16-2021 @ 12:09:57 - Row :119 - Processing failed. Reason: Invalid product.
08-16-2021 @ 12:09:57 - Row :120 - Parsing item.
08-16-2021 @ 12:09:57 - Row :120 - Processing item.
08-16-2021 @ 12:09:57 - Row :120 - Processing failed. Reason: Invalid product.
08-16-2021 @ 12:09:58 - Preparing for import.
08-16-2021 @ 12:09:58 - Row :121 - Parsing item.
08-16-2021 @ 12:09:58 - Row :121 - Processing item.
08-16-2021 @ 12:09:58 - Row :121 - Processing failed. Reason: Invalid product.
08-16-2021 @ 12:09:58 - Row :122 - Parsing item.
08-16-2021 @ 12:09:58 - Row :122 - Processing item.
08-16-2021 @ 12:09:58 - Row :122 - Processing failed. Reason: Invalid product.
08-16-2021 @ 12:09:58 - Row :123 - Parsing item.
08-16-2021 @ 12:09:58 - Row :123 - Processing item.
08-16-2021 @ 12:09:58 - Row :123 - Processing failed. Reason: Invalid product.
08-16-2021 @ 12:09:58 - Row :124 - Parsing item.
08-16-2021 @ 12:09:58 - Row :124 - Processing item.
08-16-2021 @ 12:09:58 - Row :124 - Processing failed. Reason: Invalid product.
08-16-2021 @ 12:09:58 - Row :125 - Parsing item.
08-16-2021 @ 12:09:58 - Row :125 - Processing item.
08-16-2021 @ 12:09:58 - Row :125 - Processing failed. Reason: Invalid product.
08-16-2021 @ 12:09:58 - Row :126 - Parsing item.
08-16-2021 @ 12:09:58 - Row :126 - Processing item.
08-16-2021 @ 12:09:58 - Row :126 - Processing failed. Reason: Invalid product.
08-16-2021 @ 12:09:58 - Row :127 - Parsing item.
08-16-2021 @ 12:09:58 - Row :127 - Processing item.
08-16-2021 @ 12:09:58 - Row :127 - Processing failed. Reason: Invalid product.
08-16-2021 @ 12:09:58 - Row :128 - Parsing item.
08-16-2021 @ 12:09:58 - Row :128 - Processing item.
08-16-2021 @ 12:09:58 - Row :128 - Processing failed. Reason: Invalid product.
08-16-2021 @ 12:09:58 - Row :129 - Parsing item.
08-16-2021 @ 12:09:58 - Row :129 - Processing item.
08-16-2021 @ 12:09:58 - Row :129 - Processing failed. Reason: Invalid product.
08-16-2021 @ 12:09:58 - Row :130 - Parsing item.
08-16-2021 @ 12:09:58 - Row :130 - Processing item.
08-16-2021 @ 12:09:58 - Row :130 - Processing failed. Reason: Invalid product.
08-16-2021 @ 12:10:00 - Preparing for import.
08-16-2021 @ 12:10:00 - Row :131 - Parsing item.
08-16-2021 @ 12:10:00 - Row :131 - Processing item.
08-16-2021 @ 12:10:00 - Row :131 - Processing failed. Reason: Invalid product.
08-16-2021 @ 12:10:00 - Row :132 - Parsing item.
08-16-2021 @ 12:10:00 - Row :132 - Processing item.
08-16-2021 @ 12:10:00 - Row :132 - Processing failed. Reason: Invalid product.
08-16-2021 @ 12:10:00 - Row :133 - Parsing item.
08-16-2021 @ 12:10:00 - Row :133 - Processing item.
08-16-2021 @ 12:10:00 - Row :133 - Processing failed. Reason: Invalid product.
08-16-2021 @ 12:10:00 - Row :134 - Parsing item.
08-16-2021 @ 12:10:00 - Row :134 - Processing item.
08-16-2021 @ 12:10:00 - Row :134 - Processing failed. Reason: Invalid product.
08-16-2021 @ 12:10:00 - Row :135 - Parsing item.
08-16-2021 @ 12:10:00 - Row :135 - Processing item.
08-16-2021 @ 12:10:00 - Row :135 - Processing failed. Reason: Invalid product.
08-16-2021 @ 12:10:00 - Row :136 - Parsing item.
08-16-2021 @ 12:10:00 - Row :136 - Processing item.
08-16-2021 @ 12:10:00 - Row :136 - Processing failed. Reason: Invalid product.
08-16-2021 @ 12:10:00 - Row :137 - Parsing item.
08-16-2021 @ 12:10:00 - Row :137 - Processing item.
08-16-2021 @ 12:10:00 - Row :137 - Processing failed. Reason: Invalid product.
08-16-2021 @ 12:10:00 - Row :138 - Parsing item.
08-16-2021 @ 12:10:00 - Row :138 - Processing item.
08-16-2021 @ 12:10:00 - Row :138 - Processing failed. Reason: Invalid product.
08-16-2021 @ 12:10:00 - Row :139 - Parsing item.
08-16-2021 @ 12:10:00 - Row :139 - Processing item.
08-16-2021 @ 12:10:00 - Row :139 - Processing failed. Reason: Invalid product.
08-16-2021 @ 12:10:00 - Row :140 - Parsing item.
08-16-2021 @ 12:10:00 - Row :140 - Processing item.
08-16-2021 @ 12:10:00 - Row :140 - Processing failed. Reason: Invalid product.
08-16-2021 @ 12:10:01 - Preparing for import.
08-16-2021 @ 12:10:01 - Row :141 - Parsing item.
08-16-2021 @ 12:10:01 - Row :141 - Processing item.
08-16-2021 @ 12:10:01 - Row :141 - Processing failed. Reason: Invalid product.
08-16-2021 @ 12:10:01 - Row :142 - Parsing item.
08-16-2021 @ 12:10:01 - Row :142 - Processing item.
08-16-2021 @ 12:10:01 - Row :142 - Processing failed. Reason: Invalid product.
08-16-2021 @ 12:10:01 - Row :143 - Parsing item.
08-16-2021 @ 12:10:01 - Row :143 - Processing item.
08-16-2021 @ 12:10:01 - Row :143 - Processing failed. Reason: Invalid product.
08-16-2021 @ 12:10:01 - Row :144 - Parsing item.
08-16-2021 @ 12:10:01 - Row :144 - Processing item.
08-16-2021 @ 12:10:01 - Row :144 - Processing failed. Reason: Invalid product.
08-16-2021 @ 12:10:01 - Row :145 - Parsing item.
08-16-2021 @ 12:10:01 - Row :145 - Processing item.
08-16-2021 @ 12:10:01 - Row :145 - Processing failed. Reason: Invalid product.
08-16-2021 @ 12:10:01 - Row :146 - Parsing item.
08-16-2021 @ 12:10:01 - Row :146 - Processing item.
08-16-2021 @ 12:10:01 - Row :146 - Processing failed. Reason: Invalid product.
08-16-2021 @ 12:10:01 - Row :147 - Parsing item.
08-16-2021 @ 12:10:01 - Row :147 - Processing item.
08-16-2021 @ 12:10:01 - Row :147 - Processing failed. Reason: Invalid product.
08-16-2021 @ 12:10:01 - Row :148 - Parsing item.
08-16-2021 @ 12:10:01 - Row :148 - Processing item.
08-16-2021 @ 12:10:01 - Row :148 - Processing failed. Reason: Invalid product.
08-16-2021 @ 12:10:01 - Row :149 - Parsing item.
08-16-2021 @ 12:10:01 - Row :149 - Processing item.
08-16-2021 @ 12:10:01 - Row :149 - Processing failed. Reason: Invalid product.
08-16-2021 @ 12:10:01 - Row :150 - Parsing item.
08-16-2021 @ 12:10:01 - Row :150 - Processing item.
08-16-2021 @ 12:10:01 - Row :150 - Processing failed. Reason: Invalid product.
08-16-2021 @ 12:10:02 - Preparing for import.
08-16-2021 @ 12:10:02 - Row :151 - Parsing item.
08-16-2021 @ 12:10:02 - Row :151 - Processing item.
08-16-2021 @ 12:10:02 - Row :151 - Processing failed. Reason: Invalid product.
08-16-2021 @ 12:10:02 - Row :152 - Parsing item.
08-16-2021 @ 12:10:02 - Row :152 - Processing item.
08-16-2021 @ 12:10:02 - Row :152 - Processing failed. Reason: Invalid product.
08-16-2021 @ 12:10:02 - Row :153 - Parsing item.
08-16-2021 @ 12:10:02 - Row :153 - Processing item.
08-16-2021 @ 12:10:02 - Row :153 - Processing failed. Reason: Invalid product.
08-16-2021 @ 12:10:02 - Row :154 - Parsing item.
08-16-2021 @ 12:10:02 - Row :154 - Processing item.
08-16-2021 @ 12:10:02 - Row :154 - Processing failed. Reason: Invalid product.
08-16-2021 @ 12:10:02 - Row :155 - Parsing item.
08-16-2021 @ 12:10:02 - Row :155 - Processing item.
08-16-2021 @ 12:10:02 - Row :155 - Processing failed. Reason: Invalid product.
08-16-2021 @ 12:10:02 - Row :156 - Parsing item.
08-16-2021 @ 12:10:02 - Row :156 - Processing item.
08-16-2021 @ 12:10:02 - Row :156 - Processing failed. Reason: Invalid product.
08-16-2021 @ 12:10:02 - Row :157 - Parsing item.
08-16-2021 @ 12:10:02 - Row :157 - Processing item.
08-16-2021 @ 12:10:02 - Row :157 - Processing failed. Reason: Invalid product.
08-16-2021 @ 12:10:02 - Row :158 - Parsing item.
08-16-2021 @ 12:10:02 - Row :158 - Processing item.
08-16-2021 @ 12:10:02 - Row :158 - Processing failed. Reason: Invalid product.
08-16-2021 @ 12:10:02 - Row :159 - Parsing item.
08-16-2021 @ 12:10:02 - Row :159 - Processing item.
08-16-2021 @ 12:10:02 - Row :159 - Processing failed. Reason: Invalid product.
08-16-2021 @ 12:10:02 - Row :160 - Parsing item.
08-16-2021 @ 12:10:02 - Row :160 - Processing item.
08-16-2021 @ 12:10:02 - Row :160 - Processing failed. Reason: Invalid product.
08-16-2021 @ 12:10:04 - Preparing for import.
08-16-2021 @ 12:10:04 - Row :161 - Parsing item.
08-16-2021 @ 12:10:04 - Row :161 - Processing item.
08-16-2021 @ 12:10:04 - Row :161 - Processing failed. Reason: Invalid product.
08-16-2021 @ 12:10:04 - Row :162 - Parsing item.
08-16-2021 @ 12:10:04 - Row :162 - Processing item.
08-16-2021 @ 12:10:04 - Row :162 - Processing failed. Reason: Invalid product.
08-16-2021 @ 12:10:04 - Row :163 - Parsing item.
08-16-2021 @ 12:10:04 - Row :163 - Processing item.
08-16-2021 @ 12:10:04 - Row :163 - Processing failed. Reason: Invalid product.
08-16-2021 @ 12:10:04 - Row :164 - Parsing item.
08-16-2021 @ 12:10:04 - Row :164 - Processing item.
08-16-2021 @ 12:10:04 - Row :164 - Processing failed. Reason: Invalid product.
08-16-2021 @ 12:10:04 - Row :165 - Parsing item.
08-16-2021 @ 12:10:04 - Row :165 - Processing item.
08-16-2021 @ 12:10:04 - Row :165 - Processing failed. Reason: Invalid product.
08-16-2021 @ 12:10:04 - Row :166 - Parsing item.
08-16-2021 @ 12:10:04 - Row :166 - Processing item.
08-16-2021 @ 12:10:04 - Row :166 - Processing failed. Reason: Invalid product.
08-16-2021 @ 12:10:04 - Row :167 - Parsing item.
08-16-2021 @ 12:10:04 - Row :167 - Processing item.
08-16-2021 @ 12:10:04 - Row :167 - Processing failed. Reason: Invalid product.
08-16-2021 @ 12:10:04 - Row :168 - Parsing item.
08-16-2021 @ 12:10:04 - Row :168 - Processing item.
08-16-2021 @ 12:10:04 - Row :168 - Processing failed. Reason: Invalid product.
08-16-2021 @ 12:10:04 - Row :169 - Parsing item.
08-16-2021 @ 12:10:04 - Row :169 - Processing item.
08-16-2021 @ 12:10:04 - Row :169 - Processing failed. Reason: Invalid product.
08-16-2021 @ 12:10:04 - Row :170 - Parsing item.
08-16-2021 @ 12:10:04 - Row :170 - Processing item.
08-16-2021 @ 12:10:04 - Row :170 - Processing failed. Reason: Invalid product.
08-16-2021 @ 12:10:05 - Preparing for import.
08-16-2021 @ 12:10:05 - Row :171 - Parsing item.
08-16-2021 @ 12:10:05 - Row :171 - Processing item.
08-16-2021 @ 12:10:05 - Row :171 - Processing failed. Reason: Invalid product.
08-16-2021 @ 12:10:05 - Row :172 - Parsing item.
08-16-2021 @ 12:10:05 - Row :172 - Processing item.
08-16-2021 @ 12:10:05 - Row :172 - Processing failed. Reason: Invalid product.
08-16-2021 @ 12:10:05 - Row :173 - Parsing item.
08-16-2021 @ 12:10:05 - Row :173 - Processing item.
08-16-2021 @ 12:10:05 - Row :173 - Processing failed. Reason: Invalid product.
08-16-2021 @ 12:10:05 - Row :174 - Parsing item.
08-16-2021 @ 12:10:05 - Row :174 - Processing item.
08-16-2021 @ 12:10:05 - Row :174 - Processing failed. Reason: Invalid product.
08-16-2021 @ 12:10:05 - Row :175 - Parsing item.
08-16-2021 @ 12:10:05 - Row :175 - Processing item.
08-16-2021 @ 12:10:05 - Row :175 - Processing failed. Reason: Invalid product.
08-16-2021 @ 12:10:05 - Row :176 - Parsing item.
08-16-2021 @ 12:10:05 - Row :176 - Processing item.
08-16-2021 @ 12:10:05 - Row :176 - Processing failed. Reason: Invalid product.
08-16-2021 @ 12:10:05 - Row :177 - Parsing item.
08-16-2021 @ 12:10:05 - Row :177 - Processing item.
08-16-2021 @ 12:10:05 - Row :177 - Processing failed. Reason: Invalid product.
08-16-2021 @ 12:10:05 - Row :178 - Parsing item.
08-16-2021 @ 12:10:05 - Row :178 - Processing item.
08-16-2021 @ 12:10:05 - Row :178 - Processing failed. Reason: Invalid product.
08-16-2021 @ 12:10:05 - Row :179 - Parsing item.
08-16-2021 @ 12:10:05 - Row :179 - Processing item.
08-16-2021 @ 12:10:05 - Row :179 - Processing failed. Reason: Invalid product.
08-16-2021 @ 12:10:05 - Row :180 - Parsing item.
08-16-2021 @ 12:10:05 - Row :180 - Processing item.
08-16-2021 @ 12:10:05 - Row :180 - Processing failed. Reason: Invalid product.
08-16-2021 @ 12:10:07 - Preparing for import.
08-16-2021 @ 12:10:07 - Row :181 - Parsing item.
08-16-2021 @ 12:10:07 - Row :181 - Processing item.
08-16-2021 @ 12:10:07 - Row :181 - Processing failed. Reason: Invalid product.
08-16-2021 @ 12:10:07 - Row :182 - Parsing item.
08-16-2021 @ 12:10:07 - Row :182 - Processing item.
08-16-2021 @ 12:10:07 - Row :182 - Processing failed. Reason: Invalid product.
08-16-2021 @ 12:10:07 - Row :183 - Parsing item.
08-16-2021 @ 12:10:07 - Row :183 - Processing item.
08-16-2021 @ 12:10:07 - Row :183 - Processing failed. Reason: Invalid product.
08-16-2021 @ 12:10:07 - Row :184 - Parsing item.
08-16-2021 @ 12:10:07 - Row :184 - Processing item.
08-16-2021 @ 12:10:07 - Row :184 - Processing failed. Reason: Invalid product.
08-16-2021 @ 12:10:07 - Row :185 - Parsing item.
08-16-2021 @ 12:10:07 - Row :185 - Processing item.
08-16-2021 @ 12:10:07 - Row :185 - Processing failed. Reason: Invalid product.
08-16-2021 @ 12:10:07 - Row :186 - Parsing item.
08-16-2021 @ 12:10:07 - Row :186 - Processing item.
08-16-2021 @ 12:10:07 - Row :186 - Processing failed. Reason: Invalid product.
08-16-2021 @ 12:10:07 - Row :187 - Parsing item.
08-16-2021 @ 12:10:07 - Row :187 - Processing item.
08-16-2021 @ 12:10:07 - Row :187 - Processing failed. Reason: Invalid product.
08-16-2021 @ 12:10:07 - Row :188 - Parsing item.
08-16-2021 @ 12:10:07 - Row :188 - Processing item.
08-16-2021 @ 12:10:07 - Row :188 - Processing failed. Reason: Invalid product.
08-16-2021 @ 12:10:07 - Row :189 - Parsing item.
08-16-2021 @ 12:10:07 - Row :189 - Processing item.
08-16-2021 @ 12:10:07 - Row :189 - Processing failed. Reason: Invalid product.
08-16-2021 @ 12:10:07 - Row :190 - Parsing item.
08-16-2021 @ 12:10:07 - Row :190 - Processing item.
08-16-2021 @ 12:10:07 - Row :190 - Processing failed. Reason: Invalid product.
08-16-2021 @ 12:10:08 - Preparing for import.
08-16-2021 @ 12:10:08 - Row :191 - Parsing item.
08-16-2021 @ 12:10:08 - Row :191 - Processing item.
08-16-2021 @ 12:10:08 - Row :191 - Processing failed. Reason: Invalid product.
08-16-2021 @ 12:10:08 - Row :192 - Parsing item.
08-16-2021 @ 12:10:08 - Row :192 - Processing item.
08-16-2021 @ 12:10:08 - Row :192 - Processing failed. Reason: Invalid product.
08-16-2021 @ 12:10:08 - Row :193 - Parsing item.
08-16-2021 @ 12:10:08 - Row :193 - Processing item.
08-16-2021 @ 12:10:08 - Row :193 - Processing failed. Reason: Invalid product.
08-16-2021 @ 12:10:08 - Row :194 - Parsing item.
08-16-2021 @ 12:10:08 - Row :194 - Processing item.
08-16-2021 @ 12:10:08 - Row :194 - Processing failed. Reason: Invalid product.
08-16-2021 @ 12:10:08 - Row :195 - Parsing item.
08-16-2021 @ 12:10:08 - Row :195 - Processing item.
08-16-2021 @ 12:10:08 - Row :195 - Processing failed. Reason: Invalid product.
08-16-2021 @ 12:10:08 - Row :196 - Parsing item.
08-16-2021 @ 12:10:08 - Row :196 - Processing item.
08-16-2021 @ 12:10:08 - Row :196 - Processing failed. Reason: Invalid product.
08-16-2021 @ 12:10:08 - Row :197 - Parsing item.
08-16-2021 @ 12:10:08 - Row :197 - Processing item.
08-16-2021 @ 12:10:08 - Row :197 - Processing failed. Reason: Invalid product.
08-16-2021 @ 12:10:08 - Row :198 - Parsing item.
08-16-2021 @ 12:10:08 - Row :198 - Processing item.
08-16-2021 @ 12:10:08 - Row :198 - Processing failed. Reason: Invalid product.
08-16-2021 @ 12:10:08 - Row :199 - Parsing item.
08-16-2021 @ 12:10:08 - Row :199 - Processing item.
08-16-2021 @ 12:10:08 - Row :199 - Processing failed. Reason: Invalid product.
08-16-2021 @ 12:10:08 - Row :200 - Parsing item.
08-16-2021 @ 12:10:08 - Row :200 - Processing item.
08-16-2021 @ 12:10:08 - Row :200 - Processing failed. Reason: Invalid product.
08-16-2021 @ 12:10:10 - Preparing for import.
08-16-2021 @ 12:10:10 - Row :201 - Parsing item.
08-16-2021 @ 12:10:10 - Row :201 - Processing item.
08-16-2021 @ 12:10:10 - Row :201 - Processing failed. Reason: Invalid product.
08-16-2021 @ 12:10:10 - Row :202 - Parsing item.
08-16-2021 @ 12:10:10 - Row :202 - Processing item.
08-16-2021 @ 12:10:10 - Row :202 - Processing failed. Reason: Invalid product.
08-16-2021 @ 12:10:10 - Row :203 - Parsing item.
08-16-2021 @ 12:10:10 - Row :203 - Processing item.
08-16-2021 @ 12:10:10 - Row :203 - Processing failed. Reason: Invalid product.
08-16-2021 @ 12:10:10 - Row :204 - Parsing item.
08-16-2021 @ 12:10:10 - Row :204 - Processing item.
08-16-2021 @ 12:10:10 - Row :204 - Processing failed. Reason: Invalid product.
08-16-2021 @ 12:10:10 - Row :205 - Parsing item.
08-16-2021 @ 12:10:10 - Row :205 - Processing item.
08-16-2021 @ 12:10:10 - Row :205 - Processing failed. Reason: Invalid product.
08-16-2021 @ 12:10:10 - Row :206 - Parsing item.
08-16-2021 @ 12:10:10 - Row :206 - Processing item.
08-16-2021 @ 12:10:10 - Row :206 - Processing failed. Reason: Invalid product.
08-16-2021 @ 12:10:10 - Row :207 - Parsing item.
08-16-2021 @ 12:10:10 - Row :207 - Processing item.
08-16-2021 @ 12:10:10 - Row :207 - Processing failed. Reason: Invalid product.
08-16-2021 @ 12:10:10 - Row :208 - Parsing item.
08-16-2021 @ 12:10:10 - Row :208 - Processing item.
08-16-2021 @ 12:10:10 - Row :208 - Processing failed. Reason: Invalid product.
08-16-2021 @ 12:10:10 - Row :209 - Parsing item.
08-16-2021 @ 12:10:10 - Row :209 - Processing item.
08-16-2021 @ 12:10:10 - Row :209 - Processing failed. Reason: Invalid product.
08-16-2021 @ 12:10:10 - Row :210 - Parsing item.
08-16-2021 @ 12:10:10 - Row :210 - Processing item.
08-16-2021 @ 12:10:10 - Row :210 - Processing failed. Reason: Invalid product.
08-16-2021 @ 12:10:11 - Preparing for import.
08-16-2021 @ 12:10:11 - Row :211 - Parsing item.
08-16-2021 @ 12:10:11 - Row :211 - Processing item.
08-16-2021 @ 12:10:11 - Row :211 - Processing failed. Reason: Invalid product.
08-16-2021 @ 12:10:11 - Row :212 - Parsing item.
08-16-2021 @ 12:10:11 - Row :212 - Processing item.
08-16-2021 @ 12:10:11 - Row :212 - Processing failed. Reason: Invalid product.
08-16-2021 @ 12:10:11 - Row :213 - Parsing item.
08-16-2021 @ 12:10:11 - Row :213 - Processing item.
08-16-2021 @ 12:10:11 - Row :213 - Processing failed. Reason: Invalid product.
08-16-2021 @ 12:10:11 - Row :214 - Parsing item.
08-16-2021 @ 12:10:11 - Row :214 - Processing item.
08-16-2021 @ 12:10:11 - Row :214 - Processing failed. Reason: Invalid product.
08-16-2021 @ 12:10:11 - Row :215 - Parsing item.
08-16-2021 @ 12:10:11 - Row :215 - Processing item.
08-16-2021 @ 12:10:11 - Row :215 - Processing failed. Reason: Invalid product.
08-16-2021 @ 12:10:11 - Row :216 - Parsing item.
08-16-2021 @ 12:10:11 - Row :216 - Processing item.
08-16-2021 @ 12:10:11 - Row :216 - Processing failed. Reason: Invalid product.
08-16-2021 @ 12:10:11 - Row :217 - Parsing item.
08-16-2021 @ 12:10:11 - Row :217 - Processing item.
08-16-2021 @ 12:10:11 - Row :217 - Processing failed. Reason: Invalid product.
08-16-2021 @ 12:10:11 - Row :218 - Parsing item.
08-16-2021 @ 12:10:11 - Row :218 - Processing item.
08-16-2021 @ 12:10:11 - Row :218 - Processing failed. Reason: Invalid product.
08-16-2021 @ 12:10:11 - Row :219 - Parsing item.
08-16-2021 @ 12:10:11 - Row :219 - Processing item.
08-16-2021 @ 12:10:11 - Row :219 - Processing failed. Reason: Invalid product.
08-16-2021 @ 12:10:11 - Row :220 - Parsing item.
08-16-2021 @ 12:10:11 - Row :220 - Processing item.
08-16-2021 @ 12:10:11 - Row :220 - Processing failed. Reason: Invalid product.
08-16-2021 @ 12:10:12 - Preparing for import.
08-16-2021 @ 12:10:12 - Row :221 - Parsing item.
08-16-2021 @ 12:10:12 - Row :221 - Processing item.
08-16-2021 @ 12:10:12 - Row :221 - Processing failed. Reason: Invalid product.
08-16-2021 @ 12:10:12 - Row :222 - Parsing item.
08-16-2021 @ 12:10:12 - Row :222 - Processing item.
08-16-2021 @ 12:10:12 - Row :222 - Processing failed. Reason: Invalid product.
08-16-2021 @ 12:10:12 - Row :223 - Parsing item.
08-16-2021 @ 12:10:12 - Row :223 - Processing item.
08-16-2021 @ 12:10:12 - Row :223 - Processing failed. Reason: Invalid product.
08-16-2021 @ 12:10:12 - Row :224 - Parsing item.
08-16-2021 @ 12:10:12 - Row :224 - Processing item.
08-16-2021 @ 12:10:12 - Row :224 - Processing failed. Reason: Invalid product.
08-16-2021 @ 12:10:12 - Row :225 - Parsing item.
08-16-2021 @ 12:10:12 - Row :225 - Processing item.
08-16-2021 @ 12:10:12 - Row :225 - Processing failed. Reason: Invalid product.
08-16-2021 @ 12:10:12 - Row :226 - Parsing item.
08-16-2021 @ 12:10:12 - Row :226 - Processing item.
08-16-2021 @ 12:10:12 - Row :226 - Processing failed. Reason: Invalid product.
08-16-2021 @ 12:10:12 - Row :227 - Parsing item.
08-16-2021 @ 12:10:12 - Row :227 - Processing item.
08-16-2021 @ 12:10:12 - Row :227 - Processing failed. Reason: Invalid product.
08-16-2021 @ 12:10:12 - Row :228 - Parsing item.
08-16-2021 @ 12:10:12 - Row :228 - Processing item.
08-16-2021 @ 12:10:12 - Row :228 - Processing failed. Reason: Invalid product.
08-16-2021 @ 12:10:12 - Row :229 - Parsing item.
08-16-2021 @ 12:10:12 - Row :229 - Processing item.
08-16-2021 @ 12:10:12 - Row :229 - Processing failed. Reason: Invalid product.
08-16-2021 @ 12:10:12 - Row :230 - Parsing item.
08-16-2021 @ 12:10:12 - Row :230 - Processing item.
08-16-2021 @ 12:10:12 - Row :230 - Processing failed. Reason: Invalid product.
08-16-2021 @ 12:10:14 - Preparing for import.
08-16-2021 @ 12:10:14 - Row :231 - Parsing item.
08-16-2021 @ 12:10:14 - Row :231 - Processing item.
08-16-2021 @ 12:10:14 - Row :231 - Processing failed. Reason: Invalid product.
08-16-2021 @ 12:10:14 - Row :232 - Parsing item.
08-16-2021 @ 12:10:14 - Row :232 - Processing item.
08-16-2021 @ 12:10:14 - Row :232 - Processing failed. Reason: Invalid product.
08-16-2021 @ 12:10:14 - Row :233 - Parsing item.
08-16-2021 @ 12:10:14 - Row :233 - Processing item.
08-16-2021 @ 12:10:14 - Row :233 - Processing failed. Reason: Invalid product.
08-16-2021 @ 12:10:14 - Row :234 - Parsing item.
08-16-2021 @ 12:10:14 - Row :234 - Processing item.
08-16-2021 @ 12:10:14 - Row :234 - Processing failed. Reason: Invalid product.
08-16-2021 @ 12:10:14 - Row :235 - Parsing item.
08-16-2021 @ 12:10:14 - Row :235 - Processing item.
08-16-2021 @ 12:10:14 - Row :235 - Processing failed. Reason: Invalid product.
08-16-2021 @ 12:10:14 - Row :236 - Parsing item.
08-16-2021 @ 12:10:14 - Row :236 - Processing item.
08-16-2021 @ 12:10:14 - Row :236 - Processing failed. Reason: Invalid product.
08-16-2021 @ 12:10:14 - Row :237 - Parsing item.
08-16-2021 @ 12:10:14 - Row :237 - Processing item.
08-16-2021 @ 12:10:14 - Row :237 - Processing failed. Reason: Invalid product.
08-16-2021 @ 12:10:14 - Row :238 - Parsing item.
08-16-2021 @ 12:10:14 - Row :238 - Processing item.
08-16-2021 @ 12:10:14 - Row :238 - Processing failed. Reason: Invalid product.
08-16-2021 @ 12:10:14 - Row :239 - Parsing item.
08-16-2021 @ 12:10:14 - Row :239 - Processing item.
08-16-2021 @ 12:10:14 - Row :239 - Processing failed. Reason: Invalid product.
08-16-2021 @ 12:10:14 - Row :240 - Parsing item.
08-16-2021 @ 12:10:14 - Row :240 - Processing item.
08-16-2021 @ 12:10:14 - Row :240 - Processing failed. Reason: Invalid product.
08-16-2021 @ 12:10:15 - Preparing for import.
08-16-2021 @ 12:10:15 - Row :241 - Parsing item.
08-16-2021 @ 12:10:15 - Row :241 - Processing item.
08-16-2021 @ 12:10:15 - Row :241 - Processing failed. Reason: Invalid product.
08-16-2021 @ 12:10:15 - Row :242 - Parsing item.
08-16-2021 @ 12:10:15 - Row :242 - Processing item.
08-16-2021 @ 12:10:15 - Row :242 - Processing failed. Reason: Invalid product.
08-16-2021 @ 12:10:15 - Row :243 - Parsing item.
08-16-2021 @ 12:10:15 - Row :243 - Processing item.
08-16-2021 @ 12:10:15 - Row :243 - Processing failed. Reason: Invalid product.
08-16-2021 @ 12:10:15 - Row :244 - Parsing item.
08-16-2021 @ 12:10:15 - Row :244 - Processing item.
08-16-2021 @ 12:10:15 - Row :244 - Processing failed. Reason: Invalid product.
08-16-2021 @ 12:10:15 - Row :245 - Parsing item.
08-16-2021 @ 12:10:15 - Row :245 - Processing item.
08-16-2021 @ 12:10:15 - Row :245 - Processing failed. Reason: Invalid product.
08-16-2021 @ 12:10:15 - Row :246 - Parsing item.
08-16-2021 @ 12:10:15 - Row :246 - Processing item.
08-16-2021 @ 12:10:15 - Row :246 - Processing failed. Reason: Invalid product.
08-16-2021 @ 12:10:15 - Row :247 - Parsing item.
08-16-2021 @ 12:10:15 - Row :247 - Processing item.
08-16-2021 @ 12:10:15 - Row :247 - Processing failed. Reason: Invalid product.
08-16-2021 @ 12:10:15 - Row :248 - Parsing item.
08-16-2021 @ 12:10:15 - Row :248 - Processing item.
08-16-2021 @ 12:10:15 - Row :248 - Processing failed. Reason: Invalid product.
08-16-2021 @ 12:10:15 - Row :249 - Parsing item.
08-16-2021 @ 12:10:15 - Row :249 - Processing item.
08-16-2021 @ 12:10:15 - Row :249 - Processing failed. Reason: Invalid product.
08-16-2021 @ 12:10:15 - Row :250 - Parsing item.
08-16-2021 @ 12:10:15 - Row :250 - Processing item.
08-16-2021 @ 12:10:15 - Row :250 - Processing failed. Reason: Invalid product.
08-16-2021 @ 12:10:17 - Preparing for import.
08-16-2021 @ 12:10:17 - Row :251 - Parsing item.
08-16-2021 @ 12:10:17 - Row :251 - Processing item.
08-16-2021 @ 12:10:17 - Row :251 - Processing failed. Reason: Invalid product.
08-16-2021 @ 12:10:17 - Row :252 - Parsing item.
08-16-2021 @ 12:10:17 - Row :252 - Processing item.
08-16-2021 @ 12:10:17 - Row :252 - Processing failed. Reason: Invalid product.
08-16-2021 @ 12:10:17 - Row :253 - Parsing item.
08-16-2021 @ 12:10:17 - Row :253 - Processing item.
08-16-2021 @ 12:10:17 - Row :253 - Processing failed. Reason: Invalid product.
08-16-2021 @ 12:10:17 - Row :254 - Parsing item.
08-16-2021 @ 12:10:17 - Row :254 - Processing item.
08-16-2021 @ 12:10:17 - Row :254 - Processing failed. Reason: Invalid product.
08-16-2021 @ 12:10:17 - Row :255 - Parsing item.
08-16-2021 @ 12:10:17 - Row :255 - Processing item.
08-16-2021 @ 12:10:17 - Row :255 - Processing failed. Reason: Invalid product.
08-16-2021 @ 12:10:17 - Row :256 - Parsing item.
08-16-2021 @ 12:10:17 - Row :256 - Processing item.
08-16-2021 @ 12:10:17 - Row :256 - Processing failed. Reason: Invalid product.
08-16-2021 @ 12:10:17 - Row :257 - Parsing item.
08-16-2021 @ 12:10:17 - Row :257 - Processing item.
08-16-2021 @ 12:10:17 - Row :257 - Processing failed. Reason: Invalid product.
08-16-2021 @ 12:10:17 - Row :258 - Parsing item.
08-16-2021 @ 12:10:17 - Row :258 - Processing item.
08-16-2021 @ 12:10:17 - Row :258 - Processing failed. Reason: Invalid product.
08-16-2021 @ 12:10:17 - Row :259 - Parsing item.
08-16-2021 @ 12:10:17 - Row :259 - Processing item.
08-16-2021 @ 12:10:17 - Row :259 - Processing failed. Reason: Invalid product.
08-16-2021 @ 12:10:17 - Row :260 - Parsing item.
08-16-2021 @ 12:10:17 - Row :260 - Processing item.
08-16-2021 @ 12:10:17 - Row :260 - Processing failed. Reason: Invalid product.
08-16-2021 @ 12:10:18 - Preparing for import.
08-16-2021 @ 12:10:18 - Row :261 - Parsing item.
08-16-2021 @ 12:10:18 - Row :261 - Processing item.
08-16-2021 @ 12:10:18 - Row :261 - Processing failed. Reason: Invalid product.
08-16-2021 @ 12:10:18 - Row :262 - Parsing item.
08-16-2021 @ 12:10:18 - Row :262 - Processing item.
08-16-2021 @ 12:10:18 - Row :262 - Processing failed. Reason: Invalid product.
08-16-2021 @ 12:10:18 - Row :263 - Parsing item.
08-16-2021 @ 12:10:18 - Row :263 - Processing item.
08-16-2021 @ 12:10:18 - Row :263 - Processing failed. Reason: Invalid product.
08-16-2021 @ 12:10:18 - Row :264 - Parsing item.
08-16-2021 @ 12:10:18 - Row :264 - Processing item.
08-16-2021 @ 12:10:18 - Row :264 - Processing failed. Reason: Invalid product.
08-16-2021 @ 12:10:18 - Row :265 - Parsing item.
08-16-2021 @ 12:10:18 - Row :265 - Processing item.
08-16-2021 @ 12:10:18 - Row :265 - Processing failed. Reason: Invalid product.
08-16-2021 @ 12:10:18 - Row :266 - Parsing item.
08-16-2021 @ 12:10:18 - Row :266 - Processing item.
08-16-2021 @ 12:10:18 - Row :266 - Processing failed. Reason: Invalid product.
08-16-2021 @ 12:10:18 - Row :267 - Parsing item.
08-16-2021 @ 12:10:18 - Row :267 - Processing item.
08-16-2021 @ 12:10:18 - Row :267 - Processing failed. Reason: Invalid product.
08-16-2021 @ 12:10:18 - Row :268 - Parsing item.
08-16-2021 @ 12:10:18 - Row :268 - Processing item.
08-16-2021 @ 12:10:18 - Row :268 - Processing failed. Reason: Invalid product.
08-16-2021 @ 12:10:18 - Row :269 - Parsing item.
08-16-2021 @ 12:10:18 - Row :269 - Processing item.
08-16-2021 @ 12:10:18 - Row :269 - Processing failed. Reason: Invalid product.
08-16-2021 @ 12:10:18 - Row :270 - Parsing item.
08-16-2021 @ 12:10:18 - Row :270 - Processing item.
08-16-2021 @ 12:10:18 - Row :270 - Processing failed. Reason: Invalid product.
08-16-2021 @ 12:10:19 - Preparing for import.
08-16-2021 @ 12:10:19 - Row :271 - Parsing item.
08-16-2021 @ 12:10:19 - Row :271 - Processing item.
08-16-2021 @ 12:10:19 - Row :271 - Processing failed. Reason: Invalid product.
08-16-2021 @ 12:10:19 - Row :272 - Parsing item.
08-16-2021 @ 12:10:19 - Row :272 - Processing item.
08-16-2021 @ 12:10:19 - Row :272 - Processing failed. Reason: Invalid product.
08-16-2021 @ 12:10:19 - Row :273 - Parsing item.
08-16-2021 @ 12:10:19 - Row :273 - Processing item.
08-16-2021 @ 12:10:19 - Row :273 - Processing failed. Reason: Invalid product.
08-16-2021 @ 12:10:19 - Row :274 - Parsing item.
08-16-2021 @ 12:10:19 - Row :274 - Processing item.
08-16-2021 @ 12:10:19 - Row :274 - Processing failed. Reason: Invalid product.
08-16-2021 @ 12:10:19 - Row :275 - Parsing item.
08-16-2021 @ 12:10:19 - Row :275 - Processing item.
08-16-2021 @ 12:10:19 - Row :275 - Processing failed. Reason: Invalid product.
08-16-2021 @ 12:10:19 - Row :276 - Parsing item.
08-16-2021 @ 12:10:19 - Row :276 - Processing item.
08-16-2021 @ 12:10:19 - Row :276 - Processing failed. Reason: Invalid product.
08-16-2021 @ 12:10:19 - Row :277 - Parsing item.
08-16-2021 @ 12:10:19 - Row :277 - Processing item.
08-16-2021 @ 12:10:19 - Row :277 - Processing failed. Reason: Invalid product.
08-16-2021 @ 12:10:19 - Row :278 - Parsing item.
08-16-2021 @ 12:10:19 - Row :278 - Processing item.
08-16-2021 @ 12:10:19 - Row :278 - Processing failed. Reason: Invalid product.
08-16-2021 @ 12:10:19 - Row :279 - Parsing item.
08-16-2021 @ 12:10:19 - Row :279 - Processing item.
08-16-2021 @ 12:10:19 - Row :279 - Processing failed. Reason: Invalid product.
08-16-2021 @ 12:10:19 - Row :280 - Parsing item.
08-16-2021 @ 12:10:20 - Row :280 - Processing item.
08-16-2021 @ 12:10:20 - Row :280 - Processing failed. Reason: Invalid product.
08-16-2021 @ 12:10:21 - Preparing for import.
08-16-2021 @ 12:10:21 - Row :281 - Parsing item.
08-16-2021 @ 12:10:21 - Row :281 - Processing item.
08-16-2021 @ 12:10:21 - Row :281 - Processing failed. Reason: Invalid product.
08-16-2021 @ 12:10:21 - Row :282 - Parsing item.
08-16-2021 @ 12:10:21 - Row :282 - Processing item.
08-16-2021 @ 12:10:21 - Row :282 - Processing failed. Reason: Invalid product.
08-16-2021 @ 12:10:21 - Row :283 - Parsing item.
08-16-2021 @ 12:10:21 - Row :283 - Processing item.
08-16-2021 @ 12:10:21 - Row :283 - Processing failed. Reason: Invalid product.
08-16-2021 @ 12:10:21 - Row :284 - Parsing item.
08-16-2021 @ 12:10:21 - Row :284 - Processing item.
08-16-2021 @ 12:10:21 - Row :284 - Processing failed. Reason: Invalid product.
08-16-2021 @ 12:10:21 - Row :285 - Parsing item.
08-16-2021 @ 12:10:21 - Row :285 - Processing item.
08-16-2021 @ 12:10:21 - Row :285 - Processing failed. Reason: Invalid product.
08-16-2021 @ 12:10:21 - Row :286 - Parsing item.
08-16-2021 @ 12:10:21 - Row :286 - Processing item.
08-16-2021 @ 12:10:21 - Row :286 - Processing failed. Reason: Invalid product.
08-16-2021 @ 12:10:21 - Row :287 - Parsing item.
08-16-2021 @ 12:10:21 - Row :287 - Processing item.
08-16-2021 @ 12:10:21 - Row :287 - Processing failed. Reason: Invalid product.
08-16-2021 @ 12:10:21 - Row :288 - Parsing item.
08-16-2021 @ 12:10:21 - Row :288 - Processing item.
08-16-2021 @ 12:10:21 - Row :288 - Processing failed. Reason: Invalid product.
08-16-2021 @ 12:10:21 - Row :289 - Parsing item.
08-16-2021 @ 12:10:21 - Row :289 - Processing item.
08-16-2021 @ 12:10:21 - Row :289 - Processing failed. Reason: Invalid product.
08-16-2021 @ 12:10:21 - Row :290 - Parsing item.
08-16-2021 @ 12:10:21 - Row :290 - Processing item.
08-16-2021 @ 12:10:21 - Row :290 - Processing failed. Reason: Invalid product.
08-16-2021 @ 12:10:22 - Preparing for import.
08-16-2021 @ 12:10:22 - Row :291 - Parsing item.
08-16-2021 @ 12:10:22 - Row :291 - Processing item.
08-16-2021 @ 12:10:22 - Row :291 - Processing failed. Reason: Invalid product.
08-16-2021 @ 12:10:22 - Row :292 - Parsing item.
08-16-2021 @ 12:10:22 - Row :292 - Processing item.
08-16-2021 @ 12:10:22 - Row :292 - Processing failed. Reason: Invalid product.
08-16-2021 @ 12:10:22 - Row :293 - Parsing item.
08-16-2021 @ 12:10:22 - Row :293 - Processing item.
08-16-2021 @ 12:10:22 - Row :293 - Processing failed. Reason: Invalid product.
08-16-2021 @ 12:10:22 - Row :294 - Parsing item.
08-16-2021 @ 12:10:22 - Row :294 - Processing item.
08-16-2021 @ 12:10:22 - Row :294 - Processing failed. Reason: Invalid product.
08-16-2021 @ 12:10:22 - Row :295 - Parsing item.
08-16-2021 @ 12:10:22 - Row :295 - Processing item.
08-16-2021 @ 12:10:22 - Row :295 - Processing failed. Reason: Invalid product.
08-16-2021 @ 12:10:22 - Row :296 - Parsing item.
08-16-2021 @ 12:10:22 - Row :296 - Processing item.
08-16-2021 @ 12:10:22 - Row :296 - Processing failed. Reason: Invalid product.
08-16-2021 @ 12:10:22 - Row :297 - Parsing item.
08-16-2021 @ 12:10:22 - Row :297 - Processing item.
08-16-2021 @ 12:10:22 - Row :297 - Processing failed. Reason: Invalid product.
08-16-2021 @ 12:10:22 - Row :298 - Parsing item.
08-16-2021 @ 12:10:22 - Row :298 - Processing item.
08-16-2021 @ 12:10:22 - Row :298 - Processing failed. Reason: Invalid product.
08-16-2021 @ 12:10:22 - Row :299 - Parsing item.
08-16-2021 @ 12:10:22 - Row :299 - Processing item.
08-16-2021 @ 12:10:22 - Row :299 - Processing failed. Reason: Invalid product.
08-16-2021 @ 12:10:22 - Row :300 - Parsing item.
08-16-2021 @ 12:10:22 - Row :300 - Processing item.
08-16-2021 @ 12:10:22 - Row :300 - Processing failed. Reason: Invalid product.
08-16-2021 @ 12:10:24 - Preparing for import.
08-16-2021 @ 12:10:24 - Row :301 - Parsing item.
08-16-2021 @ 12:10:24 - Row :301 - Processing item.
08-16-2021 @ 12:10:24 - Row :301 - Processing failed. Reason: Invalid product.
08-16-2021 @ 12:10:24 - Row :302 - Parsing item.
08-16-2021 @ 12:10:24 - Row :302 - Processing item.
08-16-2021 @ 12:10:24 - Row :302 - Processing failed. Reason: Invalid product.
08-16-2021 @ 12:10:24 - Row :303 - Parsing item.
08-16-2021 @ 12:10:24 - Row :303 - Processing item.
08-16-2021 @ 12:10:24 - Row :303 - Processing failed. Reason: Invalid product.
08-16-2021 @ 12:10:24 - Row :304 - Parsing item.
08-16-2021 @ 12:10:24 - Row :304 - Processing item.
08-16-2021 @ 12:10:24 - Row :304 - Processing failed. Reason: Invalid product.
08-16-2021 @ 12:10:24 - Row :305 - Parsing item.
08-16-2021 @ 12:10:24 - Row :305 - Processing item.
08-16-2021 @ 12:10:24 - Row :305 - Processing failed. Reason: Invalid product.
08-16-2021 @ 12:10:24 - Row :306 - Parsing item.
08-16-2021 @ 12:10:24 - Row :306 - Processing item.
08-16-2021 @ 12:10:24 - Row :306 - Processing failed. Reason: Invalid product.
08-16-2021 @ 12:10:24 - Row :307 - Parsing item.
08-16-2021 @ 12:10:24 - Row :307 - Processing item.
08-16-2021 @ 12:10:24 - Row :307 - Processing failed. Reason: Invalid product.
08-16-2021 @ 12:10:24 - Row :308 - Parsing item.
08-16-2021 @ 12:10:24 - Row :308 - Processing item.
08-16-2021 @ 12:10:24 - Row :308 - Processing failed. Reason: Invalid product.
08-16-2021 @ 12:10:24 - Row :309 - Parsing item.
08-16-2021 @ 12:10:24 - Row :309 - Processing item.
08-16-2021 @ 12:10:24 - Row :309 - Processing failed. Reason: Invalid product.
08-16-2021 @ 12:10:24 - Row :310 - Parsing item.
08-16-2021 @ 12:10:24 - Row :310 - Processing item.
08-16-2021 @ 12:10:24 - Row :310 - Processing failed. Reason: Invalid product.
08-16-2021 @ 12:10:25 - Preparing for import.
08-16-2021 @ 12:10:25 - Row :311 - Parsing item.
08-16-2021 @ 12:10:25 - Row :311 - Processing item.
08-16-2021 @ 12:10:25 - Row :311 - Processing failed. Reason: Invalid product.
08-16-2021 @ 12:10:25 - Row :312 - Parsing item.
08-16-2021 @ 12:10:25 - Row :312 - Processing item.
08-16-2021 @ 12:10:25 - Row :312 - Processing failed. Reason: Invalid product.
08-16-2021 @ 12:10:25 - Row :313 - Parsing item.
08-16-2021 @ 12:10:25 - Row :313 - Processing item.
08-16-2021 @ 12:10:25 - Row :313 - Processing failed. Reason: Invalid product.
08-16-2021 @ 12:10:25 - Row :314 - Parsing item.
08-16-2021 @ 12:10:25 - Row :314 - Processing item.
08-16-2021 @ 12:10:25 - Row :314 - Processing failed. Reason: Invalid product.
08-16-2021 @ 12:10:25 - Row :315 - Parsing item.
08-16-2021 @ 12:10:25 - Row :315 - Processing item.
08-16-2021 @ 12:10:25 - Row :315 - Processing failed. Reason: Invalid product.
08-16-2021 @ 12:10:25 - Row :316 - Parsing item.
08-16-2021 @ 12:10:25 - Row :316 - Processing item.
08-16-2021 @ 12:10:25 - Row :316 - Processing failed. Reason: Invalid product.
08-16-2021 @ 12:10:25 - Row :317 - Parsing item.
08-16-2021 @ 12:10:25 - Row :317 - Processing item.
08-16-2021 @ 12:10:25 - Row :317 - Processing failed. Reason: Invalid product.
08-16-2021 @ 12:10:25 - Row :318 - Parsing item.
08-16-2021 @ 12:10:25 - Row :318 - Processing item.
08-16-2021 @ 12:10:25 - Row :318 - Processing failed. Reason: Invalid product.
08-16-2021 @ 12:10:25 - Row :319 - Parsing item.
08-16-2021 @ 12:10:25 - Row :319 - Processing item.
08-16-2021 @ 12:10:25 - Row :319 - Processing failed. Reason: Invalid product.
08-16-2021 @ 12:10:25 - Row :320 - Parsing item.
08-16-2021 @ 12:10:25 - Row :320 - Processing item.
08-16-2021 @ 12:10:25 - Row :320 - Processing failed. Reason: Invalid product.
08-16-2021 @ 12:10:27 - Preparing for import.
08-16-2021 @ 12:10:27 - Row :321 - Parsing item.
08-16-2021 @ 12:10:27 - Row :321 - Processing item.
08-16-2021 @ 12:10:27 - Row :321 - Processing failed. Reason: Invalid product.
08-16-2021 @ 12:10:27 - Row :322 - Parsing item.
08-16-2021 @ 12:10:27 - Row :322 - Processing item.
08-16-2021 @ 12:10:27 - Row :322 - Processing failed. Reason: Invalid product.
08-16-2021 @ 12:10:27 - Row :323 - Parsing item.
08-16-2021 @ 12:10:27 - Row :323 - Processing item.
08-16-2021 @ 12:10:27 - Row :323 - Processing failed. Reason: Invalid product.
08-16-2021 @ 12:10:27 - Row :324 - Parsing item.
08-16-2021 @ 12:10:27 - Row :324 - Processing item.
08-16-2021 @ 12:10:27 - Row :324 - Processing failed. Reason: Invalid product.
08-16-2021 @ 12:10:27 - Row :325 - Parsing item.
08-16-2021 @ 12:10:27 - Row :325 - Processing item.
08-16-2021 @ 12:10:27 - Row :325 - Processing failed. Reason: Invalid product.
08-16-2021 @ 12:10:27 - Row :326 - Parsing item.
08-16-2021 @ 12:10:27 - Row :326 - Processing item.
08-16-2021 @ 12:10:27 - Row :326 - Processing failed. Reason: Invalid product.
08-16-2021 @ 12:10:27 - Row :327 - Parsing item.
08-16-2021 @ 12:10:27 - Row :327 - Processing item.
08-16-2021 @ 12:10:27 - Row :327 - Processing failed. Reason: Invalid product.
08-16-2021 @ 12:10:27 - Row :328 - Parsing item.
08-16-2021 @ 12:10:27 - Row :328 - Processing item.
08-16-2021 @ 12:10:27 - Row :328 - Processing failed. Reason: Invalid product.
08-16-2021 @ 12:10:27 - Row :329 - Parsing item.
08-16-2021 @ 12:10:27 - Row :329 - Processing item.
08-16-2021 @ 12:10:27 - Row :329 - Processing failed. Reason: Invalid product.
08-16-2021 @ 12:10:27 - Row :330 - Parsing item.
08-16-2021 @ 12:10:27 - Row :330 - Processing item.
08-16-2021 @ 12:10:27 - Row :330 - Processing failed. Reason: Invalid product.
08-16-2021 @ 12:10:28 - Preparing for import.
08-16-2021 @ 12:10:28 - Row :331 - Parsing item.
08-16-2021 @ 12:10:28 - Row :331 - Processing item.
08-16-2021 @ 12:10:28 - Row :331 - Processing failed. Reason: Invalid product.
08-16-2021 @ 12:10:28 - Row :332 - Parsing item.
08-16-2021 @ 12:10:28 - Row :332 - Processing item.
08-16-2021 @ 12:10:28 - Row :332 - Processing failed. Reason: Invalid product.
08-16-2021 @ 12:10:28 - Row :333 - Parsing item.
08-16-2021 @ 12:10:28 - Row :333 - Processing item.
08-16-2021 @ 12:10:28 - Row :333 - Processing failed. Reason: Invalid product.
08-16-2021 @ 12:10:28 - Row :334 - Parsing item.
08-16-2021 @ 12:10:28 - Row :334 - Processing item.
08-16-2021 @ 12:10:28 - Row :334 - Processing failed. Reason: Invalid product.
08-16-2021 @ 12:10:28 - Row :335 - Parsing item.
08-16-2021 @ 12:10:28 - Row :335 - Processing item.
08-16-2021 @ 12:10:28 - Row :335 - Processing failed. Reason: Invalid product.
08-16-2021 @ 12:10:28 - Row :336 - Parsing item.
08-16-2021 @ 12:10:28 - Row :336 - Processing item.
08-16-2021 @ 12:10:28 - Row :336 - Processing failed. Reason: Invalid product.
08-16-2021 @ 12:10:28 - Row :337 - Parsing item.
08-16-2021 @ 12:10:28 - Row :337 - Processing item.
08-16-2021 @ 12:10:28 - Row :337 - Processing failed. Reason: Invalid product.
08-16-2021 @ 12:10:28 - Row :338 - Parsing item.
08-16-2021 @ 12:10:28 - Row :338 - Processing item.
08-16-2021 @ 12:10:28 - Row :338 - Processing failed. Reason: Invalid product.
08-16-2021 @ 12:10:28 - Row :339 - Parsing item.
08-16-2021 @ 12:10:28 - Row :339 - Processing item.
08-16-2021 @ 12:10:28 - Row :339 - Processing failed. Reason: Invalid product.
08-16-2021 @ 12:10:28 - Row :340 - Parsing item.
08-16-2021 @ 12:10:28 - Row :340 - Processing item.
08-16-2021 @ 12:10:28 - Row :340 - Processing failed. Reason: Invalid product.
08-16-2021 @ 12:10:30 - Preparing for import.
08-16-2021 @ 12:10:30 - Row :341 - Parsing item.
08-16-2021 @ 12:10:30 - Row :341 - Processing item.
08-16-2021 @ 12:10:30 - Row :341 - Processing failed. Reason: Invalid product.
08-16-2021 @ 12:10:30 - Row :342 - Parsing item.
08-16-2021 @ 12:10:30 - Row :342 - Processing item.
08-16-2021 @ 12:10:30 - Row :342 - Processing failed. Reason: Invalid product.
08-16-2021 @ 12:10:30 - Row :343 - Parsing item.
08-16-2021 @ 12:10:30 - Row :343 - Processing item.
08-16-2021 @ 12:10:30 - Row :343 - Processing failed. Reason: Invalid product.
08-16-2021 @ 12:10:30 - Row :344 - Parsing item.
08-16-2021 @ 12:10:30 - Row :344 - Processing item.
08-16-2021 @ 12:10:30 - Row :344 - Processing failed. Reason: Invalid product.
08-16-2021 @ 12:10:30 - Row :345 - Parsing item.
08-16-2021 @ 12:10:30 - Row :345 - Processing item.
08-16-2021 @ 12:10:30 - Row :345 - Processing failed. Reason: Invalid product.
08-16-2021 @ 12:10:30 - Row :346 - Parsing item.
08-16-2021 @ 12:10:30 - Row :346 - Processing item.
08-16-2021 @ 12:10:30 - Row :346 - Processing failed. Reason: Invalid product.
08-16-2021 @ 12:10:30 - Row :347 - Parsing item.
08-16-2021 @ 12:10:30 - Row :347 - Processing item.
08-16-2021 @ 12:10:30 - Row :347 - Processing failed. Reason: Invalid product.
08-16-2021 @ 12:10:30 - Row :348 - Parsing item.
08-16-2021 @ 12:10:30 - Row :348 - Processing item.
08-16-2021 @ 12:10:30 - Row :348 - Processing failed. Reason: Invalid product.
08-16-2021 @ 12:10:30 - Row :349 - Parsing item.
08-16-2021 @ 12:10:30 - Row :349 - Processing item.
08-16-2021 @ 12:10:30 - Row :349 - Processing failed. Reason: Invalid product.
08-16-2021 @ 12:10:30 - Row :350 - Parsing item.
08-16-2021 @ 12:10:30 - Row :350 - Processing item.
08-16-2021 @ 12:10:30 - Row :350 - Processing failed. Reason: Invalid product.
08-16-2021 @ 12:10:31 - Preparing for import.
08-16-2021 @ 12:10:31 - Row :351 - Parsing item.
08-16-2021 @ 12:10:31 - Row :351 - Processing item.
08-16-2021 @ 12:10:31 - Row :351 - Processing failed. Reason: Invalid product.
08-16-2021 @ 12:10:31 - Row :352 - Parsing item.
08-16-2021 @ 12:10:31 - Row :352 - Processing item.
08-16-2021 @ 12:10:31 - Row :352 - Processing failed. Reason: Invalid product.
08-16-2021 @ 12:10:31 - Row :353 - Parsing item.
08-16-2021 @ 12:10:31 - Row :353 - Processing item.
08-16-2021 @ 12:10:31 - Row :353 - Processing failed. Reason: Invalid product.
08-16-2021 @ 12:10:31 - Row :354 - Parsing item.
08-16-2021 @ 12:10:31 - Row :354 - Processing item.
08-16-2021 @ 12:10:31 - Row :354 - Processing failed. Reason: Invalid product.
08-16-2021 @ 12:10:31 - Row :355 - Parsing item.
08-16-2021 @ 12:10:31 - Row :355 - Processing item.
08-16-2021 @ 12:10:31 - Row :355 - Processing failed. Reason: Invalid product.
08-16-2021 @ 12:10:31 - Row :356 - Parsing item.
08-16-2021 @ 12:10:31 - Row :356 - Processing item.
08-16-2021 @ 12:10:31 - Row :356 - Processing failed. Reason: Invalid product.
08-16-2021 @ 12:10:31 - Row :357 - Parsing item.
08-16-2021 @ 12:10:31 - Row :357 - Processing item.
08-16-2021 @ 12:10:31 - Row :357 - Processing failed. Reason: Invalid product.
08-16-2021 @ 12:10:31 - Row :358 - Parsing item.
08-16-2021 @ 12:10:31 - Row :358 - Processing item.
08-16-2021 @ 12:10:31 - Row :358 - Processing failed. Reason: Invalid product.
08-16-2021 @ 12:10:31 - Row :359 - Parsing item.
08-16-2021 @ 12:10:31 - Row :359 - Processing item.
08-16-2021 @ 12:10:31 - Row :359 - Processing failed. Reason: Invalid product.
08-16-2021 @ 12:10:31 - Row :360 - Parsing item.
08-16-2021 @ 12:10:31 - Row :360 - Processing item.
08-16-2021 @ 12:10:31 - Row :360 - Processing failed. Reason: Invalid product.
08-16-2021 @ 12:10:33 - Preparing for import.
08-16-2021 @ 12:10:33 - Row :361 - Parsing item.
08-16-2021 @ 12:10:33 - Row :361 - Processing item.
08-16-2021 @ 12:10:33 - Row :361 - Processing failed. Reason: Invalid product.
08-16-2021 @ 12:10:33 - Row :362 - Parsing item.
08-16-2021 @ 12:10:33 - Row :362 - Processing item.
08-16-2021 @ 12:10:33 - Row :362 - Processing failed. Reason: Invalid product.
08-16-2021 @ 12:10:33 - Row :363 - Parsing item.
08-16-2021 @ 12:10:33 - Row :363 - Processing item.
08-16-2021 @ 12:10:33 - Row :363 - Processing failed. Reason: Invalid product.
08-16-2021 @ 12:10:33 - Row :364 - Parsing item.
08-16-2021 @ 12:10:33 - Row :364 - Processing item.
08-16-2021 @ 12:10:33 - Row :364 - Processing failed. Reason: Invalid product.
08-16-2021 @ 12:10:33 - Row :365 - Parsing item.
08-16-2021 @ 12:10:33 - Row :365 - Processing item.
08-16-2021 @ 12:10:33 - Row :365 - Processing failed. Reason: Invalid product.
08-16-2021 @ 12:10:33 - Row :366 - Parsing item.
08-16-2021 @ 12:10:33 - Row :366 - Processing item.
08-16-2021 @ 12:10:33 - Row :366 - Processing failed. Reason: Invalid product.
08-16-2021 @ 12:10:33 - Row :367 - Parsing item.
08-16-2021 @ 12:10:33 - Row :367 - Processing item.
08-16-2021 @ 12:10:33 - Row :367 - Processing failed. Reason: Invalid product.
08-16-2021 @ 12:10:33 - Row :368 - Parsing item.
08-16-2021 @ 12:10:33 - Row :368 - Processing item.
08-16-2021 @ 12:10:33 - Row :368 - Processing failed. Reason: Invalid product.
08-16-2021 @ 12:10:33 - Row :369 - Parsing item.
08-16-2021 @ 12:10:33 - Row :369 - Processing item.
08-16-2021 @ 12:10:33 - Row :369 - Processing failed. Reason: Invalid product.
08-16-2021 @ 12:10:33 - Row :370 - Parsing item.
08-16-2021 @ 12:10:33 - Row :370 - Processing item.
08-16-2021 @ 12:10:33 - Row :370 - Processing failed. Reason: Invalid product.
08-16-2021 @ 12:10:34 - Preparing for import.
08-16-2021 @ 12:10:34 - Row :371 - Parsing item.
08-16-2021 @ 12:10:34 - Row :371 - Processing item.
08-16-2021 @ 12:10:34 - Row :371 - Processing failed. Reason: Invalid product.
08-16-2021 @ 12:10:34 - Row :372 - Parsing item.
08-16-2021 @ 12:10:34 - Row :372 - Processing item.
08-16-2021 @ 12:10:34 - Row :372 - Processing failed. Reason: Invalid product.
08-16-2021 @ 12:10:34 - Row :373 - Parsing item.
08-16-2021 @ 12:10:34 - Row :373 - Processing item.
08-16-2021 @ 12:10:34 - Row :373 - Processing failed. Reason: Invalid product.
08-16-2021 @ 12:10:34 - Row :374 - Parsing item.
08-16-2021 @ 12:10:34 - Row :374 - Processing item.
08-16-2021 @ 12:10:34 - Row :374 - Processing failed. Reason: Invalid product.
08-16-2021 @ 12:10:34 - Row :375 - Parsing item.
08-16-2021 @ 12:10:34 - Row :375 - Processing item.
08-16-2021 @ 12:10:34 - Row :375 - Processing failed. Reason: Invalid product.
08-16-2021 @ 12:10:34 - Row :376 - Parsing item.
08-16-2021 @ 12:10:34 - Row :376 - Processing item.
08-16-2021 @ 12:10:34 - Row :376 - Processing failed. Reason: Invalid product.
08-16-2021 @ 12:10:34 - Row :377 - Parsing item.
08-16-2021 @ 12:10:34 - Row :377 - Processing item.
08-16-2021 @ 12:10:34 - Row :377 - Processing failed. Reason: Invalid product.
08-16-2021 @ 12:10:34 - Row :378 - Parsing item.
08-16-2021 @ 12:10:34 - Row :378 - Processing item.
08-16-2021 @ 12:10:34 - Row :378 - Processing failed. Reason: Invalid product.
08-16-2021 @ 12:10:34 - Row :379 - Parsing item.
08-16-2021 @ 12:10:34 - Row :379 - Processing item.
08-16-2021 @ 12:10:34 - Row :379 - Processing failed. Reason: Invalid product.
08-16-2021 @ 12:10:34 - Row :380 - Parsing item.
08-16-2021 @ 12:10:34 - Row :380 - Processing item.
08-16-2021 @ 12:10:34 - Row :380 - Processing failed. Reason: Invalid product.
08-16-2021 @ 12:10:35 - Preparing for import.
08-16-2021 @ 12:10:35 - Row :381 - Parsing item.
08-16-2021 @ 12:10:35 - Row :381 - Processing item.
08-16-2021 @ 12:10:35 - Row :381 - Processing failed. Reason: Invalid product.
08-16-2021 @ 12:10:35 - Row :382 - Parsing item.
08-16-2021 @ 12:10:35 - Row :382 - Processing item.
08-16-2021 @ 12:10:35 - Row :382 - Processing failed. Reason: Invalid product.
08-16-2021 @ 12:10:35 - Row :383 - Parsing item.
08-16-2021 @ 12:10:35 - Row :383 - Processing item.
08-16-2021 @ 12:10:35 - Row :383 - Processing failed. Reason: Invalid product.
08-16-2021 @ 12:10:35 - Row :384 - Parsing item.
08-16-2021 @ 12:10:35 - Row :384 - Processing item.
08-16-2021 @ 12:10:35 - Row :384 - Processing failed. Reason: Invalid product.
08-16-2021 @ 12:10:35 - Row :385 - Parsing item.
08-16-2021 @ 12:10:35 - Row :385 - Processing item.
08-16-2021 @ 12:10:35 - Row :385 - Processing failed. Reason: Invalid product.
08-16-2021 @ 12:10:35 - Row :386 - Parsing item.
08-16-2021 @ 12:10:35 - Row :386 - Processing item.
08-16-2021 @ 12:10:35 - Row :386 - Processing failed. Reason: Invalid product.
08-16-2021 @ 12:10:35 - Row :387 - Parsing item.
08-16-2021 @ 12:10:35 - Row :387 - Processing item.
08-16-2021 @ 12:10:35 - Row :387 - Processing failed. Reason: Invalid product.
08-16-2021 @ 12:10:35 - Row :388 - Parsing item.
08-16-2021 @ 12:10:35 - Row :388 - Processing item.
08-16-2021 @ 12:10:35 - Row :388 - Processing failed. Reason: Invalid product.
08-16-2021 @ 12:10:35 - Row :389 - Parsing item.
08-16-2021 @ 12:10:35 - Row :389 - Processing item.
08-16-2021 @ 12:10:35 - Row :389 - Processing failed. Reason: Invalid product.
08-16-2021 @ 12:10:35 - Row :390 - Parsing item.
08-16-2021 @ 12:10:35 - Row :390 - Processing item.
08-16-2021 @ 12:10:35 - Row :390 - Processing failed. Reason: Invalid product.
08-16-2021 @ 12:10:37 - Preparing for import.
08-16-2021 @ 12:10:37 - Row :391 - Parsing item.
08-16-2021 @ 12:10:37 - Row :391 - Processing item.
08-16-2021 @ 12:10:37 - Row :391 - Processing failed. Reason: Invalid product.
08-16-2021 @ 12:10:37 - Row :392 - Parsing item.
08-16-2021 @ 12:10:37 - Row :392 - Processing item.
08-16-2021 @ 12:10:37 - Row :392 - Processing failed. Reason: Invalid product.
08-16-2021 @ 12:10:37 - Row :393 - Parsing item.
08-16-2021 @ 12:10:37 - Row :393 - Processing item.
08-16-2021 @ 12:10:37 - Row :393 - Processing failed. Reason: Invalid product.
08-16-2021 @ 12:10:37 - Row :394 - Parsing item.
08-16-2021 @ 12:10:37 - Row :394 - Processing item.
08-16-2021 @ 12:10:37 - Row :394 - Processing failed. Reason: Invalid product.
08-16-2021 @ 12:10:37 - Row :395 - Parsing item.
08-16-2021 @ 12:10:37 - Row :395 - Processing item.
08-16-2021 @ 12:10:37 - Row :395 - Processing failed. Reason: Invalid product.
08-16-2021 @ 12:10:37 - Row :396 - Parsing item.
08-16-2021 @ 12:10:37 - Row :396 - Processing item.
08-16-2021 @ 12:10:37 - Row :396 - Processing failed. Reason: Invalid product.
08-16-2021 @ 12:10:37 - Row :397 - Parsing item.
08-16-2021 @ 12:10:37 - Row :397 - Processing item.
08-16-2021 @ 12:10:37 - Row :397 - Processing failed. Reason: Invalid product.
08-16-2021 @ 12:10:37 - Row :398 - Parsing item.
08-16-2021 @ 12:10:37 - Row :398 - Processing item.
08-16-2021 @ 12:10:37 - Row :398 - Processing failed. Reason: Invalid product.
08-16-2021 @ 12:10:37 - Row :399 - Parsing item.
08-16-2021 @ 12:10:37 - Row :399 - Processing item.
08-16-2021 @ 12:10:37 - Row :399 - Processing failed. Reason: Invalid product.
08-16-2021 @ 12:10:37 - Row :400 - Parsing item.
08-16-2021 @ 12:10:37 - Row :400 - Processing item.
08-16-2021 @ 12:10:37 - Row :400 - Processing failed. Reason: Invalid product.
08-16-2021 @ 12:10:39 - Preparing for import.
08-16-2021 @ 12:10:39 - Row :401 - Parsing item.
08-16-2021 @ 12:10:39 - Row :401 - Processing item.
08-16-2021 @ 12:10:39 - Row :401 - Processing failed. Reason: Invalid product.
08-16-2021 @ 12:10:39 - Row :402 - Parsing item.
08-16-2021 @ 12:10:39 - Row :402 - Processing item.
08-16-2021 @ 12:10:39 - Row :402 - Processing failed. Reason: Invalid product.
08-16-2021 @ 12:10:39 - Row :403 - Parsing item.
08-16-2021 @ 12:10:39 - Row :403 - Processing item.
08-16-2021 @ 12:10:39 - Row :403 - Processing failed. Reason: Invalid product.
08-16-2021 @ 12:10:39 - Row :404 - Parsing item.
08-16-2021 @ 12:10:39 - Row :404 - Processing item.
08-16-2021 @ 12:10:39 - Row :404 - Processing failed. Reason: Invalid product.
08-16-2021 @ 12:10:39 - Row :405 - Parsing item.
08-16-2021 @ 12:10:39 - Row :405 - Processing item.
08-16-2021 @ 12:10:39 - Row :405 - Processing failed. Reason: Invalid product.
08-16-2021 @ 12:10:39 - Row :406 - Parsing item.
08-16-2021 @ 12:10:39 - Row :406 - Processing item.
08-16-2021 @ 12:10:39 - Row :406 - Processing failed. Reason: Invalid product.
08-16-2021 @ 12:10:39 - Row :407 - Parsing item.
08-16-2021 @ 12:10:39 - Row :407 - Processing item.
08-16-2021 @ 12:10:39 - Row :407 - Processing failed. Reason: Invalid product.
08-16-2021 @ 12:10:39 - Row :408 - Parsing item.
08-16-2021 @ 12:10:39 - Row :408 - Processing item.
08-16-2021 @ 12:10:39 - Row :408 - Processing failed. Reason: Invalid product.
08-16-2021 @ 12:10:39 - Row :409 - Parsing item.
08-16-2021 @ 12:10:39 - Row :409 - Processing item.
08-16-2021 @ 12:10:39 - Row :409 - Processing failed. Reason: Invalid product.
08-16-2021 @ 12:10:39 - Row :410 - Parsing item.
08-16-2021 @ 12:10:39 - Row :410 - Processing item.
08-16-2021 @ 12:10:39 - Row :410 - Processing failed. Reason: Invalid product.
08-16-2021 @ 12:10:40 - Preparing for import.
08-16-2021 @ 12:10:40 - Row :411 - Parsing item.
08-16-2021 @ 12:10:40 - Row :411 - Processing item.
08-16-2021 @ 12:10:40 - Row :411 - Processing failed. Reason: Invalid product.
08-16-2021 @ 12:10:40 - Row :412 - Parsing item.
08-16-2021 @ 12:10:40 - Row :412 - Processing item.
08-16-2021 @ 12:10:40 - Row :412 - Processing failed. Reason: Invalid product.
08-16-2021 @ 12:10:40 - Row :413 - Parsing item.
08-16-2021 @ 12:10:40 - Row :413 - Processing item.
08-16-2021 @ 12:10:40 - Row :413 - Processing failed. Reason: Invalid product.
08-16-2021 @ 12:10:40 - Row :414 - Parsing item.
08-16-2021 @ 12:10:40 - Row :414 - Processing item.
08-16-2021 @ 12:10:40 - Row :414 - Processing failed. Reason: Invalid product.
08-16-2021 @ 12:10:40 - Row :415 - Parsing item.
08-16-2021 @ 12:10:40 - Row :415 - Processing item.
08-16-2021 @ 12:10:40 - Row :415 - Processing failed. Reason: Invalid product.
08-16-2021 @ 12:10:40 - Row :416 - Parsing item.
08-16-2021 @ 12:10:40 - Row :416 - Processing item.
08-16-2021 @ 12:10:40 - Row :416 - Processing failed. Reason: Invalid product.
08-16-2021 @ 12:10:40 - Row :417 - Parsing item.
08-16-2021 @ 12:10:40 - Row :417 - Processing item.
08-16-2021 @ 12:10:40 - Row :417 - Processing failed. Reason: Invalid product.
08-16-2021 @ 12:10:40 - Row :418 - Parsing item.
08-16-2021 @ 12:10:40 - Row :418 - Processing item.
08-16-2021 @ 12:10:40 - Row :418 - Processing failed. Reason: Invalid product.
08-16-2021 @ 12:10:40 - Row :419 - Parsing item.
08-16-2021 @ 12:10:40 - Row :419 - Processing item.
08-16-2021 @ 12:10:40 - Row :419 - Processing failed. Reason: Invalid product.
08-16-2021 @ 12:10:40 - Row :420 - Parsing item.
08-16-2021 @ 12:10:40 - Row :420 - Processing item.
08-16-2021 @ 12:10:40 - Row :420 - Processing failed. Reason: Invalid product.
08-16-2021 @ 12:10:42 - Preparing for import.
08-16-2021 @ 12:10:42 - Row :421 - Parsing item.
08-16-2021 @ 12:10:42 - Row :421 - Processing item.
08-16-2021 @ 12:10:42 - Row :421 - Processing failed. Reason: Invalid product.
08-16-2021 @ 12:10:42 - Row :422 - Parsing item.
08-16-2021 @ 12:10:42 - Row :422 - Processing item.
08-16-2021 @ 12:10:42 - Row :422 - Processing failed. Reason: Invalid product.
08-16-2021 @ 12:10:42 - Row :423 - Parsing item.
08-16-2021 @ 12:10:42 - Row :423 - Processing item.
08-16-2021 @ 12:10:42 - Row :423 - Processing failed. Reason: Invalid product.
08-16-2021 @ 12:10:42 - Row :424 - Parsing item.
08-16-2021 @ 12:10:42 - Row :424 - Processing item.
08-16-2021 @ 12:10:42 - Row :424 - Processing failed. Reason: Invalid product.
08-16-2021 @ 12:10:42 - Row :425 - Parsing item.
08-16-2021 @ 12:10:42 - Row :425 - Processing item.
08-16-2021 @ 12:10:42 - Row :425 - Processing failed. Reason: Invalid product.
08-16-2021 @ 12:10:42 - Row :426 - Parsing item.
08-16-2021 @ 12:10:42 - Row :426 - Processing item.
08-16-2021 @ 12:10:42 - Row :426 - Processing failed. Reason: Invalid product.
08-16-2021 @ 12:10:42 - Row :427 - Parsing item.
08-16-2021 @ 12:10:42 - Row :427 - Processing item.
08-16-2021 @ 12:10:42 - Row :427 - Processing failed. Reason: Invalid product.
08-16-2021 @ 12:10:42 - Row :428 - Parsing item.
08-16-2021 @ 12:10:42 - Row :428 - Processing item.
08-16-2021 @ 12:10:42 - Row :428 - Processing failed. Reason: Invalid product.
08-16-2021 @ 12:10:42 - Row :429 - Parsing item.
08-16-2021 @ 12:10:42 - Row :429 - Processing item.
08-16-2021 @ 12:10:42 - Row :429 - Processing failed. Reason: Invalid product.
08-16-2021 @ 12:10:42 - Row :430 - Parsing item.
08-16-2021 @ 12:10:42 - Row :430 - Processing item.
08-16-2021 @ 12:10:42 - Row :430 - Processing failed. Reason: Invalid product.
08-16-2021 @ 12:10:43 - Preparing for import.
08-16-2021 @ 12:10:43 - Row :431 - Parsing item.
08-16-2021 @ 12:10:43 - Row :431 - Processing item.
08-16-2021 @ 12:10:43 - Row :431 - Processing failed. Reason: Invalid product.
08-16-2021 @ 12:10:43 - Row :432 - Parsing item.
08-16-2021 @ 12:10:43 - Row :432 - Processing item.
08-16-2021 @ 12:10:43 - Row :432 - Processing failed. Reason: Invalid product.
08-16-2021 @ 12:10:43 - Row :433 - Parsing item.
08-16-2021 @ 12:10:43 - Row :433 - Processing item.
08-16-2021 @ 12:10:43 - Row :433 - Processing failed. Reason: Invalid product.
08-16-2021 @ 12:10:43 - Row :434 - Parsing item.
08-16-2021 @ 12:10:43 - Row :434 - Processing item.
08-16-2021 @ 12:10:43 - Row :434 - Processing failed. Reason: Invalid product.
08-16-2021 @ 12:10:43 - Row :435 - Parsing item.
08-16-2021 @ 12:10:43 - Row :435 - Processing item.
08-16-2021 @ 12:10:43 - Row :435 - Processing failed. Reason: Invalid product.
08-16-2021 @ 12:10:43 - Row :436 - Parsing item.
08-16-2021 @ 12:10:43 - Row :436 - Processing item.
08-16-2021 @ 12:10:43 - Row :436 - Processing failed. Reason: Invalid product.
08-16-2021 @ 12:10:43 - Row :437 - Parsing item.
08-16-2021 @ 12:10:43 - Row :437 - Processing item.
08-16-2021 @ 12:10:43 - Row :437 - Processing failed. Reason: Invalid product.
08-16-2021 @ 12:10:43 - Row :438 - Parsing item.
08-16-2021 @ 12:10:43 - Row :438 - Processing item.
08-16-2021 @ 12:10:43 - Row :438 - Processing failed. Reason: Invalid product.
08-16-2021 @ 12:10:43 - Row :439 - Parsing item.
08-16-2021 @ 12:10:43 - Row :439 - Processing item.
08-16-2021 @ 12:10:43 - Row :439 - Processing failed. Reason: Invalid product.
08-16-2021 @ 12:10:43 - Row :440 - Parsing item.
08-16-2021 @ 12:10:43 - Row :440 - Processing item.
08-16-2021 @ 12:10:43 - Row :440 - Processing failed. Reason: Invalid product.
08-16-2021 @ 12:10:45 - Preparing for import.
08-16-2021 @ 12:10:45 - Row :441 - Parsing item.
08-16-2021 @ 12:10:45 - Row :441 - Processing item.
08-16-2021 @ 12:10:45 - Row :441 - Processing failed. Reason: Invalid product.
08-16-2021 @ 12:10:45 - Row :442 - Parsing item.
08-16-2021 @ 12:10:45 - Row :442 - Processing item.
08-16-2021 @ 12:10:45 - Row :442 - Processing failed. Reason: Invalid product.
08-16-2021 @ 12:10:45 - Row :443 - Parsing item.
08-16-2021 @ 12:10:45 - Row :443 - Processing item.
08-16-2021 @ 12:10:45 - Row :443 - Processing failed. Reason: Invalid product.
08-16-2021 @ 12:10:45 - Row :444 - Parsing item.
08-16-2021 @ 12:10:45 - Row :444 - Processing item.
08-16-2021 @ 12:10:45 - Row :444 - Processing failed. Reason: Invalid product.
08-16-2021 @ 12:10:45 - Row :445 - Parsing item.
08-16-2021 @ 12:10:45 - Row :445 - Processing item.
08-16-2021 @ 12:10:45 - Row :445 - Processing failed. Reason: Invalid product.
08-16-2021 @ 12:10:45 - Row :446 - Parsing item.
08-16-2021 @ 12:10:45 - Row :446 - Processing item.
08-16-2021 @ 12:10:45 - Row :446 - Processing failed. Reason: Invalid product.
08-16-2021 @ 12:10:45 - Row :447 - Parsing item.
08-16-2021 @ 12:10:45 - Row :447 - Processing item.
08-16-2021 @ 12:10:45 - Row :447 - Processing failed. Reason: Invalid product.
08-16-2021 @ 12:10:45 - Row :448 - Parsing item.
08-16-2021 @ 12:10:45 - Row :448 - Processing item.
08-16-2021 @ 12:10:45 - Row :448 - Processing failed. Reason: Invalid product.
08-16-2021 @ 12:10:45 - Row :449 - Parsing item.
08-16-2021 @ 12:10:45 - Row :449 - Processing item.
08-16-2021 @ 12:10:45 - Row :449 - Processing failed. Reason: Invalid product.
08-16-2021 @ 12:10:45 - Row :450 - Parsing item.
08-16-2021 @ 12:10:45 - Row :450 - Processing item.
08-16-2021 @ 12:10:45 - Row :450 - Processing failed. Reason: Invalid product.
08-16-2021 @ 12:10:46 - Preparing for import.
08-16-2021 @ 12:10:46 - Row :451 - Parsing item.
08-16-2021 @ 12:10:46 - Row :451 - Processing item.
08-16-2021 @ 12:10:46 - Row :451 - Processing failed. Reason: Invalid product.
08-16-2021 @ 12:10:46 - Row :452 - Parsing item.
08-16-2021 @ 12:10:46 - Row :452 - Processing item.
08-16-2021 @ 12:10:46 - Row :452 - Processing failed. Reason: Invalid product.
08-16-2021 @ 12:10:46 - Row :453 - Parsing item.
08-16-2021 @ 12:10:46 - Row :453 - Processing item.
08-16-2021 @ 12:10:46 - Row :453 - Processing failed. Reason: Invalid product.
08-16-2021 @ 12:10:46 - Row :454 - Parsing item.
08-16-2021 @ 12:10:46 - Row :454 - Processing item.
08-16-2021 @ 12:10:46 - Row :454 - Processing failed. Reason: Invalid product.
08-16-2021 @ 12:10:46 - Row :455 - Parsing item.
08-16-2021 @ 12:10:46 - Row :455 - Processing item.
08-16-2021 @ 12:10:46 - Row :455 - Processing failed. Reason: Invalid product.
08-16-2021 @ 12:10:46 - Row :456 - Parsing item.
08-16-2021 @ 12:10:46 - Row :456 - Processing item.
08-16-2021 @ 12:10:46 - Row :456 - Processing failed. Reason: Invalid product.
08-16-2021 @ 12:10:46 - Row :457 - Parsing item.
08-16-2021 @ 12:10:46 - Row :457 - Processing item.
08-16-2021 @ 12:10:46 - Row :457 - Processing failed. Reason: Invalid product.
08-16-2021 @ 12:10:46 - Row :458 - Parsing item.
08-16-2021 @ 12:10:46 - Row :458 - Processing item.
08-16-2021 @ 12:10:46 - Row :458 - Processing failed. Reason: Invalid product.
08-16-2021 @ 12:10:46 - Row :459 - Parsing item.
08-16-2021 @ 12:10:46 - Row :459 - Processing item.
08-16-2021 @ 12:10:46 - Row :459 - Processing failed. Reason: Invalid product.
08-16-2021 @ 12:10:46 - Row :460 - Parsing item.
08-16-2021 @ 12:10:46 - Row :460 - Processing item.
08-16-2021 @ 12:10:46 - Row :460 - Processing failed. Reason: Invalid product.
08-16-2021 @ 12:10:48 - Preparing for import.
08-16-2021 @ 12:10:48 - Row :461 - Parsing item.
08-16-2021 @ 12:10:48 - Row :461 - Processing item.
08-16-2021 @ 12:10:48 - Row :461 - Processing failed. Reason: Invalid product.
08-16-2021 @ 12:10:48 - Row :462 - Parsing item.
08-16-2021 @ 12:10:48 - Row :462 - Processing item.
08-16-2021 @ 12:10:48 - Row :462 - Processing failed. Reason: Invalid product.
08-16-2021 @ 12:10:48 - Row :463 - Parsing item.
08-16-2021 @ 12:10:48 - Row :463 - Processing item.
08-16-2021 @ 12:10:48 - Row :463 - Processing failed. Reason: Invalid product.
08-16-2021 @ 12:10:48 - Row :464 - Parsing item.
08-16-2021 @ 12:10:48 - Row :464 - Processing item.
08-16-2021 @ 12:10:48 - Row :464 - Processing failed. Reason: Invalid product.
08-16-2021 @ 12:10:48 - Row :465 - Parsing item.
08-16-2021 @ 12:10:48 - Row :465 - Processing item.
08-16-2021 @ 12:10:48 - Row :465 - Processing failed. Reason: Invalid product.
08-16-2021 @ 12:10:48 - Row :466 - Parsing item.
08-16-2021 @ 12:10:48 - Row :466 - Processing item.
08-16-2021 @ 12:10:48 - Row :466 - Processing failed. Reason: Invalid product.
08-16-2021 @ 12:10:48 - Row :467 - Parsing item.
08-16-2021 @ 12:10:48 - Row :467 - Processing item.
08-16-2021 @ 12:10:48 - Row :467 - Processing failed. Reason: Invalid product.
08-16-2021 @ 12:10:48 - Row :468 - Parsing item.
08-16-2021 @ 12:10:48 - Row :468 - Processing item.
08-16-2021 @ 12:10:48 - Row :468 - Processing failed. Reason: Invalid product.
08-16-2021 @ 12:10:48 - Row :469 - Parsing item.
08-16-2021 @ 12:10:48 - Row :469 - Processing item.
08-16-2021 @ 12:10:48 - Row :469 - Processing failed. Reason: Invalid product.
08-16-2021 @ 12:10:48 - Row :470 - Parsing item.
08-16-2021 @ 12:10:48 - Row :470 - Processing item.
08-16-2021 @ 12:10:48 - Row :470 - Processing failed. Reason: Invalid product.
08-16-2021 @ 12:10:49 - Preparing for import.
08-16-2021 @ 12:10:49 - Row :471 - Parsing item.
08-16-2021 @ 12:10:49 - Row :471 - Processing item.
08-16-2021 @ 12:10:49 - Row :471 - Processing failed. Reason: Invalid product.
08-16-2021 @ 12:10:49 - Row :472 - Parsing item.
08-16-2021 @ 12:10:49 - Row :472 - Processing item.
08-16-2021 @ 12:10:49 - Row :472 - Processing failed. Reason: Invalid product.
08-16-2021 @ 12:10:49 - Row :473 - Parsing item.
08-16-2021 @ 12:10:49 - Row :473 - Processing item.
08-16-2021 @ 12:10:49 - Row :473 - Processing failed. Reason: Invalid product.
08-16-2021 @ 12:10:49 - Row :474 - Parsing item.
08-16-2021 @ 12:10:49 - Row :474 - Processing item.
08-16-2021 @ 12:10:49 - Row :474 - Processing failed. Reason: Invalid product.
08-16-2021 @ 12:10:49 - Row :475 - Parsing item.
08-16-2021 @ 12:10:49 - Row :475 - Processing item.
08-16-2021 @ 12:10:49 - Row :475 - Processing failed. Reason: Invalid product.
08-16-2021 @ 12:10:49 - Row :476 - Parsing item.
08-16-2021 @ 12:10:49 - Row :476 - Processing item.
08-16-2021 @ 12:10:49 - Row :476 - Processing failed. Reason: Invalid product.
08-16-2021 @ 12:10:49 - Row :477 - Parsing item.
08-16-2021 @ 12:10:49 - Row :477 - Processing item.
08-16-2021 @ 12:10:49 - Row :477 - Processing failed. Reason: Invalid product.
08-16-2021 @ 12:10:49 - Row :478 - Parsing item.
08-16-2021 @ 12:10:49 - Row :478 - Processing item.
08-16-2021 @ 12:10:49 - Row :478 - Processing failed. Reason: Invalid product.
08-16-2021 @ 12:10:49 - Row :479 - Parsing item.
08-16-2021 @ 12:10:49 - Row :479 - Processing item.
08-16-2021 @ 12:10:49 - Row :479 - Processing failed. Reason: Invalid product.
08-16-2021 @ 12:10:49 - Row :480 - Parsing item.
08-16-2021 @ 12:10:49 - Row :480 - Processing item.
08-16-2021 @ 12:10:49 - Row :480 - Processing failed. Reason: Invalid product.
