08-16-2021 @ 12:27:48 - ---[ New import started at 2021-08-16 16:27:48 ] PHP Memory: 512 MB, WP Memory: 40 MB
08-16-2021 @ 12:27:48 - Preparing for import.
08-16-2021 @ 12:27:48 - Row :1 - Parsing item.
08-16-2021 @ 12:27:48 - Row :1 - Processing item.
08-16-2021 @ 12:27:48 - Row :1 - Processing failed. Reason: Invalid product.
08-16-2021 @ 12:27:48 - Row :2 - Parsing item.
08-16-2021 @ 12:27:48 - Row :2 - Processing item.
08-16-2021 @ 12:27:48 - Row :2 - Processing failed. Reason: Invalid product.
08-16-2021 @ 12:27:48 - Row :3 - Parsing item.
08-16-2021 @ 12:27:48 - Row :3 - Processing item.
08-16-2021 @ 12:27:48 - Row :3 - Processing failed. Reason: Invalid product.
08-16-2021 @ 12:27:48 - Row :4 - Parsing item.
08-16-2021 @ 12:27:48 - Row :4 - Processing item.
08-16-2021 @ 12:27:48 - Row :4 - Processing failed. Reason: Invalid product.
08-16-2021 @ 12:27:48 - Row :5 - Parsing item.
08-16-2021 @ 12:27:48 - Row :5 - Processing item.
08-16-2021 @ 12:27:48 - Row :5 - Processing failed. Reason: Invalid product.
08-16-2021 @ 12:27:48 - Row :6 - Parsing item.
08-16-2021 @ 12:27:48 - Row :6 - Processing item.
08-16-2021 @ 12:27:48 - Row :6 - Processing failed. Reason: Invalid product.
08-16-2021 @ 12:27:48 - Row :7 - Parsing item.
08-16-2021 @ 12:27:48 - Row :7 - Processing item.
08-16-2021 @ 12:27:48 - Row :7 - Processing failed. Reason: Invalid product.
08-16-2021 @ 12:27:48 - Row :8 - Parsing item.
08-16-2021 @ 12:27:48 - Row :8 - Processing item.
08-16-2021 @ 12:27:48 - Row :8 - Processing failed. Reason: Invalid product.
08-16-2021 @ 12:27:48 - Row :9 - Parsing item.
08-16-2021 @ 12:27:48 - Row :9 - Processing item.
08-16-2021 @ 12:27:48 - Row :9 - Processing failed. Reason: Invalid product.
08-16-2021 @ 12:27:48 - Row :10 - Parsing item.
08-16-2021 @ 12:27:48 - Row :10 - Processing item.
08-16-2021 @ 12:27:48 - Row :10 - Processing failed. Reason: Invalid product.
08-16-2021 @ 12:27:50 - Preparing for import.
08-16-2021 @ 12:27:50 - Row :11 - Parsing item.
08-16-2021 @ 12:27:50 - Row :11 - Processing item.
08-16-2021 @ 12:27:50 - Row :11 - Processing failed. Reason: Invalid product.
08-16-2021 @ 12:27:50 - Row :12 - Parsing item.
08-16-2021 @ 12:27:50 - Row :12 - Processing item.
08-16-2021 @ 12:27:50 - Row :12 - Processing failed. Reason: Invalid product.
08-16-2021 @ 12:27:50 - Row :13 - Parsing item.
08-16-2021 @ 12:27:50 - Row :13 - Processing item.
08-16-2021 @ 12:27:50 - Row :13 - Processing failed. Reason: Invalid product.
08-16-2021 @ 12:27:50 - Row :14 - Parsing item.
08-16-2021 @ 12:27:50 - Row :14 - Processing item.
08-16-2021 @ 12:27:50 - Row :14 - Processing failed. Reason: Invalid product.
08-16-2021 @ 12:27:50 - Row :15 - Parsing item.
08-16-2021 @ 12:27:50 - Row :15 - Processing item.
08-16-2021 @ 12:27:50 - Row :15 - Processing failed. Reason: Invalid product.
08-16-2021 @ 12:27:50 - Row :16 - Parsing item.
08-16-2021 @ 12:27:50 - Row :16 - Processing item.
08-16-2021 @ 12:27:50 - Row :16 - Processing failed. Reason: Invalid product.
08-16-2021 @ 12:27:50 - Row :17 - Parsing item.
08-16-2021 @ 12:27:50 - Row :17 - Processing item.
08-16-2021 @ 12:27:50 - Row :17 - Processing failed. Reason: Invalid product.
08-16-2021 @ 12:27:50 - Row :18 - Parsing item.
08-16-2021 @ 12:27:50 - Row :18 - Processing item.
08-16-2021 @ 12:27:50 - Row :18 - Processing failed. Reason: Invalid product.
08-16-2021 @ 12:27:50 - Row :19 - Parsing item.
08-16-2021 @ 12:27:50 - Row :19 - Processing item.
08-16-2021 @ 12:27:50 - Row :19 - Processing failed. Reason: Invalid product.
08-16-2021 @ 12:27:50 - Row :20 - Parsing item.
08-16-2021 @ 12:27:50 - Row :20 - Processing item.
08-16-2021 @ 12:27:50 - Row :20 - Processing failed. Reason: Invalid product.
08-16-2021 @ 12:27:51 - Preparing for import.
08-16-2021 @ 12:27:51 - Row :21 - Parsing item.
08-16-2021 @ 12:27:51 - Row :21 - Processing item.
08-16-2021 @ 12:27:51 - Row :21 - Processing failed. Reason: Invalid product.
08-16-2021 @ 12:27:51 - Row :22 - Parsing item.
08-16-2021 @ 12:27:51 - Row :22 - Processing item.
08-16-2021 @ 12:27:51 - Row :22 - Processing failed. Reason: Invalid product.
08-16-2021 @ 12:27:51 - Row :23 - Parsing item.
08-16-2021 @ 12:27:51 - Row :23 - Processing item.
08-16-2021 @ 12:27:51 - Row :23 - Processing failed. Reason: Invalid product.
08-16-2021 @ 12:27:51 - Row :24 - Parsing item.
08-16-2021 @ 12:27:51 - Row :24 - Processing item.
08-16-2021 @ 12:27:51 - Row :24 - Processing failed. Reason: Invalid product.
08-16-2021 @ 12:27:51 - Row :25 - Parsing item.
08-16-2021 @ 12:27:51 - Row :25 - Processing item.
08-16-2021 @ 12:27:51 - Row :25 - Processing failed. Reason: Invalid product.
08-16-2021 @ 12:27:51 - Row :26 - Parsing item.
08-16-2021 @ 12:27:51 - Row :26 - Processing item.
08-16-2021 @ 12:27:51 - Row :26 - Processing failed. Reason: Invalid product.
08-16-2021 @ 12:27:51 - Row :27 - Parsing item.
08-16-2021 @ 12:27:51 - Row :27 - Processing item.
08-16-2021 @ 12:27:51 - Row :27 - Processing failed. Reason: Invalid product.
08-16-2021 @ 12:27:51 - Row :28 - Parsing item.
08-16-2021 @ 12:27:51 - Row :28 - Processing item.
08-16-2021 @ 12:27:51 - Row :28 - Processing failed. Reason: Invalid product.
08-16-2021 @ 12:27:51 - Row :29 - Parsing item.
08-16-2021 @ 12:27:51 - Row :29 - Processing item.
08-16-2021 @ 12:27:51 - Row :29 - Processing failed. Reason: Invalid product.
08-16-2021 @ 12:27:51 - Row :30 - Parsing item.
08-16-2021 @ 12:27:51 - Row :30 - Processing item.
08-16-2021 @ 12:27:51 - Row :30 - Processing failed. Reason: Invalid product.
08-16-2021 @ 12:27:54 - Preparing for import.
08-16-2021 @ 12:27:54 - Row :31 - Parsing item.
08-16-2021 @ 12:27:54 - Row :31 - Processing item.
08-16-2021 @ 12:27:54 - Row :31 - Processing failed. Reason: Invalid product.
08-16-2021 @ 12:27:54 - Row :32 - Parsing item.
08-16-2021 @ 12:27:54 - Row :32 - Processing item.
08-16-2021 @ 12:27:54 - Row :32 - Processing failed. Reason: Invalid product.
08-16-2021 @ 12:27:54 - Row :33 - Parsing item.
08-16-2021 @ 12:27:54 - Row :33 - Processing item.
08-16-2021 @ 12:27:54 - Row :33 - Processing failed. Reason: Invalid product.
08-16-2021 @ 12:27:54 - Row :34 - Parsing item.
08-16-2021 @ 12:27:54 - Row :34 - Processing item.
08-16-2021 @ 12:27:54 - Row :34 - Processing failed. Reason: Invalid product.
08-16-2021 @ 12:27:54 - Row :35 - Parsing item.
08-16-2021 @ 12:27:54 - Row :35 - Processing item.
08-16-2021 @ 12:27:54 - Row :35 - Processing failed. Reason: Invalid product.
08-16-2021 @ 12:27:54 - Row :36 - Parsing item.
08-16-2021 @ 12:27:54 - Row :36 - Processing item.
08-16-2021 @ 12:27:54 - Row :36 - Processing failed. Reason: Invalid product.
08-16-2021 @ 12:27:54 - Row :37 - Parsing item.
08-16-2021 @ 12:27:54 - Row :37 - Processing item.
08-16-2021 @ 12:27:54 - Row :37 - Processing failed. Reason: Invalid product.
08-16-2021 @ 12:27:54 - Row :38 - Parsing item.
08-16-2021 @ 12:27:54 - Row :38 - Processing item.
08-16-2021 @ 12:27:54 - Row :38 - Processing failed. Reason: Invalid product.
08-16-2021 @ 12:27:54 - Row :39 - Parsing item.
08-16-2021 @ 12:27:54 - Row :39 - Processing item.
08-16-2021 @ 12:27:54 - Row :39 - Processing failed. Reason: Invalid product.
08-16-2021 @ 12:27:54 - Row :40 - Parsing item.
08-16-2021 @ 12:27:54 - Row :40 - Processing item.
08-16-2021 @ 12:27:54 - Row :40 - Processing failed. Reason: Invalid product.
08-16-2021 @ 12:27:55 - Preparing for import.
08-16-2021 @ 12:27:55 - Row :41 - Parsing item.
08-16-2021 @ 12:27:55 - Row :41 - Processing item.
08-16-2021 @ 12:27:55 - Row :41 - Processing failed. Reason: Invalid product.
08-16-2021 @ 12:27:55 - Row :42 - Parsing item.
08-16-2021 @ 12:27:55 - Row :42 - Processing item.
08-16-2021 @ 12:27:55 - Row :42 - Processing failed. Reason: Invalid product.
08-16-2021 @ 12:27:55 - Row :43 - Parsing item.
08-16-2021 @ 12:27:55 - Row :43 - Processing item.
08-16-2021 @ 12:27:55 - Row :43 - Processing failed. Reason: Invalid product.
08-16-2021 @ 12:27:55 - Row :44 - Parsing item.
08-16-2021 @ 12:27:55 - Row :44 - Processing item.
08-16-2021 @ 12:27:55 - Row :44 - Processing failed. Reason: Invalid product.
08-16-2021 @ 12:27:55 - Row :45 - Parsing item.
08-16-2021 @ 12:27:55 - Row :45 - Processing item.
08-16-2021 @ 12:27:55 - Row :45 - Processing failed. Reason: Invalid product.
08-16-2021 @ 12:27:55 - Row :46 - Parsing item.
08-16-2021 @ 12:27:55 - Row :46 - Processing item.
08-16-2021 @ 12:27:55 - Row :46 - Processing failed. Reason: Invalid product.
08-16-2021 @ 12:27:55 - Row :47 - Parsing item.
08-16-2021 @ 12:27:55 - Row :47 - Processing item.
08-16-2021 @ 12:27:55 - Row :47 - Processing failed. Reason: Invalid product.
08-16-2021 @ 12:27:55 - Row :48 - Parsing item.
08-16-2021 @ 12:27:55 - Row :48 - Processing item.
08-16-2021 @ 12:27:55 - Row :48 - Processing failed. Reason: Invalid product.
08-16-2021 @ 12:27:55 - Row :49 - Parsing item.
08-16-2021 @ 12:27:55 - Row :49 - Processing item.
08-16-2021 @ 12:27:55 - Row :49 - Processing failed. Reason: Invalid product.
08-16-2021 @ 12:27:55 - Row :50 - Parsing item.
08-16-2021 @ 12:27:55 - Row :50 - Processing item.
08-16-2021 @ 12:27:55 - Row :50 - Processing failed. Reason: Invalid product.
08-16-2021 @ 12:27:57 - Preparing for import.
08-16-2021 @ 12:27:57 - Row :51 - Parsing item.
08-16-2021 @ 12:27:57 - Row :51 - Processing item.
08-16-2021 @ 12:27:57 - Row :51 - Processing failed. Reason: Invalid product.
08-16-2021 @ 12:27:57 - Row :52 - Parsing item.
08-16-2021 @ 12:27:57 - Row :52 - Processing item.
08-16-2021 @ 12:27:57 - Row :52 - Processing failed. Reason: Invalid product.
08-16-2021 @ 12:27:57 - Row :53 - Parsing item.
08-16-2021 @ 12:27:57 - Row :53 - Processing item.
08-16-2021 @ 12:27:57 - Row :53 - Processing failed. Reason: Invalid product.
08-16-2021 @ 12:27:57 - Row :54 - Parsing item.
08-16-2021 @ 12:27:57 - Row :54 - Processing item.
08-16-2021 @ 12:27:57 - Row :54 - Processing failed. Reason: Invalid product.
08-16-2021 @ 12:27:57 - Row :55 - Parsing item.
08-16-2021 @ 12:27:57 - Row :55 - Processing item.
08-16-2021 @ 12:27:57 - Row :55 - Processing failed. Reason: Invalid product.
08-16-2021 @ 12:27:57 - Row :56 - Parsing item.
08-16-2021 @ 12:27:57 - Row :56 - Processing item.
08-16-2021 @ 12:27:57 - Row :56 - Processing failed. Reason: Invalid product.
08-16-2021 @ 12:27:57 - Row :57 - Parsing item.
08-16-2021 @ 12:27:57 - Row :57 - Processing item.
08-16-2021 @ 12:27:57 - Row :57 - Processing failed. Reason: Invalid product.
08-16-2021 @ 12:27:57 - Row :58 - Parsing item.
08-16-2021 @ 12:27:57 - Row :58 - Processing item.
08-16-2021 @ 12:27:57 - Row :58 - Processing failed. Reason: Invalid product.
08-16-2021 @ 12:27:57 - Row :59 - Parsing item.
08-16-2021 @ 12:27:57 - Row :59 - Processing item.
08-16-2021 @ 12:27:57 - Row :59 - Processing failed. Reason: Invalid product.
08-16-2021 @ 12:27:57 - Row :60 - Parsing item.
08-16-2021 @ 12:27:57 - Row :60 - Processing item.
08-16-2021 @ 12:27:57 - Row :60 - Processing failed. Reason: Invalid product.
08-16-2021 @ 12:27:58 - Preparing for import.
08-16-2021 @ 12:27:58 - Row :61 - Parsing item.
08-16-2021 @ 12:27:58 - Row :61 - Processing item.
08-16-2021 @ 12:27:58 - Row :61 - Processing failed. Reason: Invalid product.
08-16-2021 @ 12:27:58 - Row :62 - Parsing item.
08-16-2021 @ 12:27:58 - Row :62 - Processing item.
08-16-2021 @ 12:27:58 - Row :62 - Processing failed. Reason: Invalid product.
08-16-2021 @ 12:27:58 - Row :63 - Parsing item.
08-16-2021 @ 12:27:58 - Row :63 - Processing item.
08-16-2021 @ 12:27:58 - Row :63 - Processing failed. Reason: Invalid product.
08-16-2021 @ 12:27:58 - Row :64 - Parsing item.
08-16-2021 @ 12:27:58 - Row :64 - Processing item.
08-16-2021 @ 12:27:58 - Row :64 - Processing failed. Reason: Invalid product.
08-16-2021 @ 12:27:58 - Row :65 - Parsing item.
08-16-2021 @ 12:27:58 - Row :65 - Processing item.
08-16-2021 @ 12:27:58 - Row :65 - Processing failed. Reason: Invalid product.
08-16-2021 @ 12:27:58 - Row :66 - Parsing item.
08-16-2021 @ 12:27:59 - Row :66 - Processing item.
08-16-2021 @ 12:27:59 - Row :66 - Processing failed. Reason: Invalid product.
08-16-2021 @ 12:27:59 - Row :67 - Parsing item.
08-16-2021 @ 12:27:59 - Row :67 - Processing item.
08-16-2021 @ 12:27:59 - Row :67 - Processing failed. Reason: Invalid product.
08-16-2021 @ 12:27:59 - Row :68 - Parsing item.
08-16-2021 @ 12:27:59 - Row :68 - Processing item.
08-16-2021 @ 12:27:59 - Row :68 - Processing failed. Reason: Invalid product.
08-16-2021 @ 12:27:59 - Row :69 - Parsing item.
08-16-2021 @ 12:27:59 - Row :69 - Processing item.
08-16-2021 @ 12:27:59 - Row :69 - Processing failed. Reason: Invalid product.
08-16-2021 @ 12:27:59 - Row :70 - Parsing item.
08-16-2021 @ 12:27:59 - Row :70 - Processing item.
08-16-2021 @ 12:27:59 - Row :70 - Processing failed. Reason: Invalid product.
08-16-2021 @ 12:28:00 - Preparing for import.
08-16-2021 @ 12:28:00 - Row :71 - Parsing item.
08-16-2021 @ 12:28:00 - Row :71 - Processing item.
08-16-2021 @ 12:28:00 - Row :71 - Processing failed. Reason: Invalid product.
08-16-2021 @ 12:28:00 - Row :72 - Parsing item.
08-16-2021 @ 12:28:00 - Row :72 - Processing item.
08-16-2021 @ 12:28:00 - Row :72 - Processing failed. Reason: Invalid product.
08-16-2021 @ 12:28:00 - Row :73 - Parsing item.
08-16-2021 @ 12:28:00 - Row :73 - Processing item.
08-16-2021 @ 12:28:00 - Row :73 - Processing failed. Reason: Invalid product.
08-16-2021 @ 12:28:00 - Row :74 - Parsing item.
08-16-2021 @ 12:28:00 - Row :74 - Processing item.
08-16-2021 @ 12:28:00 - Row :74 - Processing failed. Reason: Invalid product.
08-16-2021 @ 12:28:00 - Row :75 - Parsing item.
08-16-2021 @ 12:28:00 - Row :75 - Processing item.
08-16-2021 @ 12:28:00 - Row :75 - Processing failed. Reason: Invalid product.
08-16-2021 @ 12:28:00 - Row :76 - Parsing item.
08-16-2021 @ 12:28:00 - Row :76 - Processing item.
08-16-2021 @ 12:28:00 - Row :76 - Processing failed. Reason: Invalid product.
08-16-2021 @ 12:28:00 - Row :77 - Parsing item.
08-16-2021 @ 12:28:00 - Row :77 - Processing item.
08-16-2021 @ 12:28:00 - Row :77 - Processing failed. Reason: Invalid product.
08-16-2021 @ 12:28:00 - Row :78 - Parsing item.
08-16-2021 @ 12:28:00 - Row :78 - Processing item.
08-16-2021 @ 12:28:00 - Row :78 - Processing failed. Reason: Invalid product.
08-16-2021 @ 12:28:00 - Row :79 - Parsing item.
08-16-2021 @ 12:28:00 - Row :79 - Processing item.
08-16-2021 @ 12:28:00 - Row :79 - Processing failed. Reason: Invalid product.
08-16-2021 @ 12:28:00 - Row :80 - Parsing item.
08-16-2021 @ 12:28:00 - Row :80 - Processing item.
08-16-2021 @ 12:28:00 - Row :80 - Processing failed. Reason: Invalid product.
08-16-2021 @ 12:28:02 - Preparing for import.
08-16-2021 @ 12:28:02 - Row :81 - Parsing item.
08-16-2021 @ 12:28:02 - Row :81 - Processing item.
08-16-2021 @ 12:28:02 - Row :81 - Processing failed. Reason: Invalid product.
08-16-2021 @ 12:28:02 - Row :82 - Parsing item.
08-16-2021 @ 12:28:02 - Row :82 - Processing item.
08-16-2021 @ 12:28:02 - Row :82 - Processing failed. Reason: Invalid product.
08-16-2021 @ 12:28:02 - Row :83 - Parsing item.
08-16-2021 @ 12:28:02 - Row :83 - Processing item.
08-16-2021 @ 12:28:02 - Row :83 - Processing failed. Reason: Invalid product.
08-16-2021 @ 12:28:02 - Row :84 - Parsing item.
08-16-2021 @ 12:28:02 - Row :84 - Processing item.
08-16-2021 @ 12:28:02 - Row :84 - Processing failed. Reason: Invalid product.
08-16-2021 @ 12:28:02 - Row :85 - Parsing item.
08-16-2021 @ 12:28:02 - Row :85 - Processing item.
08-16-2021 @ 12:28:02 - Row :85 - Processing failed. Reason: Invalid product.
08-16-2021 @ 12:28:02 - Row :86 - Parsing item.
08-16-2021 @ 12:28:02 - Row :86 - Processing item.
08-16-2021 @ 12:28:02 - Row :86 - Processing failed. Reason: Invalid product.
08-16-2021 @ 12:28:02 - Row :87 - Parsing item.
08-16-2021 @ 12:28:02 - Row :87 - Processing item.
08-16-2021 @ 12:28:02 - Row :87 - Processing failed. Reason: Invalid product.
08-16-2021 @ 12:28:02 - Row :88 - Parsing item.
08-16-2021 @ 12:28:02 - Row :88 - Processing item.
08-16-2021 @ 12:28:02 - Row :88 - Processing failed. Reason: Invalid product.
08-16-2021 @ 12:28:02 - Row :89 - Parsing item.
08-16-2021 @ 12:28:02 - Row :89 - Processing item.
08-16-2021 @ 12:28:02 - Row :89 - Processing failed. Reason: Invalid product.
08-16-2021 @ 12:28:02 - Row :90 - Parsing item.
08-16-2021 @ 12:28:02 - Row :90 - Processing item.
08-16-2021 @ 12:28:02 - Row :90 - Processing failed. Reason: Invalid product.
08-16-2021 @ 12:28:03 - Preparing for import.
08-16-2021 @ 12:28:03 - Row :91 - Parsing item.
08-16-2021 @ 12:28:03 - Row :91 - Processing item.
08-16-2021 @ 12:28:03 - Row :91 - Processing failed. Reason: Invalid product.
08-16-2021 @ 12:28:03 - Row :92 - Parsing item.
08-16-2021 @ 12:28:03 - Row :92 - Processing item.
08-16-2021 @ 12:28:03 - Row :92 - Processing failed. Reason: Invalid product.
08-16-2021 @ 12:28:03 - Row :93 - Parsing item.
08-16-2021 @ 12:28:03 - Row :93 - Processing item.
08-16-2021 @ 12:28:03 - Row :93 - Processing failed. Reason: Invalid product.
08-16-2021 @ 12:28:03 - Row :94 - Parsing item.
08-16-2021 @ 12:28:03 - Row :94 - Processing item.
08-16-2021 @ 12:28:03 - Row :94 - Processing failed. Reason: Invalid product.
08-16-2021 @ 12:28:03 - Row :95 - Parsing item.
08-16-2021 @ 12:28:03 - Row :95 - Processing item.
08-16-2021 @ 12:28:03 - Row :95 - Processing failed. Reason: Invalid product.
08-16-2021 @ 12:28:03 - Row :96 - Parsing item.
08-16-2021 @ 12:28:03 - Row :96 - Processing item.
08-16-2021 @ 12:28:03 - Row :96 - Processing failed. Reason: Invalid product.
08-16-2021 @ 12:28:03 - Row :97 - Parsing item.
08-16-2021 @ 12:28:03 - Row :97 - Processing item.
08-16-2021 @ 12:28:03 - Row :97 - Processing failed. Reason: Invalid product.
08-16-2021 @ 12:28:03 - Row :98 - Parsing item.
08-16-2021 @ 12:28:03 - Row :98 - Processing item.
08-16-2021 @ 12:28:03 - Row :98 - Processing failed. Reason: Invalid product.
08-16-2021 @ 12:28:03 - Row :99 - Parsing item.
08-16-2021 @ 12:28:03 - Row :99 - Processing item.
08-16-2021 @ 12:28:03 - Row :99 - Processing failed. Reason: Invalid product.
08-16-2021 @ 12:28:03 - Row :100 - Parsing item.
08-16-2021 @ 12:28:03 - Row :100 - Processing item.
08-16-2021 @ 12:28:03 - Row :100 - Processing failed. Reason: Invalid product.
08-16-2021 @ 12:28:05 - Preparing for import.
08-16-2021 @ 12:28:05 - Row :101 - Parsing item.
08-16-2021 @ 12:28:05 - Row :101 - Processing item.
08-16-2021 @ 12:28:05 - Row :101 - Processing failed. Reason: Invalid product.
08-16-2021 @ 12:28:05 - Row :102 - Parsing item.
08-16-2021 @ 12:28:05 - Row :102 - Processing item.
08-16-2021 @ 12:28:05 - Row :102 - Processing failed. Reason: Invalid product.
08-16-2021 @ 12:28:05 - Row :103 - Parsing item.
08-16-2021 @ 12:28:05 - Row :103 - Processing item.
08-16-2021 @ 12:28:05 - Row :103 - Processing failed. Reason: Invalid product.
08-16-2021 @ 12:28:05 - Row :104 - Parsing item.
08-16-2021 @ 12:28:05 - Row :104 - Processing item.
08-16-2021 @ 12:28:05 - Row :104 - Processing failed. Reason: Invalid product.
08-16-2021 @ 12:28:05 - Row :105 - Parsing item.
08-16-2021 @ 12:28:05 - Row :105 - Processing item.
08-16-2021 @ 12:28:05 - Row :105 - Processing failed. Reason: Invalid product.
08-16-2021 @ 12:28:05 - Row :106 - Parsing item.
08-16-2021 @ 12:28:05 - Row :106 - Processing item.
08-16-2021 @ 12:28:05 - Row :106 - Processing failed. Reason: Invalid product.
08-16-2021 @ 12:28:05 - Row :107 - Parsing item.
08-16-2021 @ 12:28:05 - Row :107 - Processing item.
08-16-2021 @ 12:28:05 - Row :107 - Processing failed. Reason: Invalid product.
08-16-2021 @ 12:28:05 - Row :108 - Parsing item.
08-16-2021 @ 12:28:05 - Row :108 - Processing item.
08-16-2021 @ 12:28:05 - Row :108 - Processing failed. Reason: Invalid product.
08-16-2021 @ 12:28:05 - Row :109 - Parsing item.
08-16-2021 @ 12:28:05 - Row :109 - Processing item.
08-16-2021 @ 12:28:05 - Row :109 - Processing failed. Reason: Invalid product.
08-16-2021 @ 12:28:05 - Row :110 - Parsing item.
08-16-2021 @ 12:28:05 - Row :110 - Processing item.
08-16-2021 @ 12:28:05 - Row :110 - Processing failed. Reason: Invalid product.
08-16-2021 @ 12:28:06 - Preparing for import.
08-16-2021 @ 12:28:06 - Row :111 - Parsing item.
08-16-2021 @ 12:28:06 - Row :111 - Processing item.
08-16-2021 @ 12:28:06 - Row :111 - Processing failed. Reason: Invalid product.
08-16-2021 @ 12:28:06 - Row :112 - Parsing item.
08-16-2021 @ 12:28:06 - Row :112 - Processing item.
08-16-2021 @ 12:28:06 - Row :112 - Processing failed. Reason: Invalid product.
08-16-2021 @ 12:28:06 - Row :113 - Parsing item.
08-16-2021 @ 12:28:06 - Row :113 - Processing item.
08-16-2021 @ 12:28:06 - Row :113 - Processing failed. Reason: Invalid product.
08-16-2021 @ 12:28:06 - Row :114 - Parsing item.
08-16-2021 @ 12:28:06 - Row :114 - Processing item.
08-16-2021 @ 12:28:06 - Row :114 - Processing failed. Reason: Invalid product.
08-16-2021 @ 12:28:06 - Row :115 - Parsing item.
08-16-2021 @ 12:28:06 - Row :115 - Processing item.
08-16-2021 @ 12:28:06 - Row :115 - Processing failed. Reason: Invalid product.
08-16-2021 @ 12:28:06 - Row :116 - Parsing item.
08-16-2021 @ 12:28:06 - Row :116 - Processing item.
08-16-2021 @ 12:28:06 - Row :116 - Processing failed. Reason: Invalid product.
08-16-2021 @ 12:28:06 - Row :117 - Parsing item.
08-16-2021 @ 12:28:06 - Row :117 - Processing item.
08-16-2021 @ 12:28:06 - Row :117 - Processing failed. Reason: Invalid product.
08-16-2021 @ 12:28:06 - Row :118 - Parsing item.
08-16-2021 @ 12:28:06 - Row :118 - Processing item.
08-16-2021 @ 12:28:06 - Row :118 - Processing failed. Reason: Invalid product.
08-16-2021 @ 12:28:06 - Row :119 - Parsing item.
08-16-2021 @ 12:28:07 - Row :119 - Processing item.
08-16-2021 @ 12:28:07 - Row :119 - Processing failed. Reason: Invalid product.
08-16-2021 @ 12:28:07 - Row :120 - Parsing item.
08-16-2021 @ 12:28:07 - Row :120 - Processing item.
08-16-2021 @ 12:28:07 - Row :120 - Processing failed. Reason: Invalid product.
08-16-2021 @ 12:28:09 - Preparing for import.
08-16-2021 @ 12:28:09 - Row :121 - Parsing item.
08-16-2021 @ 12:28:09 - Row :121 - Processing item.
08-16-2021 @ 12:28:09 - Row :121 - Processing failed. Reason: Invalid product.
08-16-2021 @ 12:28:09 - Row :122 - Parsing item.
08-16-2021 @ 12:28:09 - Row :122 - Processing item.
08-16-2021 @ 12:28:09 - Row :122 - Processing failed. Reason: Invalid product.
08-16-2021 @ 12:28:09 - Row :123 - Parsing item.
08-16-2021 @ 12:28:09 - Row :123 - Processing item.
08-16-2021 @ 12:28:09 - Row :123 - Processing failed. Reason: Invalid product.
08-16-2021 @ 12:28:09 - Row :124 - Parsing item.
08-16-2021 @ 12:28:09 - Row :124 - Processing item.
08-16-2021 @ 12:28:09 - Row :124 - Processing failed. Reason: Invalid product.
08-16-2021 @ 12:28:09 - Row :125 - Parsing item.
08-16-2021 @ 12:28:09 - Row :125 - Processing item.
08-16-2021 @ 12:28:09 - Row :125 - Processing failed. Reason: Invalid product.
08-16-2021 @ 12:28:09 - Row :126 - Parsing item.
08-16-2021 @ 12:28:09 - Row :126 - Processing item.
08-16-2021 @ 12:28:09 - Row :126 - Processing failed. Reason: Invalid product.
08-16-2021 @ 12:28:09 - Row :127 - Parsing item.
08-16-2021 @ 12:28:09 - Row :127 - Processing item.
08-16-2021 @ 12:28:09 - Row :127 - Processing failed. Reason: Invalid product.
08-16-2021 @ 12:28:09 - Row :128 - Parsing item.
08-16-2021 @ 12:28:09 - Row :128 - Processing item.
08-16-2021 @ 12:28:09 - Row :128 - Processing failed. Reason: Invalid product.
08-16-2021 @ 12:28:09 - Row :129 - Parsing item.
08-16-2021 @ 12:28:09 - Row :129 - Processing item.
08-16-2021 @ 12:28:09 - Row :129 - Processing failed. Reason: Invalid product.
08-16-2021 @ 12:28:09 - Row :130 - Parsing item.
08-16-2021 @ 12:28:09 - Row :130 - Processing item.
08-16-2021 @ 12:28:09 - Row :130 - Processing failed. Reason: Invalid product.
08-16-2021 @ 12:28:10 - Preparing for import.
08-16-2021 @ 12:28:10 - Row :131 - Parsing item.
08-16-2021 @ 12:28:10 - Row :131 - Processing item.
08-16-2021 @ 12:28:10 - Row :131 - Processing failed. Reason: Invalid product.
08-16-2021 @ 12:28:10 - Row :132 - Parsing item.
08-16-2021 @ 12:28:10 - Row :132 - Processing item.
08-16-2021 @ 12:28:10 - Row :132 - Processing failed. Reason: Invalid product.
08-16-2021 @ 12:28:10 - Row :133 - Parsing item.
08-16-2021 @ 12:28:10 - Row :133 - Processing item.
08-16-2021 @ 12:28:10 - Row :133 - Processing failed. Reason: Invalid product.
08-16-2021 @ 12:28:10 - Row :134 - Parsing item.
08-16-2021 @ 12:28:10 - Row :134 - Processing item.
08-16-2021 @ 12:28:10 - Row :134 - Processing failed. Reason: Invalid product.
08-16-2021 @ 12:28:10 - Row :135 - Parsing item.
08-16-2021 @ 12:28:10 - Row :135 - Processing item.
08-16-2021 @ 12:28:10 - Row :135 - Processing failed. Reason: Invalid product.
08-16-2021 @ 12:28:10 - Row :136 - Parsing item.
08-16-2021 @ 12:28:10 - Row :136 - Processing item.
08-16-2021 @ 12:28:10 - Row :136 - Processing failed. Reason: Invalid product.
08-16-2021 @ 12:28:10 - Row :137 - Parsing item.
08-16-2021 @ 12:28:10 - Row :137 - Processing item.
08-16-2021 @ 12:28:10 - Row :137 - Processing failed. Reason: Invalid product.
08-16-2021 @ 12:28:10 - Row :138 - Parsing item.
08-16-2021 @ 12:28:10 - Row :138 - Processing item.
08-16-2021 @ 12:28:10 - Row :138 - Processing failed. Reason: Invalid product.
08-16-2021 @ 12:28:10 - Row :139 - Parsing item.
08-16-2021 @ 12:28:10 - Row :139 - Processing item.
08-16-2021 @ 12:28:10 - Row :139 - Processing failed. Reason: Invalid product.
08-16-2021 @ 12:28:10 - Row :140 - Parsing item.
08-16-2021 @ 12:28:10 - Row :140 - Processing item.
08-16-2021 @ 12:28:10 - Row :140 - Processing failed. Reason: Invalid product.
08-16-2021 @ 12:28:12 - Preparing for import.
08-16-2021 @ 12:28:12 - Row :141 - Parsing item.
08-16-2021 @ 12:28:12 - Row :141 - Processing item.
08-16-2021 @ 12:28:12 - Row :141 - Processing failed. Reason: Invalid product.
08-16-2021 @ 12:28:12 - Row :142 - Parsing item.
08-16-2021 @ 12:28:12 - Row :142 - Processing item.
08-16-2021 @ 12:28:12 - Row :142 - Processing failed. Reason: Invalid product.
08-16-2021 @ 12:28:12 - Row :143 - Parsing item.
08-16-2021 @ 12:28:12 - Row :143 - Processing item.
08-16-2021 @ 12:28:12 - Row :143 - Processing failed. Reason: Invalid product.
08-16-2021 @ 12:28:12 - Row :144 - Parsing item.
08-16-2021 @ 12:28:12 - Row :144 - Processing item.
08-16-2021 @ 12:28:12 - Row :144 - Processing failed. Reason: Invalid product.
08-16-2021 @ 12:28:12 - Row :145 - Parsing item.
08-16-2021 @ 12:28:12 - Row :145 - Processing item.
08-16-2021 @ 12:28:12 - Row :145 - Processing failed. Reason: Invalid product.
08-16-2021 @ 12:28:12 - Row :146 - Parsing item.
08-16-2021 @ 12:28:12 - Row :146 - Processing item.
08-16-2021 @ 12:28:12 - Row :146 - Processing failed. Reason: Invalid product.
08-16-2021 @ 12:28:12 - Row :147 - Parsing item.
08-16-2021 @ 12:28:12 - Row :147 - Processing item.
08-16-2021 @ 12:28:12 - Row :147 - Processing failed. Reason: Invalid product.
08-16-2021 @ 12:28:12 - Row :148 - Parsing item.
08-16-2021 @ 12:28:12 - Row :148 - Processing item.
08-16-2021 @ 12:28:12 - Row :148 - Processing failed. Reason: Invalid product.
08-16-2021 @ 12:28:12 - Row :149 - Parsing item.
08-16-2021 @ 12:28:12 - Row :149 - Processing item.
08-16-2021 @ 12:28:12 - Row :149 - Processing failed. Reason: Invalid product.
08-16-2021 @ 12:28:12 - Row :150 - Parsing item.
08-16-2021 @ 12:28:12 - Row :150 - Processing item.
08-16-2021 @ 12:28:12 - Row :150 - Processing failed. Reason: Invalid product.
08-16-2021 @ 12:28:14 - Preparing for import.
08-16-2021 @ 12:28:14 - Row :151 - Parsing item.
08-16-2021 @ 12:28:14 - Row :151 - Processing item.
08-16-2021 @ 12:28:14 - Row :151 - Processing failed. Reason: Invalid product.
08-16-2021 @ 12:28:14 - Row :152 - Parsing item.
08-16-2021 @ 12:28:14 - Row :152 - Processing item.
08-16-2021 @ 12:28:14 - Row :152 - Processing failed. Reason: Invalid product.
08-16-2021 @ 12:28:14 - Row :153 - Parsing item.
08-16-2021 @ 12:28:14 - Row :153 - Processing item.
08-16-2021 @ 12:28:14 - Row :153 - Processing failed. Reason: Invalid product.
08-16-2021 @ 12:28:14 - Row :154 - Parsing item.
08-16-2021 @ 12:28:14 - Row :154 - Processing item.
08-16-2021 @ 12:28:14 - Row :154 - Processing failed. Reason: Invalid product.
08-16-2021 @ 12:28:14 - Row :155 - Parsing item.
08-16-2021 @ 12:28:14 - Row :155 - Processing item.
08-16-2021 @ 12:28:14 - Row :155 - Processing failed. Reason: Invalid product.
08-16-2021 @ 12:28:14 - Row :156 - Parsing item.
08-16-2021 @ 12:28:14 - Row :156 - Processing item.
08-16-2021 @ 12:28:14 - Row :156 - Processing failed. Reason: Invalid product.
08-16-2021 @ 12:28:14 - Row :157 - Parsing item.
08-16-2021 @ 12:28:14 - Row :157 - Processing item.
08-16-2021 @ 12:28:14 - Row :157 - Processing failed. Reason: Invalid product.
08-16-2021 @ 12:28:14 - Row :158 - Parsing item.
08-16-2021 @ 12:28:14 - Row :158 - Processing item.
08-16-2021 @ 12:28:14 - Row :158 - Processing failed. Reason: Invalid product.
08-16-2021 @ 12:28:14 - Row :159 - Parsing item.
08-16-2021 @ 12:28:14 - Row :159 - Processing item.
08-16-2021 @ 12:28:14 - Row :159 - Processing failed. Reason: Invalid product.
08-16-2021 @ 12:28:14 - Row :160 - Parsing item.
08-16-2021 @ 12:28:14 - Row :160 - Processing item.
08-16-2021 @ 12:28:14 - Row :160 - Processing failed. Reason: Invalid product.
08-16-2021 @ 12:28:15 - Preparing for import.
08-16-2021 @ 12:28:15 - Row :161 - Parsing item.
08-16-2021 @ 12:28:15 - Row :161 - Processing item.
08-16-2021 @ 12:28:15 - Row :161 - Processing failed. Reason: Invalid product.
08-16-2021 @ 12:28:15 - Row :162 - Parsing item.
08-16-2021 @ 12:28:15 - Row :162 - Processing item.
08-16-2021 @ 12:28:15 - Row :162 - Processing failed. Reason: Invalid product.
08-16-2021 @ 12:28:15 - Row :163 - Parsing item.
08-16-2021 @ 12:28:15 - Row :163 - Processing item.
08-16-2021 @ 12:28:15 - Row :163 - Processing failed. Reason: Invalid product.
08-16-2021 @ 12:28:15 - Row :164 - Parsing item.
08-16-2021 @ 12:28:15 - Row :164 - Processing item.
08-16-2021 @ 12:28:15 - Row :164 - Processing failed. Reason: Invalid product.
08-16-2021 @ 12:28:15 - Row :165 - Parsing item.
08-16-2021 @ 12:28:15 - Row :165 - Processing item.
08-16-2021 @ 12:28:15 - Row :165 - Processing failed. Reason: Invalid product.
08-16-2021 @ 12:28:15 - Row :166 - Parsing item.
08-16-2021 @ 12:28:15 - Row :166 - Processing item.
08-16-2021 @ 12:28:15 - Row :166 - Processing failed. Reason: Invalid product.
08-16-2021 @ 12:28:15 - Row :167 - Parsing item.
08-16-2021 @ 12:28:15 - Row :167 - Processing item.
08-16-2021 @ 12:28:15 - Row :167 - Processing failed. Reason: Invalid product.
08-16-2021 @ 12:28:15 - Row :168 - Parsing item.
08-16-2021 @ 12:28:15 - Row :168 - Processing item.
08-16-2021 @ 12:28:15 - Row :168 - Processing failed. Reason: Invalid product.
08-16-2021 @ 12:28:15 - Row :169 - Parsing item.
08-16-2021 @ 12:28:15 - Row :169 - Processing item.
08-16-2021 @ 12:28:15 - Row :169 - Processing failed. Reason: Invalid product.
08-16-2021 @ 12:28:15 - Row :170 - Parsing item.
08-16-2021 @ 12:28:15 - Row :170 - Processing item.
08-16-2021 @ 12:28:15 - Row :170 - Processing failed. Reason: Invalid product.
