08-17-2021 @ 13:00:12 - ---[ New import started at 2021-08-17 17:00:12 ] PHP Memory: 512 MB, WP Memory: 40 MB
08-17-2021 @ 13:00:12 - Preparing for import.
08-17-2021 @ 13:00:12 - Row :1 - Parsing item.
08-17-2021 @ 13:00:12 - Row :1 - Processing item.
08-17-2021 @ 13:00:12 - Found variable product object. ID:28156
08-17-2021 @ 13:00:12 - Setting Featured Image. URL:https://nylimages.s3.amazonaws.com/OHP_22582_BlueSky.jpg
08-17-2021 @ 13:00:12 - Attachment ID:28157
08-17-2021 @ 13:00:12 - Setting Gallery Images.
08-17-2021 @ 13:00:12 - Image URL:https://nylimages.s3.amazonaws.com/OHP_22582_Nude.jpg
08-17-2021 @ 13:00:12 - Attachment ID:28158
08-17-2021 @ 13:00:12 - Image URL:https://nylimages.s3.amazonaws.com/OHP_22582_White.jpg
08-17-2021 @ 13:00:12 - Attachment ID:28159
08-17-2021 @ 13:00:12 - Image URL:https://nylimages.s3.amazonaws.com/OHP_22582_Moonlight.jpg
08-17-2021 @ 13:00:12 - Attachment ID:28160
08-17-2021 @ 13:00:12 - Image URL:https://nylimages.s3.amazonaws.com/OHP_22582_MochaMist.jpg
08-17-2021 @ 13:00:12 - Attachment ID:28161
08-17-2021 @ 13:00:12 - Image URL:https://nylimages.s3.amazonaws.com/HBI_22582_MochaMist.jpg
08-17-2021 @ 13:00:12 - Attachment ID:28162
08-17-2021 @ 13:00:12 - Image URL:https://nylimages.s3.amazonaws.com/2332_LivelyLavender.jpg
08-17-2021 @ 13:00:12 - Attachment ID:28163
08-17-2021 @ 13:00:12 - Image URL:https://nylimages.s3.amazonaws.com/HBI_DF2332_ChateauBlue.jpg
08-17-2021 @ 13:00:12 - Attachment ID:28164
08-17-2021 @ 13:00:12 - Row :1 - Product updated successfully.
08-17-2021 @ 13:00:12 - Row :2 - Parsing item.
08-17-2021 @ 13:00:13 - Row :2 - Processing item.
08-17-2021 @ 13:00:13 - Found variation product object. ID:28165
08-17-2021 @ 13:00:14 - Setting Featured Image. URL:https://nylimages.s3.amazonaws.com/EBY_22582_BlueSky_sw.jpg
08-17-2021 @ 13:00:14 - Attachment ID:28166
08-17-2021 @ 13:00:14 - Row :2 - Product updated successfully.
08-17-2021 @ 13:00:14 - Row :3 - Parsing item.
08-17-2021 @ 13:00:14 - Row :3 - Processing item.
08-17-2021 @ 13:00:14 - Found variation product object. ID:28167
08-17-2021 @ 13:00:15 - Setting Featured Image. URL:https://nylimages.s3.amazonaws.com/EBY_22582_BlueSky_sw.jpg
08-17-2021 @ 13:00:15 - Attachment ID:28166
08-17-2021 @ 13:00:15 - Row :3 - Product updated successfully.
08-17-2021 @ 13:00:15 - Row :4 - Parsing item.
08-17-2021 @ 13:00:15 - Row :4 - Processing item.
08-17-2021 @ 13:00:15 - Found variation product object. ID:28168
08-17-2021 @ 13:00:16 - Setting Featured Image. URL:https://nylimages.s3.amazonaws.com/EBY_22582_BlueSky_sw.jpg
08-17-2021 @ 13:00:16 - Attachment ID:28166
08-17-2021 @ 13:00:17 - Row :4 - Product updated successfully.
08-17-2021 @ 13:00:17 - Row :5 - Parsing item.
08-17-2021 @ 13:00:17 - Row :5 - Processing item.
08-17-2021 @ 13:00:17 - Found variation product object. ID:28169
08-17-2021 @ 13:00:18 - Setting Featured Image. URL:https://nylimages.s3.amazonaws.com/EBY_22582_BlueSky_sw.jpg
08-17-2021 @ 13:00:18 - Attachment ID:28166
08-17-2021 @ 13:00:18 - Row :5 - Product updated successfully.
08-17-2021 @ 13:00:18 - Row :6 - Parsing item.
08-17-2021 @ 13:00:18 - Row :6 - Processing item.
08-17-2021 @ 13:00:18 - Found variation product object. ID:28170
08-17-2021 @ 13:00:19 - Setting Featured Image. URL:https://nylimages.s3.amazonaws.com/EBY_22582_BlueSky_sw.jpg
08-17-2021 @ 13:00:19 - Attachment ID:28166
08-17-2021 @ 13:00:19 - Row :6 - Product updated successfully.
08-17-2021 @ 13:00:19 - Row :7 - Parsing item.
08-17-2021 @ 13:00:19 - Row :7 - Processing item.
08-17-2021 @ 13:00:19 - Found variation product object. ID:28171
08-17-2021 @ 13:00:20 - Setting Featured Image. URL:https://nylimages.s3.amazonaws.com/EBY_22582_Nude_sw.jpg
08-17-2021 @ 13:00:20 - Attachment ID:28172
08-17-2021 @ 13:00:20 - Row :7 - Product updated successfully.
08-17-2021 @ 13:00:20 - Row :8 - Parsing item.
08-17-2021 @ 13:00:20 - Row :8 - Processing item.
08-17-2021 @ 13:00:21 - Found variation product object. ID:28173
08-17-2021 @ 13:00:22 - Setting Featured Image. URL:https://nylimages.s3.amazonaws.com/EBY_22582_Nude_sw.jpg
08-17-2021 @ 13:00:22 - Attachment ID:28172
08-17-2021 @ 13:00:22 - Row :8 - Product updated successfully.
08-17-2021 @ 13:00:22 - Row :9 - Parsing item.
08-17-2021 @ 13:00:22 - Row :9 - Processing item.
08-17-2021 @ 13:00:22 - Found variation product object. ID:28174
08-17-2021 @ 13:00:23 - Setting Featured Image. URL:https://nylimages.s3.amazonaws.com/EBY_22582_Nude_sw.jpg
08-17-2021 @ 13:00:23 - Attachment ID:28172
08-17-2021 @ 13:00:23 - Row :9 - Product updated successfully.
08-17-2021 @ 13:00:23 - Row :10 - Parsing item.
08-17-2021 @ 13:00:23 - Row :10 - Processing item.
08-17-2021 @ 13:00:23 - Found variation product object. ID:28175
08-17-2021 @ 13:00:24 - Setting Featured Image. URL:https://nylimages.s3.amazonaws.com/EBY_22582_Nude_sw.jpg
08-17-2021 @ 13:00:24 - Attachment ID:28172
08-17-2021 @ 13:00:24 - Row :10 - Product updated successfully.
08-17-2021 @ 13:00:26 - Preparing for import.
08-17-2021 @ 13:00:26 - Row :11 - Parsing item.
08-17-2021 @ 13:00:26 - Row :11 - Processing item.
08-17-2021 @ 13:00:26 - Found variation product object. ID:28176
08-17-2021 @ 13:00:26 - Setting Featured Image. URL:https://nylimages.s3.amazonaws.com/EBY_22582_Nude_sw.jpg
08-17-2021 @ 13:00:26 - Attachment ID:28172
08-17-2021 @ 13:00:26 - Row :11 - Product updated successfully.
08-17-2021 @ 13:00:26 - Row :12 - Parsing item.
08-17-2021 @ 13:00:26 - Row :12 - Processing item.
08-17-2021 @ 13:00:27 - Found variation product object. ID:28177
08-17-2021 @ 13:00:27 - Setting Featured Image. URL:https://nylimages.s3.amazonaws.com/EBY_22582_White_sw.jpg
08-17-2021 @ 13:00:27 - Attachment ID:28178
08-17-2021 @ 13:00:27 - Row :12 - Product updated successfully.
08-17-2021 @ 13:00:27 - Row :13 - Parsing item.
08-17-2021 @ 13:00:27 - Row :13 - Processing item.
08-17-2021 @ 13:00:27 - Found variation product object. ID:28179
08-17-2021 @ 13:00:27 - Setting Featured Image. URL:https://nylimages.s3.amazonaws.com/EBY_22582_White_sw.jpg
08-17-2021 @ 13:00:27 - Attachment ID:28178
08-17-2021 @ 13:00:27 - Row :13 - Product updated successfully.
08-17-2021 @ 13:00:27 - Row :14 - Parsing item.
08-17-2021 @ 13:00:27 - Row :14 - Processing item.
08-17-2021 @ 13:00:27 - Found variation product object. ID:28180
08-17-2021 @ 13:00:27 - Setting Featured Image. URL:https://nylimages.s3.amazonaws.com/EBY_22582_White_sw.jpg
08-17-2021 @ 13:00:27 - Attachment ID:28178
08-17-2021 @ 13:00:27 - Row :14 - Product updated successfully.
08-17-2021 @ 13:00:27 - Row :15 - Parsing item.
08-17-2021 @ 13:00:27 - Row :15 - Processing item.
08-17-2021 @ 13:00:28 - Found variation product object. ID:28181
08-17-2021 @ 13:00:28 - Setting Featured Image. URL:https://nylimages.s3.amazonaws.com/EBY_22582_White_sw.jpg
08-17-2021 @ 13:00:28 - Attachment ID:28178
08-17-2021 @ 13:00:28 - Row :15 - Product updated successfully.
08-17-2021 @ 13:00:28 - Row :16 - Parsing item.
08-17-2021 @ 13:00:28 - Row :16 - Processing item.
08-17-2021 @ 13:00:28 - Found variation product object. ID:28182
08-17-2021 @ 13:00:28 - Setting Featured Image. URL:https://nylimages.s3.amazonaws.com/EBY_22582_White_sw.jpg
08-17-2021 @ 13:00:28 - Attachment ID:28178
08-17-2021 @ 13:00:28 - Row :16 - Product updated successfully.
08-17-2021 @ 13:00:28 - Row :17 - Parsing item.
08-17-2021 @ 13:00:28 - Row :17 - Processing item.
08-17-2021 @ 13:00:28 - Found variation product object. ID:28183
08-17-2021 @ 13:00:28 - Setting Featured Image. URL:https://nylimages.s3.amazonaws.com/EBY_22582_Moonlight_sw.jpg
08-17-2021 @ 13:00:28 - Attachment ID:28184
08-17-2021 @ 13:00:28 - Row :17 - Product updated successfully.
08-17-2021 @ 13:00:28 - Row :18 - Parsing item.
08-17-2021 @ 13:00:28 - Row :18 - Processing item.
08-17-2021 @ 13:00:29 - Found variation product object. ID:28185
08-17-2021 @ 13:00:29 - Setting Featured Image. URL:https://nylimages.s3.amazonaws.com/EBY_22582_Moonlight_sw.jpg
08-17-2021 @ 13:00:29 - Attachment ID:28184
08-17-2021 @ 13:00:29 - Row :18 - Product updated successfully.
08-17-2021 @ 13:00:29 - Row :19 - Parsing item.
08-17-2021 @ 13:00:29 - Row :19 - Processing item.
08-17-2021 @ 13:00:29 - Found variation product object. ID:28186
08-17-2021 @ 13:00:29 - Setting Featured Image. URL:https://nylimages.s3.amazonaws.com/EBY_22582_Moonlight_sw.jpg
08-17-2021 @ 13:00:29 - Attachment ID:28184
08-17-2021 @ 13:00:29 - Row :19 - Product updated successfully.
08-17-2021 @ 13:00:29 - Row :20 - Parsing item.
08-17-2021 @ 13:00:29 - Row :20 - Processing item.
08-17-2021 @ 13:00:29 - Found variation product object. ID:28187
08-17-2021 @ 13:00:29 - Setting Featured Image. URL:https://nylimages.s3.amazonaws.com/EBY_22582_Moonlight_sw.jpg
08-17-2021 @ 13:00:29 - Attachment ID:28184
08-17-2021 @ 13:00:29 - Row :20 - Product updated successfully.
08-17-2021 @ 13:00:31 - Preparing for import.
08-17-2021 @ 13:00:31 - Row :21 - Parsing item.
08-17-2021 @ 13:00:31 - Row :21 - Processing item.
08-17-2021 @ 13:00:31 - Found variation product object. ID:28188
08-17-2021 @ 13:00:31 - Setting Featured Image. URL:https://nylimages.s3.amazonaws.com/EBY_22582_Moonlight_sw.jpg
08-17-2021 @ 13:00:31 - Attachment ID:28184
08-17-2021 @ 13:00:31 - Row :21 - Product updated successfully.
08-17-2021 @ 13:00:31 - Row :22 - Parsing item.
08-17-2021 @ 13:00:31 - Row :22 - Processing item.
08-17-2021 @ 13:00:31 - Found variation product object. ID:28189
08-17-2021 @ 13:00:31 - Setting Featured Image. URL:https://nylimages.s3.amazonaws.com/EBY_22582_MochaMist_sw.jpg
08-17-2021 @ 13:00:31 - Attachment ID:28190
08-17-2021 @ 13:00:31 - Row :22 - Product updated successfully.
08-17-2021 @ 13:00:31 - Row :23 - Parsing item.
08-17-2021 @ 13:00:32 - Row :23 - Processing item.
08-17-2021 @ 13:00:32 - Found variation product object. ID:28191
08-17-2021 @ 13:00:32 - Setting Featured Image. URL:https://nylimages.s3.amazonaws.com/EBY_22582_MochaMist_sw.jpg
08-17-2021 @ 13:00:32 - Attachment ID:28190
08-17-2021 @ 13:00:32 - Row :23 - Product updated successfully.
08-17-2021 @ 13:00:32 - Row :24 - Parsing item.
08-17-2021 @ 13:00:32 - Row :24 - Processing item.
08-17-2021 @ 13:00:32 - Found variation product object. ID:28192
08-17-2021 @ 13:00:32 - Setting Featured Image. URL:https://nylimages.s3.amazonaws.com/EBY_22582_MochaMist_sw.jpg
08-17-2021 @ 13:00:32 - Attachment ID:28190
08-17-2021 @ 13:00:32 - Row :24 - Product updated successfully.
08-17-2021 @ 13:00:32 - Row :25 - Parsing item.
08-17-2021 @ 13:00:32 - Row :25 - Processing item.
08-17-2021 @ 13:00:32 - Found variation product object. ID:28193
08-17-2021 @ 13:00:32 - Setting Featured Image. URL:https://nylimages.s3.amazonaws.com/EBY_22582_MochaMist_sw.jpg
08-17-2021 @ 13:00:32 - Attachment ID:28190
08-17-2021 @ 13:00:32 - Row :25 - Product updated successfully.
08-17-2021 @ 13:00:32 - Row :26 - Parsing item.
08-17-2021 @ 13:00:33 - Row :26 - Processing item.
08-17-2021 @ 13:00:33 - Found variation product object. ID:28194
08-17-2021 @ 13:00:33 - Setting Featured Image. URL:https://nylimages.s3.amazonaws.com/EBY_22582_MochaMist_sw.jpg
08-17-2021 @ 13:00:33 - Attachment ID:28190
08-17-2021 @ 13:00:33 - Row :26 - Product updated successfully.
08-17-2021 @ 13:00:33 - Row :27 - Parsing item.
08-17-2021 @ 13:00:33 - Row :27 - Processing item.
08-17-2021 @ 13:00:33 - Found variation product object. ID:28195
08-17-2021 @ 13:00:33 - Setting Featured Image. URL:http://199.250.200.51/~ncc35b5/wp-content/themes/apparel_direct/assets/images/coming-soon-img.jpg
08-17-2021 @ 13:00:33 - Attachment ID:11668
08-17-2021 @ 13:00:33 - Row :27 - Product updated successfully.
08-17-2021 @ 13:00:33 - Row :28 - Parsing item.
08-17-2021 @ 13:00:33 - Row :28 - Processing item.
08-17-2021 @ 13:00:33 - Found variation product object. ID:28196
08-17-2021 @ 13:00:33 - Setting Featured Image. URL:https://nylimages.s3.amazonaws.com/2332_LivelyLavender.jpg
08-17-2021 @ 13:00:33 - Attachment ID:28163
08-17-2021 @ 13:00:33 - Row :28 - Product updated successfully.
08-17-2021 @ 13:00:33 - Row :29 - Parsing item.
08-17-2021 @ 13:00:34 - Row :29 - Processing item.
08-17-2021 @ 13:00:34 - Found variation product object. ID:28197
08-17-2021 @ 13:00:34 - Setting Featured Image. URL:https://nylimages.s3.amazonaws.com/2332_LivelyLavender.jpg
08-17-2021 @ 13:00:34 - Attachment ID:28163
08-17-2021 @ 13:00:34 - Row :29 - Product updated successfully.
08-17-2021 @ 13:00:34 - Row :30 - Parsing item.
08-17-2021 @ 13:00:34 - Row :30 - Processing item.
08-17-2021 @ 13:00:34 - Found variation product object. ID:28198
08-17-2021 @ 13:00:34 - Setting Featured Image. URL:https://nylimages.s3.amazonaws.com/2332_LivelyLavender.jpg
08-17-2021 @ 13:00:34 - Attachment ID:28163
08-17-2021 @ 13:00:34 - Row :30 - Product updated successfully.
08-17-2021 @ 13:00:36 - Preparing for import.
08-17-2021 @ 13:00:36 - Row :31 - Parsing item.
08-17-2021 @ 13:00:36 - Row :31 - Processing item.
08-17-2021 @ 13:00:36 - Found variation product object. ID:28199
08-17-2021 @ 13:00:36 - Setting Featured Image. URL:https://nylimages.s3.amazonaws.com/2332_LivelyLavender.jpg
08-17-2021 @ 13:00:36 - Attachment ID:28163
08-17-2021 @ 13:00:36 - Row :31 - Product updated successfully.
08-17-2021 @ 13:00:36 - Row :32 - Parsing item.
08-17-2021 @ 13:00:36 - Row :32 - Processing item.
08-17-2021 @ 13:00:36 - Found variation product object. ID:28200
08-17-2021 @ 13:00:36 - Setting Featured Image. URL:https://nylimages.s3.amazonaws.com/2332_LivelyLavender.jpg
08-17-2021 @ 13:00:36 - Attachment ID:28163
08-17-2021 @ 13:00:36 - Row :32 - Product updated successfully.
08-17-2021 @ 13:00:36 - Row :33 - Parsing item.
08-17-2021 @ 13:00:36 - Row :33 - Processing item.
08-17-2021 @ 13:00:36 - Found variation product object. ID:28201
08-17-2021 @ 13:00:36 - Setting Featured Image. URL:https://nylimages.s3.amazonaws.com/HBI_DF2332_ChateauBlue.jpg
08-17-2021 @ 13:00:36 - Attachment ID:28164
08-17-2021 @ 13:00:37 - Row :33 - Product updated successfully.
08-17-2021 @ 13:00:37 - Row :34 - Parsing item.
08-17-2021 @ 13:00:37 - Row :34 - Processing item.
08-17-2021 @ 13:00:37 - Found variation product object. ID:28202
08-17-2021 @ 13:00:37 - Setting Featured Image. URL:https://nylimages.s3.amazonaws.com/HBI_DF2332_ChateauBlue.jpg
08-17-2021 @ 13:00:37 - Attachment ID:28164
08-17-2021 @ 13:00:37 - Row :34 - Product updated successfully.
08-17-2021 @ 13:00:37 - Row :35 - Parsing item.
08-17-2021 @ 13:00:37 - Row :35 - Processing item.
08-17-2021 @ 13:00:37 - Found variation product object. ID:28243
08-17-2021 @ 13:00:37 - Setting Featured Image. URL:https://nylimages.s3.amazonaws.com/HBI_DF2332_ChateauBlue.jpg
08-17-2021 @ 13:00:37 - Attachment ID:28164
08-17-2021 @ 13:00:37 - Row :35 - Product updated successfully.
08-17-2021 @ 13:00:37 - Row :36 - Parsing item.
08-17-2021 @ 13:00:37 - Row :36 - Processing item.
08-17-2021 @ 13:00:37 - Found variation product object. ID:28244
08-17-2021 @ 13:00:37 - Setting Featured Image. URL:https://nylimages.s3.amazonaws.com/HBI_DF2332_ChateauBlue.jpg
08-17-2021 @ 13:00:37 - Attachment ID:28164
08-17-2021 @ 13:00:38 - Row :36 - Product updated successfully.
08-17-2021 @ 13:00:38 - Row :37 - Parsing item.
08-17-2021 @ 13:00:38 - Row :37 - Processing item.
08-17-2021 @ 13:00:38 - Found variable product object. ID:28245
08-17-2021 @ 13:00:38 - Setting Featured Image. URL:https://cdn1.nuorder.com/product/23533ba136cd25c58bba83f8bf17da95.jpg
08-17-2021 @ 13:00:38 - Attachment ID:28203
08-17-2021 @ 13:00:38 - Setting Gallery Images.
08-17-2021 @ 13:00:38 - Image URL:https://cdn1.nuorder.com/product/6223f9e0f87f4c69929c29744aecae8e.jpg
08-17-2021 @ 13:00:38 - Attachment ID:28204
08-17-2021 @ 13:00:38 - Image URL:https://nylimages.s3.amazonaws.com/HBI_DF2361_ScarletBerry.jpg
08-17-2021 @ 13:00:38 - Attachment ID:28205
08-17-2021 @ 13:00:38 - Image URL:https://nylimages.s3.amazonaws.com/HBI_DF2361_PurpleFig.jpg
08-17-2021 @ 13:00:38 - Attachment ID:28206
08-17-2021 @ 13:00:38 - Image URL:https://nylimages.s3.amazonaws.com/HBI_DF2361_VistaBlackDot.jpg
08-17-2021 @ 13:00:38 - Attachment ID:28207
08-17-2021 @ 13:00:38 - Image URL:https://nylimages.s3.amazonaws.com/DF2361_BlueSage.jpg
08-17-2021 @ 13:00:38 - Attachment ID:28208
08-17-2021 @ 13:00:38 - Image URL:https://cdn1.nuorder.com/product/af34ffe794f64b5e00aecfe1ae77b942.jpg
08-17-2021 @ 13:00:38 - Attachment ID:28209
08-17-2021 @ 13:00:38 - Image URL:https://nylimages.s3.amazonaws.com/HBI_DF2361_BlueOasis.jpg
08-17-2021 @ 13:00:38 - Attachment ID:28210
08-17-2021 @ 13:00:38 - Image URL:https://nylimages.s3.amazonaws.com/2361_Pale.jpg
08-17-2021 @ 13:00:38 - Attachment ID:28211
08-17-2021 @ 13:00:38 - Image URL:https://nylimages.s3.amazonaws.com/HBI_DF2361_TerracottaPink.jpg
08-17-2021 @ 13:00:38 - Attachment ID:28212
08-17-2021 @ 13:00:38 - Image URL:https://cdn1.nuorder.com/product/7dea969380210e7444da83f371d49be1.jpg
08-17-2021 @ 13:00:38 - Attachment ID:28213
08-17-2021 @ 13:00:38 - Image URL:https://cdn1.nuorder.com/product/18fb7295f90c90b7c459f5b82d2bcdbf.jpg
08-17-2021 @ 13:00:38 - Attachment ID:28214
08-17-2021 @ 13:00:38 - Image URL:https://nylimages.s3.amazonaws.com/HBI_DF2361_SoftCeladon.jpg
08-17-2021 @ 13:00:38 - Attachment ID:28215
08-17-2021 @ 13:00:38 - Image URL:https://nylimages.s3.amazonaws.com/HBI_DF2361_SeabottomOrchidDitsy.jpg
08-17-2021 @ 13:00:38 - Attachment ID:28216
08-17-2021 @ 13:00:38 - Image URL:https://nylimages.s3.amazonaws.com/DF2361_Seabottom_Orchid.jpg
08-17-2021 @ 13:00:38 - Attachment ID:28217
08-17-2021 @ 13:00:38 - Image URL:https://nylimages.s3.amazonaws.com/HBI_DF2361_GreenhouseLavender.jpg
08-17-2021 @ 13:00:38 - Attachment ID:28218
08-17-2021 @ 13:00:38 - Image URL:https://nylimages.s3.amazonaws.com/HBI_DF2362_ArmatureRed.jpg
08-17-2021 @ 13:00:38 - Attachment ID:28219
08-17-2021 @ 13:00:38 - Image URL:https://nylimages.s3.amazonaws.com/HBI_DF2361_TimelessOpenFloral.jpg
08-17-2021 @ 13:00:38 - Attachment ID:28220
08-17-2021 @ 13:00:38 - Image URL:https://nylimages.s3.amazonaws.com/HBI_DF2361_PurpleRosePointelle.jpg
08-17-2021 @ 13:00:38 - Attachment ID:28221
08-17-2021 @ 13:00:38 - Image URL:https://nylimages.s3.amazonaws.com/HBI_DF2361_GalacticRedPointelle.jpg
08-17-2021 @ 13:00:38 - Attachment ID:28222
08-17-2021 @ 13:00:38 - Image URL:https://cdn1.nuorder.com/product/62354bd848db9e4b0305f5ec480a1d31.jpg
08-17-2021 @ 13:00:38 - Attachment ID:28223
08-17-2021 @ 13:00:38 - Image URL:https://nylimages.s3.amazonaws.com/HBI_DF2361_BlackPointelle.jpg
08-17-2021 @ 13:00:38 - Attachment ID:28224
08-17-2021 @ 13:00:38 - Image URL:https://nylimages.s3.amazonaws.com/HBI_DF2361_NudePointelle.jpg
08-17-2021 @ 13:00:38 - Attachment ID:28225
08-17-2021 @ 13:00:38 - Image URL:https://cdn1.nuorder.com/product/0545840eadd41c918cac518f439e54f8.jpg
08-17-2021 @ 13:00:38 - Attachment ID:28226
08-17-2021 @ 13:00:38 - Image URL:https://cdn1.nuorder.com/product/2f83151c664b6e8ea20c7fc0b49a3475.jpg
08-17-2021 @ 13:00:38 - Attachment ID:28227
08-17-2021 @ 13:00:38 - Image URL:https://cdn1.nuorder.com/product/4199fbc6733d813f0b0eb09cb67a6d7b.jpg
08-17-2021 @ 13:00:38 - Attachment ID:28228
08-17-2021 @ 13:00:38 - Image URL:https://cdn1.nuorder.com/product/3323c9b5d47a6fffa313771aba5af0de.jpg
08-17-2021 @ 13:00:38 - Attachment ID:28229
08-17-2021 @ 13:00:38 - Image URL:https://nylimages.s3.amazonaws.com/HBI_DF2361_PrivateJet.jpg
08-17-2021 @ 13:00:38 - Attachment ID:28230
08-17-2021 @ 13:00:38 - Image URL:https://cdn1.nuorder.com/product/83db7f85b6150300fd7ba4f911b0f6a4.jpg
08-17-2021 @ 13:00:38 - Attachment ID:28231
08-17-2021 @ 13:00:38 - Image URL:https://cdn1.nuorder.com/product/f5d1cf8638f1c58415b14c66e4533918.jpg
08-17-2021 @ 13:00:38 - Attachment ID:28232
08-17-2021 @ 13:00:38 - Image URL:https://nylimages.s3.amazonaws.com/HBI_DF2361_AmethystPlumPinDot.jpg
08-17-2021 @ 13:00:38 - Attachment ID:28233
08-17-2021 @ 13:00:38 - Image URL:https://nylimages.s3.amazonaws.com/HBI_DF2361_PlummedOutPointelle.jpg
08-17-2021 @ 13:00:38 - Attachment ID:28234
08-17-2021 @ 13:00:38 - Image URL:https://nylimages.s3.amazonaws.com/HBI_DF2361_BlueWhimsyPointelle.jpg
08-17-2021 @ 13:00:38 - Attachment ID:28235
08-17-2021 @ 13:00:38 - Image URL:https://nylimages.s3.amazonaws.com/HBI_DF2361_DelightedBluePointelle.jpg
08-17-2021 @ 13:00:38 - Attachment ID:28236
08-17-2021 @ 13:00:38 - Image URL:https://cdn1.nuorder.com/product/3ecab10bee35721036d75608648a1688.jpg
08-17-2021 @ 13:00:38 - Attachment ID:28237
08-17-2021 @ 13:00:38 - Image URL:https://cdn1.nuorder.com/product/2faca30cc06a2818fc728b9888109bba.jpg
08-17-2021 @ 13:00:39 - Attachment ID:28238
08-17-2021 @ 13:00:39 - Image URL:https://nylimages.s3.amazonaws.com/DF2361_MDusk.jpg
08-17-2021 @ 13:00:39 - Attachment ID:28239
08-17-2021 @ 13:00:39 - Image URL:https://cdn1.nuorder.com/product/245e06f0a14aad9615483cf79a4d7be3.jpg
08-17-2021 @ 13:00:39 - Attachment ID:28240
08-17-2021 @ 13:00:39 - Image URL:https://nylimages.s3.amazonaws.com/HBI_DF2361_ChateauBlue.jpg
08-17-2021 @ 13:00:39 - Attachment ID:28241
08-17-2021 @ 13:00:39 - Image URL:https://nylimages.s3.amazonaws.com/HBI_DF2361_MorningOrchid.jpg
08-17-2021 @ 13:00:39 - Attachment ID:28242
08-17-2021 @ 13:00:39 - Row :37 - Product updated successfully.
08-17-2021 @ 13:00:39 - Row :38 - Parsing item.
08-17-2021 @ 13:00:39 - Row :38 - Processing item.
08-17-2021 @ 13:00:39 - Found variation product object. ID:28247
08-17-2021 @ 13:00:39 - Setting Featured Image. URL:https://nylimages.s3.amazonaws.com/HBI_DF2361_Black_sw.jpg
08-17-2021 @ 13:00:39 - Attachment ID:28246
08-17-2021 @ 13:00:39 - Row :38 - Product updated successfully.
08-17-2021 @ 13:00:39 - Row :39 - Parsing item.
08-17-2021 @ 13:00:39 - Row :39 - Processing item.
08-17-2021 @ 13:00:39 - Found variation product object. ID:28248
08-17-2021 @ 13:00:39 - Setting Featured Image. URL:https://nylimages.s3.amazonaws.com/HBI_DF2361_Black_sw.jpg
08-17-2021 @ 13:00:39 - Attachment ID:28246
08-17-2021 @ 13:00:39 - Row :39 - Product updated successfully.
08-17-2021 @ 13:00:39 - Row :40 - Parsing item.
08-17-2021 @ 13:00:40 - Row :40 - Processing item.
08-17-2021 @ 13:00:40 - Found variation product object. ID:28249
08-17-2021 @ 13:00:40 - Setting Featured Image. URL:https://nylimages.s3.amazonaws.com/HBI_DF2361_Black_sw.jpg
08-17-2021 @ 13:00:40 - Attachment ID:28246
08-17-2021 @ 13:00:40 - Row :40 - Product updated successfully.
08-17-2021 @ 13:00:41 - Preparing for import.
08-17-2021 @ 13:00:41 - Row :41 - Parsing item.
08-17-2021 @ 13:00:41 - Row :41 - Processing item.
08-17-2021 @ 13:00:41 - Found variation product object. ID:28250
08-17-2021 @ 13:00:41 - Setting Featured Image. URL:https://nylimages.s3.amazonaws.com/HBI_DF2361_Black_sw.jpg
08-17-2021 @ 13:00:41 - Attachment ID:28246
08-17-2021 @ 13:00:41 - Row :41 - Product updated successfully.
08-17-2021 @ 13:00:41 - Row :42 - Parsing item.
08-17-2021 @ 13:00:42 - Row :42 - Processing item.
08-17-2021 @ 13:00:42 - Found variation product object. ID:28251
08-17-2021 @ 13:00:42 - Setting Featured Image. URL:https://nylimages.s3.amazonaws.com/HBI_DF2361_White_sw.jpg
08-17-2021 @ 13:00:42 - Attachment ID:28252
08-17-2021 @ 13:00:42 - Row :42 - Product updated successfully.
08-17-2021 @ 13:00:42 - Row :43 - Parsing item.
08-17-2021 @ 13:00:42 - Row :43 - Processing item.
08-17-2021 @ 13:00:42 - Found variation product object. ID:28253
08-17-2021 @ 13:00:42 - Setting Featured Image. URL:https://nylimages.s3.amazonaws.com/HBI_DF2361_White_sw.jpg
08-17-2021 @ 13:00:42 - Attachment ID:28252
08-17-2021 @ 13:00:42 - Row :43 - Product updated successfully.
08-17-2021 @ 13:00:42 - Row :44 - Parsing item.
08-17-2021 @ 13:00:42 - Row :44 - Processing item.
08-17-2021 @ 13:00:42 - Found variation product object. ID:28254
08-17-2021 @ 13:00:42 - Setting Featured Image. URL:https://nylimages.s3.amazonaws.com/HBI_DF2361_White_sw.jpg
08-17-2021 @ 13:00:42 - Attachment ID:28252
08-17-2021 @ 13:00:43 - Row :44 - Product updated successfully.
08-17-2021 @ 13:00:43 - Row :45 - Parsing item.
08-17-2021 @ 13:00:43 - Row :45 - Processing item.
08-17-2021 @ 13:00:43 - Found variation product object. ID:28255
08-17-2021 @ 13:00:43 - Setting Featured Image. URL:https://nylimages.s3.amazonaws.com/HBI_DF2361_White_sw.jpg
08-17-2021 @ 13:00:43 - Attachment ID:28252
08-17-2021 @ 13:00:43 - Row :45 - Product updated successfully.
08-17-2021 @ 13:00:43 - Row :46 - Parsing item.
08-17-2021 @ 13:00:43 - Row :46 - Processing item.
08-17-2021 @ 13:00:43 - Found variation product object. ID:28256
08-17-2021 @ 13:00:43 - Setting Featured Image. URL:https://nylimages.s3.amazonaws.com/HBI_DF2361_ScarletBerry.jpg
08-17-2021 @ 13:00:43 - Attachment ID:28205
08-17-2021 @ 13:00:43 - Row :46 - Product updated successfully.
08-17-2021 @ 13:00:43 - Row :47 - Parsing item.
08-17-2021 @ 13:00:43 - Row :47 - Processing item.
08-17-2021 @ 13:00:43 - Found variation product object. ID:28257
08-17-2021 @ 13:00:44 - Setting Featured Image. URL:https://nylimages.s3.amazonaws.com/HBI_DF2361_ScarletBerry.jpg
08-17-2021 @ 13:00:44 - Attachment ID:28205
08-17-2021 @ 13:00:44 - Row :47 - Product updated successfully.
08-17-2021 @ 13:00:44 - Row :48 - Parsing item.
08-17-2021 @ 13:00:44 - Row :48 - Processing item.
08-17-2021 @ 13:00:44 - Found variation product object. ID:28258
08-17-2021 @ 13:00:44 - Setting Featured Image. URL:https://nylimages.s3.amazonaws.com/HBI_DF2361_ScarletBerry.jpg
08-17-2021 @ 13:00:44 - Attachment ID:28205
08-17-2021 @ 13:00:44 - Row :48 - Product updated successfully.
08-17-2021 @ 13:00:44 - Row :49 - Parsing item.
08-17-2021 @ 13:00:44 - Row :49 - Processing item.
08-17-2021 @ 13:00:44 - Found variation product object. ID:28259
08-17-2021 @ 13:00:44 - Setting Featured Image. URL:https://nylimages.s3.amazonaws.com/HBI_DF2361_ScarletBerry.jpg
08-17-2021 @ 13:00:44 - Attachment ID:28205
08-17-2021 @ 13:00:44 - Row :49 - Product updated successfully.
08-17-2021 @ 13:00:44 - Row :50 - Parsing item.
08-17-2021 @ 13:00:44 - Row :50 - Processing item.
08-17-2021 @ 13:00:44 - Found variation product object. ID:28260
08-17-2021 @ 13:00:45 - Setting Featured Image. URL:https://nylimages.s3.amazonaws.com/HBI_DF2361_PurpleFig.jpg
08-17-2021 @ 13:00:45 - Attachment ID:28206
08-17-2021 @ 13:00:45 - Row :50 - Product updated successfully.
08-17-2021 @ 13:00:46 - Preparing for import.
08-17-2021 @ 13:00:46 - Row :51 - Parsing item.
08-17-2021 @ 13:00:46 - Row :51 - Processing item.
08-17-2021 @ 13:00:46 - Found variation product object. ID:28261
08-17-2021 @ 13:00:46 - Setting Featured Image. URL:https://nylimages.s3.amazonaws.com/http://s7d5.scene7.com/is/image/Hanesbrands/HBI_DF2361_VistaBlackDot_sw?$prodSwatch$&.vendor=B2BDataDownload.jpg
08-17-2021 @ 13:00:47 - URL:https://nylimages.s3.amazonaws.com/http://s7d5.scene7.com/is/image/Hanesbrands/HBI_DF2361_VistaBlackDot_sw?$prodSwatch$&.vendor=B2BDataDownload.jpg Reason:Error getting remote image https://nylimages.s3.amazonaws.com/http://s7d5.scene7.com/is/image/Hanesbrands/HBI_DF2361_VistaBlackDot_sw?$prodSwatch$&.vendor=B2BDataDownload.jpg. Error: Forbidden
08-17-2021 @ 13:00:47 - Row :51 - Product updated successfully.
08-17-2021 @ 13:00:47 - Row :52 - Parsing item.
08-17-2021 @ 13:00:47 - Row :52 - Processing item.
08-17-2021 @ 13:00:47 - Found variation product object. ID:28262
08-17-2021 @ 13:00:47 - Setting Featured Image. URL:https://nylimages.s3.amazonaws.com/http://s7d5.scene7.com/is/image/Hanesbrands/HBI_DF2361_VistaBlackDot_sw?$prodSwatch$&.vendor=B2BDataDownload.jpg
08-17-2021 @ 13:00:47 - URL:https://nylimages.s3.amazonaws.com/http://s7d5.scene7.com/is/image/Hanesbrands/HBI_DF2361_VistaBlackDot_sw?$prodSwatch$&.vendor=B2BDataDownload.jpg Reason:Error getting remote image https://nylimages.s3.amazonaws.com/http://s7d5.scene7.com/is/image/Hanesbrands/HBI_DF2361_VistaBlackDot_sw?$prodSwatch$&.vendor=B2BDataDownload.jpg. Error: Forbidden
08-17-2021 @ 13:00:47 - Row :52 - Product updated successfully.
08-17-2021 @ 13:00:47 - Row :53 - Parsing item.
08-17-2021 @ 13:00:47 - Row :53 - Processing item.
08-17-2021 @ 13:00:48 - Found variation product object. ID:28263
08-17-2021 @ 13:00:48 - Setting Featured Image. URL:https://nylimages.s3.amazonaws.com/http://s7d5.scene7.com/is/image/Hanesbrands/HBI_DF2361_VistaBlackDot_sw?$prodSwatch$&.vendor=B2BDataDownload.jpg
08-17-2021 @ 13:00:48 - URL:https://nylimages.s3.amazonaws.com/http://s7d5.scene7.com/is/image/Hanesbrands/HBI_DF2361_VistaBlackDot_sw?$prodSwatch$&.vendor=B2BDataDownload.jpg Reason:Error getting remote image https://nylimages.s3.amazonaws.com/http://s7d5.scene7.com/is/image/Hanesbrands/HBI_DF2361_VistaBlackDot_sw?$prodSwatch$&.vendor=B2BDataDownload.jpg. Error: Forbidden
08-17-2021 @ 13:00:48 - Row :53 - Product updated successfully.
08-17-2021 @ 13:00:48 - Row :54 - Parsing item.
08-17-2021 @ 13:00:48 - Row :54 - Processing item.
08-17-2021 @ 13:00:48 - Found variation product object. ID:28264
08-17-2021 @ 13:00:48 - Setting Featured Image. URL:https://nylimages.s3.amazonaws.com/http://s7d5.scene7.com/is/image/Hanesbrands/HBI_DF2361_VistaBlackDot_sw?$prodSwatch$&.vendor=B2BDataDownload.jpg
08-17-2021 @ 13:00:48 - URL:https://nylimages.s3.amazonaws.com/http://s7d5.scene7.com/is/image/Hanesbrands/HBI_DF2361_VistaBlackDot_sw?$prodSwatch$&.vendor=B2BDataDownload.jpg Reason:Error getting remote image https://nylimages.s3.amazonaws.com/http://s7d5.scene7.com/is/image/Hanesbrands/HBI_DF2361_VistaBlackDot_sw?$prodSwatch$&.vendor=B2BDataDownload.jpg. Error: Forbidden
08-17-2021 @ 13:00:49 - Row :54 - Product updated successfully.
08-17-2021 @ 13:00:49 - Row :55 - Parsing item.
08-17-2021 @ 13:00:49 - Row :55 - Processing item.
08-17-2021 @ 13:00:49 - Found variation product object. ID:28265
08-17-2021 @ 13:00:49 - Setting Featured Image. URL:https://nylimages.s3.amazonaws.com/DF2361_BlueSage.jpg
08-17-2021 @ 13:00:49 - Attachment ID:28208
08-17-2021 @ 13:00:49 - Row :55 - Product updated successfully.
08-17-2021 @ 13:00:49 - Row :56 - Parsing item.
08-17-2021 @ 13:00:49 - Row :56 - Processing item.
08-17-2021 @ 13:00:49 - Found variation product object. ID:28266
08-17-2021 @ 13:00:49 - Setting Featured Image. URL:https://nylimages.s3.amazonaws.com/DF2361_BlueSage.jpg
08-17-2021 @ 13:00:49 - Attachment ID:28208
08-17-2021 @ 13:00:49 - Row :56 - Product updated successfully.
08-17-2021 @ 13:00:49 - Row :57 - Parsing item.
08-17-2021 @ 13:00:49 - Row :57 - Processing item.
08-17-2021 @ 13:00:49 - Found variation product object. ID:28267
08-17-2021 @ 13:00:49 - Setting Featured Image. URL:https://nylimages.s3.amazonaws.com/DF2361_BlueSage.jpg
08-17-2021 @ 13:00:49 - Attachment ID:28208
08-17-2021 @ 13:00:50 - Row :57 - Product updated successfully.
08-17-2021 @ 13:00:50 - Row :58 - Parsing item.
08-17-2021 @ 13:00:50 - Row :58 - Processing item.
08-17-2021 @ 13:00:50 - Found variation product object. ID:28268
08-17-2021 @ 13:00:50 - Setting Featured Image. URL:https://nylimages.s3.amazonaws.com/DF2361_BlueSage.jpg
08-17-2021 @ 13:00:50 - Attachment ID:28208
08-17-2021 @ 13:00:50 - Row :58 - Product updated successfully.
08-17-2021 @ 13:00:50 - Row :59 - Parsing item.
08-17-2021 @ 13:00:50 - Row :59 - Processing item.
08-17-2021 @ 13:00:50 - Found variation product object. ID:28269
08-17-2021 @ 13:00:50 - Setting Featured Image. URL:https://nylimages.s3.amazonaws.com/HBI_DF2361_Nude_sw.jpg
08-17-2021 @ 13:00:50 - Attachment ID:28270
08-17-2021 @ 13:00:50 - Row :59 - Product updated successfully.
08-17-2021 @ 13:00:50 - Row :60 - Parsing item.
08-17-2021 @ 13:00:50 - Row :60 - Processing item.
08-17-2021 @ 13:00:50 - Found variation product object. ID:28271
08-17-2021 @ 13:00:50 - Setting Featured Image. URL:https://nylimages.s3.amazonaws.com/HBI_DF2361_Nude_sw.jpg
08-17-2021 @ 13:00:51 - Attachment ID:28270
08-17-2021 @ 13:00:51 - Row :60 - Product updated successfully.
08-17-2021 @ 13:00:53 - Preparing for import.
08-17-2021 @ 13:00:53 - Row :61 - Parsing item.
08-17-2021 @ 13:00:53 - Row :61 - Processing item.
08-17-2021 @ 13:00:53 - Found variation product object. ID:28272
08-17-2021 @ 13:00:53 - Setting Featured Image. URL:https://nylimages.s3.amazonaws.com/HBI_DF2361_Nude_sw.jpg
08-17-2021 @ 13:00:53 - Attachment ID:28270
08-17-2021 @ 13:00:53 - Row :61 - Product updated successfully.
08-17-2021 @ 13:00:53 - Row :62 - Parsing item.
08-17-2021 @ 13:00:53 - Row :62 - Processing item.
08-17-2021 @ 13:00:53 - Found variation product object. ID:28273
08-17-2021 @ 13:00:54 - Setting Featured Image. URL:https://nylimages.s3.amazonaws.com/HBI_DF2361_Nude_sw.jpg
08-17-2021 @ 13:00:54 - Attachment ID:28270
08-17-2021 @ 13:00:54 - Row :62 - Product updated successfully.
08-17-2021 @ 13:00:54 - Row :63 - Parsing item.
08-17-2021 @ 13:00:54 - Row :63 - Processing item.
08-17-2021 @ 13:00:54 - Found variation product object. ID:28274
08-17-2021 @ 13:00:54 - Setting Featured Image. URL:https://nylimages.s3.amazonaws.com/HBI_DF2361_BlueOasis_sw.jpg
08-17-2021 @ 13:00:54 - Attachment ID:28275
08-17-2021 @ 13:00:54 - Row :63 - Product updated successfully.
08-17-2021 @ 13:00:54 - Row :64 - Parsing item.
08-17-2021 @ 13:00:54 - Row :64 - Processing item.
08-17-2021 @ 13:00:54 - Found variation product object. ID:28276
08-17-2021 @ 13:00:54 - Setting Featured Image. URL:https://nylimages.s3.amazonaws.com/HBI_DF2361_BlueOasis_sw.jpg
08-17-2021 @ 13:00:54 - Attachment ID:28275
08-17-2021 @ 13:00:54 - Row :64 - Product updated successfully.
08-17-2021 @ 13:00:54 - Row :65 - Parsing item.
08-17-2021 @ 13:00:54 - Row :65 - Processing item.
08-17-2021 @ 13:00:54 - Found variation product object. ID:28277
08-17-2021 @ 13:00:55 - Setting Featured Image. URL:https://nylimages.s3.amazonaws.com/HBI_DF2361_BlueOasis_sw.jpg
08-17-2021 @ 13:00:55 - Attachment ID:28275
08-17-2021 @ 13:00:55 - Row :65 - Product updated successfully.
08-17-2021 @ 13:00:55 - Row :66 - Parsing item.
08-17-2021 @ 13:00:55 - Row :66 - Processing item.
08-17-2021 @ 13:00:55 - Found variation product object. ID:28278
08-17-2021 @ 13:00:55 - Setting Featured Image. URL:https://nylimages.s3.amazonaws.com/HBI_DF2361_BlueOasis_sw.jpg
08-17-2021 @ 13:00:55 - Attachment ID:28275
08-17-2021 @ 13:00:55 - Row :66 - Product updated successfully.
08-17-2021 @ 13:00:55 - Row :67 - Parsing item.
08-17-2021 @ 13:00:55 - Row :67 - Processing item.
08-17-2021 @ 13:00:55 - Found variation product object. ID:28279
08-17-2021 @ 13:00:55 - Setting Featured Image. URL:https://nylimages.s3.amazonaws.com/2361_Pale.jpg
08-17-2021 @ 13:00:55 - Attachment ID:28211
08-17-2021 @ 13:00:55 - Row :67 - Product updated successfully.
08-17-2021 @ 13:00:55 - Row :68 - Parsing item.
08-17-2021 @ 13:00:55 - Row :68 - Processing item.
08-17-2021 @ 13:00:56 - Found variation product object. ID:28280
08-17-2021 @ 13:00:56 - Setting Featured Image. URL:https://nylimages.s3.amazonaws.com/2361_Pale.jpg
08-17-2021 @ 13:00:56 - Attachment ID:28211
08-17-2021 @ 13:00:56 - Row :68 - Product updated successfully.
08-17-2021 @ 13:00:56 - Row :69 - Parsing item.
08-17-2021 @ 13:00:56 - Row :69 - Processing item.
08-17-2021 @ 13:00:56 - Found variation product object. ID:28281
08-17-2021 @ 13:00:56 - Setting Featured Image. URL:https://nylimages.s3.amazonaws.com/HBI_DF2361_TerracottaPink.jpg
08-17-2021 @ 13:00:56 - Attachment ID:28212
08-17-2021 @ 13:00:56 - Row :69 - Product updated successfully.
08-17-2021 @ 13:00:56 - Row :70 - Parsing item.
08-17-2021 @ 13:00:56 - Row :70 - Processing item.
08-17-2021 @ 13:00:56 - Found variation product object. ID:28282
08-17-2021 @ 13:00:56 - Setting Featured Image. URL:https://nylimages.s3.amazonaws.com/HBI_DF2361_TerracottaPink.jpg
08-17-2021 @ 13:00:56 - Attachment ID:28212
08-17-2021 @ 13:00:56 - Row :70 - Product updated successfully.
08-17-2021 @ 13:00:58 - Preparing for import.
08-17-2021 @ 13:00:58 - Row :71 - Parsing item.
08-17-2021 @ 13:00:58 - Row :71 - Processing item.
08-17-2021 @ 13:00:58 - Found variation product object. ID:28283
08-17-2021 @ 13:00:58 - Setting Featured Image. URL:https://nylimages.s3.amazonaws.com/HBI_DF2361_BlackWhiteDot_sw.jpg
08-17-2021 @ 13:00:58 - Attachment ID:28284
08-17-2021 @ 13:00:59 - Row :71 - Product updated successfully.
08-17-2021 @ 13:00:59 - Row :72 - Parsing item.
08-17-2021 @ 13:00:59 - Row :72 - Processing item.
08-17-2021 @ 13:00:59 - Found variation product object. ID:28285
08-17-2021 @ 13:00:59 - Setting Featured Image. URL:https://nylimages.s3.amazonaws.com/HBI_DF2361_BlackWhiteDot_sw.jpg
08-17-2021 @ 13:00:59 - Attachment ID:28284
08-17-2021 @ 13:00:59 - Row :72 - Product updated successfully.
08-17-2021 @ 13:00:59 - Row :73 - Parsing item.
08-17-2021 @ 13:00:59 - Row :73 - Processing item.
08-17-2021 @ 13:00:59 - Found variation product object. ID:28286
08-17-2021 @ 13:00:59 - Setting Featured Image. URL:https://nylimages.s3.amazonaws.com/HBI_DF2361_BlackWhiteDot_sw.jpg
08-17-2021 @ 13:00:59 - Attachment ID:28284
08-17-2021 @ 13:00:59 - Row :73 - Product updated successfully.
08-17-2021 @ 13:00:59 - Row :74 - Parsing item.
08-17-2021 @ 13:00:59 - Row :74 - Processing item.
08-17-2021 @ 13:00:59 - Found variation product object. ID:28287
08-17-2021 @ 13:00:59 - Setting Featured Image. URL:https://nylimages.s3.amazonaws.com/HBI_DF2361_BlackWhiteDot_sw.jpg
08-17-2021 @ 13:00:59 - Attachment ID:28284
08-17-2021 @ 13:00:59 - Row :74 - Product updated successfully.
08-17-2021 @ 13:00:59 - Row :75 - Parsing item.
08-17-2021 @ 13:01:00 - Row :75 - Processing item.
08-17-2021 @ 13:01:00 - Found variation product object. ID:28288
08-17-2021 @ 13:01:00 - Setting Featured Image. URL:https://nylimages.s3.amazonaws.com/HBI_DF2361_LightBeige_sw.jpg
08-17-2021 @ 13:01:00 - Attachment ID:28289
08-17-2021 @ 13:01:00 - Row :75 - Product updated successfully.
08-17-2021 @ 13:01:00 - Row :76 - Parsing item.
08-17-2021 @ 13:01:00 - Row :76 - Processing item.
08-17-2021 @ 13:01:00 - Found variation product object. ID:28290
08-17-2021 @ 13:01:00 - Setting Featured Image. URL:https://nylimages.s3.amazonaws.com/HBI_DF2361_LightBeige_sw.jpg
08-17-2021 @ 13:01:00 - Attachment ID:28289
08-17-2021 @ 13:01:00 - Row :76 - Product updated successfully.
08-17-2021 @ 13:01:00 - Row :77 - Parsing item.
08-17-2021 @ 13:01:00 - Row :77 - Processing item.
08-17-2021 @ 13:01:00 - Found variation product object. ID:28291
08-17-2021 @ 13:01:00 - Setting Featured Image. URL:https://nylimages.s3.amazonaws.com/HBI_DF2361_LightBeige_sw.jpg
08-17-2021 @ 13:01:00 - Attachment ID:28289
08-17-2021 @ 13:01:00 - Row :77 - Product updated successfully.
08-17-2021 @ 13:01:00 - Row :78 - Parsing item.
08-17-2021 @ 13:01:00 - Row :78 - Processing item.
08-17-2021 @ 13:01:00 - Found variation product object. ID:28292
08-17-2021 @ 13:01:00 - Setting Featured Image. URL:https://nylimages.s3.amazonaws.com/HBI_DF2361_LightBeige_sw.jpg
08-17-2021 @ 13:01:00 - Attachment ID:28289
08-17-2021 @ 13:01:01 - Row :78 - Product updated successfully.
08-17-2021 @ 13:01:01 - Row :79 - Parsing item.
08-17-2021 @ 13:01:01 - Row :79 - Processing item.
08-17-2021 @ 13:01:01 - Found variation product object. ID:28293
08-17-2021 @ 13:01:01 - Setting Featured Image. URL:https://nylimages.s3.amazonaws.com/HBI_DF2361_SoftCeladon.jpg
08-17-2021 @ 13:01:01 - Attachment ID:28215
08-17-2021 @ 13:01:01 - Row :79 - Product updated successfully.
08-17-2021 @ 13:01:01 - Row :80 - Parsing item.
08-17-2021 @ 13:01:01 - Row :80 - Processing item.
08-17-2021 @ 13:01:01 - Found variation product object. ID:28294
08-17-2021 @ 13:01:01 - Setting Featured Image. URL:https://nylimages.s3.amazonaws.com/HBI_DF2361_SoftCeladon.jpg
08-17-2021 @ 13:01:01 - Attachment ID:28215
08-17-2021 @ 13:01:01 - Row :80 - Product updated successfully.
08-17-2021 @ 13:01:03 - Preparing for import.
08-17-2021 @ 13:01:03 - Row :81 - Parsing item.
08-17-2021 @ 13:01:03 - Row :81 - Processing item.
08-17-2021 @ 13:01:03 - Found variation product object. ID:28295
08-17-2021 @ 13:01:03 - Setting Featured Image. URL:https://nylimages.s3.amazonaws.com/HBI_DF2361_SoftCeladon.jpg
08-17-2021 @ 13:01:03 - Attachment ID:28215
08-17-2021 @ 13:01:03 - Row :81 - Product updated successfully.
08-17-2021 @ 13:01:03 - Row :82 - Parsing item.
08-17-2021 @ 13:01:03 - Row :82 - Processing item.
08-17-2021 @ 13:01:03 - Found variation product object. ID:28296
08-17-2021 @ 13:01:03 - Setting Featured Image. URL:https://nylimages.s3.amazonaws.com/HBI_DF2361_SeabottomOrchidDitsy.jpg
08-17-2021 @ 13:01:03 - Attachment ID:28216
08-17-2021 @ 13:01:03 - Row :82 - Product updated successfully.
08-17-2021 @ 13:01:03 - Row :83 - Parsing item.
08-17-2021 @ 13:01:03 - Row :83 - Processing item.
08-17-2021 @ 13:01:04 - Found variation product object. ID:28297
08-17-2021 @ 13:01:04 - Setting Featured Image. URL:https://nylimages.s3.amazonaws.com/DF2361_Seabottom_Orchid.jpg
08-17-2021 @ 13:01:04 - Attachment ID:28217
08-17-2021 @ 13:01:04 - Row :83 - Product updated successfully.
08-17-2021 @ 13:01:04 - Row :84 - Parsing item.
08-17-2021 @ 13:01:04 - Row :84 - Processing item.
08-17-2021 @ 13:01:04 - Found variation product object. ID:28298
08-17-2021 @ 13:01:04 - Setting Featured Image. URL:https://nylimages.s3.amazonaws.com/HBI_DF2361_SeabottomOrchidDitsy.jpg
08-17-2021 @ 13:01:04 - Attachment ID:28216
08-17-2021 @ 13:01:04 - Row :84 - Product updated successfully.
08-17-2021 @ 13:01:04 - Row :85 - Parsing item.
08-17-2021 @ 13:01:04 - Row :85 - Processing item.
08-17-2021 @ 13:01:04 - Found variation product object. ID:28299
08-17-2021 @ 13:01:04 - Setting Featured Image. URL:https://nylimages.s3.amazonaws.com/HBI_DF2361_GreenhouseLavender.jpg
08-17-2021 @ 13:01:04 - Attachment ID:28218
08-17-2021 @ 13:01:04 - Row :85 - Product updated successfully.
08-17-2021 @ 13:01:04 - Row :86 - Parsing item.
08-17-2021 @ 13:01:05 - Row :86 - Processing item.
08-17-2021 @ 13:01:05 - Found variation product object. ID:28300
08-17-2021 @ 13:01:05 - Setting Featured Image. URL:https://nylimages.s3.amazonaws.com/HBI_DF2361_GreenhouseLavender.jpg
08-17-2021 @ 13:01:05 - Attachment ID:28218
08-17-2021 @ 13:01:05 - Row :86 - Product updated successfully.
08-17-2021 @ 13:01:05 - Row :87 - Parsing item.
08-17-2021 @ 13:01:05 - Row :87 - Processing item.
08-17-2021 @ 13:01:05 - Found variation product object. ID:28301
08-17-2021 @ 13:01:05 - Setting Featured Image. URL:https://nylimages.s3.amazonaws.com/HBI_DF2361_GreenhouseLavender.jpg
08-17-2021 @ 13:01:05 - Attachment ID:28218
08-17-2021 @ 13:01:05 - Row :87 - Product updated successfully.
08-17-2021 @ 13:01:05 - Row :88 - Parsing item.
08-17-2021 @ 13:01:05 - Row :88 - Processing item.
08-17-2021 @ 13:01:05 - Found variation product object. ID:28302
08-17-2021 @ 13:01:05 - Setting Featured Image. URL:https://nylimages.s3.amazonaws.com/HBI_DF2361_GreenhouseLavender.jpg
08-17-2021 @ 13:01:05 - Attachment ID:28218
08-17-2021 @ 13:01:06 - Row :88 - Product updated successfully.
08-17-2021 @ 13:01:06 - Row :89 - Parsing item.
08-17-2021 @ 13:01:06 - Row :89 - Processing item.
08-17-2021 @ 13:01:06 - Found variation product object. ID:28303
08-17-2021 @ 13:01:06 - Setting Featured Image. URL:https://nylimages.s3.amazonaws.com/HBI_DF2362_ArmatureRed_sw.jpg
08-17-2021 @ 13:01:06 - Attachment ID:28304
08-17-2021 @ 13:01:06 - Row :89 - Product updated successfully.
08-17-2021 @ 13:01:06 - Row :90 - Parsing item.
08-17-2021 @ 13:01:06 - Row :90 - Processing item.
08-17-2021 @ 13:01:06 - Found variation product object. ID:28305
08-17-2021 @ 13:01:06 - Setting Featured Image. URL:https://nylimages.s3.amazonaws.com/HBI_DF2362_ArmatureRed_sw.jpg
08-17-2021 @ 13:01:06 - Attachment ID:28304
08-17-2021 @ 13:01:06 - Row :90 - Product updated successfully.
08-17-2021 @ 13:01:08 - Preparing for import.
08-17-2021 @ 13:01:08 - Row :91 - Parsing item.
08-17-2021 @ 13:01:08 - Row :91 - Processing item.
08-17-2021 @ 13:01:08 - Found variation product object. ID:28306
08-17-2021 @ 13:01:08 - Setting Featured Image. URL:https://nylimages.s3.amazonaws.com/HBI_DF2362_ArmatureRed_sw.jpg
08-17-2021 @ 13:01:08 - Attachment ID:28304
08-17-2021 @ 13:01:08 - Row :91 - Product updated successfully.
08-17-2021 @ 13:01:08 - Row :92 - Parsing item.
08-17-2021 @ 13:01:08 - Row :92 - Processing item.
08-17-2021 @ 13:01:08 - Found variation product object. ID:28307
08-17-2021 @ 13:01:08 - Setting Featured Image. URL:https://nylimages.s3.amazonaws.com/HBI_DF2362_ArmatureRed_sw.jpg
08-17-2021 @ 13:01:08 - Attachment ID:28304
08-17-2021 @ 13:01:08 - Row :92 - Product updated successfully.
08-17-2021 @ 13:01:08 - Row :93 - Parsing item.
08-17-2021 @ 13:01:09 - Row :93 - Processing item.
08-17-2021 @ 13:01:09 - Found variation product object. ID:28308
08-17-2021 @ 13:01:09 - Setting Featured Image. URL:https://nylimages.s3.amazonaws.com/HBI_DF2361_TimelessOpenFloral.jpg
08-17-2021 @ 13:01:09 - Attachment ID:28220
08-17-2021 @ 13:01:09 - Row :93 - Product updated successfully.
08-17-2021 @ 13:01:09 - Row :94 - Parsing item.
08-17-2021 @ 13:01:09 - Row :94 - Processing item.
08-17-2021 @ 13:01:09 - Found variation product object. ID:28309
08-17-2021 @ 13:01:09 - Setting Featured Image. URL:https://nylimages.s3.amazonaws.com/HBI_DF2361_TimelessOpenFloral.jpg
08-17-2021 @ 13:01:09 - Attachment ID:28220
08-17-2021 @ 13:01:09 - Row :94 - Product updated successfully.
08-17-2021 @ 13:01:09 - Row :95 - Parsing item.
08-17-2021 @ 13:01:09 - Row :95 - Processing item.
08-17-2021 @ 13:01:10 - Found variation product object. ID:28310
08-17-2021 @ 13:01:10 - Setting Featured Image. URL:https://nylimages.s3.amazonaws.com/HBI_DF2361_TimelessOpenFloral.jpg
08-17-2021 @ 13:01:10 - Attachment ID:28220
08-17-2021 @ 13:01:10 - Row :95 - Product updated successfully.
08-17-2021 @ 13:01:10 - Row :96 - Parsing item.
08-17-2021 @ 13:01:10 - Row :96 - Processing item.
08-17-2021 @ 13:01:10 - Found variation product object. ID:28311
08-17-2021 @ 13:01:10 - Setting Featured Image. URL:https://nylimages.s3.amazonaws.com/HBI_DF2361_TimelessOpenFloral.jpg
08-17-2021 @ 13:01:10 - Attachment ID:28220
08-17-2021 @ 13:01:10 - Row :96 - Product updated successfully.
08-17-2021 @ 13:01:10 - Row :97 - Parsing item.
08-17-2021 @ 13:01:10 - Row :97 - Processing item.
08-17-2021 @ 13:01:10 - Found variation product object. ID:28312
08-17-2021 @ 13:01:10 - Setting Featured Image. URL:https://nylimages.s3.amazonaws.com/HBI_DF2361_PurpleRosePointelle.jpg
08-17-2021 @ 13:01:10 - Attachment ID:28221
08-17-2021 @ 13:01:10 - Row :97 - Product updated successfully.
08-17-2021 @ 13:01:10 - Row :98 - Parsing item.
08-17-2021 @ 13:01:10 - Row :98 - Processing item.
08-17-2021 @ 13:01:11 - Found variation product object. ID:28313
08-17-2021 @ 13:01:11 - Setting Featured Image. URL:https://nylimages.s3.amazonaws.com/HBI_DF2361_PurpleRosePointelle.jpg
08-17-2021 @ 13:01:11 - Attachment ID:28221
08-17-2021 @ 13:01:11 - Row :98 - Product updated successfully.
08-17-2021 @ 13:01:11 - Row :99 - Parsing item.
08-17-2021 @ 13:01:11 - Row :99 - Processing item.
08-17-2021 @ 13:01:11 - Found variation product object. ID:28314
08-17-2021 @ 13:01:11 - Setting Featured Image. URL:https://nylimages.s3.amazonaws.com/HBI_DF2361_PurpleRosePointelle.jpg
08-17-2021 @ 13:01:11 - Attachment ID:28221
08-17-2021 @ 13:01:11 - Row :99 - Product updated successfully.
08-17-2021 @ 13:01:11 - Row :100 - Parsing item.
08-17-2021 @ 13:01:11 - Row :100 - Processing item.
08-17-2021 @ 13:01:11 - Found variation product object. ID:28315
08-17-2021 @ 13:01:11 - Setting Featured Image. URL:https://nylimages.s3.amazonaws.com/HBI_DF2361_PurpleRosePointelle.jpg
08-17-2021 @ 13:01:11 - Attachment ID:28221
08-17-2021 @ 13:01:11 - Row :100 - Product updated successfully.
08-17-2021 @ 13:01:13 - Preparing for import.
08-17-2021 @ 13:01:13 - Row :101 - Parsing item.
08-17-2021 @ 13:01:13 - Row :101 - Processing item.
08-17-2021 @ 13:01:13 - Found variation product object. ID:28316
08-17-2021 @ 13:01:13 - Setting Featured Image. URL:https://nylimages.s3.amazonaws.com/HBI_DF2361_GalacticRedPointelle.jpg
08-17-2021 @ 13:01:13 - Attachment ID:28222
08-17-2021 @ 13:01:13 - Row :101 - Product updated successfully.
08-17-2021 @ 13:01:13 - Row :102 - Parsing item.
08-17-2021 @ 13:01:13 - Row :102 - Processing item.
08-17-2021 @ 13:01:13 - Found variation product object. ID:28317
08-17-2021 @ 13:01:13 - Setting Featured Image. URL:https://nylimages.s3.amazonaws.com/HBI_DF2361_GalacticRedPointelle.jpg
08-17-2021 @ 13:01:14 - Attachment ID:28222
08-17-2021 @ 13:01:14 - Row :102 - Product updated successfully.
08-17-2021 @ 13:01:14 - Row :103 - Parsing item.
08-17-2021 @ 13:01:14 - Row :103 - Processing item.
08-17-2021 @ 13:01:14 - Found variation product object. ID:28318
08-17-2021 @ 13:01:14 - Setting Featured Image. URL:https://nylimages.s3.amazonaws.com/HBI_DF2361_GalacticRedPointelle.jpg
08-17-2021 @ 13:01:14 - Attachment ID:28222
08-17-2021 @ 13:01:14 - Row :103 - Product updated successfully.
08-17-2021 @ 13:01:14 - Row :104 - Parsing item.
08-17-2021 @ 13:01:14 - Row :104 - Processing item.
08-17-2021 @ 13:01:14 - Found variation product object. ID:28319
08-17-2021 @ 13:01:14 - Setting Featured Image. URL:https://nylimages.s3.amazonaws.com/HBI_DF2361_GalacticRedPointelle.jpg
08-17-2021 @ 13:01:14 - Attachment ID:28222
08-17-2021 @ 13:01:14 - Row :104 - Product updated successfully.
08-17-2021 @ 13:01:14 - Row :105 - Parsing item.
08-17-2021 @ 13:01:14 - Row :105 - Processing item.
08-17-2021 @ 13:01:14 - Found variation product object. ID:28320
08-17-2021 @ 13:01:15 - Setting Featured Image. URL:https://nylimages.s3.amazonaws.com/HBI_DF2361_WhitePointelle.jpg
08-17-2021 @ 13:01:15 - Attachment ID:28321
08-17-2021 @ 13:01:15 - Row :105 - Product updated successfully.
08-17-2021 @ 13:01:15 - Row :106 - Parsing item.
08-17-2021 @ 13:01:15 - Row :106 - Processing item.
08-17-2021 @ 13:01:15 - Found variation product object. ID:28322
08-17-2021 @ 13:01:15 - Setting Featured Image. URL:https://nylimages.s3.amazonaws.com/HBI_DF2361_WhitePointelle.jpg
08-17-2021 @ 13:01:15 - Attachment ID:28321
08-17-2021 @ 13:01:15 - Row :106 - Product updated successfully.
08-17-2021 @ 13:01:15 - Row :107 - Parsing item.
08-17-2021 @ 13:01:15 - Row :107 - Processing item.
08-17-2021 @ 13:01:15 - Found variation product object. ID:28323
08-17-2021 @ 13:01:15 - Setting Featured Image. URL:https://nylimages.s3.amazonaws.com/HBI_DF2361_WhitePointelle.jpg
08-17-2021 @ 13:01:15 - Attachment ID:28321
08-17-2021 @ 13:01:15 - Row :107 - Product updated successfully.
08-17-2021 @ 13:01:15 - Row :108 - Parsing item.
08-17-2021 @ 13:01:15 - Row :108 - Processing item.
08-17-2021 @ 13:01:16 - Found variation product object. ID:28324
08-17-2021 @ 13:01:16 - Setting Featured Image. URL:https://nylimages.s3.amazonaws.com/HBI_DF2361_WhitePointelle.jpg
08-17-2021 @ 13:01:16 - Attachment ID:28321
08-17-2021 @ 13:01:16 - Row :108 - Product updated successfully.
08-17-2021 @ 13:01:16 - Row :109 - Parsing item.
08-17-2021 @ 13:01:16 - Row :109 - Processing item.
08-17-2021 @ 13:01:16 - Found variation product object. ID:28325
08-17-2021 @ 13:01:16 - Setting Featured Image. URL:https://nylimages.s3.amazonaws.com/HBI_DF2361_BlackPointelle.jpg
08-17-2021 @ 13:01:16 - Attachment ID:28224
08-17-2021 @ 13:01:16 - Row :109 - Product updated successfully.
08-17-2021 @ 13:01:16 - Row :110 - Parsing item.
08-17-2021 @ 13:01:16 - Row :110 - Processing item.
08-17-2021 @ 13:01:16 - Found variation product object. ID:28326
08-17-2021 @ 13:01:16 - Setting Featured Image. URL:https://nylimages.s3.amazonaws.com/HBI_DF2361_BlackPointelle.jpg
08-17-2021 @ 13:01:16 - Attachment ID:28224
08-17-2021 @ 13:01:16 - Row :110 - Product updated successfully.
08-17-2021 @ 13:01:19 - Preparing for import.
08-17-2021 @ 13:01:19 - Row :111 - Parsing item.
08-17-2021 @ 13:01:19 - Row :111 - Processing item.
08-17-2021 @ 13:01:19 - Found variation product object. ID:28327
08-17-2021 @ 13:01:19 - Setting Featured Image. URL:https://nylimages.s3.amazonaws.com/HBI_DF2361_BlackPointelle.jpg
08-17-2021 @ 13:01:19 - Attachment ID:28224
08-17-2021 @ 13:01:19 - Row :111 - Product updated successfully.
08-17-2021 @ 13:01:19 - Row :112 - Parsing item.
08-17-2021 @ 13:01:19 - Row :112 - Processing item.
08-17-2021 @ 13:01:19 - Found variation product object. ID:28328
08-17-2021 @ 13:01:20 - Setting Featured Image. URL:https://nylimages.s3.amazonaws.com/HBI_DF2361_BlackPointelle.jpg
08-17-2021 @ 13:01:20 - Attachment ID:28224
08-17-2021 @ 13:01:20 - Row :112 - Product updated successfully.
08-17-2021 @ 13:01:20 - Row :113 - Parsing item.
08-17-2021 @ 13:01:20 - Row :113 - Processing item.
08-17-2021 @ 13:01:20 - Found variation product object. ID:28329
08-17-2021 @ 13:01:20 - Setting Featured Image. URL:https://nylimages.s3.amazonaws.com/HBI_DF2361_NudePointelle.jpg
08-17-2021 @ 13:01:20 - Attachment ID:28225
08-17-2021 @ 13:01:20 - Row :113 - Product updated successfully.
08-17-2021 @ 13:01:20 - Row :114 - Parsing item.
08-17-2021 @ 13:01:20 - Row :114 - Processing item.
08-17-2021 @ 13:01:20 - Found variation product object. ID:28330
08-17-2021 @ 13:01:20 - Setting Featured Image. URL:https://nylimages.s3.amazonaws.com/HBI_DF2361_NudePointelle.jpg
08-17-2021 @ 13:01:20 - Attachment ID:28225
08-17-2021 @ 13:01:20 - Row :114 - Product updated successfully.
08-17-2021 @ 13:01:20 - Row :115 - Parsing item.
08-17-2021 @ 13:01:20 - Row :115 - Processing item.
08-17-2021 @ 13:01:20 - Found variation product object. ID:28331
08-17-2021 @ 13:01:21 - Setting Featured Image. URL:https://nylimages.s3.amazonaws.com/HBI_DF2361_NudePointelle.jpg
08-17-2021 @ 13:01:21 - Attachment ID:28225
08-17-2021 @ 13:01:21 - Row :115 - Product updated successfully.
08-17-2021 @ 13:01:21 - Row :116 - Parsing item.
08-17-2021 @ 13:01:21 - Row :116 - Processing item.
08-17-2021 @ 13:01:21 - Found variation product object. ID:28332
08-17-2021 @ 13:01:21 - Setting Featured Image. URL:https://nylimages.s3.amazonaws.com/HBI_DF2361_NudePointelle.jpg
08-17-2021 @ 13:01:21 - Attachment ID:28225
08-17-2021 @ 13:01:21 - Row :116 - Product updated successfully.
08-17-2021 @ 13:01:21 - Row :117 - Parsing item.
08-17-2021 @ 13:01:21 - Row :117 - Processing item.
08-17-2021 @ 13:01:21 - Found variation product object. ID:28333
08-17-2021 @ 13:01:21 - Setting Featured Image. URL:https://nylimages.s3.amazonaws.com/HBI_DF2361_BlushingPinkPointelle.jpg
08-17-2021 @ 13:01:21 - Attachment ID:28334
08-17-2021 @ 13:01:21 - Row :117 - Product updated successfully.
08-17-2021 @ 13:01:21 - Row :118 - Parsing item.
08-17-2021 @ 13:01:21 - Row :118 - Processing item.
08-17-2021 @ 13:01:21 - Found variation product object. ID:28335
08-17-2021 @ 13:01:22 - Setting Featured Image. URL:https://nylimages.s3.amazonaws.com/HBI_DF2361_BlushingPinkPointelle.jpg
08-17-2021 @ 13:01:22 - Attachment ID:28334
08-17-2021 @ 13:01:22 - Row :118 - Product updated successfully.
08-17-2021 @ 13:01:22 - Row :119 - Parsing item.
08-17-2021 @ 13:01:22 - Row :119 - Processing item.
08-17-2021 @ 13:01:22 - Found variation product object. ID:28336
08-17-2021 @ 13:01:22 - Setting Featured Image. URL:https://nylimages.s3.amazonaws.com/HBI_DF2361_BlushingPinkPointelle.jpg
08-17-2021 @ 13:01:22 - Attachment ID:28334
08-17-2021 @ 13:01:22 - Row :119 - Product updated successfully.
08-17-2021 @ 13:01:22 - Row :120 - Parsing item.
08-17-2021 @ 13:01:22 - Row :120 - Processing item.
08-17-2021 @ 13:01:22 - Found variation product object. ID:28337
08-17-2021 @ 13:01:22 - Setting Featured Image. URL:https://nylimages.s3.amazonaws.com/HBI_DF2361_BlushingPinkPointelle.jpg
08-17-2021 @ 13:01:22 - Attachment ID:28334
08-17-2021 @ 13:01:22 - Row :120 - Product updated successfully.
08-17-2021 @ 13:01:24 - Preparing for import.
08-17-2021 @ 13:01:24 - Row :121 - Parsing item.
08-17-2021 @ 13:01:24 - Row :121 - Processing item.
08-17-2021 @ 13:01:24 - Found variation product object. ID:28338
08-17-2021 @ 13:01:24 - Setting Featured Image. URL:https://nylimages.s3.amazonaws.com/HBI_DF2361_BlushingPinkDot_sw.jpg
08-17-2021 @ 13:01:24 - Attachment ID:28339
08-17-2021 @ 13:01:24 - Row :121 - Product updated successfully.
08-17-2021 @ 13:01:24 - Row :122 - Parsing item.
08-17-2021 @ 13:01:24 - Row :122 - Processing item.
08-17-2021 @ 13:01:24 - Found variation product object. ID:28340
08-17-2021 @ 13:01:24 - Setting Featured Image. URL:https://nylimages.s3.amazonaws.com/HBI_DF2361_BlushingPinkDot_sw.jpg
08-17-2021 @ 13:01:24 - Attachment ID:28339
08-17-2021 @ 13:01:25 - Row :122 - Product updated successfully.
08-17-2021 @ 13:01:25 - Row :123 - Parsing item.
08-17-2021 @ 13:01:25 - Row :123 - Processing item.
08-17-2021 @ 13:01:25 - Found variation product object. ID:28341
08-17-2021 @ 13:01:25 - Setting Featured Image. URL:https://nylimages.s3.amazonaws.com/HBI_DF2361_BlushingPinkDot_sw.jpg
08-17-2021 @ 13:01:25 - Attachment ID:28339
08-17-2021 @ 13:01:25 - Row :123 - Product updated successfully.
08-17-2021 @ 13:01:25 - Row :124 - Parsing item.
08-17-2021 @ 13:01:25 - Row :124 - Processing item.
08-17-2021 @ 13:01:25 - Found variation product object. ID:28342
08-17-2021 @ 13:01:25 - Setting Featured Image. URL:https://nylimages.s3.amazonaws.com/HBI_DF2361_BlushingPinkDot_sw.jpg
08-17-2021 @ 13:01:25 - Attachment ID:28339
08-17-2021 @ 13:01:25 - Row :124 - Product updated successfully.
08-17-2021 @ 13:01:25 - Row :125 - Parsing item.
08-17-2021 @ 13:01:25 - Row :125 - Processing item.
08-17-2021 @ 13:01:25 - Found variation product object. ID:28343
08-17-2021 @ 13:01:25 - Setting Featured Image. URL:https://nylimages.s3.amazonaws.com/HBI_DF2361_MochaVelvet_sw.jpg
08-17-2021 @ 13:01:25 - Attachment ID:28344
08-17-2021 @ 13:01:25 - Row :125 - Product updated successfully.
08-17-2021 @ 13:01:25 - Row :126 - Parsing item.
08-17-2021 @ 13:01:26 - Row :126 - Processing item.
08-17-2021 @ 13:01:26 - Found variation product object. ID:28345
08-17-2021 @ 13:01:26 - Setting Featured Image. URL:https://nylimages.s3.amazonaws.com/HBI_DF2361_MochaVelvet_sw.jpg
08-17-2021 @ 13:01:26 - Attachment ID:28344
08-17-2021 @ 13:01:26 - Row :126 - Product updated successfully.
08-17-2021 @ 13:01:26 - Row :127 - Parsing item.
08-17-2021 @ 13:01:26 - Row :127 - Processing item.
08-17-2021 @ 13:01:26 - Found variation product object. ID:28346
08-17-2021 @ 13:01:26 - Setting Featured Image. URL:https://nylimages.s3.amazonaws.com/HBI_DF2361_MochaVelvet_sw.jpg
08-17-2021 @ 13:01:26 - Attachment ID:28344
08-17-2021 @ 13:01:26 - Row :127 - Product updated successfully.
08-17-2021 @ 13:01:26 - Row :128 - Parsing item.
08-17-2021 @ 13:01:26 - Row :128 - Processing item.
08-17-2021 @ 13:01:26 - Found variation product object. ID:28347
08-17-2021 @ 13:01:26 - Setting Featured Image. URL:https://nylimages.s3.amazonaws.com/HBI_DF2361_MochaVelvet_sw.jpg
08-17-2021 @ 13:01:26 - Attachment ID:28344
08-17-2021 @ 13:01:26 - Row :128 - Product updated successfully.
08-17-2021 @ 13:01:26 - Row :129 - Parsing item.
08-17-2021 @ 13:01:27 - Row :129 - Processing item.
08-17-2021 @ 13:01:27 - Found variation product object. ID:28348
08-17-2021 @ 13:01:27 - Setting Featured Image. URL:https://nylimages.s3.amazonaws.com/HBI_DF2361_HushPink.jpg
08-17-2021 @ 13:01:27 - Attachment ID:28349
08-17-2021 @ 13:01:27 - Row :129 - Product updated successfully.
08-17-2021 @ 13:01:27 - Row :130 - Parsing item.
08-17-2021 @ 13:01:27 - Row :130 - Processing item.
08-17-2021 @ 13:01:27 - Found variation product object. ID:28350
08-17-2021 @ 13:01:27 - Setting Featured Image. URL:https://nylimages.s3.amazonaws.com/HBI_DF2361_HushPink.jpg
08-17-2021 @ 13:01:27 - Attachment ID:28349
08-17-2021 @ 13:01:27 - Row :130 - Product updated successfully.
08-17-2021 @ 13:01:29 - Preparing for import.
08-17-2021 @ 13:01:29 - Row :131 - Parsing item.
08-17-2021 @ 13:01:29 - Row :131 - Processing item.
08-17-2021 @ 13:01:29 - Found variation product object. ID:28351
08-17-2021 @ 13:01:29 - Setting Featured Image. URL:https://cdn1.nuorder.com/product/3323c9b5d47a6fffa313771aba5af0de.jpg
08-17-2021 @ 13:01:29 - Attachment ID:28229
08-17-2021 @ 13:01:29 - Row :131 - Product updated successfully.
08-17-2021 @ 13:01:29 - Row :132 - Parsing item.
08-17-2021 @ 13:01:29 - Row :132 - Processing item.
08-17-2021 @ 13:01:29 - Found variation product object. ID:28352
08-17-2021 @ 13:01:29 - Setting Featured Image. URL:https://nylimages.s3.amazonaws.com/HBI_DF2361_HushPink.jpg
08-17-2021 @ 13:01:29 - Attachment ID:28349
08-17-2021 @ 13:01:29 - Row :132 - Product updated successfully.
08-17-2021 @ 13:01:29 - Row :133 - Parsing item.
08-17-2021 @ 13:01:29 - Row :133 - Processing item.
08-17-2021 @ 13:01:30 - Found variation product object. ID:28353
08-17-2021 @ 13:01:30 - Setting Featured Image. URL:https://nylimages.s3.amazonaws.com/HBI_DF2361_PrivateJet_sw.jpg
08-17-2021 @ 13:01:30 - Attachment ID:28354
08-17-2021 @ 13:01:30 - Row :133 - Product updated successfully.
08-17-2021 @ 13:01:30 - Row :134 - Parsing item.
08-17-2021 @ 13:01:30 - Row :134 - Processing item.
08-17-2021 @ 13:01:30 - Found variation product object. ID:28355
08-17-2021 @ 13:01:30 - Setting Featured Image. URL:https://nylimages.s3.amazonaws.com/HBI_DF2361_PrivateJet_sw.jpg
08-17-2021 @ 13:01:30 - Attachment ID:28354
08-17-2021 @ 13:01:30 - Row :134 - Product updated successfully.
08-17-2021 @ 13:01:30 - Row :135 - Parsing item.
08-17-2021 @ 13:01:30 - Row :135 - Processing item.
08-17-2021 @ 13:01:30 - Found variation product object. ID:28356
08-17-2021 @ 13:01:30 - Setting Featured Image. URL:https://nylimages.s3.amazonaws.com/HBI_DF2361_PrivateJet_sw.jpg
08-17-2021 @ 13:01:30 - Attachment ID:28354
08-17-2021 @ 13:01:30 - Row :135 - Product updated successfully.
08-17-2021 @ 13:01:30 - Row :136 - Parsing item.
08-17-2021 @ 13:01:30 - Row :136 - Processing item.
08-17-2021 @ 13:01:31 - Found variation product object. ID:28357
08-17-2021 @ 13:01:31 - Setting Featured Image. URL:https://nylimages.s3.amazonaws.com/HBI_DF2361_PrivateJet_sw.jpg
08-17-2021 @ 13:01:31 - Attachment ID:28354
08-17-2021 @ 13:01:31 - Row :136 - Product updated successfully.
08-17-2021 @ 13:01:31 - Row :137 - Parsing item.
08-17-2021 @ 13:01:31 - Row :137 - Processing item.
08-17-2021 @ 13:01:31 - Found variation product object. ID:28358
08-17-2021 @ 13:01:31 - Setting Featured Image. URL:https://nylimages.s3.amazonaws.com/HBI_DF2361_InTheNavy_sw.jpg
08-17-2021 @ 13:01:31 - Attachment ID:28359
08-17-2021 @ 13:01:31 - Row :137 - Product updated successfully.
08-17-2021 @ 13:01:31 - Row :138 - Parsing item.
08-17-2021 @ 13:01:31 - Row :138 - Processing item.
08-17-2021 @ 13:01:31 - Found variation product object. ID:28360
08-17-2021 @ 13:01:31 - Setting Featured Image. URL:https://nylimages.s3.amazonaws.com/HBI_DF2361_InTheNavy_sw.jpg
08-17-2021 @ 13:01:31 - Attachment ID:28359
08-17-2021 @ 13:01:31 - Row :138 - Product updated successfully.
08-17-2021 @ 13:01:31 - Row :139 - Parsing item.
08-17-2021 @ 13:01:31 - Row :139 - Processing item.
08-17-2021 @ 13:01:31 - Found variation product object. ID:28361
08-17-2021 @ 13:01:31 - Setting Featured Image. URL:https://nylimages.s3.amazonaws.com/HBI_DF2361_InTheNavy_sw.jpg
08-17-2021 @ 13:01:32 - Attachment ID:28359
08-17-2021 @ 13:01:32 - Row :139 - Product updated successfully.
08-17-2021 @ 13:01:32 - Row :140 - Parsing item.
08-17-2021 @ 13:01:32 - Row :140 - Processing item.
08-17-2021 @ 13:01:32 - Found variation product object. ID:28362
08-17-2021 @ 13:01:32 - Setting Featured Image. URL:https://nylimages.s3.amazonaws.com/HBI_DF2361_InTheNavy_sw.jpg
08-17-2021 @ 13:01:32 - Attachment ID:28359
08-17-2021 @ 13:01:32 - Row :140 - Product updated successfully.
08-17-2021 @ 13:01:33 - Preparing for import.
08-17-2021 @ 13:01:33 - Row :141 - Parsing item.
08-17-2021 @ 13:01:33 - Row :141 - Processing item.
08-17-2021 @ 13:01:34 - Found variation product object. ID:28363
08-17-2021 @ 13:01:34 - Setting Featured Image. URL:https://nylimages.s3.amazonaws.com/HBI_DF2361_WarmSteel_sw.jpg
08-17-2021 @ 13:01:34 - Attachment ID:28364
08-17-2021 @ 13:01:34 - Row :141 - Product updated successfully.
08-17-2021 @ 13:01:34 - Row :142 - Parsing item.
08-17-2021 @ 13:01:34 - Row :142 - Processing item.
08-17-2021 @ 13:01:34 - Found variation product object. ID:28365
08-17-2021 @ 13:01:34 - Setting Featured Image. URL:https://nylimages.s3.amazonaws.com/HBI_DF2361_WarmSteel_sw.jpg
08-17-2021 @ 13:01:34 - Attachment ID:28364
08-17-2021 @ 13:01:34 - Row :142 - Product updated successfully.
08-17-2021 @ 13:01:34 - Row :143 - Parsing item.
08-17-2021 @ 13:01:34 - Row :143 - Processing item.
08-17-2021 @ 13:01:34 - Found variation product object. ID:28366
08-17-2021 @ 13:01:34 - Setting Featured Image. URL:https://nylimages.s3.amazonaws.com/HBI_DF2361_WarmSteel_sw.jpg
08-17-2021 @ 13:01:34 - Attachment ID:28364
08-17-2021 @ 13:01:34 - Row :143 - Product updated successfully.
08-17-2021 @ 13:01:34 - Row :144 - Parsing item.
08-17-2021 @ 13:01:34 - Row :144 - Processing item.
08-17-2021 @ 13:01:34 - Found variation product object. ID:28367
08-17-2021 @ 13:01:34 - Setting Featured Image. URL:https://nylimages.s3.amazonaws.com/HBI_DF2361_WarmSteel_sw.jpg
08-17-2021 @ 13:01:34 - Attachment ID:28364
08-17-2021 @ 13:01:35 - Row :144 - Product updated successfully.
08-17-2021 @ 13:01:35 - Row :145 - Parsing item.
08-17-2021 @ 13:01:35 - Row :145 - Processing item.
08-17-2021 @ 13:01:35 - Found variation product object. ID:28368
08-17-2021 @ 13:01:35 - Setting Featured Image. URL:https://nylimages.s3.amazonaws.com/HBI_DF2361_AmethystPlumPinDot.jpg
08-17-2021 @ 13:01:35 - Attachment ID:28233
08-17-2021 @ 13:01:35 - Row :145 - Product updated successfully.
08-17-2021 @ 13:01:35 - Row :146 - Parsing item.
08-17-2021 @ 13:01:35 - Row :146 - Processing item.
08-17-2021 @ 13:01:35 - Found variation product object. ID:28369
08-17-2021 @ 13:01:35 - Setting Featured Image. URL:https://nylimages.s3.amazonaws.com/HBI_DF2361_AmethystPlumPinDot.jpg
08-17-2021 @ 13:01:35 - Attachment ID:28233
08-17-2021 @ 13:01:35 - Row :146 - Product updated successfully.
08-17-2021 @ 13:01:35 - Row :147 - Parsing item.
08-17-2021 @ 13:01:35 - Row :147 - Processing item.
08-17-2021 @ 13:01:35 - Found variation product object. ID:28370
08-17-2021 @ 13:01:35 - Setting Featured Image. URL:https://nylimages.s3.amazonaws.com/HBI_DF2361_AmethystPlumPinDot.jpg
08-17-2021 @ 13:01:36 - Attachment ID:28233
08-17-2021 @ 13:01:36 - Row :147 - Product updated successfully.
08-17-2021 @ 13:01:36 - Row :148 - Parsing item.
08-17-2021 @ 13:01:36 - Row :148 - Processing item.
08-17-2021 @ 13:01:36 - Found variation product object. ID:28371
08-17-2021 @ 13:01:36 - Setting Featured Image. URL:https://nylimages.s3.amazonaws.com/HBI_DF2361_AmethystPlumPinDot.jpg
08-17-2021 @ 13:01:36 - Attachment ID:28233
08-17-2021 @ 13:01:36 - Row :148 - Product updated successfully.
08-17-2021 @ 13:01:36 - Row :149 - Parsing item.
08-17-2021 @ 13:01:36 - Row :149 - Processing item.
08-17-2021 @ 13:01:36 - Found variation product object. ID:28372
08-17-2021 @ 13:01:36 - Setting Featured Image. URL:https://nylimages.s3.amazonaws.com/HBI_DF2361_PlummedOutPointelle.jpg
08-17-2021 @ 13:01:36 - Attachment ID:28234
08-17-2021 @ 13:01:36 - Row :149 - Product updated successfully.
08-17-2021 @ 13:01:36 - Row :150 - Parsing item.
08-17-2021 @ 13:01:36 - Row :150 - Processing item.
08-17-2021 @ 13:01:36 - Found variation product object. ID:28373
08-17-2021 @ 13:01:37 - Setting Featured Image. URL:https://nylimages.s3.amazonaws.com/HBI_DF2361_PlummedOutPointelle.jpg
08-17-2021 @ 13:01:37 - Attachment ID:28234
08-17-2021 @ 13:01:37 - Row :150 - Product updated successfully.
08-17-2021 @ 13:01:38 - Preparing for import.
08-17-2021 @ 13:01:38 - Row :151 - Parsing item.
08-17-2021 @ 13:01:38 - Row :151 - Processing item.
08-17-2021 @ 13:01:38 - Found variation product object. ID:28374
08-17-2021 @ 13:01:38 - Setting Featured Image. URL:https://nylimages.s3.amazonaws.com/HBI_DF2361_PlummedOutPointelle.jpg
08-17-2021 @ 13:01:38 - Attachment ID:28234
08-17-2021 @ 13:01:38 - Row :151 - Product updated successfully.
08-17-2021 @ 13:01:38 - Row :152 - Parsing item.
08-17-2021 @ 13:01:39 - Row :152 - Processing item.
08-17-2021 @ 13:01:39 - Found variation product object. ID:28375
08-17-2021 @ 13:01:39 - Setting Featured Image. URL:https://nylimages.s3.amazonaws.com/HBI_DF2361_PlummedOutPointelle.jpg
08-17-2021 @ 13:01:39 - Attachment ID:28234
08-17-2021 @ 13:01:39 - Row :152 - Product updated successfully.
08-17-2021 @ 13:01:39 - Row :153 - Parsing item.
08-17-2021 @ 13:01:39 - Row :153 - Processing item.
08-17-2021 @ 13:01:39 - Found variation product object. ID:28376
08-17-2021 @ 13:01:39 - Setting Featured Image. URL:https://nylimages.s3.amazonaws.com/HBI_DF2361_BlueWhimsyPointelle.jpg
08-17-2021 @ 13:01:39 - Attachment ID:28235
08-17-2021 @ 13:01:39 - Row :153 - Product updated successfully.
08-17-2021 @ 13:01:39 - Row :154 - Parsing item.
08-17-2021 @ 13:01:39 - Row :154 - Processing item.
08-17-2021 @ 13:01:39 - Found variation product object. ID:28377
08-17-2021 @ 13:01:39 - Setting Featured Image. URL:https://nylimages.s3.amazonaws.com/HBI_DF2361_BlueWhimsyPointelle.jpg
08-17-2021 @ 13:01:39 - Attachment ID:28235
08-17-2021 @ 13:01:40 - Row :154 - Product updated successfully.
08-17-2021 @ 13:01:40 - Row :155 - Parsing item.
08-17-2021 @ 13:01:40 - Row :155 - Processing item.
08-17-2021 @ 13:01:40 - Found variation product object. ID:28378
08-17-2021 @ 13:01:40 - Setting Featured Image. URL:https://nylimages.s3.amazonaws.com/HBI_DF2361_BlueWhimsyPointelle.jpg
08-17-2021 @ 13:01:40 - Attachment ID:28235
08-17-2021 @ 13:01:40 - Row :155 - Product updated successfully.
08-17-2021 @ 13:01:40 - Row :156 - Parsing item.
08-17-2021 @ 13:01:40 - Row :156 - Processing item.
08-17-2021 @ 13:01:40 - Found variation product object. ID:28379
08-17-2021 @ 13:01:40 - Setting Featured Image. URL:https://nylimages.s3.amazonaws.com/HBI_DF2361_BlueWhimsyPointelle.jpg
08-17-2021 @ 13:01:40 - Attachment ID:28235
08-17-2021 @ 13:01:40 - Row :156 - Product updated successfully.
08-17-2021 @ 13:01:40 - Row :157 - Parsing item.
08-17-2021 @ 13:01:40 - Row :157 - Processing item.
08-17-2021 @ 13:01:40 - Found variation product object. ID:28380
08-17-2021 @ 13:01:40 - Setting Featured Image. URL:https://nylimages.s3.amazonaws.com/HBI_DF2361_DelightedBluePointelle.jpg
08-17-2021 @ 13:01:41 - Attachment ID:28236
08-17-2021 @ 13:01:41 - Row :157 - Product updated successfully.
08-17-2021 @ 13:01:41 - Row :158 - Parsing item.
08-17-2021 @ 13:01:41 - Row :158 - Processing item.
08-17-2021 @ 13:01:41 - Found variation product object. ID:28381
08-17-2021 @ 13:01:41 - Setting Featured Image. URL:https://nylimages.s3.amazonaws.com/HBI_DF2361_DelightedBluePointelle.jpg
08-17-2021 @ 13:01:41 - Attachment ID:28236
08-17-2021 @ 13:01:41 - Row :158 - Product updated successfully.
08-17-2021 @ 13:01:41 - Row :159 - Parsing item.
08-17-2021 @ 13:01:41 - Row :159 - Processing item.
08-17-2021 @ 13:01:41 - Found variation product object. ID:28382
08-17-2021 @ 13:01:41 - Setting Featured Image. URL:https://nylimages.s3.amazonaws.com/HBI_DF2361_DelightedBluePointelle.jpg
08-17-2021 @ 13:01:41 - Attachment ID:28236
08-17-2021 @ 13:01:41 - Row :159 - Product updated successfully.
08-17-2021 @ 13:01:41 - Row :160 - Parsing item.
08-17-2021 @ 13:01:41 - Row :160 - Processing item.
08-17-2021 @ 13:01:41 - Found variation product object. ID:28383
08-17-2021 @ 13:01:42 - Setting Featured Image. URL:https://nylimages.s3.amazonaws.com/HBI_DF2361_DelightedBluePointelle.jpg
08-17-2021 @ 13:01:42 - Attachment ID:28236
08-17-2021 @ 13:01:42 - Row :160 - Product updated successfully.
08-17-2021 @ 13:01:43 - Preparing for import.
08-17-2021 @ 13:01:43 - Row :161 - Parsing item.
08-17-2021 @ 13:01:43 - Row :161 - Processing item.
08-17-2021 @ 13:01:43 - Found variation product object. ID:28384
08-17-2021 @ 13:01:43 - Setting Featured Image. URL:https://nylimages.s3.amazonaws.com/HBI_DF2361_BerryBunch_sw.jpg
08-17-2021 @ 13:01:43 - Attachment ID:28385
08-17-2021 @ 13:01:43 - Row :161 - Product updated successfully.
08-17-2021 @ 13:01:43 - Row :162 - Parsing item.
08-17-2021 @ 13:01:43 - Row :162 - Processing item.
08-17-2021 @ 13:01:44 - Found variation product object. ID:28386
08-17-2021 @ 13:01:44 - Setting Featured Image. URL:https://nylimages.s3.amazonaws.com/HBI_DF2361_BerryBunch_sw.jpg
08-17-2021 @ 13:01:44 - Attachment ID:28385
08-17-2021 @ 13:01:44 - Row :162 - Product updated successfully.
08-17-2021 @ 13:01:44 - Row :163 - Parsing item.
08-17-2021 @ 13:01:44 - Row :163 - Processing item.
08-17-2021 @ 13:01:44 - Found variation product object. ID:28387
08-17-2021 @ 13:01:44 - Setting Featured Image. URL:https://nylimages.s3.amazonaws.com/HBI_DF2361_BerryBunch_sw.jpg
08-17-2021 @ 13:01:44 - Attachment ID:28385
08-17-2021 @ 13:01:44 - Row :163 - Product updated successfully.
08-17-2021 @ 13:01:44 - Row :164 - Parsing item.
08-17-2021 @ 13:01:44 - Row :164 - Processing item.
08-17-2021 @ 13:01:44 - Found variation product object. ID:28388
08-17-2021 @ 13:01:44 - Setting Featured Image. URL:https://nylimages.s3.amazonaws.com/HBI_DF2361_BerryBunch_sw.jpg
08-17-2021 @ 13:01:44 - Attachment ID:28385
08-17-2021 @ 13:01:44 - Row :164 - Product updated successfully.
08-17-2021 @ 13:01:44 - Row :165 - Parsing item.
08-17-2021 @ 13:01:44 - Row :165 - Processing item.
08-17-2021 @ 13:01:44 - Found variation product object. ID:28389
08-17-2021 @ 13:01:45 - Setting Featured Image. URL:https://nylimages.s3.amazonaws.com/DF2361_MRose.jpg
08-17-2021 @ 13:01:45 - Attachment ID:28390
08-17-2021 @ 13:01:45 - Row :165 - Product updated successfully.
08-17-2021 @ 13:01:45 - Row :166 - Parsing item.
08-17-2021 @ 13:01:45 - Row :166 - Processing item.
08-17-2021 @ 13:01:45 - Found variation product object. ID:28391
08-17-2021 @ 13:01:45 - Setting Featured Image. URL:https://nylimages.s3.amazonaws.com/DF2361_MRose.jpg
08-17-2021 @ 13:01:45 - Attachment ID:28390
08-17-2021 @ 13:01:45 - Row :166 - Product updated successfully.
08-17-2021 @ 13:01:45 - Row :167 - Parsing item.
08-17-2021 @ 13:01:45 - Row :167 - Processing item.
08-17-2021 @ 13:01:45 - Found variation product object. ID:28392
08-17-2021 @ 13:01:45 - Setting Featured Image. URL:https://nylimages.s3.amazonaws.com/DF2361_MRose.jpg
08-17-2021 @ 13:01:45 - Attachment ID:28390
08-17-2021 @ 13:01:45 - Row :167 - Product updated successfully.
08-17-2021 @ 13:01:45 - Row :168 - Parsing item.
08-17-2021 @ 13:01:45 - Row :168 - Processing item.
08-17-2021 @ 13:01:45 - Found variation product object. ID:28393
08-17-2021 @ 13:01:46 - Setting Featured Image. URL:https://nylimages.s3.amazonaws.com/DF2361_MRose.jpg
08-17-2021 @ 13:01:46 - Attachment ID:28390
08-17-2021 @ 13:01:46 - Row :168 - Product updated successfully.
08-17-2021 @ 13:01:46 - Row :169 - Parsing item.
08-17-2021 @ 13:01:46 - Row :169 - Processing item.
08-17-2021 @ 13:01:46 - Found variation product object. ID:28394
08-17-2021 @ 13:01:46 - Setting Featured Image. URL:https://nylimages.s3.amazonaws.com/DF2361_MDusk.jpg
08-17-2021 @ 13:01:46 - Attachment ID:28239
08-17-2021 @ 13:01:46 - Row :169 - Product updated successfully.
08-17-2021 @ 13:01:46 - Row :170 - Parsing item.
08-17-2021 @ 13:01:46 - Row :170 - Processing item.
08-17-2021 @ 13:01:46 - Found variation product object. ID:28395
08-17-2021 @ 13:01:46 - Setting Featured Image. URL:https://nylimages.s3.amazonaws.com/DF2361_MDusk.jpg
08-17-2021 @ 13:01:46 - Attachment ID:28239
08-17-2021 @ 13:01:46 - Row :170 - Product updated successfully.
08-17-2021 @ 13:01:49 - Preparing for import.
08-17-2021 @ 13:01:49 - Row :171 - Parsing item.
08-17-2021 @ 13:01:49 - Row :171 - Processing item.
08-17-2021 @ 13:01:49 - Found variation product object. ID:28396
08-17-2021 @ 13:01:49 - Setting Featured Image. URL:https://nylimages.s3.amazonaws.com/DF2361_MDusk.jpg
08-17-2021 @ 13:01:49 - Attachment ID:28239
08-17-2021 @ 13:01:49 - Row :171 - Product updated successfully.
08-17-2021 @ 13:01:49 - Row :172 - Parsing item.
08-17-2021 @ 13:01:49 - Row :172 - Processing item.
08-17-2021 @ 13:01:49 - Found variation product object. ID:28397
08-17-2021 @ 13:01:50 - Setting Featured Image. URL:https://nylimages.s3.amazonaws.com/DF2361_MDusk.jpg
08-17-2021 @ 13:01:50 - Attachment ID:28239
08-17-2021 @ 13:01:50 - Row :172 - Product updated successfully.
08-17-2021 @ 13:01:50 - Row :173 - Parsing item.
08-17-2021 @ 13:01:50 - Row :173 - Processing item.
08-17-2021 @ 13:01:50 - Found variation product object. ID:28398
08-17-2021 @ 13:01:50 - Setting Featured Image. URL:https://nylimages.s3.amazonaws.com/2361_Deep_Sapphire.jpg
08-17-2021 @ 13:01:50 - Attachment ID:28399
08-17-2021 @ 13:01:50 - Row :173 - Product updated successfully.
08-17-2021 @ 13:01:50 - Row :174 - Parsing item.
08-17-2021 @ 13:01:50 - Row :174 - Processing item.
08-17-2021 @ 13:01:50 - Found variation product object. ID:28400
08-17-2021 @ 13:01:50 - Setting Featured Image. URL:https://nylimages.s3.amazonaws.com/2361_Deep_Sapphire.jpg
08-17-2021 @ 13:01:50 - Attachment ID:28399
08-17-2021 @ 13:01:50 - Row :174 - Product updated successfully.
08-17-2021 @ 13:01:50 - Row :175 - Parsing item.
08-17-2021 @ 13:01:51 - Row :175 - Processing item.
08-17-2021 @ 13:01:51 - Found variation product object. ID:28401
08-17-2021 @ 13:01:51 - Setting Featured Image. URL:https://nylimages.s3.amazonaws.com/2361_Deep_Sapphire.jpg
08-17-2021 @ 13:01:51 - Attachment ID:28399
08-17-2021 @ 13:01:51 - Row :175 - Product updated successfully.
08-17-2021 @ 13:01:51 - Row :176 - Parsing item.
08-17-2021 @ 13:01:51 - Row :176 - Processing item.
08-17-2021 @ 13:01:51 - Found variation product object. ID:28402
08-17-2021 @ 13:01:51 - Setting Featured Image. URL:https://nylimages.s3.amazonaws.com/2361_Deep_Sapphire.jpg
08-17-2021 @ 13:01:51 - Attachment ID:28399
08-17-2021 @ 13:01:51 - Row :176 - Product updated successfully.
08-17-2021 @ 13:01:51 - Row :177 - Parsing item.
08-17-2021 @ 13:01:51 - Row :177 - Processing item.
08-17-2021 @ 13:01:51 - Found variation product object. ID:28403
08-17-2021 @ 13:01:51 - Setting Featured Image. URL:https://nylimages.s3.amazonaws.com/HBI_DF2361_ChateauBlue.jpg
08-17-2021 @ 13:01:51 - Attachment ID:28241
08-17-2021 @ 13:01:52 - Row :177 - Product updated successfully.
08-17-2021 @ 13:01:52 - Row :178 - Parsing item.
08-17-2021 @ 13:01:52 - Row :178 - Processing item.
08-17-2021 @ 13:01:52 - Found variation product object. ID:28404
08-17-2021 @ 13:01:52 - Setting Featured Image. URL:https://nylimages.s3.amazonaws.com/HBI_DF2361_ChateauBlue.jpg
08-17-2021 @ 13:01:52 - Attachment ID:28241
08-17-2021 @ 13:01:52 - Row :178 - Product updated successfully.
08-17-2021 @ 13:01:52 - Row :179 - Parsing item.
08-17-2021 @ 13:01:52 - Row :179 - Processing item.
08-17-2021 @ 13:01:52 - Found variation product object. ID:28405
08-17-2021 @ 13:01:52 - Setting Featured Image. URL:https://nylimages.s3.amazonaws.com/HBI_DF2361_ChateauBlue.jpg
08-17-2021 @ 13:01:52 - Attachment ID:28241
08-17-2021 @ 13:01:52 - Row :179 - Product updated successfully.
08-17-2021 @ 13:01:52 - Row :180 - Parsing item.
08-17-2021 @ 13:01:52 - Row :180 - Processing item.
08-17-2021 @ 13:01:52 - Found variation product object. ID:28406
08-17-2021 @ 13:01:53 - Setting Featured Image. URL:https://nylimages.s3.amazonaws.com/HBI_DF2361_ChateauBlue.jpg
08-17-2021 @ 13:01:53 - Attachment ID:28241
08-17-2021 @ 13:01:53 - Row :180 - Product updated successfully.
08-17-2021 @ 13:01:54 - Preparing for import.
08-17-2021 @ 13:01:54 - Row :181 - Parsing item.
08-17-2021 @ 13:01:54 - Row :181 - Processing item.
08-17-2021 @ 13:01:54 - Found variation product object. ID:28407
08-17-2021 @ 13:01:54 - Setting Featured Image. URL:https://nylimages.s3.amazonaws.com/HBI_DF2361_MorningOrchid.jpg
08-17-2021 @ 13:01:54 - Attachment ID:28242
08-17-2021 @ 13:01:54 - Row :181 - Product updated successfully.
08-17-2021 @ 13:01:54 - Row :182 - Parsing item.
08-17-2021 @ 13:01:55 - Row :182 - Processing item.
08-17-2021 @ 13:01:55 - Found variation product object. ID:28408
08-17-2021 @ 13:01:55 - Setting Featured Image. URL:https://nylimages.s3.amazonaws.com/HBI_DF2361_MorningOrchid.jpg
08-17-2021 @ 13:01:55 - Attachment ID:28242
08-17-2021 @ 13:01:55 - Row :182 - Product updated successfully.
08-17-2021 @ 13:01:55 - Row :183 - Parsing item.
08-17-2021 @ 13:01:55 - Row :183 - Processing item.
08-17-2021 @ 13:01:55 - Found variation product object. ID:28409
08-17-2021 @ 13:01:55 - Setting Featured Image. URL:https://nylimages.s3.amazonaws.com/HBI_DF2361_MorningOrchid.jpg
08-17-2021 @ 13:01:55 - Attachment ID:28242
08-17-2021 @ 13:01:55 - Row :183 - Product updated successfully.
08-17-2021 @ 13:01:55 - Row :184 - Parsing item.
08-17-2021 @ 13:01:55 - Row :184 - Processing item.
08-17-2021 @ 13:01:55 - Found variation product object. ID:28410
08-17-2021 @ 13:01:55 - Setting Featured Image. URL:https://nylimages.s3.amazonaws.com/HBI_DF2361_MorningOrchid.jpg
08-17-2021 @ 13:01:55 - Attachment ID:28242
08-17-2021 @ 13:01:56 - Row :184 - Product updated successfully.
08-17-2021 @ 13:01:56 - ---[ Import ended at 2021-08-17 17:01:56]---
