08-18-2021 @ 05:38:12 - ---[ New import started at 2021-08-18 09:38:12 ] PHP Memory: 512 MB, WP Memory: 40 MB
08-18-2021 @ 05:38:12 - Preparing for import.
08-18-2021 @ 05:38:12 - Row :1 - Parsing item.
08-18-2021 @ 05:38:12 - Importing as new product ID:59036
08-18-2021 @ 05:38:12 - Row :1 - Processing item.
08-18-2021 @ 05:38:12 - Found variable product object. ID:59036
08-18-2021 @ 05:38:12 - Setting Featured Image. URL:https://cdn1.nuorder.com/product/39f811d6fc924e1254317dd31c4684fc.jpg
08-18-2021 @ 05:38:14 - Attachment ID:59037
08-18-2021 @ 05:38:14 - Row :1 - Product imported successfully.
08-18-2021 @ 05:38:14 - Row :2 - Parsing item.
08-18-2021 @ 05:38:14 - Importing as new product ID:59038
08-18-2021 @ 05:38:14 - Row :2 - Processing item.
08-18-2021 @ 05:38:14 - Found variation product object. ID:59038
08-18-2021 @ 05:38:14 - Setting Featured Image. URL:https://nylimages.s3.amazonaws.com/EBY_H634_White_sw.jpg
08-18-2021 @ 05:38:14 - Attachment ID:47421
08-18-2021 @ 05:38:14 - Row :2 - Product imported successfully.
08-18-2021 @ 05:38:14 - Row :3 - Parsing item.
08-18-2021 @ 05:38:14 - Importing as new product ID:59039
08-18-2021 @ 05:38:14 - Row :3 - Processing item.
08-18-2021 @ 05:38:14 - Found variation product object. ID:59039
08-18-2021 @ 05:38:14 - Setting Featured Image. URL:https://nylimages.s3.amazonaws.com/EBY_H634_White_sw.jpg
08-18-2021 @ 05:38:14 - Attachment ID:47421
08-18-2021 @ 05:38:15 - Row :3 - Product imported successfully.
08-18-2021 @ 05:38:15 - Row :4 - Parsing item.
08-18-2021 @ 05:38:15 - Row :4 - Processing item.
08-18-2021 @ 05:38:15 - Found variable product object. ID:47423
08-18-2021 @ 05:38:15 - Setting Featured Image. URL:https://cdn1.nuorder.com/product/845b1ca7865fd611b0966b564efec10a.jpg
08-18-2021 @ 05:38:15 - Attachment ID:47424
08-18-2021 @ 05:38:15 - Setting Gallery Images.
08-18-2021 @ 05:38:15 - Image URL:https://nylimages.s3.amazonaws.com/HNS_H683_White.jpg
08-18-2021 @ 05:38:15 - Attachment ID:47425
08-18-2021 @ 05:38:15 - Row :4 - Product updated successfully.
08-18-2021 @ 05:38:15 - Row :5 - Parsing item.
08-18-2021 @ 05:38:15 - Row :5 - Processing item.
08-18-2021 @ 05:38:15 - Found variation product object. ID:47426
08-18-2021 @ 05:38:15 - Setting Featured Image. URL:https://nylimages.s3.amazonaws.com/HBI_H683_Black_sw.jpg
08-18-2021 @ 05:38:15 - Attachment ID:47427
08-18-2021 @ 05:38:15 - Row :5 - Product updated successfully.
08-18-2021 @ 05:38:15 - Row :6 - Parsing item.
08-18-2021 @ 05:38:15 - Row :6 - Processing item.
08-18-2021 @ 05:38:15 - Found variation product object. ID:47428
08-18-2021 @ 05:38:16 - Setting Featured Image. URL:https://nylimages.s3.amazonaws.com/EBY_H683_White_sw.jpg
08-18-2021 @ 05:38:16 - Attachment ID:47429
08-18-2021 @ 05:38:16 - Row :6 - Product updated successfully.
08-18-2021 @ 05:38:16 - Row :7 - Parsing item.
08-18-2021 @ 05:38:16 - Importing as new product ID:59040
08-18-2021 @ 05:38:16 - Row :7 - Processing item.
08-18-2021 @ 05:38:16 - Found variable product object. ID:59040
08-18-2021 @ 05:38:16 - Setting Featured Image. URL:https://cdn1.nuorder.com/product/eb448d22cc2bfea07c1a40ad6a567e1c.jpg
08-18-2021 @ 05:38:17 - Attachment ID:59041
08-18-2021 @ 05:38:17 - Setting Gallery Images.
08-18-2021 @ 05:38:17 - Image URL:https://cdn1.nuorder.com/product/c26522c5e05458957264f96965ef0299.jpg
08-18-2021 @ 05:38:19 - Attachment ID:59042
08-18-2021 @ 05:38:19 - Image URL:https://nylimages.s3.amazonaws.com/HBI_HC726B_LightAssortment.jpg
08-18-2021 @ 05:38:19 - Attachment ID:47435
08-18-2021 @ 05:38:19 - Image URL:https://cdn1.nuorder.com/product/1217708c9bb8ddf65f61e7cc974306ec.jpg
08-18-2021 @ 05:38:21 - Attachment ID:59043
08-18-2021 @ 05:38:21 - Row :7 - Product imported successfully.
08-18-2021 @ 05:38:21 - Row :8 - Parsing item.
08-18-2021 @ 05:38:22 - Importing as new product ID:59044
08-18-2021 @ 05:38:22 - Row :8 - Processing item.
08-18-2021 @ 05:38:22 - Found variation product object. ID:59044
08-18-2021 @ 05:38:22 - Setting Featured Image. URL:https://nylimages.s3.amazonaws.com/HBI_HC726B_SolidBlack.jpg
08-18-2021 @ 05:38:22 - Attachment ID:47431
08-18-2021 @ 05:38:22 - Row :8 - Product imported successfully.
08-18-2021 @ 05:38:22 - Row :9 - Parsing item.
08-18-2021 @ 05:38:22 - Importing as new product ID:59045
08-18-2021 @ 05:38:22 - Row :9 - Processing item.
08-18-2021 @ 05:38:22 - Found variation product object. ID:59045
08-18-2021 @ 05:38:22 - Setting Featured Image. URL:https://nylimages.s3.amazonaws.com/HBI_HC726B_DarkAssortment.jpg
08-18-2021 @ 05:38:22 - Attachment ID:47433
08-18-2021 @ 05:38:22 - Row :9 - Product imported successfully.
08-18-2021 @ 05:38:22 - Row :10 - Parsing item.
08-18-2021 @ 05:38:22 - Importing as new product ID:59046
08-18-2021 @ 05:38:22 - Row :10 - Processing item.
08-18-2021 @ 05:38:22 - Found variation product object. ID:59046
08-18-2021 @ 05:38:23 - Setting Featured Image. URL:https://nylimages.s3.amazonaws.com/HBI_HC726B_LightAssortment.jpg
08-18-2021 @ 05:38:23 - Attachment ID:47435
08-18-2021 @ 05:38:23 - Row :10 - Product imported successfully.
08-18-2021 @ 05:38:25 - Preparing for import.
08-18-2021 @ 05:38:25 - Row :11 - Parsing item.
08-18-2021 @ 05:38:25 - Importing as new product ID:59047
08-18-2021 @ 05:38:25 - Row :11 - Processing item.
08-18-2021 @ 05:38:25 - Found variation product object. ID:59047
08-18-2021 @ 05:38:25 - Setting Featured Image. URL:https://nylimages.s3.amazonaws.com/HBI_HC726B_GreyWardrobe.jpg
08-18-2021 @ 05:38:25 - Attachment ID:47437
08-18-2021 @ 05:38:25 - Row :11 - Product imported successfully.
08-18-2021 @ 05:38:25 - Row :12 - Parsing item.
08-18-2021 @ 05:38:25 - Row :12 - Processing item.
08-18-2021 @ 05:38:25 - Found variable product object. ID:47438
08-18-2021 @ 05:38:25 - Setting Featured Image. URL:https://nylimages.s3.amazonaws.com/HBI_HC726S_WhiteStripeAssorted.jpg
08-18-2021 @ 05:38:25 - Attachment ID:47439
08-18-2021 @ 05:38:25 - Setting Gallery Images.
08-18-2021 @ 05:38:25 - Image URL:https://nylimages.s3.amazonaws.com/HBI_HC726S_BlackStripeAssorted.jpg
08-18-2021 @ 05:38:25 - Attachment ID:47440
08-18-2021 @ 05:38:25 - Image URL:https://nylimages.s3.amazonaws.com/HBI_HC726S_BlackDotAssorted.jpg
08-18-2021 @ 05:38:25 - Attachment ID:47441
08-18-2021 @ 05:38:25 - Image URL:https://nylimages.s3.amazonaws.com/HBI_HC726S_PastelTextureFreeFeed.jpg
08-18-2021 @ 05:38:25 - Attachment ID:47442
08-18-2021 @ 05:38:25 - Image URL:https://cdn1.nuorder.com/product/bb7315172079962edb6158557ae8ea38.jpg
08-18-2021 @ 05:38:25 - Attachment ID:47443
08-18-2021 @ 05:38:25 - Image URL:https://cdn1.nuorder.com/product/fff126a00333f7a65508178d69032bf3.jpg
08-18-2021 @ 05:38:25 - Attachment ID:47444
08-18-2021 @ 05:38:25 - Image URL:https://nylimages.s3.amazonaws.com/HBI_HC726S_WhiteFlowerAssorted.jpg
08-18-2021 @ 05:38:25 - Attachment ID:47445
08-18-2021 @ 05:38:25 - Image URL:https://nylimages.s3.amazonaws.com/HBI_HC726S_BlackFlowerAssorted.jpg
08-18-2021 @ 05:38:25 - Attachment ID:47446
08-18-2021 @ 05:38:25 - Row :12 - Product updated successfully.
08-18-2021 @ 05:38:25 - Row :13 - Parsing item.
08-18-2021 @ 05:38:25 - Row :13 - Processing item.
08-18-2021 @ 05:38:25 - Found variation product object. ID:47447
08-18-2021 @ 05:38:26 - Setting Featured Image. URL:https://nylimages.s3.amazonaws.com/HBI_HC726S_WhiteStripeAssorted.jpg
08-18-2021 @ 05:38:26 - Attachment ID:47439
08-18-2021 @ 05:38:26 - Row :13 - Product updated successfully.
08-18-2021 @ 05:38:26 - Row :14 - Parsing item.
08-18-2021 @ 05:38:26 - Row :14 - Processing item.
08-18-2021 @ 05:38:26 - Found variation product object. ID:47448
08-18-2021 @ 05:38:26 - Setting Featured Image. URL:https://nylimages.s3.amazonaws.com/HBI_HC726S_BlackStripeAssorted.jpg
08-18-2021 @ 05:38:26 - Attachment ID:47440
08-18-2021 @ 05:38:26 - Row :14 - Product updated successfully.
08-18-2021 @ 05:38:26 - Row :15 - Parsing item.
08-18-2021 @ 05:38:26 - Row :15 - Processing item.
08-18-2021 @ 05:38:26 - Found variation product object. ID:47449
08-18-2021 @ 05:38:26 - Setting Featured Image. URL:https://nylimages.s3.amazonaws.com/HBI_HC726S_BlackDotAssorted.jpg
08-18-2021 @ 05:38:26 - Attachment ID:47441
08-18-2021 @ 05:38:26 - Row :15 - Product updated successfully.
08-18-2021 @ 05:38:26 - Row :16 - Parsing item.
08-18-2021 @ 05:38:26 - Row :16 - Processing item.
08-18-2021 @ 05:38:26 - Found variation product object. ID:47450
08-18-2021 @ 05:38:26 - Setting Featured Image. URL:https://nylimages.s3.amazonaws.com/HBI_HC726S_PastelTextureFreeFeed.jpg
08-18-2021 @ 05:38:26 - Attachment ID:47442
08-18-2021 @ 05:38:26 - Row :16 - Product updated successfully.
08-18-2021 @ 05:38:26 - Row :17 - Parsing item.
08-18-2021 @ 05:38:27 - Row :17 - Processing item.
08-18-2021 @ 05:38:27 - Found variation product object. ID:47451
08-18-2021 @ 05:38:27 - Setting Featured Image. URL:https://nylimages.s3.amazonaws.com/HBI_HC726S_BoldTextureFreeFeed.jpg
08-18-2021 @ 05:38:27 - Attachment ID:47452
08-18-2021 @ 05:38:27 - Row :17 - Product updated successfully.
08-18-2021 @ 05:38:27 - Row :18 - Parsing item.
08-18-2021 @ 05:38:27 - Row :18 - Processing item.
08-18-2021 @ 05:38:27 - Found variation product object. ID:47453
08-18-2021 @ 05:38:27 - Setting Featured Image. URL:https://nylimages.s3.amazonaws.com/HBI_HC726S_WhiteDotAssorted.jpg
08-18-2021 @ 05:38:27 - Attachment ID:47454
08-18-2021 @ 05:38:27 - Row :18 - Product updated successfully.
08-18-2021 @ 05:38:27 - Row :19 - Parsing item.
08-18-2021 @ 05:38:27 - Row :19 - Processing item.
08-18-2021 @ 05:38:28 - Found variation product object. ID:47455
08-18-2021 @ 05:38:28 - Setting Featured Image. URL:https://nylimages.s3.amazonaws.com/HBI_HC726S_WhiteFlowerAssorted.jpg
08-18-2021 @ 05:38:28 - Attachment ID:47445
08-18-2021 @ 05:38:28 - Row :19 - Product updated successfully.
08-18-2021 @ 05:38:28 - Row :20 - Parsing item.
08-18-2021 @ 05:38:28 - Row :20 - Processing item.
08-18-2021 @ 05:38:28 - Found variation product object. ID:47456
08-18-2021 @ 05:38:28 - Setting Featured Image. URL:https://nylimages.s3.amazonaws.com/HBI_HC726S_BlackFlowerAssorted.jpg
08-18-2021 @ 05:38:28 - Attachment ID:47446
08-18-2021 @ 05:38:28 - Row :20 - Product updated successfully.
08-18-2021 @ 05:38:28 - ---[ Import ended at 2021-08-18 09:38:28]---
