08-18-2021 @ 07:07:19 - ---[ New import started at 2021-08-18 11:07:19 ] PHP Memory: 512 MB, WP Memory: 40 MB
08-18-2021 @ 07:07:19 - Preparing for import.
08-18-2021 @ 07:07:19 - Row :1 - Parsing item.
08-18-2021 @ 07:07:19 - Row :1 - Processing item.
08-18-2021 @ 07:07:19 - Found variable product object. ID:40957
08-18-2021 @ 07:07:19 - Setting Featured Image. URL:https://nylimages.s3.amazonaws.com/HBI_HU08_StarryNightBlueHeather.jpg
08-18-2021 @ 07:07:19 - Attachment ID:40960
08-18-2021 @ 07:07:19 - Setting Gallery Images.
08-18-2021 @ 07:07:19 - Image URL:https://nylimages.s3.amazonaws.com/HBI_HU08_GloryRedDot.jpg
08-18-2021 @ 07:07:19 - Attachment ID:40961
08-18-2021 @ 07:07:19 - Image URL:https://nylimages.s3.amazonaws.com/HU08_Endless_Blue_Heather.jpg
08-18-2021 @ 07:07:19 - Attachment ID:40962
08-18-2021 @ 07:07:19 - Image URL:https://nylimages.s3.amazonaws.com/HBI_HU08_BlueStardespirit.jpg
08-18-2021 @ 07:07:19 - Attachment ID:40963
08-18-2021 @ 07:07:19 - Image URL:https://nylimages.s3.amazonaws.com/HBI_HU08_BlackDot.jpg
08-18-2021 @ 07:07:19 - Attachment ID:40964
08-18-2021 @ 07:07:19 - Image URL:https://nylimages.s3.amazonaws.com/HBI_HU08_WhiteDot.jpg
08-18-2021 @ 07:07:19 - Attachment ID:40965
08-18-2021 @ 07:07:19 - Image URL:https://nylimages.s3.amazonaws.com/HU08_WhiteFloral.jpg
08-18-2021 @ 07:07:19 - Attachment ID:40966
08-18-2021 @ 07:07:19 - Image URL:https://nylimages.s3.amazonaws.com/HU08_Dark_Aqua.jpg
08-18-2021 @ 07:07:19 - Attachment ID:40967
08-18-2021 @ 07:07:19 - Image URL:https://nylimages.s3.amazonaws.com/HBI_DHHU08_CherryPiePointDEsprit.jpg
08-18-2021 @ 07:07:19 - Attachment ID:40968
08-18-2021 @ 07:07:19 - Image URL:https://nylimages.s3.amazonaws.com/HBI_HU08_SilkenPink.jpg
08-18-2021 @ 07:07:19 - Attachment ID:40969
08-18-2021 @ 07:07:19 - Image URL:https://nylimages.s3.amazonaws.com/HBI_DHHU08_MintSparklePointDEsprit.jpg
08-18-2021 @ 07:07:20 - Attachment ID:40970
08-18-2021 @ 07:07:20 - Image URL:https://nylimages.s3.amazonaws.com/HBI_DHHU08_SteelBluePointDEsprit.jpg
08-18-2021 @ 07:07:20 - Attachment ID:40971
08-18-2021 @ 07:07:20 - Image URL:https://nylimages.s3.amazonaws.com/HBI_HU08_NudeHeather.jpg
08-18-2021 @ 07:07:20 - Attachment ID:40972
08-18-2021 @ 07:07:20 - Image URL:https://nylimages.s3.amazonaws.com/HBI_HU08_DivineGreyStripe.jpg
08-18-2021 @ 07:07:20 - Attachment ID:40973
08-18-2021 @ 07:07:20 - Image URL:https://nylimages.s3.amazonaws.com/HBI_HU08_LightGreyHeather.jpg
08-18-2021 @ 07:07:20 - Attachment ID:40974
08-18-2021 @ 07:07:20 - Image URL:https://nylimages.s3.amazonaws.com/HU08_FreshBerryFloral.jpg
08-18-2021 @ 07:07:20 - Attachment ID:40975
08-18-2021 @ 07:07:20 - Image URL:https://nylimages.s3.amazonaws.com/HBI_HU08_SoftTaupeShadowStripe.jpg
08-18-2021 @ 07:07:20 - Attachment ID:40976
08-18-2021 @ 07:07:20 - Image URL:https://nylimages.s3.amazonaws.com/HBI_HU08_WhiteShadowStripe.jpg
08-18-2021 @ 07:07:20 - Attachment ID:40977
08-18-2021 @ 07:07:20 - Image URL:https://nylimages.s3.amazonaws.com/HBI_HU08_CharcoalFloralJacquard.jpg
08-18-2021 @ 07:07:20 - Attachment ID:40978
08-18-2021 @ 07:07:20 - Image URL:https://nylimages.s3.amazonaws.com/HBI_HU08_WhiteHeather.jpg
08-18-2021 @ 07:07:20 - Attachment ID:40979
08-18-2021 @ 07:07:20 - Image URL:https://nylimages.s3.amazonaws.com/HU08_GreyDespirit.jpg
08-18-2021 @ 07:07:20 - Attachment ID:40980
08-18-2021 @ 07:07:20 - Image URL:https://nylimages.s3.amazonaws.com/HU08_BlackDespirit.jpg
08-18-2021 @ 07:07:20 - Attachment ID:40981
08-18-2021 @ 07:07:20 - Image URL:https://nylimages.s3.amazonaws.com/HBI_HU08_SoftTaupeDot.jpg
08-18-2021 @ 07:07:20 - Attachment ID:40982
08-18-2021 @ 07:07:20 - Image URL:https://cdn1.nuorder.com/product/330d396dc923137cb7a06de9639f9b1f.jpg
08-18-2021 @ 07:07:20 - Attachment ID:40983
08-18-2021 @ 07:07:20 - Image URL:https://nylimages.s3.amazonaws.com/HU08_WhiteDespirit.jpg
08-18-2021 @ 07:07:20 - Attachment ID:40984
08-18-2021 @ 07:07:20 - Image URL:https://nylimages.s3.amazonaws.com/HBI_HU08_PorcelainShadowStripe.jpg
08-18-2021 @ 07:07:20 - Attachment ID:40985
08-18-2021 @ 07:07:20 - Image URL:https://nylimages.s3.amazonaws.com/HBI_HU08_CharmingBlueShadowStripe.jpg
08-18-2021 @ 07:07:20 - Attachment ID:40986
08-18-2021 @ 07:07:20 - Image URL:https://nylimages.s3.amazonaws.com/HBI_HU08_DivineGreyDot.jpg
08-18-2021 @ 07:07:20 - Attachment ID:40987
08-18-2021 @ 07:07:20 - Image URL:https://nylimages.s3.amazonaws.com/HBI_HU08_DarkCobaltNightShadowStripe.jpg
08-18-2021 @ 07:07:20 - Attachment ID:40988
08-18-2021 @ 07:07:20 - Image URL:https://nylimages.s3.amazonaws.com/HBI_HU08_BlushingRougeDot.jpg
08-18-2021 @ 07:07:20 - Attachment ID:40989
08-18-2021 @ 07:07:20 - Image URL:https://nylimages.s3.amazonaws.com/HBI_HU08_DeepCeruleanBlueDot.jpg
08-18-2021 @ 07:07:20 - Attachment ID:40990
08-18-2021 @ 07:07:20 - Image URL:https://nylimages.s3.amazonaws.com/HBI_HU08_CrocusDot.jpg
08-18-2021 @ 07:07:20 - Attachment ID:40991
08-18-2021 @ 07:07:20 - Image URL:https://nylimages.s3.amazonaws.com/HU08_NudeFloral.jpg
08-18-2021 @ 07:07:20 - Attachment ID:40992
08-18-2021 @ 07:07:20 - Image URL:https://nylimages.s3.amazonaws.com/HBI_HU08_LavenderSparkleDot.jpg
08-18-2021 @ 07:07:20 - Attachment ID:40993
08-18-2021 @ 07:07:20 - Image URL:https://nylimages.s3.amazonaws.com/HBI_HU08_BlueHorizonDot.jpg
08-18-2021 @ 07:07:20 - Attachment ID:40994
08-18-2021 @ 07:07:21 - Row :1 - Product updated successfully.
08-18-2021 @ 07:07:21 - Row :2 - Parsing item.
08-18-2021 @ 07:07:21 - Row :2 - Processing item.
08-18-2021 @ 07:07:21 - Found variation product object. ID:40959
08-18-2021 @ 07:07:26 - Setting Featured Image. URL:https://nylimages.s3.amazonaws.com/HBI_HU08_StarryNightBlueHeather_sw.jpg
08-18-2021 @ 07:07:26 - Attachment ID:40958
08-18-2021 @ 07:07:26 - Row :2 - Product updated successfully.
08-18-2021 @ 07:07:26 - Row :3 - Parsing item.
08-18-2021 @ 07:07:26 - Row :3 - Processing item.
08-18-2021 @ 07:07:26 - Found variation product object. ID:40995
08-18-2021 @ 07:07:31 - Setting Featured Image. URL:https://nylimages.s3.amazonaws.com/HBI_HU08_StarryNightBlueHeather_sw.jpg
08-18-2021 @ 07:07:31 - Attachment ID:40958
08-18-2021 @ 07:07:32 - Row :3 - Product updated successfully.
08-18-2021 @ 07:07:32 - Row :4 - Parsing item.
08-18-2021 @ 07:07:32 - Row :4 - Processing item.
08-18-2021 @ 07:07:32 - Found variation product object. ID:40996
08-18-2021 @ 07:07:37 - Setting Featured Image. URL:https://nylimages.s3.amazonaws.com/HBI_HU08_StarryNightBlueHeather_sw.jpg
08-18-2021 @ 07:07:37 - Attachment ID:40958
08-18-2021 @ 07:07:37 - Row :4 - Product updated successfully.
08-18-2021 @ 07:07:37 - Row :5 - Parsing item.
08-18-2021 @ 07:07:37 - Row :5 - Processing item.
08-18-2021 @ 07:07:37 - Found variation product object. ID:40997
08-18-2021 @ 07:07:42 - Setting Featured Image. URL:https://nylimages.s3.amazonaws.com/HBI_HU08_StarryNightBlueHeather_sw.jpg
08-18-2021 @ 07:07:42 - Attachment ID:40958
08-18-2021 @ 07:07:42 - Row :5 - Product updated successfully.
08-18-2021 @ 07:07:42 - Row :6 - Parsing item.
08-18-2021 @ 07:07:42 - Row :6 - Processing item.
08-18-2021 @ 07:07:43 - Found variation product object. ID:40998
08-18-2021 @ 07:07:48 - Setting Featured Image. URL:https://nylimages.s3.amazonaws.com/HBI_HU08_StarryNightBlueHeather_sw.jpg
08-18-2021 @ 07:07:48 - Attachment ID:40958
08-18-2021 @ 07:07:48 - Row :6 - Product updated successfully.
08-18-2021 @ 07:07:48 - Row :7 - Parsing item.
08-18-2021 @ 07:07:48 - Row :7 - Processing item.
08-18-2021 @ 07:07:48 - Found variation product object. ID:40999
08-18-2021 @ 07:07:53 - Setting Featured Image. URL:https://nylimages.s3.amazonaws.com/HBI_HU08_StarryNightBlueHeather_sw.jpg
08-18-2021 @ 07:07:53 - Attachment ID:40958
08-18-2021 @ 07:07:53 - Row :7 - Product updated successfully.
08-18-2021 @ 07:07:53 - Row :8 - Parsing item.
08-18-2021 @ 07:07:53 - Row :8 - Processing item.
08-18-2021 @ 07:07:53 - Found variation product object. ID:41000
08-18-2021 @ 07:07:59 - Setting Featured Image. URL:https://nylimages.s3.amazonaws.com/HBI_HU08_GloryRedDot_sw.jpg
08-18-2021 @ 07:07:59 - Attachment ID:41001
08-18-2021 @ 07:07:59 - Row :8 - Product updated successfully.
08-18-2021 @ 07:07:59 - Row :9 - Parsing item.
08-18-2021 @ 07:07:59 - Row :9 - Processing item.
08-18-2021 @ 07:07:59 - Found variation product object. ID:41002
08-18-2021 @ 07:08:04 - Setting Featured Image. URL:https://nylimages.s3.amazonaws.com/HBI_HU08_GloryRedDot_sw.jpg
08-18-2021 @ 07:08:04 - Attachment ID:41001
08-18-2021 @ 07:08:04 - Row :9 - Product updated successfully.
08-18-2021 @ 07:08:04 - Row :10 - Parsing item.
08-18-2021 @ 07:08:04 - Row :10 - Processing item.
08-18-2021 @ 07:08:04 - Found variation product object. ID:41003
08-18-2021 @ 07:08:09 - Setting Featured Image. URL:https://nylimages.s3.amazonaws.com/HBI_HU08_GloryRedDot_sw.jpg
08-18-2021 @ 07:08:09 - Attachment ID:41001
08-18-2021 @ 07:08:09 - Row :10 - Product updated successfully.
08-18-2021 @ 07:08:13 - Preparing for import.
08-18-2021 @ 07:08:13 - Row :11 - Parsing item.
08-18-2021 @ 07:08:13 - Row :11 - Processing item.
08-18-2021 @ 07:08:13 - Found variation product object. ID:41004
08-18-2021 @ 07:08:13 - Setting Featured Image. URL:https://nylimages.s3.amazonaws.com/HU08_Endless_Blue_Heather.jpg
08-18-2021 @ 07:08:13 - Attachment ID:40962
08-18-2021 @ 07:08:13 - Row :11 - Product updated successfully.
08-18-2021 @ 07:08:13 - Row :12 - Parsing item.
08-18-2021 @ 07:08:13 - Row :12 - Processing item.
08-18-2021 @ 07:08:13 - Found variation product object. ID:41005
08-18-2021 @ 07:08:14 - Setting Featured Image. URL:https://nylimages.s3.amazonaws.com/HU08_Endless_Blue_Heather.jpg
08-18-2021 @ 07:08:14 - Attachment ID:40962
08-18-2021 @ 07:08:14 - Row :12 - Product updated successfully.
08-18-2021 @ 07:08:14 - Row :13 - Parsing item.
08-18-2021 @ 07:08:14 - Row :13 - Processing item.
08-18-2021 @ 07:08:14 - Found variation product object. ID:41006
08-18-2021 @ 07:08:14 - Setting Featured Image. URL:https://nylimages.s3.amazonaws.com/HU08_Endless_Blue_Heather.jpg
08-18-2021 @ 07:08:14 - Attachment ID:40962
08-18-2021 @ 07:08:14 - Row :13 - Product updated successfully.
08-18-2021 @ 07:08:14 - Row :14 - Parsing item.
08-18-2021 @ 07:08:14 - Row :14 - Processing item.
08-18-2021 @ 07:08:14 - Found variation product object. ID:41007
08-18-2021 @ 07:08:15 - Setting Featured Image. URL:https://nylimages.s3.amazonaws.com/HU08_Endless_Blue_Heather.jpg
08-18-2021 @ 07:08:15 - Attachment ID:40962
08-18-2021 @ 07:08:15 - Row :14 - Product updated successfully.
08-18-2021 @ 07:08:15 - Row :15 - Parsing item.
08-18-2021 @ 07:08:15 - Row :15 - Processing item.
08-18-2021 @ 07:08:15 - Found variation product object. ID:41008
08-18-2021 @ 07:08:15 - Setting Featured Image. URL:https://nylimages.s3.amazonaws.com/HBI_HU08_BlueStardespirit_sw.jpg
08-18-2021 @ 07:08:15 - Attachment ID:41009
08-18-2021 @ 07:08:15 - Row :15 - Product updated successfully.
08-18-2021 @ 07:08:15 - Row :16 - Parsing item.
08-18-2021 @ 07:08:15 - Row :16 - Processing item.
08-18-2021 @ 07:08:16 - Found variation product object. ID:41010
08-18-2021 @ 07:08:16 - Setting Featured Image. URL:https://nylimages.s3.amazonaws.com/HBI_HU08_BlueStardespirit_sw.jpg
08-18-2021 @ 07:08:16 - Attachment ID:41009
08-18-2021 @ 07:08:16 - Row :16 - Product updated successfully.
08-18-2021 @ 07:08:16 - Row :17 - Parsing item.
08-18-2021 @ 07:08:16 - Row :17 - Processing item.
08-18-2021 @ 07:08:16 - Found variation product object. ID:41011
08-18-2021 @ 07:08:16 - Setting Featured Image. URL:https://nylimages.s3.amazonaws.com/HBI_HU08_BlueStardespirit_sw.jpg
08-18-2021 @ 07:08:16 - Attachment ID:41009
08-18-2021 @ 07:08:16 - Row :17 - Product updated successfully.
08-18-2021 @ 07:08:16 - Row :18 - Parsing item.
08-18-2021 @ 07:08:16 - Row :18 - Processing item.
08-18-2021 @ 07:08:17 - Found variation product object. ID:41012
08-18-2021 @ 07:08:17 - Setting Featured Image. URL:https://nylimages.s3.amazonaws.com/HBI_HU08_BlueStardespirit_sw.jpg
08-18-2021 @ 07:08:17 - Attachment ID:41009
08-18-2021 @ 07:08:17 - Row :18 - Product updated successfully.
08-18-2021 @ 07:08:17 - Row :19 - Parsing item.
08-18-2021 @ 07:08:17 - Row :19 - Processing item.
08-18-2021 @ 07:08:17 - Found variation product object. ID:41013
08-18-2021 @ 07:08:17 - Setting Featured Image. URL:https://nylimages.s3.amazonaws.com/HBI_HU08_BlueStardespirit_sw.jpg
08-18-2021 @ 07:08:17 - Attachment ID:41009
08-18-2021 @ 07:08:17 - Row :19 - Product updated successfully.
08-18-2021 @ 07:08:17 - Row :20 - Parsing item.
08-18-2021 @ 07:08:18 - Row :20 - Processing item.
08-18-2021 @ 07:08:18 - Found variation product object. ID:41014
08-18-2021 @ 07:08:18 - Setting Featured Image. URL:https://nylimages.s3.amazonaws.com/HBI_HU08_BlackDot_sw.jpg
08-18-2021 @ 07:08:18 - Attachment ID:41015
08-18-2021 @ 07:08:18 - Row :20 - Product updated successfully.
08-18-2021 @ 07:08:19 - Preparing for import.
08-18-2021 @ 07:08:19 - Row :21 - Parsing item.
08-18-2021 @ 07:08:20 - Row :21 - Processing item.
08-18-2021 @ 07:08:20 - Found variation product object. ID:41016
08-18-2021 @ 07:08:20 - Setting Featured Image. URL:https://nylimages.s3.amazonaws.com/HBI_HU08_BlackDot_sw.jpg
08-18-2021 @ 07:08:20 - Attachment ID:41015
08-18-2021 @ 07:08:20 - Row :21 - Product updated successfully.
08-18-2021 @ 07:08:20 - Row :22 - Parsing item.
08-18-2021 @ 07:08:20 - Row :22 - Processing item.
08-18-2021 @ 07:08:20 - Found variation product object. ID:41017
08-18-2021 @ 07:08:20 - Setting Featured Image. URL:https://nylimages.s3.amazonaws.com/HBI_HU08_BlackDot_sw.jpg
08-18-2021 @ 07:08:20 - Attachment ID:41015
08-18-2021 @ 07:08:21 - Row :22 - Product updated successfully.
08-18-2021 @ 07:08:21 - Row :23 - Parsing item.
08-18-2021 @ 07:08:21 - Row :23 - Processing item.
08-18-2021 @ 07:08:21 - Found variation product object. ID:41018
08-18-2021 @ 07:08:21 - Setting Featured Image. URL:https://nylimages.s3.amazonaws.com/HBI_HU08_BlackDot_sw.jpg
08-18-2021 @ 07:08:21 - Attachment ID:41015
08-18-2021 @ 07:08:21 - Row :23 - Product updated successfully.
08-18-2021 @ 07:08:21 - Row :24 - Parsing item.
08-18-2021 @ 07:08:21 - Row :24 - Processing item.
08-18-2021 @ 07:08:21 - Found variation product object. ID:41019
08-18-2021 @ 07:08:22 - Setting Featured Image. URL:https://nylimages.s3.amazonaws.com/HBI_HU08_BlackDot_sw.jpg
08-18-2021 @ 07:08:22 - Attachment ID:41015
08-18-2021 @ 07:08:22 - Row :24 - Product updated successfully.
08-18-2021 @ 07:08:22 - Row :25 - Parsing item.
08-18-2021 @ 07:08:22 - Row :25 - Processing item.
08-18-2021 @ 07:08:22 - Found variation product object. ID:41020
08-18-2021 @ 07:08:22 - Setting Featured Image. URL:http://199.250.200.51/~ncc35b5/wp-content/themes/apparel_direct/assets/images/coming-soon-img.jpg
08-18-2021 @ 07:08:22 - Attachment ID:11668
08-18-2021 @ 07:08:22 - Row :25 - Product updated successfully.
08-18-2021 @ 07:08:22 - Row :26 - Parsing item.
08-18-2021 @ 07:08:22 - Row :26 - Processing item.
08-18-2021 @ 07:08:22 - Found variation product object. ID:41021
08-18-2021 @ 07:08:23 - Setting Featured Image. URL:https://nylimages.s3.amazonaws.com/HBI_HU08_WhiteDot_sw.jpg
08-18-2021 @ 07:08:23 - Attachment ID:41022
08-18-2021 @ 07:08:23 - Row :26 - Product updated successfully.
08-18-2021 @ 07:08:23 - Row :27 - Parsing item.
08-18-2021 @ 07:08:23 - Row :27 - Processing item.
08-18-2021 @ 07:08:23 - Found variation product object. ID:41023
08-18-2021 @ 07:08:23 - Setting Featured Image. URL:https://nylimages.s3.amazonaws.com/HBI_HU08_WhiteDot_sw.jpg
08-18-2021 @ 07:08:23 - Attachment ID:41022
08-18-2021 @ 07:08:23 - Row :27 - Product updated successfully.
08-18-2021 @ 07:08:23 - Row :28 - Parsing item.
08-18-2021 @ 07:08:23 - Row :28 - Processing item.
08-18-2021 @ 07:08:23 - Found variation product object. ID:41024
08-18-2021 @ 07:08:24 - Setting Featured Image. URL:https://nylimages.s3.amazonaws.com/HBI_HU08_WhiteDot_sw.jpg
08-18-2021 @ 07:08:24 - Attachment ID:41022
08-18-2021 @ 07:08:24 - Row :28 - Product updated successfully.
08-18-2021 @ 07:08:24 - Row :29 - Parsing item.
08-18-2021 @ 07:08:24 - Row :29 - Processing item.
08-18-2021 @ 07:08:24 - Found variation product object. ID:41025
08-18-2021 @ 07:08:24 - Setting Featured Image. URL:https://nylimages.s3.amazonaws.com/HBI_HU08_WhiteDot_sw.jpg
08-18-2021 @ 07:08:24 - Attachment ID:41022
08-18-2021 @ 07:08:24 - Row :29 - Product updated successfully.
08-18-2021 @ 07:08:24 - Row :30 - Parsing item.
08-18-2021 @ 07:08:24 - Row :30 - Processing item.
08-18-2021 @ 07:08:25 - Found variation product object. ID:41026
08-18-2021 @ 07:08:25 - Setting Featured Image. URL:https://nylimages.s3.amazonaws.com/HBI_HU08_WhiteDot_sw.jpg
08-18-2021 @ 07:08:25 - Attachment ID:41022
08-18-2021 @ 07:08:25 - Row :30 - Product updated successfully.
08-18-2021 @ 07:08:26 - Preparing for import.
08-18-2021 @ 07:08:26 - Row :31 - Parsing item.
08-18-2021 @ 07:08:26 - Row :31 - Processing item.
08-18-2021 @ 07:08:27 - Found variation product object. ID:41027
08-18-2021 @ 07:08:27 - Setting Featured Image. URL:http://199.250.200.51/~ncc35b5/wp-content/themes/apparel_direct/assets/images/coming-soon-img.jpg
08-18-2021 @ 07:08:27 - Attachment ID:11668
08-18-2021 @ 07:08:27 - Row :31 - Product updated successfully.
08-18-2021 @ 07:08:27 - Row :32 - Parsing item.
08-18-2021 @ 07:08:27 - Row :32 - Processing item.
08-18-2021 @ 07:08:27 - Found variation product object. ID:41028
08-18-2021 @ 07:08:27 - Setting Featured Image. URL:https://nylimages.s3.amazonaws.com/HU08_WhiteFloral.jpg
08-18-2021 @ 07:08:27 - Attachment ID:40966
08-18-2021 @ 07:08:27 - Row :32 - Product updated successfully.
08-18-2021 @ 07:08:27 - Row :33 - Parsing item.
08-18-2021 @ 07:08:27 - Row :33 - Processing item.
08-18-2021 @ 07:08:27 - Found variation product object. ID:41029
08-18-2021 @ 07:08:27 - Setting Featured Image. URL:https://nylimages.s3.amazonaws.com/HU08_WhiteFloral.jpg
08-18-2021 @ 07:08:27 - Attachment ID:40966
08-18-2021 @ 07:08:28 - Row :33 - Product updated successfully.
08-18-2021 @ 07:08:28 - Row :34 - Parsing item.
08-18-2021 @ 07:08:28 - Row :34 - Processing item.
08-18-2021 @ 07:08:28 - Found variation product object. ID:41030
08-18-2021 @ 07:08:28 - Setting Featured Image. URL:https://nylimages.s3.amazonaws.com/HU08_WhiteFloral.jpg
08-18-2021 @ 07:08:28 - Attachment ID:40966
08-18-2021 @ 07:08:28 - Row :34 - Product updated successfully.
08-18-2021 @ 07:08:28 - Row :35 - Parsing item.
08-18-2021 @ 07:08:28 - Row :35 - Processing item.
08-18-2021 @ 07:08:28 - Found variation product object. ID:41031
08-18-2021 @ 07:08:28 - Setting Featured Image. URL:https://nylimages.s3.amazonaws.com/HU08_WhiteFloral.jpg
08-18-2021 @ 07:08:28 - Attachment ID:40966
08-18-2021 @ 07:08:28 - Row :35 - Product updated successfully.
08-18-2021 @ 07:08:28 - Row :36 - Parsing item.
08-18-2021 @ 07:08:28 - Row :36 - Processing item.
08-18-2021 @ 07:08:28 - Found variation product object. ID:41032
08-18-2021 @ 07:08:28 - Setting Featured Image. URL:https://nylimages.s3.amazonaws.com/HU08_WhiteFloral.jpg
08-18-2021 @ 07:08:28 - Attachment ID:40966
08-18-2021 @ 07:08:28 - Row :36 - Product updated successfully.
08-18-2021 @ 07:08:28 - Row :37 - Parsing item.
08-18-2021 @ 07:08:29 - Row :37 - Processing item.
08-18-2021 @ 07:08:29 - Found variation product object. ID:41033
08-18-2021 @ 07:08:29 - Setting Featured Image. URL:https://nylimages.s3.amazonaws.com/HU08_WhiteFloral.jpg
08-18-2021 @ 07:08:29 - Attachment ID:40966
08-18-2021 @ 07:08:29 - Row :37 - Product updated successfully.
08-18-2021 @ 07:08:29 - Row :38 - Parsing item.
08-18-2021 @ 07:08:29 - Row :38 - Processing item.
08-18-2021 @ 07:08:29 - Found variation product object. ID:41034
08-18-2021 @ 07:08:29 - Setting Featured Image. URL:https://nylimages.s3.amazonaws.com/HU08_Dark_Aqua.jpg
08-18-2021 @ 07:08:29 - Attachment ID:40967
08-18-2021 @ 07:08:29 - Row :38 - Product updated successfully.
08-18-2021 @ 07:08:29 - Row :39 - Parsing item.
08-18-2021 @ 07:08:29 - Row :39 - Processing item.
08-18-2021 @ 07:08:30 - Found variation product object. ID:41035
08-18-2021 @ 07:08:30 - Setting Featured Image. URL:https://nylimages.s3.amazonaws.com/HU08_Dark_Aqua.jpg
08-18-2021 @ 07:08:30 - Attachment ID:40967
08-18-2021 @ 07:08:30 - Row :39 - Product updated successfully.
08-18-2021 @ 07:08:30 - Row :40 - Parsing item.
08-18-2021 @ 07:08:30 - Row :40 - Processing item.
08-18-2021 @ 07:08:30 - Found variation product object. ID:41036
08-18-2021 @ 07:08:30 - Setting Featured Image. URL:https://nylimages.s3.amazonaws.com/HU08_Dark_Aqua.jpg
08-18-2021 @ 07:08:30 - Attachment ID:40967
08-18-2021 @ 07:08:30 - Row :40 - Product updated successfully.
08-18-2021 @ 07:08:32 - Preparing for import.
08-18-2021 @ 07:08:32 - Row :41 - Parsing item.
08-18-2021 @ 07:08:32 - Row :41 - Processing item.
08-18-2021 @ 07:08:32 - Found variation product object. ID:41037
08-18-2021 @ 07:08:32 - Setting Featured Image. URL:https://nylimages.s3.amazonaws.com/HU08_Dark_Aqua.jpg
08-18-2021 @ 07:08:32 - Attachment ID:40967
08-18-2021 @ 07:08:33 - Row :41 - Product updated successfully.
08-18-2021 @ 07:08:33 - Row :42 - Parsing item.
08-18-2021 @ 07:08:33 - Row :42 - Processing item.
08-18-2021 @ 07:08:33 - Found variation product object. ID:41038
08-18-2021 @ 07:08:33 - Setting Featured Image. URL:https://nylimages.s3.amazonaws.com/HU08_Dark_Aqua.jpg
08-18-2021 @ 07:08:33 - Attachment ID:40967
08-18-2021 @ 07:08:33 - Row :42 - Product updated successfully.
08-18-2021 @ 07:08:33 - Row :43 - Parsing item.
08-18-2021 @ 07:08:33 - Row :43 - Processing item.
08-18-2021 @ 07:08:33 - Found variation product object. ID:41039
08-18-2021 @ 07:08:33 - Setting Featured Image. URL:https://nylimages.s3.amazonaws.com/HU08_Dark_Aqua.jpg
08-18-2021 @ 07:08:34 - Attachment ID:40967
08-18-2021 @ 07:08:34 - Row :43 - Product updated successfully.
08-18-2021 @ 07:08:34 - Row :44 - Parsing item.
08-18-2021 @ 07:08:34 - Row :44 - Processing item.
08-18-2021 @ 07:08:34 - Found variation product object. ID:41040
08-18-2021 @ 07:08:34 - Setting Featured Image. URL:https://nylimages.s3.amazonaws.com/HBI_DHHU08_CherryPiePointDEsprit.jpg
08-18-2021 @ 07:08:34 - Attachment ID:40968
08-18-2021 @ 07:08:34 - Row :44 - Product updated successfully.
08-18-2021 @ 07:08:34 - Row :45 - Parsing item.
08-18-2021 @ 07:08:34 - Row :45 - Processing item.
08-18-2021 @ 07:08:34 - Found variation product object. ID:41041
08-18-2021 @ 07:08:35 - Setting Featured Image. URL:https://nylimages.s3.amazonaws.com/HBI_DHHU08_CherryPiePointDEsprit.jpg
08-18-2021 @ 07:08:35 - Attachment ID:40968
08-18-2021 @ 07:08:35 - Row :45 - Product updated successfully.
08-18-2021 @ 07:08:35 - Row :46 - Parsing item.
08-18-2021 @ 07:08:35 - Row :46 - Processing item.
08-18-2021 @ 07:08:35 - Found variation product object. ID:41042
08-18-2021 @ 07:08:35 - Setting Featured Image. URL:https://nylimages.s3.amazonaws.com/HBI_DHHU08_CherryPiePointDEsprit.jpg
08-18-2021 @ 07:08:35 - Attachment ID:40968
08-18-2021 @ 07:08:35 - Row :46 - Product updated successfully.
08-18-2021 @ 07:08:35 - Row :47 - Parsing item.
08-18-2021 @ 07:08:35 - Row :47 - Processing item.
08-18-2021 @ 07:08:36 - Found variation product object. ID:41043
08-18-2021 @ 07:08:36 - Setting Featured Image. URL:https://nylimages.s3.amazonaws.com/HBI_DHHU08_CherryPiePointDEsprit.jpg
08-18-2021 @ 07:08:36 - Attachment ID:40968
08-18-2021 @ 07:08:36 - Row :47 - Product updated successfully.
08-18-2021 @ 07:08:36 - Row :48 - Parsing item.
08-18-2021 @ 07:08:36 - Row :48 - Processing item.
08-18-2021 @ 07:08:36 - Found variation product object. ID:41044
08-18-2021 @ 07:08:36 - Setting Featured Image. URL:https://nylimages.s3.amazonaws.com/HBI_DHHU08_CherryPiePointDEsprit.jpg
08-18-2021 @ 07:08:36 - Attachment ID:40968
08-18-2021 @ 07:08:36 - Row :48 - Product updated successfully.
08-18-2021 @ 07:08:36 - Row :49 - Parsing item.
08-18-2021 @ 07:08:37 - Row :49 - Processing item.
08-18-2021 @ 07:08:37 - Found variation product object. ID:41045
08-18-2021 @ 07:08:37 - Setting Featured Image. URL:https://nylimages.s3.amazonaws.com/HBI_DHHU08_CherryPiePointDEsprit.jpg
08-18-2021 @ 07:08:37 - Attachment ID:40968
08-18-2021 @ 07:08:37 - Row :49 - Product updated successfully.
08-18-2021 @ 07:08:37 - Row :50 - Parsing item.
08-18-2021 @ 07:08:37 - Row :50 - Processing item.
08-18-2021 @ 07:08:37 - Found variation product object. ID:41046
08-18-2021 @ 07:08:37 - Setting Featured Image. URL:http://199.250.200.51/~ncc35b5/wp-content/themes/apparel_direct/assets/images/coming-soon-img.jpg
08-18-2021 @ 07:08:37 - Attachment ID:11668
08-18-2021 @ 07:08:37 - Row :50 - Product updated successfully.
08-18-2021 @ 07:08:39 - Preparing for import.
08-18-2021 @ 07:08:39 - Row :51 - Parsing item.
08-18-2021 @ 07:08:39 - Row :51 - Processing item.
08-18-2021 @ 07:08:39 - Found variation product object. ID:41047
08-18-2021 @ 07:08:39 - Setting Featured Image. URL:http://199.250.200.51/~ncc35b5/wp-content/themes/apparel_direct/assets/images/coming-soon-img.jpg
08-18-2021 @ 07:08:39 - Attachment ID:11668
08-18-2021 @ 07:08:39 - Row :51 - Product updated successfully.
08-18-2021 @ 07:08:39 - Row :52 - Parsing item.
08-18-2021 @ 07:08:39 - Row :52 - Processing item.
08-18-2021 @ 07:08:39 - Found variation product object. ID:41048
08-18-2021 @ 07:08:39 - Setting Featured Image. URL:http://199.250.200.51/~ncc35b5/wp-content/themes/apparel_direct/assets/images/coming-soon-img.jpg
08-18-2021 @ 07:08:39 - Attachment ID:11668
08-18-2021 @ 07:08:39 - Row :52 - Product updated successfully.
08-18-2021 @ 07:08:39 - Row :53 - Parsing item.
08-18-2021 @ 07:08:40 - Row :53 - Processing item.
08-18-2021 @ 07:08:40 - Found variation product object. ID:41049
08-18-2021 @ 07:08:40 - Setting Featured Image. URL:http://199.250.200.51/~ncc35b5/wp-content/themes/apparel_direct/assets/images/coming-soon-img.jpg
08-18-2021 @ 07:08:40 - Attachment ID:11668
08-18-2021 @ 07:08:40 - Row :53 - Product updated successfully.
08-18-2021 @ 07:08:40 - Row :54 - Parsing item.
08-18-2021 @ 07:08:40 - Row :54 - Processing item.
08-18-2021 @ 07:08:40 - Found variation product object. ID:41050
08-18-2021 @ 07:08:40 - Setting Featured Image. URL:http://199.250.200.51/~ncc35b5/wp-content/themes/apparel_direct/assets/images/coming-soon-img.jpg
08-18-2021 @ 07:08:40 - Attachment ID:11668
08-18-2021 @ 07:08:40 - Row :54 - Product updated successfully.
08-18-2021 @ 07:08:40 - Row :55 - Parsing item.
08-18-2021 @ 07:08:40 - Row :55 - Processing item.
08-18-2021 @ 07:08:40 - Found variation product object. ID:41051
08-18-2021 @ 07:08:41 - Setting Featured Image. URL:http://199.250.200.51/~ncc35b5/wp-content/themes/apparel_direct/assets/images/coming-soon-img.jpg
08-18-2021 @ 07:08:41 - Attachment ID:11668
08-18-2021 @ 07:08:41 - Row :55 - Product updated successfully.
08-18-2021 @ 07:08:41 - Row :56 - Parsing item.
08-18-2021 @ 07:08:41 - Row :56 - Processing item.
08-18-2021 @ 07:08:41 - Found variation product object. ID:41052
08-18-2021 @ 07:08:41 - Setting Featured Image. URL:https://nylimages.s3.amazonaws.com/HBI_HU08_SilkenPink_sw.jpg
08-18-2021 @ 07:08:41 - Attachment ID:41053
08-18-2021 @ 07:08:41 - Row :56 - Product updated successfully.
08-18-2021 @ 07:08:41 - Row :57 - Parsing item.
08-18-2021 @ 07:08:41 - Row :57 - Processing item.
08-18-2021 @ 07:08:41 - Found variation product object. ID:41054
08-18-2021 @ 07:08:42 - Setting Featured Image. URL:https://nylimages.s3.amazonaws.com/HBI_DHHU08_MintSparklePointDEsprit.jpg
08-18-2021 @ 07:08:42 - Attachment ID:40970
08-18-2021 @ 07:08:42 - Row :57 - Product updated successfully.
08-18-2021 @ 07:08:42 - Row :58 - Parsing item.
08-18-2021 @ 07:08:42 - Row :58 - Processing item.
08-18-2021 @ 07:08:42 - Found variation product object. ID:41055
08-18-2021 @ 07:08:42 - Setting Featured Image. URL:https://nylimages.s3.amazonaws.com/HBI_DHHU08_MintSparklePointDEsprit.jpg
08-18-2021 @ 07:08:42 - Attachment ID:40970
08-18-2021 @ 07:08:42 - Row :58 - Product updated successfully.
08-18-2021 @ 07:08:42 - Row :59 - Parsing item.
08-18-2021 @ 07:08:42 - Row :59 - Processing item.
08-18-2021 @ 07:08:42 - Found variation product object. ID:41056
08-18-2021 @ 07:08:43 - Setting Featured Image. URL:https://nylimages.s3.amazonaws.com/HBI_DHHU08_MintSparklePointDEsprit.jpg
08-18-2021 @ 07:08:43 - Attachment ID:40970
08-18-2021 @ 07:08:43 - Row :59 - Product updated successfully.
08-18-2021 @ 07:08:43 - Row :60 - Parsing item.
08-18-2021 @ 07:08:43 - Row :60 - Processing item.
08-18-2021 @ 07:08:43 - Found variation product object. ID:41057
08-18-2021 @ 07:08:43 - Setting Featured Image. URL:https://nylimages.s3.amazonaws.com/HBI_DHHU08_MintSparklePointDEsprit.jpg
08-18-2021 @ 07:08:43 - Attachment ID:40970
08-18-2021 @ 07:08:43 - Row :60 - Product updated successfully.
08-18-2021 @ 07:08:45 - Preparing for import.
08-18-2021 @ 07:08:45 - Row :61 - Parsing item.
08-18-2021 @ 07:08:45 - Row :61 - Processing item.
08-18-2021 @ 07:08:45 - Found variation product object. ID:41058
08-18-2021 @ 07:08:45 - Setting Featured Image. URL:https://nylimages.s3.amazonaws.com/HBI_DHHU08_MintSparklePointDEsprit.jpg
08-18-2021 @ 07:08:45 - Attachment ID:40970
08-18-2021 @ 07:08:45 - Row :61 - Product updated successfully.
08-18-2021 @ 07:08:45 - Row :62 - Parsing item.
08-18-2021 @ 07:08:45 - Row :62 - Processing item.
08-18-2021 @ 07:08:46 - Found variation product object. ID:41059
08-18-2021 @ 07:08:46 - Setting Featured Image. URL:https://nylimages.s3.amazonaws.com/HBI_DHHU08_MintSparklePointDEsprit.jpg
08-18-2021 @ 07:08:46 - Attachment ID:40970
08-18-2021 @ 07:08:46 - Row :62 - Product updated successfully.
08-18-2021 @ 07:08:46 - Row :63 - Parsing item.
08-18-2021 @ 07:08:46 - Row :63 - Processing item.
08-18-2021 @ 07:08:46 - Found variation product object. ID:41060
08-18-2021 @ 07:08:46 - Setting Featured Image. URL:https://nylimages.s3.amazonaws.com/HBI_DHHU08_SteelBluePointDEsprit.jpg
08-18-2021 @ 07:08:46 - Attachment ID:40971
08-18-2021 @ 07:08:46 - Row :63 - Product updated successfully.
08-18-2021 @ 07:08:46 - Row :64 - Parsing item.
08-18-2021 @ 07:08:46 - Row :64 - Processing item.
08-18-2021 @ 07:08:47 - Found variation product object. ID:41061
08-18-2021 @ 07:08:47 - Setting Featured Image. URL:https://nylimages.s3.amazonaws.com/HBI_DHHU08_SteelBluePointDEsprit.jpg
08-18-2021 @ 07:08:47 - Attachment ID:40971
08-18-2021 @ 07:08:47 - Row :64 - Product updated successfully.
08-18-2021 @ 07:08:47 - Row :65 - Parsing item.
08-18-2021 @ 07:08:47 - Row :65 - Processing item.
08-18-2021 @ 07:08:47 - Found variation product object. ID:41062
08-18-2021 @ 07:08:47 - Setting Featured Image. URL:https://nylimages.s3.amazonaws.com/HBI_DHHU08_SteelBluePointDEsprit.jpg
08-18-2021 @ 07:08:47 - Attachment ID:40971
08-18-2021 @ 07:08:47 - Row :65 - Product updated successfully.
08-18-2021 @ 07:08:47 - Row :66 - Parsing item.
08-18-2021 @ 07:08:47 - Row :66 - Processing item.
08-18-2021 @ 07:08:48 - Found variation product object. ID:41063
08-18-2021 @ 07:08:48 - Setting Featured Image. URL:https://nylimages.s3.amazonaws.com/HBI_DHHU08_SteelBluePointDEsprit.jpg
08-18-2021 @ 07:08:48 - Attachment ID:40971
08-18-2021 @ 07:08:48 - Row :66 - Product updated successfully.
08-18-2021 @ 07:08:48 - Row :67 - Parsing item.
08-18-2021 @ 07:08:48 - Row :67 - Processing item.
08-18-2021 @ 07:08:48 - Found variation product object. ID:41064
08-18-2021 @ 07:08:48 - Setting Featured Image. URL:https://nylimages.s3.amazonaws.com/HBI_DHHU08_SteelBluePointDEsprit.jpg
08-18-2021 @ 07:08:48 - Attachment ID:40971
08-18-2021 @ 07:08:48 - Row :67 - Product updated successfully.
08-18-2021 @ 07:08:48 - Row :68 - Parsing item.
08-18-2021 @ 07:08:49 - Row :68 - Processing item.
08-18-2021 @ 07:08:49 - Found variation product object. ID:41065
08-18-2021 @ 07:08:49 - Setting Featured Image. URL:https://nylimages.s3.amazonaws.com/HBI_DHHU08_SteelBluePointDEsprit.jpg
08-18-2021 @ 07:08:49 - Attachment ID:40971
08-18-2021 @ 07:08:49 - Row :68 - Product updated successfully.
08-18-2021 @ 07:08:49 - Row :69 - Parsing item.
08-18-2021 @ 07:08:49 - Row :69 - Processing item.
08-18-2021 @ 07:08:49 - Found variation product object. ID:41066
08-18-2021 @ 07:08:49 - Setting Featured Image. URL:https://nylimages.s3.amazonaws.com/HBI_HU08_NudeHeather_sw.jpg
08-18-2021 @ 07:08:49 - Attachment ID:41067
08-18-2021 @ 07:08:50 - Row :69 - Product updated successfully.
08-18-2021 @ 07:08:50 - Row :70 - Parsing item.
08-18-2021 @ 07:08:50 - Row :70 - Processing item.
08-18-2021 @ 07:08:50 - Found variation product object. ID:41068
08-18-2021 @ 07:08:50 - Setting Featured Image. URL:https://nylimages.s3.amazonaws.com/HBI_HU08_NudeHeather_sw.jpg
08-18-2021 @ 07:08:50 - Attachment ID:41067
08-18-2021 @ 07:08:50 - Row :70 - Product updated successfully.
08-18-2021 @ 07:08:53 - Preparing for import.
08-18-2021 @ 07:08:53 - Row :71 - Parsing item.
08-18-2021 @ 07:08:53 - Row :71 - Processing item.
08-18-2021 @ 07:08:53 - Found variation product object. ID:41069
08-18-2021 @ 07:08:53 - Setting Featured Image. URL:https://nylimages.s3.amazonaws.com/HBI_HU08_NudeHeather_sw.jpg
08-18-2021 @ 07:08:53 - Attachment ID:41067
08-18-2021 @ 07:08:53 - Row :71 - Product updated successfully.
08-18-2021 @ 07:08:53 - Row :72 - Parsing item.
08-18-2021 @ 07:08:53 - Row :72 - Processing item.
08-18-2021 @ 07:08:53 - Found variation product object. ID:41070
08-18-2021 @ 07:08:54 - Setting Featured Image. URL:https://nylimages.s3.amazonaws.com/HBI_HU08_NudeHeather_sw.jpg
08-18-2021 @ 07:08:54 - Attachment ID:41067
08-18-2021 @ 07:08:54 - Row :72 - Product updated successfully.
08-18-2021 @ 07:08:54 - Row :73 - Parsing item.
08-18-2021 @ 07:08:54 - Row :73 - Processing item.
08-18-2021 @ 07:08:54 - Found variation product object. ID:41071
08-18-2021 @ 07:08:54 - Setting Featured Image. URL:https://nylimages.s3.amazonaws.com/HBI_HU08_DivineGreyStripe_sw.jpg
08-18-2021 @ 07:08:54 - Attachment ID:41072
08-18-2021 @ 07:08:54 - Row :73 - Product updated successfully.
08-18-2021 @ 07:08:54 - Row :74 - Parsing item.
08-18-2021 @ 07:08:54 - Row :74 - Processing item.
08-18-2021 @ 07:08:54 - Found variation product object. ID:41073
08-18-2021 @ 07:08:55 - Setting Featured Image. URL:https://nylimages.s3.amazonaws.com/HBI_HU08_LightGreyHeather_sw.jpg
08-18-2021 @ 07:08:55 - Attachment ID:41074
08-18-2021 @ 07:08:55 - Row :74 - Product updated successfully.
08-18-2021 @ 07:08:55 - Row :75 - Parsing item.
08-18-2021 @ 07:08:55 - Row :75 - Processing item.
08-18-2021 @ 07:08:55 - Found variation product object. ID:41075
08-18-2021 @ 07:08:55 - Setting Featured Image. URL:https://nylimages.s3.amazonaws.com/HBI_HU08_LightGreyHeather_sw.jpg
08-18-2021 @ 07:08:55 - Attachment ID:41074
08-18-2021 @ 07:08:55 - Row :75 - Product updated successfully.
08-18-2021 @ 07:08:55 - Row :76 - Parsing item.
08-18-2021 @ 07:08:55 - Row :76 - Processing item.
08-18-2021 @ 07:08:55 - Found variation product object. ID:41076
08-18-2021 @ 07:08:56 - Setting Featured Image. URL:https://nylimages.s3.amazonaws.com/HBI_HU08_LightGreyHeather_sw.jpg
08-18-2021 @ 07:08:56 - Attachment ID:41074
08-18-2021 @ 07:08:56 - Row :76 - Product updated successfully.
08-18-2021 @ 07:08:56 - Row :77 - Parsing item.
08-18-2021 @ 07:08:56 - Row :77 - Processing item.
08-18-2021 @ 07:08:56 - Found variation product object. ID:41077
08-18-2021 @ 07:08:56 - Setting Featured Image. URL:https://nylimages.s3.amazonaws.com/HBI_HU08_LightGreyHeather_sw.jpg
08-18-2021 @ 07:08:56 - Attachment ID:41074
08-18-2021 @ 07:08:56 - Row :77 - Product updated successfully.
08-18-2021 @ 07:08:56 - Row :78 - Parsing item.
08-18-2021 @ 07:08:56 - Row :78 - Processing item.
08-18-2021 @ 07:08:56 - Found variation product object. ID:41078
08-18-2021 @ 07:08:57 - Setting Featured Image. URL:http://199.250.200.51/~ncc35b5/wp-content/themes/apparel_direct/assets/images/coming-soon-img.jpg
08-18-2021 @ 07:08:57 - Attachment ID:11668
08-18-2021 @ 07:08:57 - Row :78 - Product updated successfully.
08-18-2021 @ 07:08:57 - Row :79 - Parsing item.
08-18-2021 @ 07:08:57 - Row :79 - Processing item.
08-18-2021 @ 07:08:57 - Found variation product object. ID:41079
08-18-2021 @ 07:08:57 - Setting Featured Image. URL:http://199.250.200.51/~ncc35b5/wp-content/themes/apparel_direct/assets/images/coming-soon-img.jpg
08-18-2021 @ 07:08:57 - Attachment ID:11668
08-18-2021 @ 07:08:57 - Row :79 - Product updated successfully.
08-18-2021 @ 07:08:57 - Row :80 - Parsing item.
08-18-2021 @ 07:08:57 - Row :80 - Processing item.
08-18-2021 @ 07:08:57 - Found variation product object. ID:41080
08-18-2021 @ 07:08:57 - Setting Featured Image. URL:http://199.250.200.51/~ncc35b5/wp-content/themes/apparel_direct/assets/images/coming-soon-img.jpg
08-18-2021 @ 07:08:57 - Attachment ID:11668
08-18-2021 @ 07:08:57 - Row :80 - Product updated successfully.
08-18-2021 @ 07:08:59 - Preparing for import.
08-18-2021 @ 07:08:59 - Row :81 - Parsing item.
08-18-2021 @ 07:08:59 - Row :81 - Processing item.
08-18-2021 @ 07:08:59 - Found variation product object. ID:41081
08-18-2021 @ 07:08:59 - Setting Featured Image. URL:http://199.250.200.51/~ncc35b5/wp-content/themes/apparel_direct/assets/images/coming-soon-img.jpg
08-18-2021 @ 07:08:59 - Attachment ID:11668
08-18-2021 @ 07:08:59 - Row :81 - Product updated successfully.
08-18-2021 @ 07:08:59 - Row :82 - Parsing item.
08-18-2021 @ 07:08:59 - Row :82 - Processing item.
08-18-2021 @ 07:08:59 - Found variation product object. ID:41082
08-18-2021 @ 07:08:59 - Setting Featured Image. URL:http://199.250.200.51/~ncc35b5/wp-content/themes/apparel_direct/assets/images/coming-soon-img.jpg
08-18-2021 @ 07:08:59 - Attachment ID:11668
08-18-2021 @ 07:08:59 - Row :82 - Product updated successfully.
08-18-2021 @ 07:08:59 - Row :83 - Parsing item.
08-18-2021 @ 07:09:00 - Row :83 - Processing item.
08-18-2021 @ 07:09:00 - Found variation product object. ID:41083
08-18-2021 @ 07:09:00 - Setting Featured Image. URL:http://199.250.200.51/~ncc35b5/wp-content/themes/apparel_direct/assets/images/coming-soon-img.jpg
08-18-2021 @ 07:09:00 - Attachment ID:11668
08-18-2021 @ 07:09:00 - Row :83 - Product updated successfully.
08-18-2021 @ 07:09:00 - Row :84 - Parsing item.
08-18-2021 @ 07:09:00 - Row :84 - Processing item.
08-18-2021 @ 07:09:00 - Found variation product object. ID:41084
08-18-2021 @ 07:09:00 - Setting Featured Image. URL:https://nylimages.s3.amazonaws.com/HU08_FreshBerryFloral.jpg
08-18-2021 @ 07:09:00 - Attachment ID:40975
08-18-2021 @ 07:09:00 - Row :84 - Product updated successfully.
08-18-2021 @ 07:09:00 - Row :85 - Parsing item.
08-18-2021 @ 07:09:00 - Row :85 - Processing item.
08-18-2021 @ 07:09:00 - Found variation product object. ID:41085
08-18-2021 @ 07:09:00 - Setting Featured Image. URL:https://nylimages.s3.amazonaws.com/HU08_FreshBerryFloral.jpg
08-18-2021 @ 07:09:00 - Attachment ID:40975
08-18-2021 @ 07:09:00 - Row :85 - Product updated successfully.
08-18-2021 @ 07:09:00 - Row :86 - Parsing item.
08-18-2021 @ 07:09:01 - Row :86 - Processing item.
08-18-2021 @ 07:09:01 - Found variation product object. ID:41086
08-18-2021 @ 07:09:01 - Setting Featured Image. URL:https://nylimages.s3.amazonaws.com/HU08_FreshBerryFloral.jpg
08-18-2021 @ 07:09:01 - Attachment ID:40975
08-18-2021 @ 07:09:01 - Row :86 - Product updated successfully.
08-18-2021 @ 07:09:01 - Row :87 - Parsing item.
08-18-2021 @ 07:09:01 - Row :87 - Processing item.
08-18-2021 @ 07:09:01 - Found variation product object. ID:41087
08-18-2021 @ 07:09:01 - Setting Featured Image. URL:https://nylimages.s3.amazonaws.com/HU08_FreshBerryFloral.jpg
08-18-2021 @ 07:09:01 - Attachment ID:40975
08-18-2021 @ 07:09:01 - Row :87 - Product updated successfully.
08-18-2021 @ 07:09:01 - Row :88 - Parsing item.
08-18-2021 @ 07:09:01 - Row :88 - Processing item.
08-18-2021 @ 07:09:01 - Found variation product object. ID:41088
08-18-2021 @ 07:09:01 - Setting Featured Image. URL:https://nylimages.s3.amazonaws.com/HU08_FreshBerryFloral.jpg
08-18-2021 @ 07:09:01 - Attachment ID:40975
08-18-2021 @ 07:09:01 - Row :88 - Product updated successfully.
08-18-2021 @ 07:09:01 - Row :89 - Parsing item.
08-18-2021 @ 07:09:02 - Row :89 - Processing item.
08-18-2021 @ 07:09:02 - Found variation product object. ID:41089
08-18-2021 @ 07:09:02 - Setting Featured Image. URL:https://nylimages.s3.amazonaws.com/HU08_FreshBerryFloral.jpg
08-18-2021 @ 07:09:02 - Attachment ID:40975
08-18-2021 @ 07:09:02 - Row :89 - Product updated successfully.
08-18-2021 @ 07:09:02 - Row :90 - Parsing item.
08-18-2021 @ 07:09:02 - Row :90 - Processing item.
08-18-2021 @ 07:09:02 - Found variation product object. ID:41090
08-18-2021 @ 07:09:02 - Setting Featured Image. URL:http://199.250.200.51/~ncc35b5/wp-content/themes/apparel_direct/assets/images/coming-soon-img.jpg
08-18-2021 @ 07:09:02 - Attachment ID:11668
08-18-2021 @ 07:09:02 - Row :90 - Product updated successfully.
08-18-2021 @ 07:09:04 - Preparing for import.
08-18-2021 @ 07:09:04 - Row :91 - Parsing item.
08-18-2021 @ 07:09:04 - Row :91 - Processing item.
08-18-2021 @ 07:09:04 - Found variation product object. ID:41091
08-18-2021 @ 07:09:04 - Setting Featured Image. URL:http://199.250.200.51/~ncc35b5/wp-content/themes/apparel_direct/assets/images/coming-soon-img.jpg
08-18-2021 @ 07:09:05 - Attachment ID:11668
08-18-2021 @ 07:09:05 - Row :91 - Product updated successfully.
08-18-2021 @ 07:09:05 - Row :92 - Parsing item.
08-18-2021 @ 07:09:05 - Row :92 - Processing item.
08-18-2021 @ 07:09:05 - Found variation product object. ID:41092
08-18-2021 @ 07:09:05 - Setting Featured Image. URL:http://199.250.200.51/~ncc35b5/wp-content/themes/apparel_direct/assets/images/coming-soon-img.jpg
08-18-2021 @ 07:09:05 - Attachment ID:11668
08-18-2021 @ 07:09:05 - Row :92 - Product updated successfully.
08-18-2021 @ 07:09:05 - Row :93 - Parsing item.
08-18-2021 @ 07:09:05 - Row :93 - Processing item.
08-18-2021 @ 07:09:05 - Found variation product object. ID:41093
08-18-2021 @ 07:09:05 - Setting Featured Image. URL:http://199.250.200.51/~ncc35b5/wp-content/themes/apparel_direct/assets/images/coming-soon-img.jpg
08-18-2021 @ 07:09:06 - Attachment ID:11668
08-18-2021 @ 07:09:06 - Row :93 - Product updated successfully.
08-18-2021 @ 07:09:06 - Row :94 - Parsing item.
08-18-2021 @ 07:09:06 - Row :94 - Processing item.
08-18-2021 @ 07:09:06 - Found variation product object. ID:41094
08-18-2021 @ 07:09:06 - Setting Featured Image. URL:http://199.250.200.51/~ncc35b5/wp-content/themes/apparel_direct/assets/images/coming-soon-img.jpg
08-18-2021 @ 07:09:06 - Attachment ID:11668
08-18-2021 @ 07:09:06 - Row :94 - Product updated successfully.
08-18-2021 @ 07:09:06 - Row :95 - Parsing item.
08-18-2021 @ 07:09:06 - Row :95 - Processing item.
08-18-2021 @ 07:09:06 - Found variation product object. ID:41095
08-18-2021 @ 07:09:06 - Setting Featured Image. URL:http://199.250.200.51/~ncc35b5/wp-content/themes/apparel_direct/assets/images/coming-soon-img.jpg
08-18-2021 @ 07:09:07 - Attachment ID:11668
08-18-2021 @ 07:09:07 - Row :95 - Product updated successfully.
08-18-2021 @ 07:09:07 - Row :96 - Parsing item.
08-18-2021 @ 07:09:07 - Row :96 - Processing item.
08-18-2021 @ 07:09:07 - Found variation product object. ID:41096
08-18-2021 @ 07:09:07 - Setting Featured Image. URL:http://199.250.200.51/~ncc35b5/wp-content/themes/apparel_direct/assets/images/coming-soon-img.jpg
08-18-2021 @ 07:09:07 - Attachment ID:11668
08-18-2021 @ 07:09:07 - Row :96 - Product updated successfully.
08-18-2021 @ 07:09:07 - Row :97 - Parsing item.
08-18-2021 @ 07:09:07 - Row :97 - Processing item.
08-18-2021 @ 07:09:07 - Found variation product object. ID:41097
08-18-2021 @ 07:09:07 - Setting Featured Image. URL:https://nylimages.s3.amazonaws.com/HBI_HU08_SoftTaupeShadowStripe_sw.jpg
08-18-2021 @ 07:09:08 - Attachment ID:41098
08-18-2021 @ 07:09:08 - Row :97 - Product updated successfully.
08-18-2021 @ 07:09:08 - Row :98 - Parsing item.
08-18-2021 @ 07:09:08 - Row :98 - Processing item.
08-18-2021 @ 07:09:08 - Found variation product object. ID:41099
08-18-2021 @ 07:09:08 - Setting Featured Image. URL:https://nylimages.s3.amazonaws.com/HBI_HU08_SoftTaupeShadowStripe_sw.jpg
08-18-2021 @ 07:09:08 - Attachment ID:41098
08-18-2021 @ 07:09:08 - Row :98 - Product updated successfully.
08-18-2021 @ 07:09:08 - Row :99 - Parsing item.
08-18-2021 @ 07:09:08 - Row :99 - Processing item.
08-18-2021 @ 07:09:08 - Found variation product object. ID:41100
08-18-2021 @ 07:09:09 - Setting Featured Image. URL:https://nylimages.s3.amazonaws.com/HBI_HU08_SoftTaupeShadowStripe_sw.jpg
08-18-2021 @ 07:09:09 - Attachment ID:41098
08-18-2021 @ 07:09:09 - Row :99 - Product updated successfully.
08-18-2021 @ 07:09:09 - Row :100 - Parsing item.
08-18-2021 @ 07:09:09 - Row :100 - Processing item.
08-18-2021 @ 07:09:09 - Found variation product object. ID:41101
08-18-2021 @ 07:09:09 - Setting Featured Image. URL:https://nylimages.s3.amazonaws.com/HBI_HU08_WhiteShadowStripe_sw.jpg
08-18-2021 @ 07:09:09 - Attachment ID:41102
08-18-2021 @ 07:09:09 - Row :100 - Product updated successfully.
08-18-2021 @ 07:09:11 - Preparing for import.
08-18-2021 @ 07:09:11 - Row :101 - Parsing item.
08-18-2021 @ 07:09:11 - Row :101 - Processing item.
08-18-2021 @ 07:09:11 - Found variation product object. ID:41103
08-18-2021 @ 07:09:11 - Setting Featured Image. URL:https://nylimages.s3.amazonaws.com/HBI_HU08_WhiteShadowStripe_sw.jpg
08-18-2021 @ 07:09:11 - Attachment ID:41102
08-18-2021 @ 07:09:11 - Row :101 - Product updated successfully.
08-18-2021 @ 07:09:11 - Row :102 - Parsing item.
08-18-2021 @ 07:09:12 - Row :102 - Processing item.
08-18-2021 @ 07:09:12 - Found variation product object. ID:41104
08-18-2021 @ 07:09:12 - Setting Featured Image. URL:https://nylimages.s3.amazonaws.com/HBI_HU08_CharcoalFloralJacquard_sw.jpg
08-18-2021 @ 07:09:12 - Attachment ID:41105
08-18-2021 @ 07:09:12 - Row :102 - Product updated successfully.
08-18-2021 @ 07:09:12 - Row :103 - Parsing item.
08-18-2021 @ 07:09:12 - Row :103 - Processing item.
08-18-2021 @ 07:09:12 - Found variation product object. ID:41106
08-18-2021 @ 07:09:12 - Setting Featured Image. URL:https://nylimages.s3.amazonaws.com/HBI_HU08_WhiteHeather_sw.jpg
08-18-2021 @ 07:09:12 - Attachment ID:41107
08-18-2021 @ 07:09:12 - Row :103 - Product updated successfully.
08-18-2021 @ 07:09:12 - Row :104 - Parsing item.
08-18-2021 @ 07:09:13 - Row :104 - Processing item.
08-18-2021 @ 07:09:13 - Found variation product object. ID:41108
08-18-2021 @ 07:09:13 - Setting Featured Image. URL:https://nylimages.s3.amazonaws.com/HBI_HU08_WhiteHeather_sw.jpg
08-18-2021 @ 07:09:13 - Attachment ID:41107
08-18-2021 @ 07:09:13 - Row :104 - Product updated successfully.
08-18-2021 @ 07:09:13 - Row :105 - Parsing item.
08-18-2021 @ 07:09:13 - Row :105 - Processing item.
08-18-2021 @ 07:09:13 - Found variation product object. ID:41109
08-18-2021 @ 07:09:13 - Setting Featured Image. URL:https://nylimages.s3.amazonaws.com/HBI_HU08_WhiteHeather_sw.jpg
08-18-2021 @ 07:09:13 - Attachment ID:41107
08-18-2021 @ 07:09:13 - Row :105 - Product updated successfully.
08-18-2021 @ 07:09:13 - Row :106 - Parsing item.
08-18-2021 @ 07:09:14 - Row :106 - Processing item.
08-18-2021 @ 07:09:14 - Found variation product object. ID:41110
08-18-2021 @ 07:09:14 - Setting Featured Image. URL:https://nylimages.s3.amazonaws.com/HBI_HU08_WhiteHeather_sw.jpg
08-18-2021 @ 07:09:14 - Attachment ID:41107
08-18-2021 @ 07:09:14 - Row :106 - Product updated successfully.
08-18-2021 @ 07:09:14 - Row :107 - Parsing item.
08-18-2021 @ 07:09:14 - Row :107 - Processing item.
08-18-2021 @ 07:09:14 - Found variation product object. ID:41111
08-18-2021 @ 07:09:14 - Setting Featured Image. URL:https://nylimages.s3.amazonaws.com/HU08_GreyDespirit.jpg
08-18-2021 @ 07:09:14 - Attachment ID:40980
08-18-2021 @ 07:09:14 - Row :107 - Product updated successfully.
08-18-2021 @ 07:09:14 - Row :108 - Parsing item.
08-18-2021 @ 07:09:15 - Row :108 - Processing item.
08-18-2021 @ 07:09:15 - Found variation product object. ID:41112
08-18-2021 @ 07:09:15 - Setting Featured Image. URL:https://nylimages.s3.amazonaws.com/HU08_GreyDespirit.jpg
08-18-2021 @ 07:09:15 - Attachment ID:40980
08-18-2021 @ 07:09:15 - Row :108 - Product updated successfully.
08-18-2021 @ 07:09:15 - Row :109 - Parsing item.
08-18-2021 @ 07:09:15 - Row :109 - Processing item.
08-18-2021 @ 07:09:15 - Found variation product object. ID:41113
08-18-2021 @ 07:09:15 - Setting Featured Image. URL:https://nylimages.s3.amazonaws.com/HU08_GreyDespirit.jpg
08-18-2021 @ 07:09:15 - Attachment ID:40980
08-18-2021 @ 07:09:16 - Row :109 - Product updated successfully.
08-18-2021 @ 07:09:16 - Row :110 - Parsing item.
08-18-2021 @ 07:09:16 - Row :110 - Processing item.
08-18-2021 @ 07:09:16 - Found variation product object. ID:41114
08-18-2021 @ 07:09:16 - Setting Featured Image. URL:https://nylimages.s3.amazonaws.com/HU08_GreyDespirit.jpg
08-18-2021 @ 07:09:16 - Attachment ID:40980
08-18-2021 @ 07:09:16 - Row :110 - Product updated successfully.
08-18-2021 @ 07:09:19 - Preparing for import.
08-18-2021 @ 07:09:19 - Row :111 - Parsing item.
08-18-2021 @ 07:09:19 - Row :111 - Processing item.
08-18-2021 @ 07:09:19 - Found variation product object. ID:41115
08-18-2021 @ 07:09:19 - Setting Featured Image. URL:https://nylimages.s3.amazonaws.com/HU08_GreyDespirit.jpg
08-18-2021 @ 07:09:19 - Attachment ID:40980
08-18-2021 @ 07:09:19 - Row :111 - Product updated successfully.
08-18-2021 @ 07:09:19 - Row :112 - Parsing item.
08-18-2021 @ 07:09:19 - Row :112 - Processing item.
08-18-2021 @ 07:09:19 - Found variation product object. ID:41116
08-18-2021 @ 07:09:20 - Setting Featured Image. URL:https://nylimages.s3.amazonaws.com/HU08_BlackDespirit.jpg
08-18-2021 @ 07:09:20 - Attachment ID:40981
08-18-2021 @ 07:09:20 - Row :112 - Product updated successfully.
08-18-2021 @ 07:09:20 - Row :113 - Parsing item.
08-18-2021 @ 07:09:20 - Row :113 - Processing item.
08-18-2021 @ 07:09:20 - Found variation product object. ID:41117
08-18-2021 @ 07:09:20 - Setting Featured Image. URL:https://nylimages.s3.amazonaws.com/HU08_BlackDespirit.jpg
08-18-2021 @ 07:09:20 - Attachment ID:40981
08-18-2021 @ 07:09:20 - Row :113 - Product updated successfully.
08-18-2021 @ 07:09:20 - Row :114 - Parsing item.
08-18-2021 @ 07:09:21 - Row :114 - Processing item.
08-18-2021 @ 07:09:21 - Found variation product object. ID:41118
08-18-2021 @ 07:09:21 - Setting Featured Image. URL:https://nylimages.s3.amazonaws.com/HU08_BlackDespirit.jpg
08-18-2021 @ 07:09:21 - Attachment ID:40981
08-18-2021 @ 07:09:21 - Row :114 - Product updated successfully.
08-18-2021 @ 07:09:21 - Row :115 - Parsing item.
08-18-2021 @ 07:09:21 - Row :115 - Processing item.
08-18-2021 @ 07:09:21 - Found variation product object. ID:41119
08-18-2021 @ 07:09:21 - Setting Featured Image. URL:https://nylimages.s3.amazonaws.com/HU08_BlackDespirit.jpg
08-18-2021 @ 07:09:21 - Attachment ID:40981
08-18-2021 @ 07:09:21 - Row :115 - Product updated successfully.
08-18-2021 @ 07:09:21 - Row :116 - Parsing item.
08-18-2021 @ 07:09:22 - Row :116 - Processing item.
08-18-2021 @ 07:09:22 - Found variation product object. ID:41120
08-18-2021 @ 07:09:22 - Setting Featured Image. URL:https://nylimages.s3.amazonaws.com/HU08_BlackDespirit.jpg
08-18-2021 @ 07:09:22 - Attachment ID:40981
08-18-2021 @ 07:09:22 - Row :116 - Product updated successfully.
08-18-2021 @ 07:09:22 - Row :117 - Parsing item.
08-18-2021 @ 07:09:22 - Row :117 - Processing item.
08-18-2021 @ 07:09:22 - Found variation product object. ID:41121
08-18-2021 @ 07:09:22 - Setting Featured Image. URL:https://nylimages.s3.amazonaws.com/HU08_BlackDespirit.jpg
08-18-2021 @ 07:09:22 - Attachment ID:40981
08-18-2021 @ 07:09:23 - Row :117 - Product updated successfully.
08-18-2021 @ 07:09:23 - Row :118 - Parsing item.
08-18-2021 @ 07:09:23 - Row :118 - Processing item.
08-18-2021 @ 07:09:23 - Found variation product object. ID:41122
08-18-2021 @ 07:09:23 - Setting Featured Image. URL:http://199.250.200.51/~ncc35b5/wp-content/themes/apparel_direct/assets/images/coming-soon-img.jpg
08-18-2021 @ 07:09:23 - Attachment ID:11668
08-18-2021 @ 07:09:23 - Row :118 - Product updated successfully.
08-18-2021 @ 07:09:23 - Row :119 - Parsing item.
08-18-2021 @ 07:09:23 - Row :119 - Processing item.
08-18-2021 @ 07:09:23 - Found variation product object. ID:41123
08-18-2021 @ 07:09:23 - Setting Featured Image. URL:https://nylimages.s3.amazonaws.com/HBI_HU08_SoftTaupeDot_sw.jpg
08-18-2021 @ 07:09:23 - Attachment ID:41124
08-18-2021 @ 07:09:24 - Row :119 - Product updated successfully.
08-18-2021 @ 07:09:24 - Row :120 - Parsing item.
08-18-2021 @ 07:09:24 - Row :120 - Processing item.
08-18-2021 @ 07:09:24 - Found variation product object. ID:41125
08-18-2021 @ 07:09:24 - Setting Featured Image. URL:https://nylimages.s3.amazonaws.com/HBI_HU08_SoftTaupeDot_sw.jpg
08-18-2021 @ 07:09:24 - Attachment ID:41124
08-18-2021 @ 07:09:24 - Row :120 - Product updated successfully.
08-18-2021 @ 07:09:26 - Preparing for import.
08-18-2021 @ 07:09:26 - Row :121 - Parsing item.
08-18-2021 @ 07:09:26 - Row :121 - Processing item.
08-18-2021 @ 07:09:26 - Found variation product object. ID:41126
08-18-2021 @ 07:09:26 - Setting Featured Image. URL:https://nylimages.s3.amazonaws.com/HBI_HU08_SoftTaupeDot_sw.jpg
08-18-2021 @ 07:09:26 - Attachment ID:41124
08-18-2021 @ 07:09:26 - Row :121 - Product updated successfully.
08-18-2021 @ 07:09:26 - Row :122 - Parsing item.
08-18-2021 @ 07:09:26 - Row :122 - Processing item.
08-18-2021 @ 07:09:26 - Found variation product object. ID:41127
08-18-2021 @ 07:09:27 - Setting Featured Image. URL:https://nylimages.s3.amazonaws.com/HBI_HU08_SoftTaupeDot_sw.jpg
08-18-2021 @ 07:09:27 - Attachment ID:41124
08-18-2021 @ 07:09:27 - Row :122 - Product updated successfully.
08-18-2021 @ 07:09:27 - Row :123 - Parsing item.
08-18-2021 @ 07:09:27 - Row :123 - Processing item.
08-18-2021 @ 07:09:27 - Found variation product object. ID:41128
08-18-2021 @ 07:09:27 - Setting Featured Image. URL:https://nylimages.s3.amazonaws.com/HBI_HU08_SoftTaupeDot_sw.jpg
08-18-2021 @ 07:09:27 - Attachment ID:41124
08-18-2021 @ 07:09:27 - Row :123 - Product updated successfully.
08-18-2021 @ 07:09:27 - Row :124 - Parsing item.
08-18-2021 @ 07:09:27 - Row :124 - Processing item.
08-18-2021 @ 07:09:28 - Found variation product object. ID:41129
08-18-2021 @ 07:09:28 - Setting Featured Image. URL:http://199.250.200.51/~ncc35b5/wp-content/themes/apparel_direct/assets/images/coming-soon-img.jpg
08-18-2021 @ 07:09:28 - Attachment ID:11668
08-18-2021 @ 07:09:28 - Row :124 - Product updated successfully.
08-18-2021 @ 07:09:28 - Row :125 - Parsing item.
08-18-2021 @ 07:09:28 - Row :125 - Processing item.
08-18-2021 @ 07:09:28 - Found variation product object. ID:41130
08-18-2021 @ 07:09:28 - Setting Featured Image. URL:https://cdn1.nuorder.com/product/330d396dc923137cb7a06de9639f9b1f.jpg
08-18-2021 @ 07:09:28 - Attachment ID:40983
08-18-2021 @ 07:09:28 - Row :125 - Product updated successfully.
08-18-2021 @ 07:09:28 - Row :126 - Parsing item.
08-18-2021 @ 07:09:28 - Row :126 - Processing item.
08-18-2021 @ 07:09:28 - Found variation product object. ID:41131
08-18-2021 @ 07:09:28 - Setting Featured Image. URL:https://cdn1.nuorder.com/product/330d396dc923137cb7a06de9639f9b1f.jpg
08-18-2021 @ 07:09:28 - Attachment ID:40983
08-18-2021 @ 07:09:28 - Row :126 - Product updated successfully.
08-18-2021 @ 07:09:28 - Row :127 - Parsing item.
08-18-2021 @ 07:09:29 - Row :127 - Processing item.
08-18-2021 @ 07:09:29 - Found variation product object. ID:41132
08-18-2021 @ 07:09:29 - Setting Featured Image. URL:https://cdn1.nuorder.com/product/330d396dc923137cb7a06de9639f9b1f.jpg
08-18-2021 @ 07:09:29 - Attachment ID:40983
08-18-2021 @ 07:09:29 - Row :127 - Product updated successfully.
08-18-2021 @ 07:09:29 - Row :128 - Parsing item.
08-18-2021 @ 07:09:29 - Row :128 - Processing item.
08-18-2021 @ 07:09:29 - Found variation product object. ID:41133
08-18-2021 @ 07:09:29 - Setting Featured Image. URL:https://cdn1.nuorder.com/product/330d396dc923137cb7a06de9639f9b1f.jpg
08-18-2021 @ 07:09:29 - Attachment ID:40983
08-18-2021 @ 07:09:29 - Row :128 - Product updated successfully.
08-18-2021 @ 07:09:29 - Row :129 - Parsing item.
08-18-2021 @ 07:09:29 - Row :129 - Processing item.
08-18-2021 @ 07:09:30 - Found variation product object. ID:41134
08-18-2021 @ 07:09:30 - Setting Featured Image. URL:https://cdn1.nuorder.com/product/330d396dc923137cb7a06de9639f9b1f.jpg
08-18-2021 @ 07:09:30 - Attachment ID:40983
08-18-2021 @ 07:09:30 - Row :129 - Product updated successfully.
08-18-2021 @ 07:09:30 - Row :130 - Parsing item.
08-18-2021 @ 07:09:30 - Row :130 - Processing item.
08-18-2021 @ 07:09:30 - Found variation product object. ID:41135
08-18-2021 @ 07:09:30 - Setting Featured Image. URL:https://cdn1.nuorder.com/product/330d396dc923137cb7a06de9639f9b1f.jpg
08-18-2021 @ 07:09:30 - Attachment ID:40983
08-18-2021 @ 07:09:30 - Row :130 - Product updated successfully.
08-18-2021 @ 07:09:32 - Preparing for import.
08-18-2021 @ 07:09:32 - Row :131 - Parsing item.
08-18-2021 @ 07:09:32 - Row :131 - Processing item.
08-18-2021 @ 07:09:32 - Found variation product object. ID:41136
08-18-2021 @ 07:09:32 - Setting Featured Image. URL:https://nylimages.s3.amazonaws.com/HU08_WhiteDespirit.jpg
08-18-2021 @ 07:09:32 - Attachment ID:40984
08-18-2021 @ 07:09:32 - Row :131 - Product updated successfully.
08-18-2021 @ 07:09:32 - Row :132 - Parsing item.
08-18-2021 @ 07:09:33 - Row :132 - Processing item.
08-18-2021 @ 07:09:33 - Found variation product object. ID:41137
08-18-2021 @ 07:09:33 - Setting Featured Image. URL:https://nylimages.s3.amazonaws.com/HU08_WhiteDespirit.jpg
08-18-2021 @ 07:09:33 - Attachment ID:40984
08-18-2021 @ 07:09:33 - Row :132 - Product updated successfully.
08-18-2021 @ 07:09:33 - Row :133 - Parsing item.
08-18-2021 @ 07:09:33 - Row :133 - Processing item.
08-18-2021 @ 07:09:33 - Found variation product object. ID:41138
08-18-2021 @ 07:09:33 - Setting Featured Image. URL:https://nylimages.s3.amazonaws.com/HU08_WhiteDespirit.jpg
08-18-2021 @ 07:09:33 - Attachment ID:40984
08-18-2021 @ 07:09:33 - Row :133 - Product updated successfully.
08-18-2021 @ 07:09:33 - Row :134 - Parsing item.
08-18-2021 @ 07:09:34 - Row :134 - Processing item.
08-18-2021 @ 07:09:34 - Found variation product object. ID:41139
08-18-2021 @ 07:09:34 - Setting Featured Image. URL:https://nylimages.s3.amazonaws.com/HU08_WhiteDespirit.jpg
08-18-2021 @ 07:09:34 - Attachment ID:40984
08-18-2021 @ 07:09:34 - Row :134 - Product updated successfully.
08-18-2021 @ 07:09:34 - Row :135 - Parsing item.
08-18-2021 @ 07:09:34 - Row :135 - Processing item.
08-18-2021 @ 07:09:34 - Found variation product object. ID:41140
08-18-2021 @ 07:09:35 - Setting Featured Image. URL:https://nylimages.s3.amazonaws.com/HU08_WhiteDespirit.jpg
08-18-2021 @ 07:09:35 - Attachment ID:40984
08-18-2021 @ 07:09:35 - Row :135 - Product updated successfully.
08-18-2021 @ 07:09:35 - Row :136 - Parsing item.
08-18-2021 @ 07:09:35 - Row :136 - Processing item.
08-18-2021 @ 07:09:35 - Found variation product object. ID:41141
08-18-2021 @ 07:09:35 - Setting Featured Image. URL:https://nylimages.s3.amazonaws.com/HU08_WhiteDespirit.jpg
08-18-2021 @ 07:09:35 - Attachment ID:40984
08-18-2021 @ 07:09:35 - Row :136 - Product updated successfully.
08-18-2021 @ 07:09:35 - Row :137 - Parsing item.
08-18-2021 @ 07:09:35 - Row :137 - Processing item.
08-18-2021 @ 07:09:35 - Found variation product object. ID:41142
08-18-2021 @ 07:09:36 - Setting Featured Image. URL:https://nylimages.s3.amazonaws.com/HBI_HU08_PorcelainShadowStripe_sw.jpg
08-18-2021 @ 07:09:36 - Attachment ID:41143
08-18-2021 @ 07:09:36 - Row :137 - Product updated successfully.
08-18-2021 @ 07:09:36 - Row :138 - Parsing item.
08-18-2021 @ 07:09:36 - Row :138 - Processing item.
08-18-2021 @ 07:09:36 - Found variation product object. ID:41144
08-18-2021 @ 07:09:36 - Setting Featured Image. URL:https://nylimages.s3.amazonaws.com/HBI_HU08_PorcelainShadowStripe_sw.jpg
08-18-2021 @ 07:09:36 - Attachment ID:41143
08-18-2021 @ 07:09:36 - Row :138 - Product updated successfully.
08-18-2021 @ 07:09:36 - Row :139 - Parsing item.
08-18-2021 @ 07:09:36 - Row :139 - Processing item.
08-18-2021 @ 07:09:36 - Found variation product object. ID:41145
08-18-2021 @ 07:09:37 - Setting Featured Image. URL:https://nylimages.s3.amazonaws.com/HBI_HU08_CharmingBlueShadowStripe_sw.jpg
08-18-2021 @ 07:09:37 - Attachment ID:41146
08-18-2021 @ 07:09:37 - Row :139 - Product updated successfully.
08-18-2021 @ 07:09:37 - Row :140 - Parsing item.
08-18-2021 @ 07:09:37 - Row :140 - Processing item.
08-18-2021 @ 07:09:37 - Found variation product object. ID:41147
08-18-2021 @ 07:09:37 - Setting Featured Image. URL:https://nylimages.s3.amazonaws.com/HBI_HU08_DivineGreyDot_sw.jpg
08-18-2021 @ 07:09:37 - Attachment ID:41148
08-18-2021 @ 07:09:37 - Row :140 - Product updated successfully.
08-18-2021 @ 07:09:39 - Preparing for import.
08-18-2021 @ 07:09:39 - Row :141 - Parsing item.
08-18-2021 @ 07:09:39 - Row :141 - Processing item.
08-18-2021 @ 07:09:39 - Found variation product object. ID:41149
08-18-2021 @ 07:09:39 - Setting Featured Image. URL:https://nylimages.s3.amazonaws.com/HBI_HU08_DivineGreyDot_sw.jpg
08-18-2021 @ 07:09:39 - Attachment ID:41148
08-18-2021 @ 07:09:39 - Row :141 - Product updated successfully.
08-18-2021 @ 07:09:39 - Row :142 - Parsing item.
08-18-2021 @ 07:09:40 - Row :142 - Processing item.
08-18-2021 @ 07:09:40 - Found variation product object. ID:41150
08-18-2021 @ 07:09:40 - Setting Featured Image. URL:https://nylimages.s3.amazonaws.com/HBI_HU08_DivineGreyDot_sw.jpg
08-18-2021 @ 07:09:40 - Attachment ID:41148
08-18-2021 @ 07:09:40 - Row :142 - Product updated successfully.
08-18-2021 @ 07:09:40 - Row :143 - Parsing item.
08-18-2021 @ 07:09:40 - Row :143 - Processing item.
08-18-2021 @ 07:09:40 - Found variation product object. ID:41151
08-18-2021 @ 07:09:40 - Setting Featured Image. URL:https://nylimages.s3.amazonaws.com/HBI_HU08_DivineGreyDot_sw.jpg
08-18-2021 @ 07:09:40 - Attachment ID:41148
08-18-2021 @ 07:09:41 - Row :143 - Product updated successfully.
08-18-2021 @ 07:09:41 - Row :144 - Parsing item.
08-18-2021 @ 07:09:41 - Row :144 - Processing item.
08-18-2021 @ 07:09:41 - Found variation product object. ID:41152
08-18-2021 @ 07:09:41 - Setting Featured Image. URL:https://nylimages.s3.amazonaws.com/HBI_HU08_DivineGreyDot_sw.jpg
08-18-2021 @ 07:09:41 - Attachment ID:41148
08-18-2021 @ 07:09:41 - Row :144 - Product updated successfully.
08-18-2021 @ 07:09:41 - Row :145 - Parsing item.
08-18-2021 @ 07:09:41 - Row :145 - Processing item.
08-18-2021 @ 07:09:41 - Found variation product object. ID:41153
08-18-2021 @ 07:09:41 - Setting Featured Image. URL:https://nylimages.s3.amazonaws.com/HBI_HU08_DarkCobaltNightShadowStripe_sw.jpg
08-18-2021 @ 07:09:41 - Attachment ID:41154
08-18-2021 @ 07:09:42 - Row :145 - Product updated successfully.
08-18-2021 @ 07:09:42 - Row :146 - Parsing item.
08-18-2021 @ 07:09:42 - Row :146 - Processing item.
08-18-2021 @ 07:09:42 - Found variation product object. ID:41155
08-18-2021 @ 07:09:42 - Setting Featured Image. URL:https://nylimages.s3.amazonaws.com/HBI_HU08_BlushingRougeDot_sw.jpg
08-18-2021 @ 07:09:42 - Attachment ID:41156
08-18-2021 @ 07:09:42 - Row :146 - Product updated successfully.
08-18-2021 @ 07:09:42 - Row :147 - Parsing item.
08-18-2021 @ 07:09:42 - Row :147 - Processing item.
08-18-2021 @ 07:09:42 - Found variation product object. ID:41157
08-18-2021 @ 07:09:42 - Setting Featured Image. URL:https://nylimages.s3.amazonaws.com/HBI_HU08_DeepCeruleanBlueDot_sw.jpg
08-18-2021 @ 07:09:42 - Attachment ID:41158
08-18-2021 @ 07:09:43 - Row :147 - Product updated successfully.
08-18-2021 @ 07:09:43 - Row :148 - Parsing item.
08-18-2021 @ 07:09:43 - Row :148 - Processing item.
08-18-2021 @ 07:09:43 - Found variation product object. ID:41159
08-18-2021 @ 07:09:43 - Setting Featured Image. URL:https://nylimages.s3.amazonaws.com/HBI_HU08_CrocusDot_sw.jpg
08-18-2021 @ 07:09:43 - Attachment ID:41160
08-18-2021 @ 07:09:43 - Row :148 - Product updated successfully.
08-18-2021 @ 07:09:43 - Row :149 - Parsing item.
08-18-2021 @ 07:09:43 - Row :149 - Processing item.
08-18-2021 @ 07:09:43 - Found variation product object. ID:41161
08-18-2021 @ 07:09:43 - Setting Featured Image. URL:https://nylimages.s3.amazonaws.com/HBI_HU08_CrocusDot_sw.jpg
08-18-2021 @ 07:09:43 - Attachment ID:41160
08-18-2021 @ 07:09:44 - Row :149 - Product updated successfully.
08-18-2021 @ 07:09:44 - Row :150 - Parsing item.
08-18-2021 @ 07:09:44 - Row :150 - Processing item.
08-18-2021 @ 07:09:44 - Found variation product object. ID:41162
08-18-2021 @ 07:09:44 - Setting Featured Image. URL:https://nylimages.s3.amazonaws.com/HU08_NudeFloral.jpg
08-18-2021 @ 07:09:44 - Attachment ID:40992
08-18-2021 @ 07:09:44 - Row :150 - Product updated successfully.
08-18-2021 @ 07:09:46 - Preparing for import.
08-18-2021 @ 07:09:46 - Row :151 - Parsing item.
08-18-2021 @ 07:09:46 - Row :151 - Processing item.
08-18-2021 @ 07:09:46 - Found variation product object. ID:41163
08-18-2021 @ 07:09:46 - Setting Featured Image. URL:https://nylimages.s3.amazonaws.com/HU08_NudeFloral.jpg
08-18-2021 @ 07:09:46 - Attachment ID:40992
08-18-2021 @ 07:09:46 - Row :151 - Product updated successfully.
08-18-2021 @ 07:09:46 - Row :152 - Parsing item.
08-18-2021 @ 07:09:46 - Row :152 - Processing item.
08-18-2021 @ 07:09:46 - Found variation product object. ID:41164
08-18-2021 @ 07:09:46 - Setting Featured Image. URL:https://nylimages.s3.amazonaws.com/HU08_NudeFloral.jpg
08-18-2021 @ 07:09:46 - Attachment ID:40992
08-18-2021 @ 07:09:46 - Row :152 - Product updated successfully.
08-18-2021 @ 07:09:46 - Row :153 - Parsing item.
08-18-2021 @ 07:09:46 - Row :153 - Processing item.
08-18-2021 @ 07:09:46 - Found variation product object. ID:41165
08-18-2021 @ 07:09:46 - Setting Featured Image. URL:https://nylimages.s3.amazonaws.com/HU08_NudeFloral.jpg
08-18-2021 @ 07:09:47 - Attachment ID:40992
08-18-2021 @ 07:09:47 - Row :153 - Product updated successfully.
08-18-2021 @ 07:09:47 - Row :154 - Parsing item.
08-18-2021 @ 07:09:47 - Row :154 - Processing item.
08-18-2021 @ 07:09:47 - Found variation product object. ID:41166
08-18-2021 @ 07:09:47 - Setting Featured Image. URL:https://nylimages.s3.amazonaws.com/HU08_NudeFloral.jpg
08-18-2021 @ 07:09:47 - Attachment ID:40992
08-18-2021 @ 07:09:47 - Row :154 - Product updated successfully.
08-18-2021 @ 07:09:47 - Row :155 - Parsing item.
08-18-2021 @ 07:09:47 - Row :155 - Processing item.
08-18-2021 @ 07:09:47 - Found variation product object. ID:41167
08-18-2021 @ 07:09:47 - Setting Featured Image. URL:https://nylimages.s3.amazonaws.com/HU08_NudeFloral.jpg
08-18-2021 @ 07:09:47 - Attachment ID:40992
08-18-2021 @ 07:09:47 - Row :155 - Product updated successfully.
08-18-2021 @ 07:09:47 - Row :156 - Parsing item.
08-18-2021 @ 07:09:47 - Row :156 - Processing item.
08-18-2021 @ 07:09:47 - Found variation product object. ID:41168
08-18-2021 @ 07:09:48 - Setting Featured Image. URL:https://nylimages.s3.amazonaws.com/HBI_HU08_LavenderSparkleDot_sw.jpg
08-18-2021 @ 07:09:48 - Attachment ID:41169
08-18-2021 @ 07:09:48 - Row :156 - Product updated successfully.
08-18-2021 @ 07:09:48 - Row :157 - Parsing item.
08-18-2021 @ 07:09:48 - Row :157 - Processing item.
08-18-2021 @ 07:09:48 - Found variation product object. ID:41170
08-18-2021 @ 07:09:48 - Setting Featured Image. URL:https://nylimages.s3.amazonaws.com/HBI_HU08_LavenderSparkleDot_sw.jpg
08-18-2021 @ 07:09:48 - Attachment ID:41169
08-18-2021 @ 07:09:48 - Row :157 - Product updated successfully.
08-18-2021 @ 07:09:48 - Row :158 - Parsing item.
08-18-2021 @ 07:09:48 - Row :158 - Processing item.
08-18-2021 @ 07:09:49 - Found variation product object. ID:41171
08-18-2021 @ 07:09:49 - Setting Featured Image. URL:https://nylimages.s3.amazonaws.com/HBI_HU08_LavenderSparkleDot_sw.jpg
08-18-2021 @ 07:09:49 - Attachment ID:41169
08-18-2021 @ 07:09:49 - Row :158 - Product updated successfully.
08-18-2021 @ 07:09:49 - Row :159 - Parsing item.
08-18-2021 @ 07:09:49 - Row :159 - Processing item.
08-18-2021 @ 07:09:49 - Found variation product object. ID:41172
08-18-2021 @ 07:09:49 - Setting Featured Image. URL:https://nylimages.s3.amazonaws.com/HBI_HU08_LavenderSparkleDot_sw.jpg
08-18-2021 @ 07:09:49 - Attachment ID:41169
08-18-2021 @ 07:09:49 - Row :159 - Product updated successfully.
08-18-2021 @ 07:09:49 - Row :160 - Parsing item.
08-18-2021 @ 07:09:49 - Row :160 - Processing item.
08-18-2021 @ 07:09:50 - Found variation product object. ID:41173
08-18-2021 @ 07:09:50 - Setting Featured Image. URL:https://nylimages.s3.amazonaws.com/HBI_HU08_LavenderSparkleDot_sw.jpg
08-18-2021 @ 07:09:50 - Attachment ID:41169
08-18-2021 @ 07:09:50 - Row :160 - Product updated successfully.
08-18-2021 @ 07:09:52 - Preparing for import.
08-18-2021 @ 07:09:52 - Row :161 - Parsing item.
08-18-2021 @ 07:09:53 - Row :161 - Processing item.
08-18-2021 @ 07:09:53 - Found variation product object. ID:41174
08-18-2021 @ 07:09:53 - Setting Featured Image. URL:https://nylimages.s3.amazonaws.com/HBI_HU08_BlueHorizonDot_sw.jpg
08-18-2021 @ 07:09:53 - Attachment ID:41175
08-18-2021 @ 07:09:53 - Row :161 - Product updated successfully.
08-18-2021 @ 07:09:53 - Row :162 - Parsing item.
08-18-2021 @ 07:09:53 - Row :162 - Processing item.
08-18-2021 @ 07:09:53 - Found variation product object. ID:41176
08-18-2021 @ 07:09:53 - Setting Featured Image. URL:https://nylimages.s3.amazonaws.com/HBI_HU08_BlueHorizonDot_sw.jpg
08-18-2021 @ 07:09:53 - Attachment ID:41175
08-18-2021 @ 07:09:54 - Row :162 - Product updated successfully.
08-18-2021 @ 07:09:54 - Row :163 - Parsing item.
08-18-2021 @ 07:09:54 - Row :163 - Processing item.
08-18-2021 @ 07:09:54 - Found variation product object. ID:41177
08-18-2021 @ 07:09:54 - Setting Featured Image. URL:https://nylimages.s3.amazonaws.com/HBI_HU08_BlueHorizonDot_sw.jpg
08-18-2021 @ 07:09:54 - Attachment ID:41175
08-18-2021 @ 07:09:54 - Row :163 - Product updated successfully.
08-18-2021 @ 07:09:54 - Row :164 - Parsing item.
08-18-2021 @ 07:09:54 - Row :164 - Processing item.
08-18-2021 @ 07:09:54 - Found variation product object. ID:41178
08-18-2021 @ 07:09:54 - Setting Featured Image. URL:https://nylimages.s3.amazonaws.com/HBI_HU08_BlueHorizonDot_sw.jpg
08-18-2021 @ 07:09:54 - Attachment ID:41175
08-18-2021 @ 07:09:55 - Row :164 - Product updated successfully.
08-18-2021 @ 07:09:55 - Row :165 - Parsing item.
08-18-2021 @ 07:09:55 - Row :165 - Processing item.
08-18-2021 @ 07:09:55 - Found variation product object. ID:41179
08-18-2021 @ 07:09:55 - Setting Featured Image. URL:https://nylimages.s3.amazonaws.com/HBI_HU08_BlueHorizonDot_sw.jpg
08-18-2021 @ 07:09:55 - Attachment ID:41175
08-18-2021 @ 07:09:55 - Row :165 - Product updated successfully.
08-18-2021 @ 07:09:55 - Row :166 - Parsing item.
08-18-2021 @ 07:09:55 - Row :166 - Processing item.
08-18-2021 @ 07:09:55 - Found variation product object. ID:41180
08-18-2021 @ 07:09:55 - Setting Featured Image. URL:https://nylimages.s3.amazonaws.com/HBI_HU08_BlueHorizonDot_sw.jpg
08-18-2021 @ 07:09:56 - Attachment ID:41175
08-18-2021 @ 07:09:56 - Row :166 - Product updated successfully.
08-18-2021 @ 07:09:56 - ---[ Import ended at 2021-08-18 11:09:56]---
