08-18-2021 @ 07:13:14 - ---[ New import started at 2021-08-18 11:13:14 ] PHP Memory: 512 MB, WP Memory: 40 MB
08-18-2021 @ 07:13:14 - Preparing for import.
08-18-2021 @ 07:13:14 - Row :1 - Parsing item.
08-18-2021 @ 07:13:14 - Row :1 - Processing item.
08-18-2021 @ 07:13:14 - Found variable product object. ID:12421
08-18-2021 @ 07:13:14 - Setting Featured Image. URL:https://cdn1.nuorder.com/product/742b4434e6515c357e3c783cfeea9109.jpg
08-18-2021 @ 07:13:14 - Attachment ID:8134
08-18-2021 @ 07:13:14 - Setting Gallery Images.
08-18-2021 @ 07:13:14 - Image URL:https://cdn1.nuorder.com/product/b415674e45aca371f659fe2ed1e0ee7f.jpg
08-18-2021 @ 07:13:15 - Attachment ID:8135
08-18-2021 @ 07:13:15 - Image URL:https://cdn1.nuorder.com/product/48a5431427fab7a7a0e18eef0aadde1f.jpg
08-18-2021 @ 07:13:15 - Attachment ID:8136
08-18-2021 @ 07:13:15 - Image URL:https://cdn1.nuorder.com/product/e2d53cd818a2ee192c006b8cede18af5.jpg
08-18-2021 @ 07:13:15 - Attachment ID:8137
08-18-2021 @ 07:13:15 - Image URL:https://cdn1.nuorder.com/product/e271620c8874307dffc81fee36e50924.jpg
08-18-2021 @ 07:13:15 - Attachment ID:8138
08-18-2021 @ 07:13:15 - Image URL:https://cdn1.nuorder.com/product/338dc4fedc34f8c2545048e00e28c8af.jpg
08-18-2021 @ 07:13:15 - Attachment ID:8139
08-18-2021 @ 07:13:15 - Image URL:https://nylimages.s3.amazonaws.com/HBI_07112_GalacticRed.jpg
08-18-2021 @ 07:13:15 - Attachment ID:8140
08-18-2021 @ 07:13:15 - Image URL:https://cdn1.nuorder.com/product/feaf849fa4ed77089a33f1d990125e04.jpg
08-18-2021 @ 07:13:18 - Attachment ID:64643
08-18-2021 @ 07:13:18 - Image URL:https://cdn1.nuorder.com/product/5b6bbf92510960643fd7f6efa6de792a.jpg
08-18-2021 @ 07:13:20 - Attachment ID:64644
08-18-2021 @ 07:13:20 - Image URL:https://nylimages.s3.amazonaws.com/07112_SoftCeladon.jpg
08-18-2021 @ 07:13:20 - Attachment ID:8141
08-18-2021 @ 07:13:20 - Image URL:https://nylimages.s3.amazonaws.com/HBI_07112_ShiningStarPrintNavy.jpg
08-18-2021 @ 07:13:20 - Attachment ID:8142
08-18-2021 @ 07:13:20 - Image URL:https://nylimages.s3.amazonaws.com/HBI_07112_BohoPaisleyPrintSheerPalePink.jpg
08-18-2021 @ 07:13:20 - Attachment ID:8143
08-18-2021 @ 07:13:20 - Image URL:https://nylimages.s3.amazonaws.com/07112_ParisAnimal.jpg
08-18-2021 @ 07:13:20 - Attachment ID:8144
08-18-2021 @ 07:13:20 - Image URL:https://nylimages.s3.amazonaws.com/81mJyPGmiuL._UL1500_.jpg
08-18-2021 @ 07:13:20 - Attachment ID:8145
08-18-2021 @ 07:13:20 - Image URL:https://nylimages.s3.amazonaws.com/07112_ArmatureRed.jpg
08-18-2021 @ 07:13:20 - Attachment ID:8146
08-18-2021 @ 07:13:20 - Image URL:https://nylimages.s3.amazonaws.com/07112_RosePetalHearts.jpg
08-18-2021 @ 07:13:20 - Attachment ID:8147
08-18-2021 @ 07:13:20 - Image URL:https://nylimages.s3.amazonaws.com/HBI_07112_PrettySpringsFlowerGreenhouseLavender.jpg
08-18-2021 @ 07:13:20 - Attachment ID:8148
08-18-2021 @ 07:13:20 - Image URL:https://nylimages.s3.amazonaws.com/HBI_07112_SkyFloralPrintCielBlue.jpg
08-18-2021 @ 07:13:20 - Attachment ID:8149
08-18-2021 @ 07:13:20 - Image URL:https://nylimages.s3.amazonaws.com/81agH2oqOcL._SL1500_.jpg
08-18-2021 @ 07:13:20 - Attachment ID:8150
08-18-2021 @ 07:13:20 - Image URL:https://nylimages.s3.amazonaws.com/HBI_M07112_IvoryDarlingDot.jpg
08-18-2021 @ 07:13:20 - Attachment ID:8151
08-18-2021 @ 07:13:20 - Image URL:https://nylimages.s3.amazonaws.com/07112_PhloxMagenta.jpg
08-18-2021 @ 07:13:20 - Attachment ID:8152
08-18-2021 @ 07:13:20 - Image URL:https://nylimages.s3.amazonaws.com/MFB_07112_TidalFoamGreen_Front.jpg
08-18-2021 @ 07:13:20 - Attachment ID:8153
08-18-2021 @ 07:13:20 - Image URL:https://nylimages.s3.amazonaws.com/HBI_07112_LavenderSparkle.jpg
08-18-2021 @ 07:13:20 - Attachment ID:8154
08-18-2021 @ 07:13:20 - Row :1 - Product updated successfully.
08-18-2021 @ 07:13:20 - Row :2 - Parsing item.
08-18-2021 @ 07:13:21 - Row :2 - Processing item.
08-18-2021 @ 07:13:21 - Found variation product object. ID:12422
08-18-2021 @ 07:13:27 - Setting Featured Image. URL:https://nylimages.s3.amazonaws.com/HBI_M07112_Black_sw.jpg
08-18-2021 @ 07:13:27 - Attachment ID:8156
08-18-2021 @ 07:13:27 - Row :2 - Product updated successfully.
08-18-2021 @ 07:13:27 - Row :3 - Parsing item.
08-18-2021 @ 07:13:27 - Row :3 - Processing item.
08-18-2021 @ 07:13:27 - Found variation product object. ID:12423
08-18-2021 @ 07:13:33 - Setting Featured Image. URL:https://nylimages.s3.amazonaws.com/HBI_M07112_Black_sw.jpg
08-18-2021 @ 07:13:33 - Attachment ID:8156
08-18-2021 @ 07:13:33 - Row :3 - Product updated successfully.
08-18-2021 @ 07:13:33 - Row :4 - Parsing item.
08-18-2021 @ 07:13:33 - Row :4 - Processing item.
08-18-2021 @ 07:13:33 - Found variation product object. ID:12424
08-18-2021 @ 07:13:39 - Setting Featured Image. URL:https://nylimages.s3.amazonaws.com/HBI_M07112_Black_sw.jpg
08-18-2021 @ 07:13:39 - Attachment ID:8156
08-18-2021 @ 07:13:39 - Row :4 - Product updated successfully.
08-18-2021 @ 07:13:39 - Row :5 - Parsing item.
08-18-2021 @ 07:13:39 - Row :5 - Processing item.
08-18-2021 @ 07:13:39 - Found variation product object. ID:12425
08-18-2021 @ 07:13:45 - Setting Featured Image. URL:https://nylimages.s3.amazonaws.com/HBI_M07112_Black_sw.jpg
08-18-2021 @ 07:13:45 - Attachment ID:8156
08-18-2021 @ 07:13:45 - Row :5 - Product updated successfully.
08-18-2021 @ 07:13:45 - Row :6 - Parsing item.
08-18-2021 @ 07:13:46 - Row :6 - Processing item.
08-18-2021 @ 07:13:46 - Found variation product object. ID:12426
08-18-2021 @ 07:13:52 - Setting Featured Image. URL:https://nylimages.s3.amazonaws.com/HBI_M07112_Black_sw.jpg
08-18-2021 @ 07:13:52 - Attachment ID:8156
08-18-2021 @ 07:13:52 - Row :6 - Product updated successfully.
08-18-2021 @ 07:13:52 - Row :7 - Parsing item.
08-18-2021 @ 07:13:52 - Row :7 - Processing item.
08-18-2021 @ 07:13:52 - Found variation product object. ID:12427
08-18-2021 @ 07:13:58 - Setting Featured Image. URL:https://nylimages.s3.amazonaws.com/HBI_M07112_Black_sw.jpg
08-18-2021 @ 07:13:58 - Attachment ID:8156
08-18-2021 @ 07:13:58 - Row :7 - Product updated successfully.
08-18-2021 @ 07:13:58 - Row :8 - Parsing item.
08-18-2021 @ 07:13:58 - Row :8 - Processing item.
08-18-2021 @ 07:13:58 - Found variation product object. ID:12428
08-18-2021 @ 07:14:04 - Setting Featured Image. URL:https://nylimages.s3.amazonaws.com/HBI_M07112_Black_sw.jpg
08-18-2021 @ 07:14:04 - Attachment ID:8156
08-18-2021 @ 07:14:04 - Row :8 - Product updated successfully.
08-18-2021 @ 07:14:04 - Row :9 - Parsing item.
08-18-2021 @ 07:14:04 - Row :9 - Processing item.
08-18-2021 @ 07:14:04 - Found variation product object. ID:12429
08-18-2021 @ 07:14:10 - Setting Featured Image. URL:https://nylimages.s3.amazonaws.com/HBI_M07112_Black_sw.jpg
08-18-2021 @ 07:14:10 - Attachment ID:8156
08-18-2021 @ 07:14:10 - Row :9 - Product updated successfully.
08-18-2021 @ 07:14:10 - Row :10 - Parsing item.
08-18-2021 @ 07:14:10 - Row :10 - Processing item.
08-18-2021 @ 07:14:10 - Found variation product object. ID:12430
08-18-2021 @ 07:14:16 - Setting Featured Image. URL:https://nylimages.s3.amazonaws.com/HBI_M07112_Black_sw.jpg
08-18-2021 @ 07:14:16 - Attachment ID:8156
08-18-2021 @ 07:14:16 - Row :10 - Product updated successfully.
08-18-2021 @ 07:14:20 - Preparing for import.
08-18-2021 @ 07:14:20 - Row :11 - Parsing item.
08-18-2021 @ 07:14:20 - Row :11 - Processing item.
08-18-2021 @ 07:14:20 - Found variation product object. ID:12431
08-18-2021 @ 07:14:20 - Setting Featured Image. URL:https://nylimages.s3.amazonaws.com/HBI_M07112_Black_sw.jpg
08-18-2021 @ 07:14:20 - Attachment ID:8156
08-18-2021 @ 07:14:20 - Row :11 - Product updated successfully.
08-18-2021 @ 07:14:20 - Row :12 - Parsing item.
08-18-2021 @ 07:14:20 - Row :12 - Processing item.
08-18-2021 @ 07:14:20 - Found variation product object. ID:12432
08-18-2021 @ 07:14:20 - Setting Featured Image. URL:https://nylimages.s3.amazonaws.com/HBI_M07112_Black_sw.jpg
08-18-2021 @ 07:14:21 - Attachment ID:8156
08-18-2021 @ 07:14:21 - Row :12 - Product updated successfully.
08-18-2021 @ 07:14:21 - Row :13 - Parsing item.
08-18-2021 @ 07:14:21 - Row :13 - Processing item.
08-18-2021 @ 07:14:21 - Found variation product object. ID:12433
08-18-2021 @ 07:14:21 - Setting Featured Image. URL:https://nylimages.s3.amazonaws.com/HBI_M07112_Black_sw.jpg
08-18-2021 @ 07:14:21 - Attachment ID:8156
08-18-2021 @ 07:14:21 - Row :13 - Product updated successfully.
08-18-2021 @ 07:14:21 - Row :14 - Parsing item.
08-18-2021 @ 07:14:21 - Row :14 - Processing item.
08-18-2021 @ 07:14:21 - Found variation product object. ID:12434
08-18-2021 @ 07:14:21 - Setting Featured Image. URL:https://nylimages.s3.amazonaws.com/HBI_M07112_Black_sw.jpg
08-18-2021 @ 07:14:21 - Attachment ID:8156
08-18-2021 @ 07:14:21 - Row :14 - Product updated successfully.
08-18-2021 @ 07:14:21 - Row :15 - Parsing item.
08-18-2021 @ 07:14:21 - Row :15 - Processing item.
08-18-2021 @ 07:14:21 - Found variation product object. ID:12435
08-18-2021 @ 07:14:21 - Setting Featured Image. URL:https://nylimages.s3.amazonaws.com/HBI_M07112_Black_sw.jpg
08-18-2021 @ 07:14:21 - Attachment ID:8156
08-18-2021 @ 07:14:21 - Row :15 - Product updated successfully.
08-18-2021 @ 07:14:21 - Row :16 - Parsing item.
08-18-2021 @ 07:14:22 - Row :16 - Processing item.
08-18-2021 @ 07:14:22 - Found variation product object. ID:12436
08-18-2021 @ 07:14:22 - Setting Featured Image. URL:https://nylimages.s3.amazonaws.com/HBI_M07112_Black_sw.jpg
08-18-2021 @ 07:14:22 - Attachment ID:8156
08-18-2021 @ 07:14:22 - Row :16 - Product updated successfully.
08-18-2021 @ 07:14:22 - Row :17 - Parsing item.
08-18-2021 @ 07:14:22 - Row :17 - Processing item.
08-18-2021 @ 07:14:22 - Found variation product object. ID:12437
08-18-2021 @ 07:14:22 - Setting Featured Image. URL:https://nylimages.s3.amazonaws.com/HBI_M07112_Black_sw.jpg
08-18-2021 @ 07:14:22 - Attachment ID:8156
08-18-2021 @ 07:14:22 - Row :17 - Product updated successfully.
08-18-2021 @ 07:14:22 - Row :18 - Parsing item.
08-18-2021 @ 07:14:22 - Row :18 - Processing item.
08-18-2021 @ 07:14:22 - Found variation product object. ID:12438
08-18-2021 @ 07:14:22 - Setting Featured Image. URL:https://nylimages.s3.amazonaws.com/HBI_M07112_Black_sw.jpg
08-18-2021 @ 07:14:22 - Attachment ID:8156
08-18-2021 @ 07:14:22 - Row :18 - Product updated successfully.
08-18-2021 @ 07:14:22 - Row :19 - Parsing item.
08-18-2021 @ 07:14:23 - Row :19 - Processing item.
08-18-2021 @ 07:14:23 - Found variation product object. ID:12439
08-18-2021 @ 07:14:23 - Setting Featured Image. URL:https://nylimages.s3.amazonaws.com/HBI_M07112_Black_sw.jpg
08-18-2021 @ 07:14:23 - Attachment ID:8156
08-18-2021 @ 07:14:23 - Row :19 - Product updated successfully.
08-18-2021 @ 07:14:23 - Row :20 - Parsing item.
08-18-2021 @ 07:14:23 - Row :20 - Processing item.
08-18-2021 @ 07:14:23 - Found variation product object. ID:12440
08-18-2021 @ 07:14:23 - Setting Featured Image. URL:https://nylimages.s3.amazonaws.com/HBI_M07112_Black_sw.jpg
08-18-2021 @ 07:14:23 - Attachment ID:8156
08-18-2021 @ 07:14:23 - Row :20 - Product updated successfully.
08-18-2021 @ 07:14:25 - Preparing for import.
08-18-2021 @ 07:14:25 - Row :21 - Parsing item.
08-18-2021 @ 07:14:25 - Row :21 - Processing item.
08-18-2021 @ 07:14:25 - Found variation product object. ID:12441
08-18-2021 @ 07:14:25 - Setting Featured Image. URL:https://nylimages.s3.amazonaws.com/HBI_M07112_Black_sw.jpg
08-18-2021 @ 07:14:25 - Attachment ID:8156
08-18-2021 @ 07:14:25 - Row :21 - Product updated successfully.
08-18-2021 @ 07:14:25 - Row :22 - Parsing item.
08-18-2021 @ 07:14:25 - Row :22 - Processing item.
08-18-2021 @ 07:14:25 - Found variation product object. ID:12442
08-18-2021 @ 07:14:25 - Setting Featured Image. URL:https://nylimages.s3.amazonaws.com/HBI_M07112_Black_sw.jpg
08-18-2021 @ 07:14:26 - Attachment ID:8156
08-18-2021 @ 07:14:26 - Row :22 - Product updated successfully.
08-18-2021 @ 07:14:26 - Row :23 - Parsing item.
08-18-2021 @ 07:14:26 - Row :23 - Processing item.
08-18-2021 @ 07:14:26 - Found variation product object. ID:12443
08-18-2021 @ 07:14:26 - Setting Featured Image. URL:https://nylimages.s3.amazonaws.com/HBI_M07112_Black_sw.jpg
08-18-2021 @ 07:14:26 - Attachment ID:8156
08-18-2021 @ 07:14:26 - Row :23 - Product updated successfully.
08-18-2021 @ 07:14:26 - Row :24 - Parsing item.
08-18-2021 @ 07:14:26 - Row :24 - Processing item.
08-18-2021 @ 07:14:26 - Found variation product object. ID:12444
08-18-2021 @ 07:14:26 - Setting Featured Image. URL:https://nylimages.s3.amazonaws.com/HBI_M07112_SteelGrey_sw.jpg
08-18-2021 @ 07:14:26 - Attachment ID:8179
08-18-2021 @ 07:14:26 - Row :24 - Product updated successfully.
08-18-2021 @ 07:14:26 - Row :25 - Parsing item.
08-18-2021 @ 07:14:26 - Row :25 - Processing item.
08-18-2021 @ 07:14:27 - Found variation product object. ID:12445
08-18-2021 @ 07:14:27 - Setting Featured Image. URL:https://nylimages.s3.amazonaws.com/HBI_M07112_SteelGrey_sw.jpg
08-18-2021 @ 07:14:27 - Attachment ID:8179
08-18-2021 @ 07:14:27 - Row :25 - Product updated successfully.
08-18-2021 @ 07:14:27 - Row :26 - Parsing item.
08-18-2021 @ 07:14:27 - Row :26 - Processing item.
08-18-2021 @ 07:14:27 - Found variation product object. ID:12446
08-18-2021 @ 07:14:27 - Setting Featured Image. URL:https://nylimages.s3.amazonaws.com/HBI_M07112_SteelGrey_sw.jpg
08-18-2021 @ 07:14:27 - Attachment ID:8179
08-18-2021 @ 07:14:27 - Row :26 - Product updated successfully.
08-18-2021 @ 07:14:27 - Row :27 - Parsing item.
08-18-2021 @ 07:14:27 - Row :27 - Processing item.
08-18-2021 @ 07:14:28 - Found variation product object. ID:12447
08-18-2021 @ 07:14:28 - Setting Featured Image. URL:https://nylimages.s3.amazonaws.com/HBI_M07112_SteelGrey_sw.jpg
08-18-2021 @ 07:14:28 - Attachment ID:8179
08-18-2021 @ 07:14:28 - Row :27 - Product updated successfully.
08-18-2021 @ 07:14:28 - Row :28 - Parsing item.
08-18-2021 @ 07:14:28 - Row :28 - Processing item.
08-18-2021 @ 07:14:28 - Found variation product object. ID:12448
08-18-2021 @ 07:14:28 - Setting Featured Image. URL:https://nylimages.s3.amazonaws.com/HBI_M07112_SteelGrey_sw.jpg
08-18-2021 @ 07:14:28 - Attachment ID:8179
08-18-2021 @ 07:14:28 - Row :28 - Product updated successfully.
08-18-2021 @ 07:14:28 - Row :29 - Parsing item.
08-18-2021 @ 07:14:28 - Row :29 - Processing item.
08-18-2021 @ 07:14:29 - Found variation product object. ID:12449
08-18-2021 @ 07:14:29 - Setting Featured Image. URL:https://nylimages.s3.amazonaws.com/HBI_M07112_SteelGrey_sw.jpg
08-18-2021 @ 07:14:29 - Attachment ID:8179
08-18-2021 @ 07:14:29 - Row :29 - Product updated successfully.
08-18-2021 @ 07:14:29 - Row :30 - Parsing item.
08-18-2021 @ 07:14:29 - Row :30 - Processing item.
08-18-2021 @ 07:14:29 - Found variation product object. ID:12450
08-18-2021 @ 07:14:29 - Setting Featured Image. URL:https://nylimages.s3.amazonaws.com/HBI_M07112_SteelGrey_sw.jpg
08-18-2021 @ 07:14:29 - Attachment ID:8179
08-18-2021 @ 07:14:29 - Row :30 - Product updated successfully.
08-18-2021 @ 07:14:31 - Preparing for import.
08-18-2021 @ 07:14:31 - Row :31 - Parsing item.
08-18-2021 @ 07:14:31 - Row :31 - Processing item.
08-18-2021 @ 07:14:31 - Found variation product object. ID:12451
08-18-2021 @ 07:14:31 - Setting Featured Image. URL:https://nylimages.s3.amazonaws.com/HBI_M07112_SteelGrey_sw.jpg
08-18-2021 @ 07:14:31 - Attachment ID:8179
08-18-2021 @ 07:14:31 - Row :31 - Product updated successfully.
08-18-2021 @ 07:14:31 - Row :32 - Parsing item.
08-18-2021 @ 07:14:32 - Row :32 - Processing item.
08-18-2021 @ 07:14:32 - Found variation product object. ID:12452
08-18-2021 @ 07:14:32 - Setting Featured Image. URL:https://nylimages.s3.amazonaws.com/HBI_M07112_SteelGrey_sw.jpg
08-18-2021 @ 07:14:32 - Attachment ID:8179
08-18-2021 @ 07:14:32 - Row :32 - Product updated successfully.
08-18-2021 @ 07:14:32 - Row :33 - Parsing item.
08-18-2021 @ 07:14:32 - Row :33 - Processing item.
08-18-2021 @ 07:14:32 - Found variation product object. ID:12453
08-18-2021 @ 07:14:32 - Setting Featured Image. URL:https://nylimages.s3.amazonaws.com/HBI_M07112_SteelGrey_sw.jpg
08-18-2021 @ 07:14:32 - Attachment ID:8179
08-18-2021 @ 07:14:32 - Row :33 - Product updated successfully.
08-18-2021 @ 07:14:32 - Row :34 - Parsing item.
08-18-2021 @ 07:14:33 - Row :34 - Processing item.
08-18-2021 @ 07:14:33 - Found variation product object. ID:12454
08-18-2021 @ 07:14:33 - Setting Featured Image. URL:https://nylimages.s3.amazonaws.com/HBI_M07112_SteelGrey_sw.jpg
08-18-2021 @ 07:14:33 - Attachment ID:8179
08-18-2021 @ 07:14:33 - Row :34 - Product updated successfully.
08-18-2021 @ 07:14:33 - Row :35 - Parsing item.
08-18-2021 @ 07:14:33 - Row :35 - Processing item.
08-18-2021 @ 07:14:33 - Found variation product object. ID:12455
08-18-2021 @ 07:14:33 - Setting Featured Image. URL:https://nylimages.s3.amazonaws.com/HBI_M07112_SteelGrey_sw.jpg
08-18-2021 @ 07:14:33 - Attachment ID:8179
08-18-2021 @ 07:14:33 - Row :35 - Product updated successfully.
08-18-2021 @ 07:14:33 - Row :36 - Parsing item.
08-18-2021 @ 07:14:34 - Row :36 - Processing item.
08-18-2021 @ 07:14:34 - Found variation product object. ID:12456
08-18-2021 @ 07:14:34 - Setting Featured Image. URL:https://nylimages.s3.amazonaws.com/HBI_M07112_SteelGrey_sw.jpg
08-18-2021 @ 07:14:34 - Attachment ID:8179
08-18-2021 @ 07:14:34 - Row :36 - Product updated successfully.
08-18-2021 @ 07:14:34 - Row :37 - Parsing item.
08-18-2021 @ 07:14:34 - Row :37 - Processing item.
08-18-2021 @ 07:14:34 - Found variation product object. ID:12457
08-18-2021 @ 07:14:34 - Setting Featured Image. URL:https://nylimages.s3.amazonaws.com/HBI_M07112_SteelGrey_sw.jpg
08-18-2021 @ 07:14:34 - Attachment ID:8179
08-18-2021 @ 07:14:34 - Row :37 - Product updated successfully.
08-18-2021 @ 07:14:34 - Row :38 - Parsing item.
08-18-2021 @ 07:14:35 - Row :38 - Processing item.
08-18-2021 @ 07:14:35 - Found variation product object. ID:12458
08-18-2021 @ 07:14:35 - Setting Featured Image. URL:https://nylimages.s3.amazonaws.com/HBI_M07112_SteelGrey_sw.jpg
08-18-2021 @ 07:14:35 - Attachment ID:8179
08-18-2021 @ 07:14:35 - Row :38 - Product updated successfully.
08-18-2021 @ 07:14:35 - Row :39 - Parsing item.
08-18-2021 @ 07:14:35 - Row :39 - Processing item.
08-18-2021 @ 07:14:35 - Found variation product object. ID:12459
08-18-2021 @ 07:14:35 - Setting Featured Image. URL:https://nylimages.s3.amazonaws.com/HBI_M07112_SteelGrey_sw.jpg
08-18-2021 @ 07:14:35 - Attachment ID:8179
08-18-2021 @ 07:14:35 - Row :39 - Product updated successfully.
08-18-2021 @ 07:14:35 - Row :40 - Parsing item.
08-18-2021 @ 07:14:36 - Row :40 - Processing item.
08-18-2021 @ 07:14:36 - Found variation product object. ID:12460
08-18-2021 @ 07:14:36 - Setting Featured Image. URL:https://nylimages.s3.amazonaws.com/HBI_M07112_SteelGrey_sw.jpg
08-18-2021 @ 07:14:36 - Attachment ID:8179
08-18-2021 @ 07:14:36 - Row :40 - Product updated successfully.
08-18-2021 @ 07:14:38 - Preparing for import.
08-18-2021 @ 07:14:38 - Row :41 - Parsing item.
08-18-2021 @ 07:14:38 - Row :41 - Processing item.
08-18-2021 @ 07:14:38 - Found variation product object. ID:12461
08-18-2021 @ 07:14:38 - Setting Featured Image. URL:https://nylimages.s3.amazonaws.com/HBI_M07112_SteelGrey_sw.jpg
08-18-2021 @ 07:14:38 - Attachment ID:8179
08-18-2021 @ 07:14:38 - Row :41 - Product updated successfully.
08-18-2021 @ 07:14:38 - Row :42 - Parsing item.
08-18-2021 @ 07:14:38 - Row :42 - Processing item.
08-18-2021 @ 07:14:38 - Found variation product object. ID:12462
08-18-2021 @ 07:14:38 - Setting Featured Image. URL:https://nylimages.s3.amazonaws.com/HBI_M07112_White_sw.jpg
08-18-2021 @ 07:14:38 - Attachment ID:8198
08-18-2021 @ 07:14:39 - Row :42 - Product updated successfully.
08-18-2021 @ 07:14:39 - Row :43 - Parsing item.
08-18-2021 @ 07:14:39 - Row :43 - Processing item.
08-18-2021 @ 07:14:39 - Found variation product object. ID:12463
08-18-2021 @ 07:14:39 - Setting Featured Image. URL:https://nylimages.s3.amazonaws.com/HBI_M07112_White_sw.jpg
08-18-2021 @ 07:14:39 - Attachment ID:8198
08-18-2021 @ 07:14:39 - Row :43 - Product updated successfully.
08-18-2021 @ 07:14:39 - Row :44 - Parsing item.
08-18-2021 @ 07:14:39 - Row :44 - Processing item.
08-18-2021 @ 07:14:39 - Found variation product object. ID:12464
08-18-2021 @ 07:14:40 - Setting Featured Image. URL:https://nylimages.s3.amazonaws.com/HBI_M07112_White_sw.jpg
08-18-2021 @ 07:14:40 - Attachment ID:8198
08-18-2021 @ 07:14:40 - Row :44 - Product updated successfully.
08-18-2021 @ 07:14:40 - Row :45 - Parsing item.
08-18-2021 @ 07:14:40 - Row :45 - Processing item.
08-18-2021 @ 07:14:40 - Found variation product object. ID:12465
08-18-2021 @ 07:14:40 - Setting Featured Image. URL:https://nylimages.s3.amazonaws.com/HBI_M07112_White_sw.jpg
08-18-2021 @ 07:14:40 - Attachment ID:8198
08-18-2021 @ 07:14:40 - Row :45 - Product updated successfully.
08-18-2021 @ 07:14:40 - Row :46 - Parsing item.
08-18-2021 @ 07:14:40 - Row :46 - Processing item.
08-18-2021 @ 07:14:40 - Found variation product object. ID:12466
08-18-2021 @ 07:14:40 - Setting Featured Image. URL:https://nylimages.s3.amazonaws.com/HBI_M07112_White_sw.jpg
08-18-2021 @ 07:14:40 - Attachment ID:8198
08-18-2021 @ 07:14:40 - Row :46 - Product updated successfully.
08-18-2021 @ 07:14:40 - Row :47 - Parsing item.
08-18-2021 @ 07:14:40 - Row :47 - Processing item.
08-18-2021 @ 07:14:40 - Found variation product object. ID:12467
08-18-2021 @ 07:14:41 - Setting Featured Image. URL:https://nylimages.s3.amazonaws.com/HBI_M07112_White_sw.jpg
08-18-2021 @ 07:14:41 - Attachment ID:8198
08-18-2021 @ 07:14:41 - Row :47 - Product updated successfully.
08-18-2021 @ 07:14:41 - Row :48 - Parsing item.
08-18-2021 @ 07:14:41 - Row :48 - Processing item.
08-18-2021 @ 07:14:41 - Found variation product object. ID:12468
08-18-2021 @ 07:14:41 - Setting Featured Image. URL:https://nylimages.s3.amazonaws.com/HBI_M07112_White_sw.jpg
08-18-2021 @ 07:14:41 - Attachment ID:8198
08-18-2021 @ 07:14:41 - Row :48 - Product updated successfully.
08-18-2021 @ 07:14:41 - Row :49 - Parsing item.
08-18-2021 @ 07:14:41 - Row :49 - Processing item.
08-18-2021 @ 07:14:41 - Found variation product object. ID:12469
08-18-2021 @ 07:14:41 - Setting Featured Image. URL:https://nylimages.s3.amazonaws.com/HBI_M07112_White_sw.jpg
08-18-2021 @ 07:14:41 - Attachment ID:8198
08-18-2021 @ 07:14:41 - Row :49 - Product updated successfully.
08-18-2021 @ 07:14:41 - Row :50 - Parsing item.
08-18-2021 @ 07:14:41 - Row :50 - Processing item.
08-18-2021 @ 07:14:41 - Found variation product object. ID:12470
08-18-2021 @ 07:14:42 - Setting Featured Image. URL:https://nylimages.s3.amazonaws.com/HBI_M07112_White_sw.jpg
08-18-2021 @ 07:14:42 - Attachment ID:8198
08-18-2021 @ 07:14:42 - Row :50 - Product updated successfully.
08-18-2021 @ 07:14:43 - Preparing for import.
08-18-2021 @ 07:14:43 - Row :51 - Parsing item.
08-18-2021 @ 07:14:43 - Row :51 - Processing item.
08-18-2021 @ 07:14:43 - Found variation product object. ID:12471
08-18-2021 @ 07:14:43 - Setting Featured Image. URL:https://nylimages.s3.amazonaws.com/HBI_M07112_White_sw.jpg
08-18-2021 @ 07:14:43 - Attachment ID:8198
08-18-2021 @ 07:14:44 - Row :51 - Product updated successfully.
08-18-2021 @ 07:14:44 - Row :52 - Parsing item.
08-18-2021 @ 07:14:44 - Row :52 - Processing item.
08-18-2021 @ 07:14:44 - Found variation product object. ID:12472
08-18-2021 @ 07:14:44 - Setting Featured Image. URL:https://nylimages.s3.amazonaws.com/HBI_M07112_White_sw.jpg
08-18-2021 @ 07:14:44 - Attachment ID:8198
08-18-2021 @ 07:14:44 - Row :52 - Product updated successfully.
08-18-2021 @ 07:14:44 - Row :53 - Parsing item.
08-18-2021 @ 07:14:44 - Row :53 - Processing item.
08-18-2021 @ 07:14:44 - Found variation product object. ID:12473
08-18-2021 @ 07:14:44 - Setting Featured Image. URL:https://nylimages.s3.amazonaws.com/HBI_M07112_White_sw.jpg
08-18-2021 @ 07:14:44 - Attachment ID:8198
08-18-2021 @ 07:14:44 - Row :53 - Product updated successfully.
08-18-2021 @ 07:14:44 - Row :54 - Parsing item.
08-18-2021 @ 07:14:44 - Row :54 - Processing item.
08-18-2021 @ 07:14:44 - Found variation product object. ID:12474
08-18-2021 @ 07:14:44 - Setting Featured Image. URL:https://nylimages.s3.amazonaws.com/HBI_M07112_White_sw.jpg
08-18-2021 @ 07:14:44 - Attachment ID:8198
08-18-2021 @ 07:14:44 - Row :54 - Product updated successfully.
08-18-2021 @ 07:14:44 - Row :55 - Parsing item.
08-18-2021 @ 07:14:45 - Row :55 - Processing item.
08-18-2021 @ 07:14:45 - Found variation product object. ID:12475
08-18-2021 @ 07:14:45 - Setting Featured Image. URL:https://nylimages.s3.amazonaws.com/HBI_M07112_White_sw.jpg
08-18-2021 @ 07:14:45 - Attachment ID:8198
08-18-2021 @ 07:14:45 - Row :55 - Product updated successfully.
08-18-2021 @ 07:14:45 - Row :56 - Parsing item.
08-18-2021 @ 07:14:45 - Row :56 - Processing item.
08-18-2021 @ 07:14:45 - Found variation product object. ID:12476
08-18-2021 @ 07:14:45 - Setting Featured Image. URL:https://nylimages.s3.amazonaws.com/HBI_M07112_White_sw.jpg
08-18-2021 @ 07:14:45 - Attachment ID:8198
08-18-2021 @ 07:14:45 - Row :56 - Product updated successfully.
08-18-2021 @ 07:14:45 - Row :57 - Parsing item.
08-18-2021 @ 07:14:45 - Row :57 - Processing item.
08-18-2021 @ 07:14:45 - Found variation product object. ID:12477
08-18-2021 @ 07:14:45 - Setting Featured Image. URL:https://nylimages.s3.amazonaws.com/HBI_M07112_White_sw.jpg
08-18-2021 @ 07:14:45 - Attachment ID:8198
08-18-2021 @ 07:14:45 - Row :57 - Product updated successfully.
08-18-2021 @ 07:14:45 - Row :58 - Parsing item.
08-18-2021 @ 07:14:46 - Row :58 - Processing item.
08-18-2021 @ 07:14:46 - Found variation product object. ID:12478
08-18-2021 @ 07:14:46 - Setting Featured Image. URL:https://nylimages.s3.amazonaws.com/HBI_M07112_White_sw.jpg
08-18-2021 @ 07:14:46 - Attachment ID:8198
08-18-2021 @ 07:14:46 - Row :58 - Product updated successfully.
08-18-2021 @ 07:14:46 - Row :59 - Parsing item.
08-18-2021 @ 07:14:46 - Row :59 - Processing item.
08-18-2021 @ 07:14:46 - Found variation product object. ID:12479
08-18-2021 @ 07:14:46 - Setting Featured Image. URL:https://nylimages.s3.amazonaws.com/HBI_M07112_White_sw.jpg
08-18-2021 @ 07:14:46 - Attachment ID:8198
08-18-2021 @ 07:14:46 - Row :59 - Product updated successfully.
08-18-2021 @ 07:14:46 - Row :60 - Parsing item.
08-18-2021 @ 07:14:46 - Row :60 - Processing item.
08-18-2021 @ 07:14:46 - Found variation product object. ID:12480
08-18-2021 @ 07:14:46 - Setting Featured Image. URL:https://nylimages.s3.amazonaws.com/HBI_M07112_White_sw.jpg
08-18-2021 @ 07:14:46 - Attachment ID:8198
08-18-2021 @ 07:14:46 - Row :60 - Product updated successfully.
08-18-2021 @ 07:14:49 - Preparing for import.
08-18-2021 @ 07:14:49 - Row :61 - Parsing item.
08-18-2021 @ 07:14:49 - Row :61 - Processing item.
08-18-2021 @ 07:14:49 - Found variation product object. ID:12481
08-18-2021 @ 07:14:49 - Setting Featured Image. URL:https://nylimages.s3.amazonaws.com/HBI_M07112_White_sw.jpg
08-18-2021 @ 07:14:49 - Attachment ID:8198
08-18-2021 @ 07:14:49 - Row :61 - Product updated successfully.
08-18-2021 @ 07:14:49 - Row :62 - Parsing item.
08-18-2021 @ 07:14:50 - Row :62 - Processing item.
08-18-2021 @ 07:14:50 - Found variation product object. ID:12482
08-18-2021 @ 07:14:50 - Setting Featured Image. URL:https://nylimages.s3.amazonaws.com/HBI_M07112_White_sw.jpg
08-18-2021 @ 07:14:50 - Attachment ID:8198
08-18-2021 @ 07:14:50 - Row :62 - Product updated successfully.
08-18-2021 @ 07:14:50 - Row :63 - Parsing item.
08-18-2021 @ 07:14:50 - Row :63 - Processing item.
08-18-2021 @ 07:14:50 - Found variation product object. ID:12483
08-18-2021 @ 07:14:50 - Setting Featured Image. URL:https://nylimages.s3.amazonaws.com/HBI_M07112_White_sw.jpg
08-18-2021 @ 07:14:50 - Attachment ID:8198
08-18-2021 @ 07:14:50 - Row :63 - Product updated successfully.
08-18-2021 @ 07:14:50 - Row :64 - Parsing item.
08-18-2021 @ 07:14:50 - Row :64 - Processing item.
08-18-2021 @ 07:14:50 - Found variation product object. ID:12484
08-18-2021 @ 07:14:50 - Setting Featured Image. URL:https://nylimages.s3.amazonaws.com/HBI_07112_GalacticRed.jpg
08-18-2021 @ 07:14:50 - Attachment ID:8140
08-18-2021 @ 07:14:50 - Row :64 - Product updated successfully.
08-18-2021 @ 07:14:50 - Row :65 - Parsing item.
08-18-2021 @ 07:14:51 - Row :65 - Processing item.
08-18-2021 @ 07:14:51 - Found variation product object. ID:12485
08-18-2021 @ 07:14:51 - Setting Featured Image. URL:https://nylimages.s3.amazonaws.com/HBI_07112_GalacticRed.jpg
08-18-2021 @ 07:14:51 - Attachment ID:8140
08-18-2021 @ 07:14:51 - Row :65 - Product updated successfully.
08-18-2021 @ 07:14:51 - Row :66 - Parsing item.
08-18-2021 @ 07:14:51 - Row :66 - Processing item.
08-18-2021 @ 07:14:51 - Found variation product object. ID:12486
08-18-2021 @ 07:14:51 - Setting Featured Image. URL:https://nylimages.s3.amazonaws.com/HBI_07112_GalacticRed.jpg
08-18-2021 @ 07:14:52 - Attachment ID:8140
08-18-2021 @ 07:14:52 - Row :66 - Product updated successfully.
08-18-2021 @ 07:14:52 - Row :67 - Parsing item.
08-18-2021 @ 07:14:52 - Row :67 - Processing item.
08-18-2021 @ 07:14:52 - Found variation product object. ID:12487
08-18-2021 @ 07:14:52 - Setting Featured Image. URL:https://nylimages.s3.amazonaws.com/HBI_M07112_LatteLift_sw.jpg
08-18-2021 @ 07:14:52 - Attachment ID:8224
08-18-2021 @ 07:14:52 - Row :67 - Product updated successfully.
08-18-2021 @ 07:14:52 - Row :68 - Parsing item.
08-18-2021 @ 07:14:52 - Row :68 - Processing item.
08-18-2021 @ 07:14:52 - Found variation product object. ID:12488
08-18-2021 @ 07:14:52 - Setting Featured Image. URL:https://nylimages.s3.amazonaws.com/HBI_M07112_LatteLift_sw.jpg
08-18-2021 @ 07:14:52 - Attachment ID:8224
08-18-2021 @ 07:14:52 - Row :68 - Product updated successfully.
08-18-2021 @ 07:14:52 - Row :69 - Parsing item.
08-18-2021 @ 07:14:52 - Row :69 - Processing item.
08-18-2021 @ 07:14:52 - Found variation product object. ID:12489
08-18-2021 @ 07:14:53 - Setting Featured Image. URL:https://nylimages.s3.amazonaws.com/HBI_M07112_LatteLift_sw.jpg
08-18-2021 @ 07:14:53 - Attachment ID:8224
08-18-2021 @ 07:14:53 - Row :69 - Product updated successfully.
08-18-2021 @ 07:14:53 - Row :70 - Parsing item.
08-18-2021 @ 07:14:53 - Row :70 - Processing item.
08-18-2021 @ 07:14:53 - Found variation product object. ID:12490
08-18-2021 @ 07:14:53 - Setting Featured Image. URL:https://nylimages.s3.amazonaws.com/HBI_M07112_LatteLift_sw.jpg
08-18-2021 @ 07:14:53 - Attachment ID:8224
08-18-2021 @ 07:14:53 - Row :70 - Product updated successfully.
08-18-2021 @ 07:14:54 - Preparing for import.
08-18-2021 @ 07:14:54 - Row :71 - Parsing item.
08-18-2021 @ 07:14:55 - Row :71 - Processing item.
08-18-2021 @ 07:14:55 - Found variation product object. ID:12491
08-18-2021 @ 07:14:55 - Setting Featured Image. URL:https://nylimages.s3.amazonaws.com/HBI_M07112_LatteLift_sw.jpg
08-18-2021 @ 07:14:55 - Attachment ID:8224
08-18-2021 @ 07:14:55 - Row :71 - Product updated successfully.
08-18-2021 @ 07:14:55 - Row :72 - Parsing item.
08-18-2021 @ 07:14:55 - Row :72 - Processing item.
08-18-2021 @ 07:14:55 - Found variation product object. ID:12492
08-18-2021 @ 07:14:55 - Setting Featured Image. URL:https://nylimages.s3.amazonaws.com/HBI_M07112_LatteLift_sw.jpg
08-18-2021 @ 07:14:55 - Attachment ID:8224
08-18-2021 @ 07:14:55 - Row :72 - Product updated successfully.
08-18-2021 @ 07:14:55 - Row :73 - Parsing item.
08-18-2021 @ 07:14:55 - Row :73 - Processing item.
08-18-2021 @ 07:14:55 - Found variation product object. ID:12493
08-18-2021 @ 07:14:55 - Setting Featured Image. URL:https://nylimages.s3.amazonaws.com/HBI_M07112_LatteLift_sw.jpg
08-18-2021 @ 07:14:55 - Attachment ID:8224
08-18-2021 @ 07:14:55 - Row :73 - Product updated successfully.
08-18-2021 @ 07:14:55 - Row :74 - Parsing item.
08-18-2021 @ 07:14:56 - Row :74 - Processing item.
08-18-2021 @ 07:14:56 - Found variation product object. ID:12494
08-18-2021 @ 07:14:56 - Setting Featured Image. URL:https://nylimages.s3.amazonaws.com/HBI_M07112_LatteLift_sw.jpg
08-18-2021 @ 07:14:56 - Attachment ID:8224
08-18-2021 @ 07:14:56 - Row :74 - Product updated successfully.
08-18-2021 @ 07:14:56 - Row :75 - Parsing item.
08-18-2021 @ 07:14:56 - Row :75 - Processing item.
08-18-2021 @ 07:14:56 - Found variation product object. ID:12495
08-18-2021 @ 07:14:56 - Setting Featured Image. URL:https://nylimages.s3.amazonaws.com/HBI_M07112_LatteLift_sw.jpg
08-18-2021 @ 07:14:56 - Attachment ID:8224
08-18-2021 @ 07:14:56 - Row :75 - Product updated successfully.
08-18-2021 @ 07:14:56 - Row :76 - Parsing item.
08-18-2021 @ 07:14:56 - Row :76 - Processing item.
08-18-2021 @ 07:14:56 - Found variation product object. ID:12496
08-18-2021 @ 07:14:56 - Setting Featured Image. URL:https://nylimages.s3.amazonaws.com/HBI_M07112_LatteLift_sw.jpg
08-18-2021 @ 07:14:56 - Attachment ID:8224
08-18-2021 @ 07:14:56 - Row :76 - Product updated successfully.
08-18-2021 @ 07:14:56 - Row :77 - Parsing item.
08-18-2021 @ 07:14:56 - Row :77 - Processing item.
08-18-2021 @ 07:14:57 - Found variation product object. ID:12497
08-18-2021 @ 07:14:57 - Setting Featured Image. URL:https://nylimages.s3.amazonaws.com/HBI_M07112_LatteLift_sw.jpg
08-18-2021 @ 07:14:57 - Attachment ID:8224
08-18-2021 @ 07:14:57 - Row :77 - Product updated successfully.
08-18-2021 @ 07:14:57 - Row :78 - Parsing item.
08-18-2021 @ 07:14:57 - Row :78 - Processing item.
08-18-2021 @ 07:14:57 - Found variation product object. ID:12498
08-18-2021 @ 07:14:57 - Setting Featured Image. URL:https://nylimages.s3.amazonaws.com/HBI_M07112_LatteLift_sw.jpg
08-18-2021 @ 07:14:57 - Attachment ID:8224
08-18-2021 @ 07:14:57 - Row :78 - Product updated successfully.
08-18-2021 @ 07:14:57 - Row :79 - Parsing item.
08-18-2021 @ 07:14:57 - Row :79 - Processing item.
08-18-2021 @ 07:14:57 - Found variation product object. ID:12499
08-18-2021 @ 07:14:57 - Setting Featured Image. URL:https://nylimages.s3.amazonaws.com/HBI_M07112_LatteLift_sw.jpg
08-18-2021 @ 07:14:57 - Attachment ID:8224
08-18-2021 @ 07:14:57 - Row :79 - Product updated successfully.
08-18-2021 @ 07:14:57 - Row :80 - Parsing item.
08-18-2021 @ 07:14:57 - Row :80 - Processing item.
08-18-2021 @ 07:14:57 - Found variation product object. ID:12500
08-18-2021 @ 07:14:58 - Setting Featured Image. URL:https://nylimages.s3.amazonaws.com/HBI_M07112_LatteLift_sw.jpg
08-18-2021 @ 07:14:58 - Attachment ID:8224
08-18-2021 @ 07:14:58 - Row :80 - Product updated successfully.
08-18-2021 @ 07:14:59 - Preparing for import.
08-18-2021 @ 07:14:59 - Row :81 - Parsing item.
08-18-2021 @ 07:14:59 - Row :81 - Processing item.
08-18-2021 @ 07:14:59 - Found variation product object. ID:12501
08-18-2021 @ 07:14:59 - Setting Featured Image. URL:https://nylimages.s3.amazonaws.com/HBI_M07112_LatteLift_sw.jpg
08-18-2021 @ 07:14:59 - Attachment ID:8224
08-18-2021 @ 07:15:00 - Row :81 - Product updated successfully.
08-18-2021 @ 07:15:00 - Row :82 - Parsing item.
08-18-2021 @ 07:15:00 - Row :82 - Processing item.
08-18-2021 @ 07:15:00 - Found variation product object. ID:12502
08-18-2021 @ 07:15:00 - Setting Featured Image. URL:https://nylimages.s3.amazonaws.com/HBI_M07112_LatteLift_sw.jpg
08-18-2021 @ 07:15:00 - Attachment ID:8224
08-18-2021 @ 07:15:00 - Row :82 - Product updated successfully.
08-18-2021 @ 07:15:00 - Row :83 - Parsing item.
08-18-2021 @ 07:15:00 - Row :83 - Processing item.
08-18-2021 @ 07:15:00 - Found variation product object. ID:12503
08-18-2021 @ 07:15:00 - Setting Featured Image. URL:https://nylimages.s3.amazonaws.com/HBI_M07112_LatteLift_sw.jpg
08-18-2021 @ 07:15:00 - Attachment ID:8224
08-18-2021 @ 07:15:00 - Row :83 - Product updated successfully.
08-18-2021 @ 07:15:00 - Row :84 - Parsing item.
08-18-2021 @ 07:15:00 - Row :84 - Processing item.
08-18-2021 @ 07:15:00 - Found variation product object. ID:12504
08-18-2021 @ 07:15:00 - Setting Featured Image. URL:https://nylimages.s3.amazonaws.com/HBI_M07112_LatteLift_sw.jpg
08-18-2021 @ 07:15:00 - Attachment ID:8224
08-18-2021 @ 07:15:00 - Row :84 - Product updated successfully.
08-18-2021 @ 07:15:00 - Row :85 - Parsing item.
08-18-2021 @ 07:15:01 - Row :85 - Processing item.
08-18-2021 @ 07:15:01 - Found variation product object. ID:12505
08-18-2021 @ 07:15:01 - Setting Featured Image. URL:https://nylimages.s3.amazonaws.com/HBI_M07112_LatteLift_sw.jpg
08-18-2021 @ 07:15:01 - Attachment ID:8224
08-18-2021 @ 07:15:01 - Row :85 - Product updated successfully.
08-18-2021 @ 07:15:01 - Row :86 - Parsing item.
08-18-2021 @ 07:15:01 - Row :86 - Processing item.
08-18-2021 @ 07:15:01 - Found variation product object. ID:12506
08-18-2021 @ 07:15:01 - Setting Featured Image. URL:https://nylimages.s3.amazonaws.com/HBI_M07112_LatteLift_sw.jpg
08-18-2021 @ 07:15:01 - Attachment ID:8224
08-18-2021 @ 07:15:01 - Row :86 - Product updated successfully.
08-18-2021 @ 07:15:01 - Row :87 - Parsing item.
08-18-2021 @ 07:15:01 - Row :87 - Processing item.
08-18-2021 @ 07:15:01 - Found variation product object. ID:12507
08-18-2021 @ 07:15:01 - Setting Featured Image. URL:https://nylimages.s3.amazonaws.com/HBI_M07112_LatteLift_sw.jpg
08-18-2021 @ 07:15:01 - Attachment ID:8224
08-18-2021 @ 07:15:01 - Row :87 - Product updated successfully.
08-18-2021 @ 07:15:01 - Row :88 - Parsing item.
08-18-2021 @ 07:15:02 - Row :88 - Processing item.
08-18-2021 @ 07:15:02 - Found variation product object. ID:12508
08-18-2021 @ 07:15:02 - Setting Featured Image. URL:https://nylimages.s3.amazonaws.com/HBI_M07112_LatteLift_sw.jpg
08-18-2021 @ 07:15:02 - Attachment ID:8224
08-18-2021 @ 07:15:02 - Row :88 - Product updated successfully.
08-18-2021 @ 07:15:02 - Row :89 - Parsing item.
08-18-2021 @ 07:15:02 - Row :89 - Processing item.
08-18-2021 @ 07:15:02 - Found variation product object. ID:12509
08-18-2021 @ 07:15:02 - Setting Featured Image. URL:http://205.134.254.135/~teamh/apparel_direct/wp-content/themes/apparel_direct/assets/images/coming-soon-img.jpg
08-18-2021 @ 07:15:02 - Attachment ID:11863
08-18-2021 @ 07:15:02 - Row :89 - Product updated successfully.
08-18-2021 @ 07:15:02 - Row :90 - Parsing item.
08-18-2021 @ 07:15:02 - Row :90 - Processing item.
08-18-2021 @ 07:15:03 - Found variation product object. ID:12510
08-18-2021 @ 07:15:03 - Setting Featured Image. URL:https://nylimages.s3.amazonaws.com/07112_SoftCeladon.jpg
08-18-2021 @ 07:15:03 - Attachment ID:8141
08-18-2021 @ 07:15:03 - Row :90 - Product updated successfully.
08-18-2021 @ 07:15:04 - Preparing for import.
08-18-2021 @ 07:15:04 - Row :91 - Parsing item.
08-18-2021 @ 07:15:05 - Row :91 - Processing item.
08-18-2021 @ 07:15:05 - Found variation product object. ID:12511
08-18-2021 @ 07:15:05 - Setting Featured Image. URL:https://nylimages.s3.amazonaws.com/HBI_07112_ShiningStarPrintNavy.jpg
08-18-2021 @ 07:15:05 - Attachment ID:8142
08-18-2021 @ 07:15:05 - Row :91 - Product updated successfully.
08-18-2021 @ 07:15:05 - Row :92 - Parsing item.
08-18-2021 @ 07:15:05 - Row :92 - Processing item.
08-18-2021 @ 07:15:05 - Found variation product object. ID:12512
08-18-2021 @ 07:15:05 - Setting Featured Image. URL:https://nylimages.s3.amazonaws.com/HBI_07112_ShiningStarPrintNavy.jpg
08-18-2021 @ 07:15:05 - Attachment ID:8142
08-18-2021 @ 07:15:05 - Row :92 - Product updated successfully.
08-18-2021 @ 07:15:05 - Row :93 - Parsing item.
08-18-2021 @ 07:15:06 - Row :93 - Processing item.
08-18-2021 @ 07:15:06 - Found variation product object. ID:12513
08-18-2021 @ 07:15:06 - Setting Featured Image. URL:https://nylimages.s3.amazonaws.com/HBI_07112_ShiningStarPrintNavy.jpg
08-18-2021 @ 07:15:06 - Attachment ID:8142
08-18-2021 @ 07:15:06 - Row :93 - Product updated successfully.
08-18-2021 @ 07:15:06 - Row :94 - Parsing item.
08-18-2021 @ 07:15:06 - Row :94 - Processing item.
08-18-2021 @ 07:15:06 - Found variation product object. ID:12514
08-18-2021 @ 07:15:06 - Setting Featured Image. URL:https://nylimages.s3.amazonaws.com/HBI_07112_ShiningStarPrintNavy.jpg
08-18-2021 @ 07:15:06 - Attachment ID:8142
08-18-2021 @ 07:15:06 - Row :94 - Product updated successfully.
08-18-2021 @ 07:15:06 - Row :95 - Parsing item.
08-18-2021 @ 07:15:07 - Row :95 - Processing item.
08-18-2021 @ 07:15:07 - Found variation product object. ID:12515
08-18-2021 @ 07:15:07 - Setting Featured Image. URL:https://nylimages.s3.amazonaws.com/HBI_07112_ShiningStarPrintNavy.jpg
08-18-2021 @ 07:15:07 - Attachment ID:8142
08-18-2021 @ 07:15:07 - Row :95 - Product updated successfully.
08-18-2021 @ 07:15:07 - Row :96 - Parsing item.
08-18-2021 @ 07:15:07 - Row :96 - Processing item.
08-18-2021 @ 07:15:07 - Found variation product object. ID:12516
08-18-2021 @ 07:15:07 - Setting Featured Image. URL:https://nylimages.s3.amazonaws.com/HBI_07112_ShiningStarPrintNavy.jpg
08-18-2021 @ 07:15:07 - Attachment ID:8142
08-18-2021 @ 07:15:07 - Row :96 - Product updated successfully.
08-18-2021 @ 07:15:07 - Row :97 - Parsing item.
08-18-2021 @ 07:15:08 - Row :97 - Processing item.
08-18-2021 @ 07:15:08 - Found variation product object. ID:12517
08-18-2021 @ 07:15:08 - Setting Featured Image. URL:https://nylimages.s3.amazonaws.com/HBI_07112_ShiningStarPrintNavy.jpg
08-18-2021 @ 07:15:08 - Attachment ID:8142
08-18-2021 @ 07:15:08 - Row :97 - Product updated successfully.
08-18-2021 @ 07:15:08 - Row :98 - Parsing item.
08-18-2021 @ 07:15:08 - Row :98 - Processing item.
08-18-2021 @ 07:15:08 - Found variation product object. ID:12518
08-18-2021 @ 07:15:08 - Setting Featured Image. URL:https://nylimages.s3.amazonaws.com/HBI_07112_ShiningStarPrintNavy.jpg
08-18-2021 @ 07:15:08 - Attachment ID:8142
08-18-2021 @ 07:15:08 - Row :98 - Product updated successfully.
08-18-2021 @ 07:15:08 - Row :99 - Parsing item.
08-18-2021 @ 07:15:09 - Row :99 - Processing item.
08-18-2021 @ 07:15:09 - Found variation product object. ID:12519
08-18-2021 @ 07:15:09 - Setting Featured Image. URL:https://nylimages.s3.amazonaws.com/HBI_07112_ShiningStarPrintNavy.jpg
08-18-2021 @ 07:15:09 - Attachment ID:8142
08-18-2021 @ 07:15:09 - Row :99 - Product updated successfully.
08-18-2021 @ 07:15:09 - Row :100 - Parsing item.
08-18-2021 @ 07:15:09 - Row :100 - Processing item.
08-18-2021 @ 07:15:09 - Found variation product object. ID:12520
08-18-2021 @ 07:15:09 - Setting Featured Image. URL:https://nylimages.s3.amazonaws.com/HBI_07112_ShiningStarPrintNavy.jpg
08-18-2021 @ 07:15:09 - Attachment ID:8142
08-18-2021 @ 07:15:09 - Row :100 - Product updated successfully.
08-18-2021 @ 07:15:11 - Preparing for import.
08-18-2021 @ 07:15:11 - Row :101 - Parsing item.
08-18-2021 @ 07:15:11 - Row :101 - Processing item.
08-18-2021 @ 07:15:11 - Found variation product object. ID:12521
08-18-2021 @ 07:15:11 - Setting Featured Image. URL:https://nylimages.s3.amazonaws.com/HBI_07112_ShiningStarPrintNavy.jpg
08-18-2021 @ 07:15:11 - Attachment ID:8142
08-18-2021 @ 07:15:11 - Row :101 - Product updated successfully.
08-18-2021 @ 07:15:11 - Row :102 - Parsing item.
08-18-2021 @ 07:15:12 - Row :102 - Processing item.
08-18-2021 @ 07:15:12 - Found variation product object. ID:12522
08-18-2021 @ 07:15:12 - Setting Featured Image. URL:https://nylimages.s3.amazonaws.com/HBI_07112_ShiningStarPrintNavy.jpg
08-18-2021 @ 07:15:12 - Attachment ID:8142
08-18-2021 @ 07:15:12 - Row :102 - Product updated successfully.
08-18-2021 @ 07:15:12 - Row :103 - Parsing item.
08-18-2021 @ 07:15:12 - Row :103 - Processing item.
08-18-2021 @ 07:15:12 - Found variation product object. ID:12523
08-18-2021 @ 07:15:12 - Setting Featured Image. URL:https://nylimages.s3.amazonaws.com/HBI_07112_ShiningStarPrintNavy.jpg
08-18-2021 @ 07:15:12 - Attachment ID:8142
08-18-2021 @ 07:15:12 - Row :103 - Product updated successfully.
08-18-2021 @ 07:15:12 - Row :104 - Parsing item.
08-18-2021 @ 07:15:13 - Row :104 - Processing item.
08-18-2021 @ 07:15:13 - Found variation product object. ID:12524
08-18-2021 @ 07:15:13 - Setting Featured Image. URL:https://nylimages.s3.amazonaws.com/HBI_07112_ShiningStarPrintNavy.jpg
08-18-2021 @ 07:15:13 - Attachment ID:8142
08-18-2021 @ 07:15:13 - Row :104 - Product updated successfully.
08-18-2021 @ 07:15:13 - Row :105 - Parsing item.
08-18-2021 @ 07:15:13 - Row :105 - Processing item.
08-18-2021 @ 07:15:13 - Found variation product object. ID:12525
08-18-2021 @ 07:15:13 - Setting Featured Image. URL:https://nylimages.s3.amazonaws.com/HBI_07112_ShiningStarPrintNavy.jpg
08-18-2021 @ 07:15:13 - Attachment ID:8142
08-18-2021 @ 07:15:13 - Row :105 - Product updated successfully.
08-18-2021 @ 07:15:13 - Row :106 - Parsing item.
08-18-2021 @ 07:15:14 - Row :106 - Processing item.
08-18-2021 @ 07:15:14 - Found variation product object. ID:12526
08-18-2021 @ 07:15:14 - Setting Featured Image. URL:https://nylimages.s3.amazonaws.com/HBI_07112_ShiningStarPrintNavy.jpg
08-18-2021 @ 07:15:14 - Attachment ID:8142
08-18-2021 @ 07:15:14 - Row :106 - Product updated successfully.
08-18-2021 @ 07:15:14 - Row :107 - Parsing item.
08-18-2021 @ 07:15:14 - Row :107 - Processing item.
08-18-2021 @ 07:15:14 - Found variation product object. ID:12527
08-18-2021 @ 07:15:14 - Setting Featured Image. URL:https://nylimages.s3.amazonaws.com/HBI_07112_BohoPaisleyPrintSheerPalePink.jpg
08-18-2021 @ 07:15:14 - Attachment ID:8143
08-18-2021 @ 07:15:14 - Row :107 - Product updated successfully.
08-18-2021 @ 07:15:14 - Row :108 - Parsing item.
08-18-2021 @ 07:15:15 - Row :108 - Processing item.
08-18-2021 @ 07:15:15 - Found variation product object. ID:12528
08-18-2021 @ 07:15:15 - Setting Featured Image. URL:https://nylimages.s3.amazonaws.com/HBI_07112_BohoPaisleyPrintSheerPalePink.jpg
08-18-2021 @ 07:15:15 - Attachment ID:8143
08-18-2021 @ 07:15:15 - Row :108 - Product updated successfully.
08-18-2021 @ 07:15:15 - Row :109 - Parsing item.
08-18-2021 @ 07:15:15 - Row :109 - Processing item.
08-18-2021 @ 07:15:15 - Found variation product object. ID:12529
08-18-2021 @ 07:15:15 - Setting Featured Image. URL:https://nylimages.s3.amazonaws.com/HBI_07112_BohoPaisleyPrintSheerPalePink.jpg
08-18-2021 @ 07:15:15 - Attachment ID:8143
08-18-2021 @ 07:15:15 - Row :109 - Product updated successfully.
08-18-2021 @ 07:15:15 - Row :110 - Parsing item.
08-18-2021 @ 07:15:16 - Row :110 - Processing item.
08-18-2021 @ 07:15:16 - Found variation product object. ID:12530
08-18-2021 @ 07:15:16 - Setting Featured Image. URL:https://nylimages.s3.amazonaws.com/HBI_07112_BohoPaisleyPrintSheerPalePink.jpg
08-18-2021 @ 07:15:16 - Attachment ID:8143
08-18-2021 @ 07:15:16 - Row :110 - Product updated successfully.
08-18-2021 @ 07:15:17 - Preparing for import.
08-18-2021 @ 07:15:17 - Row :111 - Parsing item.
08-18-2021 @ 07:15:18 - Row :111 - Processing item.
08-18-2021 @ 07:15:18 - Found variation product object. ID:12531
08-18-2021 @ 07:15:18 - Setting Featured Image. URL:https://nylimages.s3.amazonaws.com/HBI_07112_BohoPaisleyPrintSheerPalePink.jpg
08-18-2021 @ 07:15:18 - Attachment ID:8143
08-18-2021 @ 07:15:18 - Row :111 - Product updated successfully.
08-18-2021 @ 07:15:18 - Row :112 - Parsing item.
08-18-2021 @ 07:15:18 - Row :112 - Processing item.
08-18-2021 @ 07:15:18 - Found variation product object. ID:12532
08-18-2021 @ 07:15:18 - Setting Featured Image. URL:https://nylimages.s3.amazonaws.com/HBI_07112_BohoPaisleyPrintSheerPalePink.jpg
08-18-2021 @ 07:15:19 - Attachment ID:8143
08-18-2021 @ 07:15:19 - Row :112 - Product updated successfully.
08-18-2021 @ 07:15:19 - Row :113 - Parsing item.
08-18-2021 @ 07:15:19 - Row :113 - Processing item.
08-18-2021 @ 07:15:19 - Found variation product object. ID:12533
08-18-2021 @ 07:15:19 - Setting Featured Image. URL:https://nylimages.s3.amazonaws.com/HBI_07112_BohoPaisleyPrintSheerPalePink.jpg
08-18-2021 @ 07:15:19 - Attachment ID:8143
08-18-2021 @ 07:15:19 - Row :113 - Product updated successfully.
08-18-2021 @ 07:15:19 - Row :114 - Parsing item.
08-18-2021 @ 07:15:19 - Row :114 - Processing item.
08-18-2021 @ 07:15:19 - Found variation product object. ID:12534
08-18-2021 @ 07:15:19 - Setting Featured Image. URL:https://nylimages.s3.amazonaws.com/HBI_07112_BohoPaisleyPrintSheerPalePink.jpg
08-18-2021 @ 07:15:19 - Attachment ID:8143
08-18-2021 @ 07:15:20 - Row :114 - Product updated successfully.
08-18-2021 @ 07:15:20 - Row :115 - Parsing item.
08-18-2021 @ 07:15:20 - Row :115 - Processing item.
08-18-2021 @ 07:15:20 - Found variation product object. ID:12535
08-18-2021 @ 07:15:20 - Setting Featured Image. URL:https://nylimages.s3.amazonaws.com/HBI_07112_BohoPaisleyPrintSheerPalePink.jpg
08-18-2021 @ 07:15:20 - Attachment ID:8143
08-18-2021 @ 07:15:20 - Row :115 - Product updated successfully.
08-18-2021 @ 07:15:20 - Row :116 - Parsing item.
08-18-2021 @ 07:15:20 - Row :116 - Processing item.
08-18-2021 @ 07:15:20 - Found variation product object. ID:12536
08-18-2021 @ 07:15:20 - Setting Featured Image. URL:https://nylimages.s3.amazonaws.com/HBI_07112_BohoPaisleyPrintSheerPalePink.jpg
08-18-2021 @ 07:15:20 - Attachment ID:8143
08-18-2021 @ 07:15:21 - Row :116 - Product updated successfully.
08-18-2021 @ 07:15:21 - Row :117 - Parsing item.
08-18-2021 @ 07:15:21 - Row :117 - Processing item.
08-18-2021 @ 07:15:21 - Found variation product object. ID:12537
08-18-2021 @ 07:15:21 - Setting Featured Image. URL:https://nylimages.s3.amazonaws.com/HBI_07112_BohoPaisleyPrintSheerPalePink.jpg
08-18-2021 @ 07:15:21 - Attachment ID:8143
08-18-2021 @ 07:15:21 - Row :117 - Product updated successfully.
08-18-2021 @ 07:15:21 - Row :118 - Parsing item.
08-18-2021 @ 07:15:21 - Row :118 - Processing item.
08-18-2021 @ 07:15:21 - Found variation product object. ID:12538
08-18-2021 @ 07:15:21 - Setting Featured Image. URL:https://nylimages.s3.amazonaws.com/HBI_07112_BohoPaisleyPrintSheerPalePink.jpg
08-18-2021 @ 07:15:21 - Attachment ID:8143
08-18-2021 @ 07:15:22 - Row :118 - Product updated successfully.
08-18-2021 @ 07:15:22 - Row :119 - Parsing item.
08-18-2021 @ 07:15:22 - Row :119 - Processing item.
08-18-2021 @ 07:15:22 - Found variation product object. ID:12539
08-18-2021 @ 07:15:22 - Setting Featured Image. URL:https://nylimages.s3.amazonaws.com/HBI_07112_BohoPaisleyPrintSheerPalePink.jpg
08-18-2021 @ 07:15:22 - Attachment ID:8143
08-18-2021 @ 07:15:22 - Row :119 - Product updated successfully.
08-18-2021 @ 07:15:22 - Row :120 - Parsing item.
08-18-2021 @ 07:15:22 - Row :120 - Processing item.
08-18-2021 @ 07:15:22 - Found variation product object. ID:12540
08-18-2021 @ 07:15:22 - Setting Featured Image. URL:https://nylimages.s3.amazonaws.com/HBI_07112_BohoPaisleyPrintSheerPalePink.jpg
08-18-2021 @ 07:15:22 - Attachment ID:8143
08-18-2021 @ 07:15:23 - Row :120 - Product updated successfully.
08-18-2021 @ 07:15:25 - Preparing for import.
08-18-2021 @ 07:15:25 - Row :121 - Parsing item.
08-18-2021 @ 07:15:25 - Row :121 - Processing item.
08-18-2021 @ 07:15:25 - Found variation product object. ID:12541
08-18-2021 @ 07:15:26 - Setting Featured Image. URL:https://nylimages.s3.amazonaws.com/HBI_07112_BohoPaisleyPrintSheerPalePink.jpg
08-18-2021 @ 07:15:26 - Attachment ID:8143
08-18-2021 @ 07:15:26 - Row :121 - Product updated successfully.
08-18-2021 @ 07:15:26 - Row :122 - Parsing item.
08-18-2021 @ 07:15:26 - Row :122 - Processing item.
08-18-2021 @ 07:15:26 - Found variation product object. ID:12542
08-18-2021 @ 07:15:26 - Setting Featured Image. URL:https://nylimages.s3.amazonaws.com/HBI_07112_BohoPaisleyPrintSheerPalePink.jpg
08-18-2021 @ 07:15:26 - Attachment ID:8143
08-18-2021 @ 07:15:26 - Row :122 - Product updated successfully.
08-18-2021 @ 07:15:26 - Row :123 - Parsing item.
08-18-2021 @ 07:15:26 - Row :123 - Processing item.
08-18-2021 @ 07:15:26 - Found variation product object. ID:12543
08-18-2021 @ 07:15:27 - Setting Featured Image. URL:https://nylimages.s3.amazonaws.com/HBI_07112_BohoPaisleyPrintSheerPalePink.jpg
08-18-2021 @ 07:15:27 - Attachment ID:8143
08-18-2021 @ 07:15:27 - Row :123 - Product updated successfully.
08-18-2021 @ 07:15:27 - Row :124 - Parsing item.
08-18-2021 @ 07:15:27 - Row :124 - Processing item.
08-18-2021 @ 07:15:27 - Found variation product object. ID:12544
08-18-2021 @ 07:15:27 - Setting Featured Image. URL:https://nylimages.s3.amazonaws.com/HBI_07112_BohoPaisleyPrintSheerPalePink.jpg
08-18-2021 @ 07:15:27 - Attachment ID:8143
08-18-2021 @ 07:15:27 - Row :124 - Product updated successfully.
08-18-2021 @ 07:15:27 - Row :125 - Parsing item.
08-18-2021 @ 07:15:27 - Row :125 - Processing item.
08-18-2021 @ 07:15:27 - Found variation product object. ID:12545
08-18-2021 @ 07:15:28 - Setting Featured Image. URL:https://nylimages.s3.amazonaws.com/HBI_07112_BohoPaisleyPrintSheerPalePink.jpg
08-18-2021 @ 07:15:28 - Attachment ID:8143
08-18-2021 @ 07:15:28 - Row :125 - Product updated successfully.
08-18-2021 @ 07:15:28 - Row :126 - Parsing item.
08-18-2021 @ 07:15:28 - Row :126 - Processing item.
08-18-2021 @ 07:15:28 - Found variation product object. ID:12546
08-18-2021 @ 07:15:28 - Setting Featured Image. URL:https://nylimages.s3.amazonaws.com/HBI_M07112_ParisAnimalPrint_sw.jpg
08-18-2021 @ 07:15:28 - Attachment ID:8284
08-18-2021 @ 07:15:28 - Row :126 - Product updated successfully.
08-18-2021 @ 07:15:28 - Row :127 - Parsing item.
08-18-2021 @ 07:15:28 - Row :127 - Processing item.
08-18-2021 @ 07:15:28 - Found variation product object. ID:12547
08-18-2021 @ 07:15:28 - Setting Featured Image. URL:https://nylimages.s3.amazonaws.com/HBI_M07112_ParisAnimalPrint_sw.jpg
08-18-2021 @ 07:15:29 - Attachment ID:8284
08-18-2021 @ 07:15:29 - Row :127 - Product updated successfully.
08-18-2021 @ 07:15:29 - Row :128 - Parsing item.
08-18-2021 @ 07:15:29 - Row :128 - Processing item.
08-18-2021 @ 07:15:29 - Found variation product object. ID:12548
08-18-2021 @ 07:15:29 - Setting Featured Image. URL:https://nylimages.s3.amazonaws.com/HBI_M07112_ArmatureRed_sw.jpg
08-18-2021 @ 07:15:29 - Attachment ID:8287
08-18-2021 @ 07:15:29 - Row :128 - Product updated successfully.
08-18-2021 @ 07:15:29 - Row :129 - Parsing item.
08-18-2021 @ 07:15:29 - Row :129 - Processing item.
08-18-2021 @ 07:15:29 - Found variation product object. ID:12549
08-18-2021 @ 07:15:30 - Setting Featured Image. URL:https://nylimages.s3.amazonaws.com/HBI_M07112_ArmatureRed_sw.jpg
08-18-2021 @ 07:15:30 - Attachment ID:8287
08-18-2021 @ 07:15:30 - Row :129 - Product updated successfully.
08-18-2021 @ 07:15:30 - Row :130 - Parsing item.
08-18-2021 @ 07:15:30 - Row :130 - Processing item.
08-18-2021 @ 07:15:30 - Found variation product object. ID:12550
08-18-2021 @ 07:15:30 - Setting Featured Image. URL:https://nylimages.s3.amazonaws.com/HBI_M07112_ArmatureRed_sw.jpg
08-18-2021 @ 07:15:30 - Attachment ID:8287
08-18-2021 @ 07:15:30 - Row :130 - Product updated successfully.
08-18-2021 @ 07:15:32 - Preparing for import.
08-18-2021 @ 07:15:32 - Row :131 - Parsing item.
08-18-2021 @ 07:15:32 - Row :131 - Processing item.
08-18-2021 @ 07:15:32 - Found variation product object. ID:12551
08-18-2021 @ 07:15:32 - Setting Featured Image. URL:https://nylimages.s3.amazonaws.com/HBI_M07112_ArmatureRed_sw.jpg
08-18-2021 @ 07:15:32 - Attachment ID:8287
08-18-2021 @ 07:15:32 - Row :131 - Product updated successfully.
08-18-2021 @ 07:15:32 - Row :132 - Parsing item.
08-18-2021 @ 07:15:32 - Row :132 - Processing item.
08-18-2021 @ 07:15:33 - Found variation product object. ID:12552
08-18-2021 @ 07:15:33 - Setting Featured Image. URL:https://nylimages.s3.amazonaws.com/HBI_M07112_ArmatureRed_sw.jpg
08-18-2021 @ 07:15:33 - Attachment ID:8287
08-18-2021 @ 07:15:33 - Row :132 - Product updated successfully.
08-18-2021 @ 07:15:33 - Row :133 - Parsing item.
08-18-2021 @ 07:15:33 - Row :133 - Processing item.
08-18-2021 @ 07:15:33 - Found variation product object. ID:12553
08-18-2021 @ 07:15:33 - Setting Featured Image. URL:https://nylimages.s3.amazonaws.com/HBI_M07112_ArmatureRed_sw.jpg
08-18-2021 @ 07:15:33 - Attachment ID:8287
08-18-2021 @ 07:15:33 - Row :133 - Product updated successfully.
08-18-2021 @ 07:15:33 - Row :134 - Parsing item.
08-18-2021 @ 07:15:34 - Row :134 - Processing item.
08-18-2021 @ 07:15:34 - Found variation product object. ID:12554
08-18-2021 @ 07:15:34 - Setting Featured Image. URL:https://nylimages.s3.amazonaws.com/HBI_M07112_ArmatureRed_sw.jpg
08-18-2021 @ 07:15:34 - Attachment ID:8287
08-18-2021 @ 07:15:34 - Row :134 - Product updated successfully.
08-18-2021 @ 07:15:34 - Row :135 - Parsing item.
08-18-2021 @ 07:15:34 - Row :135 - Processing item.
08-18-2021 @ 07:15:34 - Found variation product object. ID:12555
08-18-2021 @ 07:15:34 - Setting Featured Image. URL:https://nylimages.s3.amazonaws.com/HBI_M07112_ArmatureRed_sw.jpg
08-18-2021 @ 07:15:34 - Attachment ID:8287
08-18-2021 @ 07:15:34 - Row :135 - Product updated successfully.
08-18-2021 @ 07:15:34 - Row :136 - Parsing item.
08-18-2021 @ 07:15:35 - Row :136 - Processing item.
08-18-2021 @ 07:15:35 - Found variation product object. ID:12556
08-18-2021 @ 07:15:35 - Setting Featured Image. URL:https://nylimages.s3.amazonaws.com/07112_RosePetalHearts.jpg
08-18-2021 @ 07:15:35 - Attachment ID:8147
08-18-2021 @ 07:15:35 - Row :136 - Product updated successfully.
08-18-2021 @ 07:15:35 - Row :137 - Parsing item.
08-18-2021 @ 07:15:35 - Row :137 - Processing item.
08-18-2021 @ 07:15:35 - Found variation product object. ID:12557
08-18-2021 @ 07:15:35 - Setting Featured Image. URL:https://nylimages.s3.amazonaws.com/07112_RosePetalHearts.jpg
08-18-2021 @ 07:15:35 - Attachment ID:8147
08-18-2021 @ 07:15:35 - Row :137 - Product updated successfully.
08-18-2021 @ 07:15:35 - Row :138 - Parsing item.
08-18-2021 @ 07:15:36 - Row :138 - Processing item.
08-18-2021 @ 07:15:36 - Found variation product object. ID:12558
08-18-2021 @ 07:15:36 - Setting Featured Image. URL:https://nylimages.s3.amazonaws.com/07112_RosePetalHearts.jpg
08-18-2021 @ 07:15:36 - Attachment ID:8147
08-18-2021 @ 07:15:36 - Row :138 - Product updated successfully.
08-18-2021 @ 07:15:36 - Row :139 - Parsing item.
08-18-2021 @ 07:15:36 - Row :139 - Processing item.
08-18-2021 @ 07:15:36 - Found variation product object. ID:12559
08-18-2021 @ 07:15:36 - Setting Featured Image. URL:https://nylimages.s3.amazonaws.com/07112_RosePetalHearts.jpg
08-18-2021 @ 07:15:36 - Attachment ID:8147
08-18-2021 @ 07:15:37 - Row :139 - Product updated successfully.
08-18-2021 @ 07:15:37 - Row :140 - Parsing item.
08-18-2021 @ 07:15:37 - Row :140 - Processing item.
08-18-2021 @ 07:15:37 - Found variation product object. ID:12560
08-18-2021 @ 07:15:37 - Setting Featured Image. URL:https://nylimages.s3.amazonaws.com/07112_RosePetalHearts.jpg
08-18-2021 @ 07:15:37 - Attachment ID:8147
08-18-2021 @ 07:15:37 - Row :140 - Product updated successfully.
08-18-2021 @ 07:15:39 - Preparing for import.
08-18-2021 @ 07:15:39 - Row :141 - Parsing item.
08-18-2021 @ 07:15:39 - Row :141 - Processing item.
08-18-2021 @ 07:15:39 - Found variation product object. ID:12561
08-18-2021 @ 07:15:39 - Setting Featured Image. URL:https://nylimages.s3.amazonaws.com/07112_RosePetalHearts.jpg
08-18-2021 @ 07:15:39 - Attachment ID:8147
08-18-2021 @ 07:15:39 - Row :141 - Product updated successfully.
08-18-2021 @ 07:15:39 - Row :142 - Parsing item.
08-18-2021 @ 07:15:39 - Row :142 - Processing item.
08-18-2021 @ 07:15:39 - Found variation product object. ID:12562
08-18-2021 @ 07:15:40 - Setting Featured Image. URL:https://nylimages.s3.amazonaws.com/07112_RosePetalHearts.jpg
08-18-2021 @ 07:15:40 - Attachment ID:8147
08-18-2021 @ 07:15:40 - Row :142 - Product updated successfully.
08-18-2021 @ 07:15:40 - Row :143 - Parsing item.
08-18-2021 @ 07:15:40 - Row :143 - Processing item.
08-18-2021 @ 07:15:40 - Found variation product object. ID:12563
08-18-2021 @ 07:15:40 - Setting Featured Image. URL:https://nylimages.s3.amazonaws.com/07112_RosePetalHearts.jpg
08-18-2021 @ 07:15:40 - Attachment ID:8147
08-18-2021 @ 07:15:40 - Row :143 - Product updated successfully.
08-18-2021 @ 07:15:40 - Row :144 - Parsing item.
08-18-2021 @ 07:15:40 - Row :144 - Processing item.
08-18-2021 @ 07:15:40 - Found variation product object. ID:12564
08-18-2021 @ 07:15:41 - Setting Featured Image. URL:https://nylimages.s3.amazonaws.com/07112_RosePetalHearts.jpg
08-18-2021 @ 07:15:41 - Attachment ID:8147
08-18-2021 @ 07:15:41 - Row :144 - Product updated successfully.
08-18-2021 @ 07:15:41 - Row :145 - Parsing item.
08-18-2021 @ 07:15:41 - Row :145 - Processing item.
08-18-2021 @ 07:15:41 - Found variation product object. ID:12565
08-18-2021 @ 07:15:41 - Setting Featured Image. URL:https://nylimages.s3.amazonaws.com/HBI_07112_PrettySpringsFlowerGreenhouseLavender.jpg
08-18-2021 @ 07:15:41 - Attachment ID:8148
08-18-2021 @ 07:15:41 - Row :145 - Product updated successfully.
08-18-2021 @ 07:15:41 - Row :146 - Parsing item.
08-18-2021 @ 07:15:41 - Row :146 - Processing item.
08-18-2021 @ 07:15:41 - Found variation product object. ID:12566
08-18-2021 @ 07:15:42 - Setting Featured Image. URL:https://nylimages.s3.amazonaws.com/HBI_07112_PrettySpringsFlowerGreenhouseLavender.jpg
08-18-2021 @ 07:15:42 - Attachment ID:8148
08-18-2021 @ 07:15:42 - Row :146 - Product updated successfully.
08-18-2021 @ 07:15:42 - Row :147 - Parsing item.
08-18-2021 @ 07:15:42 - Row :147 - Processing item.
08-18-2021 @ 07:15:42 - Found variation product object. ID:12567
08-18-2021 @ 07:15:42 - Setting Featured Image. URL:https://nylimages.s3.amazonaws.com/HBI_07112_PrettySpringsFlowerGreenhouseLavender.jpg
08-18-2021 @ 07:15:42 - Attachment ID:8148
08-18-2021 @ 07:15:42 - Row :147 - Product updated successfully.
08-18-2021 @ 07:15:42 - Row :148 - Parsing item.
08-18-2021 @ 07:15:42 - Row :148 - Processing item.
08-18-2021 @ 07:15:42 - Found variation product object. ID:12568
08-18-2021 @ 07:15:43 - Setting Featured Image. URL:https://nylimages.s3.amazonaws.com/HBI_07112_PrettySpringsFlowerGreenhouseLavender.jpg
08-18-2021 @ 07:15:43 - Attachment ID:8148
08-18-2021 @ 07:15:43 - Row :148 - Product updated successfully.
08-18-2021 @ 07:15:43 - Row :149 - Parsing item.
08-18-2021 @ 07:15:43 - Row :149 - Processing item.
08-18-2021 @ 07:15:43 - Found variation product object. ID:12569
08-18-2021 @ 07:15:43 - Setting Featured Image. URL:https://nylimages.s3.amazonaws.com/HBI_07112_PrettySpringsFlowerGreenhouseLavender.jpg
08-18-2021 @ 07:15:43 - Attachment ID:8148
08-18-2021 @ 07:15:43 - Row :149 - Product updated successfully.
08-18-2021 @ 07:15:43 - Row :150 - Parsing item.
08-18-2021 @ 07:15:43 - Row :150 - Processing item.
08-18-2021 @ 07:15:43 - Found variation product object. ID:12570
08-18-2021 @ 07:15:44 - Setting Featured Image. URL:https://nylimages.s3.amazonaws.com/HBI_07112_PrettySpringsFlowerGreenhouseLavender.jpg
08-18-2021 @ 07:15:44 - Attachment ID:8148
08-18-2021 @ 07:15:44 - Row :150 - Product updated successfully.
08-18-2021 @ 07:15:45 - Preparing for import.
08-18-2021 @ 07:15:45 - Row :151 - Parsing item.
08-18-2021 @ 07:15:46 - Row :151 - Processing item.
08-18-2021 @ 07:15:46 - Found variation product object. ID:12571
08-18-2021 @ 07:15:46 - Setting Featured Image. URL:https://nylimages.s3.amazonaws.com/HBI_07112_PrettySpringsFlowerGreenhouseLavender.jpg
08-18-2021 @ 07:15:46 - Attachment ID:8148
08-18-2021 @ 07:15:46 - Row :151 - Product updated successfully.
08-18-2021 @ 07:15:46 - Row :152 - Parsing item.
08-18-2021 @ 07:15:46 - Row :152 - Processing item.
08-18-2021 @ 07:15:46 - Found variation product object. ID:12572
08-18-2021 @ 07:15:46 - Setting Featured Image. URL:https://nylimages.s3.amazonaws.com/HBI_07112_PrettySpringsFlowerGreenhouseLavender.jpg
08-18-2021 @ 07:15:46 - Attachment ID:8148
08-18-2021 @ 07:15:46 - Row :152 - Product updated successfully.
08-18-2021 @ 07:15:46 - Row :153 - Parsing item.
08-18-2021 @ 07:15:47 - Row :153 - Processing item.
08-18-2021 @ 07:15:47 - Found variation product object. ID:12573
08-18-2021 @ 07:15:47 - Setting Featured Image. URL:https://nylimages.s3.amazonaws.com/HBI_07112_PrettySpringsFlowerGreenhouseLavender.jpg
08-18-2021 @ 07:15:47 - Attachment ID:8148
08-18-2021 @ 07:15:47 - Row :153 - Product updated successfully.
08-18-2021 @ 07:15:47 - Row :154 - Parsing item.
08-18-2021 @ 07:15:47 - Row :154 - Processing item.
08-18-2021 @ 07:15:47 - Found variation product object. ID:12574
08-18-2021 @ 07:15:47 - Setting Featured Image. URL:https://nylimages.s3.amazonaws.com/HBI_07112_SkyFloralPrintCielBlue.jpg
08-18-2021 @ 07:15:47 - Attachment ID:8149
08-18-2021 @ 07:15:47 - Row :154 - Product updated successfully.
08-18-2021 @ 07:15:47 - Row :155 - Parsing item.
08-18-2021 @ 07:15:48 - Row :155 - Processing item.
08-18-2021 @ 07:15:48 - Found variation product object. ID:12575
08-18-2021 @ 07:15:48 - Setting Featured Image. URL:https://nylimages.s3.amazonaws.com/HBI_07112_SkyFloralPrintCielBlue.jpg
08-18-2021 @ 07:15:48 - Attachment ID:8149
08-18-2021 @ 07:15:48 - Row :155 - Product updated successfully.
08-18-2021 @ 07:15:48 - Row :156 - Parsing item.
08-18-2021 @ 07:15:48 - Row :156 - Processing item.
08-18-2021 @ 07:15:48 - Found variation product object. ID:12576
08-18-2021 @ 07:15:48 - Setting Featured Image. URL:https://nylimages.s3.amazonaws.com/HBI_07112_SkyFloralPrintCielBlue.jpg
08-18-2021 @ 07:15:48 - Attachment ID:8149
08-18-2021 @ 07:15:49 - Row :156 - Product updated successfully.
08-18-2021 @ 07:15:49 - Row :157 - Parsing item.
08-18-2021 @ 07:15:49 - Row :157 - Processing item.
08-18-2021 @ 07:15:49 - Found variation product object. ID:12577
08-18-2021 @ 07:15:49 - Setting Featured Image. URL:https://nylimages.s3.amazonaws.com/HBI_07112_SkyFloralPrintCielBlue.jpg
08-18-2021 @ 07:15:49 - Attachment ID:8149
08-18-2021 @ 07:15:49 - Row :157 - Product updated successfully.
08-18-2021 @ 07:15:49 - Row :158 - Parsing item.
08-18-2021 @ 07:15:49 - Row :158 - Processing item.
08-18-2021 @ 07:15:49 - Found variation product object. ID:12578
08-18-2021 @ 07:15:49 - Setting Featured Image. URL:https://nylimages.s3.amazonaws.com/HBI_07112_SkyFloralPrintCielBlue.jpg
08-18-2021 @ 07:15:49 - Attachment ID:8149
08-18-2021 @ 07:15:50 - Row :158 - Product updated successfully.
08-18-2021 @ 07:15:50 - Row :159 - Parsing item.
08-18-2021 @ 07:15:50 - Row :159 - Processing item.
08-18-2021 @ 07:15:50 - Found variation product object. ID:12579
08-18-2021 @ 07:15:50 - Setting Featured Image. URL:https://nylimages.s3.amazonaws.com/HBI_07112_SkyFloralPrintCielBlue.jpg
08-18-2021 @ 07:15:50 - Attachment ID:8149
08-18-2021 @ 07:15:50 - Row :159 - Product updated successfully.
08-18-2021 @ 07:15:50 - Row :160 - Parsing item.
08-18-2021 @ 07:15:50 - Row :160 - Processing item.
08-18-2021 @ 07:15:50 - Found variation product object. ID:12580
08-18-2021 @ 07:15:50 - Setting Featured Image. URL:https://nylimages.s3.amazonaws.com/HBI_07112_SkyFloralPrintCielBlue.jpg
08-18-2021 @ 07:15:51 - Attachment ID:8149
08-18-2021 @ 07:15:51 - Row :160 - Product updated successfully.
08-18-2021 @ 07:15:52 - Preparing for import.
08-18-2021 @ 07:15:52 - Row :161 - Parsing item.
08-18-2021 @ 07:15:52 - Row :161 - Processing item.
08-18-2021 @ 07:15:52 - Found variation product object. ID:12581
08-18-2021 @ 07:15:53 - Setting Featured Image. URL:https://nylimages.s3.amazonaws.com/HBI_07112_SkyFloralPrintCielBlue.jpg
08-18-2021 @ 07:15:53 - Attachment ID:8149
08-18-2021 @ 07:15:53 - Row :161 - Product updated successfully.
08-18-2021 @ 07:15:53 - Row :162 - Parsing item.
08-18-2021 @ 07:15:53 - Row :162 - Processing item.
08-18-2021 @ 07:15:53 - Found variation product object. ID:12582
08-18-2021 @ 07:15:53 - Setting Featured Image. URL:https://nylimages.s3.amazonaws.com/HBI_07112_SkyFloralPrintCielBlue.jpg
08-18-2021 @ 07:15:53 - Attachment ID:8149
08-18-2021 @ 07:15:53 - Row :162 - Product updated successfully.
08-18-2021 @ 07:15:53 - Row :163 - Parsing item.
08-18-2021 @ 07:15:53 - Row :163 - Processing item.
08-18-2021 @ 07:15:53 - Found variation product object. ID:12583
08-18-2021 @ 07:15:54 - Setting Featured Image. URL:https://nylimages.s3.amazonaws.com/HBI_M07112_LatteDot_sw.jpg
08-18-2021 @ 07:15:54 - Attachment ID:8323
08-18-2021 @ 07:15:54 - Row :163 - Product updated successfully.
08-18-2021 @ 07:15:54 - Row :164 - Parsing item.
08-18-2021 @ 07:15:54 - Row :164 - Processing item.
08-18-2021 @ 07:15:54 - Found variation product object. ID:12584
08-18-2021 @ 07:15:54 - Setting Featured Image. URL:https://nylimages.s3.amazonaws.com/HBI_M07112_IvoryDarlingDot_sw.jpg
08-18-2021 @ 07:15:54 - Attachment ID:8325
08-18-2021 @ 07:15:54 - Row :164 - Product updated successfully.
08-18-2021 @ 07:15:54 - Row :165 - Parsing item.
08-18-2021 @ 07:15:54 - Row :165 - Processing item.
08-18-2021 @ 07:15:54 - Found variation product object. ID:12585
08-18-2021 @ 07:15:55 - Setting Featured Image. URL:https://nylimages.s3.amazonaws.com/HBI_M07112_IvoryDarlingDot_sw.jpg
08-18-2021 @ 07:15:55 - Attachment ID:8325
08-18-2021 @ 07:15:55 - Row :165 - Product updated successfully.
08-18-2021 @ 07:15:55 - Row :166 - Parsing item.
08-18-2021 @ 07:15:55 - Row :166 - Processing item.
08-18-2021 @ 07:15:55 - Found variation product object. ID:12586
08-18-2021 @ 07:15:55 - Setting Featured Image. URL:https://nylimages.s3.amazonaws.com/HBI_M07112_IvoryDarlingDot_sw.jpg
08-18-2021 @ 07:15:55 - Attachment ID:8325
08-18-2021 @ 07:15:55 - Row :166 - Product updated successfully.
08-18-2021 @ 07:15:55 - Row :167 - Parsing item.
08-18-2021 @ 07:15:55 - Row :167 - Processing item.
08-18-2021 @ 07:15:55 - Found variation product object. ID:12587
08-18-2021 @ 07:15:56 - Setting Featured Image. URL:https://nylimages.s3.amazonaws.com/HBI_M07112_IvoryDarlingDot_sw.jpg
08-18-2021 @ 07:15:56 - Attachment ID:8325
08-18-2021 @ 07:15:56 - Row :167 - Product updated successfully.
08-18-2021 @ 07:15:56 - Row :168 - Parsing item.
08-18-2021 @ 07:15:56 - Row :168 - Processing item.
08-18-2021 @ 07:15:56 - Found variation product object. ID:12588
08-18-2021 @ 07:15:56 - Setting Featured Image. URL:https://nylimages.s3.amazonaws.com/HBI_M07112_IvoryDarlingDot_sw.jpg
08-18-2021 @ 07:15:56 - Attachment ID:8325
08-18-2021 @ 07:15:56 - Row :168 - Product updated successfully.
08-18-2021 @ 07:15:56 - Row :169 - Parsing item.
08-18-2021 @ 07:15:56 - Row :169 - Processing item.
08-18-2021 @ 07:15:56 - Found variation product object. ID:12589
08-18-2021 @ 07:15:57 - Setting Featured Image. URL:https://nylimages.s3.amazonaws.com/HBI_M07112_IvoryDarlingDot_sw.jpg
08-18-2021 @ 07:15:57 - Attachment ID:8325
08-18-2021 @ 07:15:57 - Row :169 - Product updated successfully.
08-18-2021 @ 07:15:57 - Row :170 - Parsing item.
08-18-2021 @ 07:15:57 - Row :170 - Processing item.
08-18-2021 @ 07:15:57 - Found variation product object. ID:12590
08-18-2021 @ 07:15:57 - Setting Featured Image. URL:https://nylimages.s3.amazonaws.com/07112_PhloxMagenta.jpg
08-18-2021 @ 07:15:57 - Attachment ID:8152
08-18-2021 @ 07:15:57 - Row :170 - Product updated successfully.
08-18-2021 @ 07:15:59 - Preparing for import.
08-18-2021 @ 07:15:59 - Row :171 - Parsing item.
08-18-2021 @ 07:15:59 - Row :171 - Processing item.
08-18-2021 @ 07:15:59 - Found variation product object. ID:12591
08-18-2021 @ 07:15:59 - Setting Featured Image. URL:https://nylimages.s3.amazonaws.com/07112_PhloxMagenta.jpg
08-18-2021 @ 07:15:59 - Attachment ID:8152
08-18-2021 @ 07:15:59 - Row :171 - Product updated successfully.
08-18-2021 @ 07:15:59 - Row :172 - Parsing item.
08-18-2021 @ 07:15:59 - Row :172 - Processing item.
08-18-2021 @ 07:15:59 - Found variation product object. ID:12592
08-18-2021 @ 07:15:59 - Setting Featured Image. URL:https://nylimages.s3.amazonaws.com/07112_PhloxMagenta.jpg
08-18-2021 @ 07:15:59 - Attachment ID:8152
08-18-2021 @ 07:16:00 - Row :172 - Product updated successfully.
08-18-2021 @ 07:16:00 - Row :173 - Parsing item.
08-18-2021 @ 07:16:00 - Row :173 - Processing item.
08-18-2021 @ 07:16:00 - Found variation product object. ID:12593
08-18-2021 @ 07:16:00 - Setting Featured Image. URL:https://nylimages.s3.amazonaws.com/07112_PhloxMagenta.jpg
08-18-2021 @ 07:16:00 - Attachment ID:8152
08-18-2021 @ 07:16:00 - Row :173 - Product updated successfully.
08-18-2021 @ 07:16:00 - Row :174 - Parsing item.
08-18-2021 @ 07:16:00 - Row :174 - Processing item.
08-18-2021 @ 07:16:00 - Found variation product object. ID:12594
08-18-2021 @ 07:16:00 - Setting Featured Image. URL:https://nylimages.s3.amazonaws.com/07112_PhloxMagenta.jpg
08-18-2021 @ 07:16:00 - Attachment ID:8152
08-18-2021 @ 07:16:01 - Row :174 - Product updated successfully.
08-18-2021 @ 07:16:01 - Row :175 - Parsing item.
08-18-2021 @ 07:16:01 - Row :175 - Processing item.
08-18-2021 @ 07:16:01 - Found variation product object. ID:12595
08-18-2021 @ 07:16:01 - Setting Featured Image. URL:https://nylimages.s3.amazonaws.com/07112_PhloxMagenta.jpg
08-18-2021 @ 07:16:01 - Attachment ID:8152
08-18-2021 @ 07:16:01 - Row :175 - Product updated successfully.
08-18-2021 @ 07:16:01 - Row :176 - Parsing item.
08-18-2021 @ 07:16:01 - Row :176 - Processing item.
08-18-2021 @ 07:16:01 - Found variation product object. ID:12596
08-18-2021 @ 07:16:01 - Setting Featured Image. URL:https://nylimages.s3.amazonaws.com/07112_PhloxMagenta.jpg
08-18-2021 @ 07:16:01 - Attachment ID:8152
08-18-2021 @ 07:16:01 - Row :176 - Product updated successfully.
08-18-2021 @ 07:16:01 - Row :177 - Parsing item.
08-18-2021 @ 07:16:01 - Row :177 - Processing item.
08-18-2021 @ 07:16:01 - Found variation product object. ID:12597
08-18-2021 @ 07:16:02 - Setting Featured Image. URL:https://nylimages.s3.amazonaws.com/07112_PhloxMagenta.jpg
08-18-2021 @ 07:16:02 - Attachment ID:8152
08-18-2021 @ 07:16:02 - Row :177 - Product updated successfully.
08-18-2021 @ 07:16:02 - Row :178 - Parsing item.
08-18-2021 @ 07:16:02 - Row :178 - Processing item.
08-18-2021 @ 07:16:02 - Found variation product object. ID:12598
08-18-2021 @ 07:16:02 - Setting Featured Image. URL:https://nylimages.s3.amazonaws.com/07112_PhloxMagenta.jpg
08-18-2021 @ 07:16:02 - Attachment ID:8152
08-18-2021 @ 07:16:02 - Row :178 - Product updated successfully.
08-18-2021 @ 07:16:02 - Row :179 - Parsing item.
08-18-2021 @ 07:16:02 - Row :179 - Processing item.
08-18-2021 @ 07:16:03 - Found variation product object. ID:12599
08-18-2021 @ 07:16:03 - Setting Featured Image. URL:https://nylimages.s3.amazonaws.com/07112_PhloxMagenta.jpg
08-18-2021 @ 07:16:03 - Attachment ID:8152
08-18-2021 @ 07:16:03 - Row :179 - Product updated successfully.
08-18-2021 @ 07:16:03 - Row :180 - Parsing item.
08-18-2021 @ 07:16:03 - Row :180 - Processing item.
08-18-2021 @ 07:16:03 - Found variation product object. ID:12600
08-18-2021 @ 07:16:03 - Setting Featured Image. URL:https://nylimages.s3.amazonaws.com/07112_PhloxMagenta.jpg
08-18-2021 @ 07:16:03 - Attachment ID:8152
08-18-2021 @ 07:16:03 - Row :180 - Product updated successfully.
08-18-2021 @ 07:16:05 - Preparing for import.
08-18-2021 @ 07:16:05 - Row :181 - Parsing item.
08-18-2021 @ 07:16:05 - Row :181 - Processing item.
08-18-2021 @ 07:16:05 - Found variation product object. ID:12601
08-18-2021 @ 07:16:05 - Setting Featured Image. URL:https://nylimages.s3.amazonaws.com/MFB_07112_TidalFoamGreen_Front.jpg
08-18-2021 @ 07:16:05 - Attachment ID:8153
08-18-2021 @ 07:16:05 - Row :181 - Product updated successfully.
08-18-2021 @ 07:16:05 - Row :182 - Parsing item.
08-18-2021 @ 07:16:06 - Row :182 - Processing item.
08-18-2021 @ 07:16:06 - Found variation product object. ID:12602
08-18-2021 @ 07:16:06 - Setting Featured Image. URL:https://nylimages.s3.amazonaws.com/MFB_07112_TidalFoamGreen_Front.jpg
08-18-2021 @ 07:16:06 - Attachment ID:8153
08-18-2021 @ 07:16:06 - Row :182 - Product updated successfully.
08-18-2021 @ 07:16:06 - Row :183 - Parsing item.
08-18-2021 @ 07:16:06 - Row :183 - Processing item.
08-18-2021 @ 07:16:06 - Found variation product object. ID:12603
08-18-2021 @ 07:16:06 - Setting Featured Image. URL:https://nylimages.s3.amazonaws.com/MFB_07112_TidalFoamGreen_Front.jpg
08-18-2021 @ 07:16:06 - Attachment ID:8153
08-18-2021 @ 07:16:06 - Row :183 - Product updated successfully.
08-18-2021 @ 07:16:06 - Row :184 - Parsing item.
08-18-2021 @ 07:16:07 - Row :184 - Processing item.
08-18-2021 @ 07:16:07 - Found variation product object. ID:12604
08-18-2021 @ 07:16:07 - Setting Featured Image. URL:https://nylimages.s3.amazonaws.com/MFB_07112_TidalFoamGreen_Front.jpg
08-18-2021 @ 07:16:07 - Attachment ID:8153
08-18-2021 @ 07:16:07 - Row :184 - Product updated successfully.
08-18-2021 @ 07:16:07 - Row :185 - Parsing item.
08-18-2021 @ 07:16:07 - Row :185 - Processing item.
08-18-2021 @ 07:16:07 - Found variation product object. ID:12605
08-18-2021 @ 07:16:07 - Setting Featured Image. URL:https://nylimages.s3.amazonaws.com/MFB_07112_TidalFoamGreen_Front.jpg
08-18-2021 @ 07:16:07 - Attachment ID:8153
08-18-2021 @ 07:16:08 - Row :185 - Product updated successfully.
08-18-2021 @ 07:16:08 - Row :186 - Parsing item.
08-18-2021 @ 07:16:08 - Row :186 - Processing item.
08-18-2021 @ 07:16:08 - Found variation product object. ID:12606
08-18-2021 @ 07:16:08 - Setting Featured Image. URL:https://nylimages.s3.amazonaws.com/MFB_07112_TidalFoamGreen_Front.jpg
08-18-2021 @ 07:16:08 - Attachment ID:8153
08-18-2021 @ 07:16:08 - Row :186 - Product updated successfully.
08-18-2021 @ 07:16:08 - Row :187 - Parsing item.
08-18-2021 @ 07:16:08 - Row :187 - Processing item.
08-18-2021 @ 07:16:08 - Found variation product object. ID:12607
08-18-2021 @ 07:16:08 - Setting Featured Image. URL:https://nylimages.s3.amazonaws.com/MFB_07112_TidalFoamGreen_Front.jpg
08-18-2021 @ 07:16:08 - Attachment ID:8153
08-18-2021 @ 07:16:09 - Row :187 - Product updated successfully.
08-18-2021 @ 07:16:09 - Row :188 - Parsing item.
08-18-2021 @ 07:16:09 - Row :188 - Processing item.
08-18-2021 @ 07:16:09 - Found variation product object. ID:12608
08-18-2021 @ 07:16:09 - Setting Featured Image. URL:https://nylimages.s3.amazonaws.com/MFB_07112_TidalFoamGreen_Front.jpg
08-18-2021 @ 07:16:09 - Attachment ID:8153
08-18-2021 @ 07:16:09 - Row :188 - Product updated successfully.
08-18-2021 @ 07:16:09 - Row :189 - Parsing item.
08-18-2021 @ 07:16:09 - Row :189 - Processing item.
08-18-2021 @ 07:16:09 - Found variation product object. ID:12609
08-18-2021 @ 07:16:10 - Setting Featured Image. URL:https://nylimages.s3.amazonaws.com/MFB_07112_TidalFoamGreen_Front.jpg
08-18-2021 @ 07:16:10 - Attachment ID:8153
08-18-2021 @ 07:16:10 - Row :189 - Product updated successfully.
08-18-2021 @ 07:16:10 - Row :190 - Parsing item.
08-18-2021 @ 07:16:10 - Row :190 - Processing item.
08-18-2021 @ 07:16:10 - Found variation product object. ID:12610
08-18-2021 @ 07:16:10 - Setting Featured Image. URL:https://nylimages.s3.amazonaws.com/MFB_07112_TidalFoamGreen_Front.jpg
08-18-2021 @ 07:16:10 - Attachment ID:8153
08-18-2021 @ 07:16:10 - Row :190 - Product updated successfully.
08-18-2021 @ 07:16:12 - Preparing for import.
08-18-2021 @ 07:16:12 - Row :191 - Parsing item.
08-18-2021 @ 07:16:12 - Row :191 - Processing item.
08-18-2021 @ 07:16:12 - Found variation product object. ID:12611
08-18-2021 @ 07:16:12 - Setting Featured Image. URL:https://nylimages.s3.amazonaws.com/MFB_07112_TidalFoamGreen_Front.jpg
08-18-2021 @ 07:16:12 - Attachment ID:8153
08-18-2021 @ 07:16:12 - Row :191 - Product updated successfully.
08-18-2021 @ 07:16:12 - Row :192 - Parsing item.
08-18-2021 @ 07:16:12 - Row :192 - Processing item.
08-18-2021 @ 07:16:12 - Found variation product object. ID:12612
08-18-2021 @ 07:16:12 - Setting Featured Image. URL:https://nylimages.s3.amazonaws.com/HBI_07112_LavenderSparkle.jpg
08-18-2021 @ 07:16:13 - Attachment ID:8154
08-18-2021 @ 07:16:13 - Row :192 - Product updated successfully.
08-18-2021 @ 07:16:13 - Row :193 - Parsing item.
08-18-2021 @ 07:16:13 - Row :193 - Processing item.
08-18-2021 @ 07:16:13 - Found variation product object. ID:12613
08-18-2021 @ 07:16:13 - Setting Featured Image. URL:https://nylimages.s3.amazonaws.com/HBI_07112_LavenderSparkle.jpg
08-18-2021 @ 07:16:13 - Attachment ID:8154
08-18-2021 @ 07:16:13 - Row :193 - Product updated successfully.
08-18-2021 @ 07:16:13 - ---[ Import ended at 2021-08-18 11:16:13]---
