08-20-2021 @ 06:28:44 - ---[ New import started at 2021-08-20 10:28:44 ] PHP Memory: 512 MB, WP Memory: 40 MB
08-20-2021 @ 06:28:44 - Preparing for import.
08-20-2021 @ 06:28:44 - Row :1 - Parsing item.
08-20-2021 @ 06:28:44 - Row :1 - Processing item.
08-20-2021 @ 06:28:44 - Processing users.
08-20-2021 @ 06:28:44 - > &#8220;76&#8221;User imported successfully. ID:76
08-20-2021 @ 06:28:44 - > Finished importing user 76
08-20-2021 @ 06:28:44 - Row :1 - User imported successfully.
08-20-2021 @ 06:28:44 - Row :2 - Parsing item.
08-20-2021 @ 06:28:44 - Row :2 - Processing item.
08-20-2021 @ 06:28:44 - Processing users.
08-20-2021 @ 06:28:44 - > &#8220;77&#8221;User imported successfully. ID:77
08-20-2021 @ 06:28:44 - > Finished importing user 77
08-20-2021 @ 06:28:44 - Row :2 - User imported successfully.
08-20-2021 @ 06:28:44 - Row :3 - Parsing item.
08-20-2021 @ 06:28:44 - Row :3 - Processing item.
08-20-2021 @ 06:28:44 - Processing users.
08-20-2021 @ 06:28:44 - > &#8220;78&#8221;User imported successfully. ID:78
08-20-2021 @ 06:28:44 - > Finished importing user 78
08-20-2021 @ 06:28:44 - Row :3 - User imported successfully.
08-20-2021 @ 06:28:44 - Row :4 - Parsing item.
08-20-2021 @ 06:28:44 - Row :4 - Processing item.
08-20-2021 @ 06:28:44 - Processing users.
08-20-2021 @ 06:28:44 - > &#8220;79&#8221;User imported successfully. ID:79
08-20-2021 @ 06:28:44 - > Finished importing user 79
08-20-2021 @ 06:28:44 - Row :4 - User imported successfully.
08-20-2021 @ 06:28:44 - Row :5 - Parsing item.
08-20-2021 @ 06:28:44 - Row :5 - Processing item.
08-20-2021 @ 06:28:44 - Processing users.
08-20-2021 @ 06:28:44 - > &#8220;80&#8221;User imported successfully. ID:80
08-20-2021 @ 06:28:44 - > Finished importing user 80
08-20-2021 @ 06:28:44 - Row :5 - User imported successfully.
08-20-2021 @ 06:28:44 - Row :6 - Parsing item.
08-20-2021 @ 06:28:44 - Row :6 - Processing item.
08-20-2021 @ 06:28:44 - Processing users.
08-20-2021 @ 06:28:44 - > &#8220;81&#8221;User imported successfully. ID:81
08-20-2021 @ 06:28:44 - > Finished importing user 81
08-20-2021 @ 06:28:44 - Row :6 - User imported successfully.
08-20-2021 @ 06:28:44 - Row :7 - Parsing item.
08-20-2021 @ 06:28:44 - Row :7 - Processing item.
08-20-2021 @ 06:28:44 - Processing users.
08-20-2021 @ 06:28:44 - > &#8220;82&#8221;User imported successfully. ID:82
08-20-2021 @ 06:28:44 - > Finished importing user 82
08-20-2021 @ 06:28:44 - Row :7 - User imported successfully.
08-20-2021 @ 06:28:44 - Row :8 - Parsing item.
08-20-2021 @ 06:28:44 - Row :8 - Processing item.
08-20-2021 @ 06:28:44 - Processing users.
08-20-2021 @ 06:28:44 - > &#8220;83&#8221;User imported successfully. ID:83
08-20-2021 @ 06:28:44 - > Finished importing user 83
08-20-2021 @ 06:28:44 - Row :8 - User imported successfully.
08-20-2021 @ 06:28:44 - Row :9 - Parsing item.
08-20-2021 @ 06:28:44 - Row :9 - Processing item.
08-20-2021 @ 06:28:44 - Processing users.
08-20-2021 @ 06:28:44 - > &#8220;84&#8221;User imported successfully. ID:84
08-20-2021 @ 06:28:44 - > Finished importing user 84
08-20-2021 @ 06:28:44 - Row :9 - User imported successfully.
08-20-2021 @ 06:28:44 - Row :10 - Parsing item.
08-20-2021 @ 06:28:44 - Row :10 - Processing item.
08-20-2021 @ 06:28:44 - Processing users.
08-20-2021 @ 06:28:45 - > &#8220;85&#8221;User imported successfully. ID:85
08-20-2021 @ 06:28:45 - > Finished importing user 85
08-20-2021 @ 06:28:45 - Row :10 - User imported successfully.
08-20-2021 @ 06:28:45 - Row :11 - Parsing item.
08-20-2021 @ 06:28:45 - Row :11 - Processing item.
08-20-2021 @ 06:28:45 - Processing users.
08-20-2021 @ 06:28:45 - > &#8220;86&#8221;User imported successfully. ID:86
08-20-2021 @ 06:28:45 - > Finished importing user 86
08-20-2021 @ 06:28:45 - Row :11 - User imported successfully.
08-20-2021 @ 06:28:45 - Row :12 - Parsing item.
08-20-2021 @ 06:28:45 - Row :12 - Processing item.
08-20-2021 @ 06:28:45 - Processing users.
08-20-2021 @ 06:28:45 - > &#8220;87&#8221;User imported successfully. ID:87
08-20-2021 @ 06:28:45 - > Finished importing user 87
08-20-2021 @ 06:28:45 - Row :12 - User imported successfully.
08-20-2021 @ 06:28:45 - Row :13 - Parsing item.
08-20-2021 @ 06:28:45 - Row :13 - Processing item.
08-20-2021 @ 06:28:45 - Processing users.
08-20-2021 @ 06:28:45 - > &#8220;88&#8221;User imported successfully. ID:88
08-20-2021 @ 06:28:45 - > Finished importing user 88
08-20-2021 @ 06:28:45 - Row :13 - User imported successfully.
08-20-2021 @ 06:28:45 - Row :14 - Parsing item.
08-20-2021 @ 06:28:45 - Row :14 - Processing item.
08-20-2021 @ 06:28:45 - Processing users.
08-20-2021 @ 06:28:45 - > &#8220;89&#8221;User imported successfully. ID:89
08-20-2021 @ 06:28:45 - > Finished importing user 89
08-20-2021 @ 06:28:45 - Row :14 - User imported successfully.
08-20-2021 @ 06:28:45 - Row :15 - Parsing item.
08-20-2021 @ 06:28:45 - Row :15 - Processing item.
08-20-2021 @ 06:28:45 - Processing users.
08-20-2021 @ 06:28:45 - > &#8220;90&#8221;User imported successfully. ID:90
08-20-2021 @ 06:28:45 - > Finished importing user 90
08-20-2021 @ 06:28:45 - Row :15 - User imported successfully.
08-20-2021 @ 06:28:45 - Row :16 - Parsing item.
08-20-2021 @ 06:28:45 - Row :16 - Processing item.
08-20-2021 @ 06:28:45 - Processing users.
08-20-2021 @ 06:28:45 - > &#8220;91&#8221;User imported successfully. ID:91
08-20-2021 @ 06:28:45 - > Finished importing user 91
08-20-2021 @ 06:28:45 - Row :16 - User imported successfully.
08-20-2021 @ 06:28:45 - Row :17 - Parsing item.
08-20-2021 @ 06:28:45 - Row :17 - Processing item.
08-20-2021 @ 06:28:45 - Processing users.
08-20-2021 @ 06:28:45 - > &#8220;92&#8221;User imported successfully. ID:92
08-20-2021 @ 06:28:45 - > Finished importing user 92
08-20-2021 @ 06:28:45 - Row :17 - User imported successfully.
08-20-2021 @ 06:28:45 - Row :18 - Parsing item.
08-20-2021 @ 06:28:45 - Row :18 - Processing item.
08-20-2021 @ 06:28:45 - Processing users.
08-20-2021 @ 06:28:45 - > &#8220;93&#8221;User imported successfully. ID:93
08-20-2021 @ 06:28:45 - > Finished importing user 93
08-20-2021 @ 06:28:45 - Row :18 - User imported successfully.
08-20-2021 @ 06:28:45 - Row :19 - Parsing item.
08-20-2021 @ 06:28:45 - Row :19 - Processing item.
08-20-2021 @ 06:28:45 - Processing users.
08-20-2021 @ 06:28:45 - > &#8220;94&#8221;User imported successfully. ID:94
08-20-2021 @ 06:28:45 - > Finished importing user 94
08-20-2021 @ 06:28:45 - Row :19 - User imported successfully.
08-20-2021 @ 06:28:45 - Row :20 - Parsing item.
08-20-2021 @ 06:28:45 - Row :20 - Processing item.
08-20-2021 @ 06:28:45 - Processing users.
08-20-2021 @ 06:28:45 - > &#8220;95&#8221;User imported successfully. ID:95
08-20-2021 @ 06:28:45 - > Finished importing user 95
08-20-2021 @ 06:28:45 - Row :20 - User imported successfully.
08-20-2021 @ 06:28:45 - Row :21 - Parsing item.
08-20-2021 @ 06:28:45 - Row :21 - Processing item.
08-20-2021 @ 06:28:45 - Processing users.
08-20-2021 @ 06:28:45 - > &#8220;96&#8221;User imported successfully. ID:96
08-20-2021 @ 06:28:45 - > Finished importing user 96
08-20-2021 @ 06:28:45 - Row :21 - User imported successfully.
08-20-2021 @ 06:28:45 - Row :22 - Parsing item.
08-20-2021 @ 06:28:45 - Row :22 - Processing item.
08-20-2021 @ 06:28:45 - Processing users.
08-20-2021 @ 06:28:45 - > &#8220;97&#8221;User imported successfully. ID:97
08-20-2021 @ 06:28:45 - > Finished importing user 97
08-20-2021 @ 06:28:45 - Row :22 - User imported successfully.
08-20-2021 @ 06:28:45 - Row :23 - Parsing item.
08-20-2021 @ 06:28:45 - Row :23 - Processing item.
08-20-2021 @ 06:28:45 - Processing users.
08-20-2021 @ 06:28:45 - > &#8220;98&#8221;User imported successfully. ID:98
08-20-2021 @ 06:28:45 - > Finished importing user 98
08-20-2021 @ 06:28:45 - Row :23 - User imported successfully.
08-20-2021 @ 06:28:45 - Row :24 - Parsing item.
08-20-2021 @ 06:28:45 - Row :24 - Processing item.
08-20-2021 @ 06:28:45 - Processing users.
08-20-2021 @ 06:28:45 - > &#8220;99&#8221;User imported successfully. ID:99
08-20-2021 @ 06:28:45 - > Finished importing user 99
08-20-2021 @ 06:28:45 - Row :24 - User imported successfully.
08-20-2021 @ 06:28:45 - Row :25 - Parsing item.
08-20-2021 @ 06:28:45 - Row :25 - Processing item.
08-20-2021 @ 06:28:45 - Processing users.
08-20-2021 @ 06:28:45 - > &#8220;100&#8221;User imported successfully. ID:100
08-20-2021 @ 06:28:45 - > Finished importing user 100
08-20-2021 @ 06:28:45 - Row :25 - User imported successfully.
08-20-2021 @ 06:28:45 - Row :26 - Parsing item.
08-20-2021 @ 06:28:45 - Row :26 - Processing item.
08-20-2021 @ 06:28:45 - Processing users.
08-20-2021 @ 06:28:45 - > &#8220;101&#8221;User imported successfully. ID:101
08-20-2021 @ 06:28:45 - > Finished importing user 101
08-20-2021 @ 06:28:45 - Row :26 - User imported successfully.
08-20-2021 @ 06:28:45 - Row :27 - Parsing item.
08-20-2021 @ 06:28:45 - Row :27 - Processing item.
08-20-2021 @ 06:28:45 - Processing users.
08-20-2021 @ 06:28:45 - > &#8220;102&#8221;User imported successfully. ID:102
08-20-2021 @ 06:28:45 - > Finished importing user 102
08-20-2021 @ 06:28:45 - Row :27 - User imported successfully.
08-20-2021 @ 06:28:45 - Row :28 - Parsing item.
08-20-2021 @ 06:28:45 - Row :28 - Processing item.
08-20-2021 @ 06:28:45 - Processing users.
08-20-2021 @ 06:28:45 - > &#8220;103&#8221;User imported successfully. ID:103
08-20-2021 @ 06:28:45 - > Finished importing user 103
08-20-2021 @ 06:28:45 - Row :28 - User imported successfully.
08-20-2021 @ 06:28:45 - Row :29 - Parsing item.
08-20-2021 @ 06:28:45 - Row :29 - Processing item.
08-20-2021 @ 06:28:45 - Processing users.
08-20-2021 @ 06:28:45 - > &#8220;104&#8221;User imported successfully. ID:104
08-20-2021 @ 06:28:45 - > Finished importing user 104
08-20-2021 @ 06:28:45 - Row :29 - User imported successfully.
08-20-2021 @ 06:28:45 - Row :30 - Parsing item.
08-20-2021 @ 06:28:45 - Row :30 - Processing item.
08-20-2021 @ 06:28:45 - Processing users.
08-20-2021 @ 06:28:45 - > &#8220;105&#8221;User imported successfully. ID:105
08-20-2021 @ 06:28:45 - > Finished importing user 105
08-20-2021 @ 06:28:45 - Row :30 - User imported successfully.
08-20-2021 @ 06:28:45 - Row :31 - Parsing item.
08-20-2021 @ 06:28:45 - Row :31 - Processing item.
08-20-2021 @ 06:28:45 - Processing users.
08-20-2021 @ 06:28:45 - > &#8220;106&#8221;User imported successfully. ID:106
08-20-2021 @ 06:28:45 - > Finished importing user 106
08-20-2021 @ 06:28:45 - Row :31 - User imported successfully.
08-20-2021 @ 06:28:45 - Row :32 - Parsing item.
08-20-2021 @ 06:28:45 - Row :32 - Processing item.
08-20-2021 @ 06:28:45 - Processing users.
08-20-2021 @ 06:28:45 - > &#8220;107&#8221;User imported successfully. ID:107
08-20-2021 @ 06:28:45 - > Finished importing user 107
08-20-2021 @ 06:28:45 - Row :32 - User imported successfully.
08-20-2021 @ 06:28:45 - Row :33 - Parsing item.
08-20-2021 @ 06:28:45 - Row :33 - Processing item.
08-20-2021 @ 06:28:45 - Processing users.
08-20-2021 @ 06:28:45 - > &#8220;108&#8221;User imported successfully. ID:108
08-20-2021 @ 06:28:45 - > Finished importing user 108
08-20-2021 @ 06:28:45 - Row :33 - User imported successfully.
08-20-2021 @ 06:28:45 - Row :34 - Parsing item.
08-20-2021 @ 06:28:45 - Row :34 - Processing item.
08-20-2021 @ 06:28:45 - Processing users.
08-20-2021 @ 06:28:45 - > &#8220;109&#8221;User imported successfully. ID:109
08-20-2021 @ 06:28:45 - > Finished importing user 109
08-20-2021 @ 06:28:45 - Row :34 - User imported successfully.
08-20-2021 @ 06:28:45 - Row :35 - Parsing item.
08-20-2021 @ 06:28:45 - Row :35 - Processing item.
08-20-2021 @ 06:28:45 - Processing users.
08-20-2021 @ 06:28:45 - > &#8220;110&#8221;User imported successfully. ID:110
08-20-2021 @ 06:28:45 - > Finished importing user 110
08-20-2021 @ 06:28:45 - Row :35 - User imported successfully.
08-20-2021 @ 06:28:45 - Row :36 - Parsing item.
08-20-2021 @ 06:28:45 - Row :36 - Processing item.
08-20-2021 @ 06:28:45 - Processing users.
08-20-2021 @ 06:28:45 - > &#8220;111&#8221;User imported successfully. ID:111
08-20-2021 @ 06:28:45 - > Finished importing user 111
08-20-2021 @ 06:28:45 - Row :36 - User imported successfully.
08-20-2021 @ 06:28:45 - Row :37 - Parsing item.
08-20-2021 @ 06:28:45 - Row :37 - Processing item.
08-20-2021 @ 06:28:45 - Processing users.
08-20-2021 @ 06:28:45 - > &#8220;112&#8221;User imported successfully. ID:112
08-20-2021 @ 06:28:45 - > Finished importing user 112
08-20-2021 @ 06:28:45 - Row :37 - User imported successfully.
08-20-2021 @ 06:28:45 - Row :38 - Parsing item.
08-20-2021 @ 06:28:45 - Row :38 - Processing item.
08-20-2021 @ 06:28:45 - Processing users.
08-20-2021 @ 06:28:46 - > &#8220;113&#8221;User imported successfully. ID:113
08-20-2021 @ 06:28:46 - > Finished importing user 113
08-20-2021 @ 06:28:46 - Row :38 - User imported successfully.
08-20-2021 @ 06:28:46 - Row :39 - Parsing item.
08-20-2021 @ 06:28:46 - Row :39 - Processing item.
08-20-2021 @ 06:28:46 - Processing users.
08-20-2021 @ 06:28:46 - > &#8220;114&#8221;User imported successfully. ID:114
08-20-2021 @ 06:28:46 - > Finished importing user 114
08-20-2021 @ 06:28:46 - Row :39 - User imported successfully.
08-20-2021 @ 06:28:46 - Row :40 - Parsing item.
08-20-2021 @ 06:28:46 - Row :40 - Processing item.
08-20-2021 @ 06:28:46 - Processing users.
08-20-2021 @ 06:28:46 - > &#8220;115&#8221;User imported successfully. ID:115
08-20-2021 @ 06:28:46 - > Finished importing user 115
08-20-2021 @ 06:28:46 - Row :40 - User imported successfully.
08-20-2021 @ 06:28:46 - Row :41 - Parsing item.
08-20-2021 @ 06:28:46 - Row :41 - Processing item.
08-20-2021 @ 06:28:46 - Processing users.
08-20-2021 @ 06:28:46 - > &#8220;116&#8221;User imported successfully. ID:116
08-20-2021 @ 06:28:46 - > Finished importing user 116
08-20-2021 @ 06:28:46 - Row :41 - User imported successfully.
08-20-2021 @ 06:28:46 - Row :42 - Parsing item.
08-20-2021 @ 06:28:46 - Row :42 - Processing item.
08-20-2021 @ 06:28:46 - Processing users.
08-20-2021 @ 06:28:46 - > &#8220;117&#8221;User imported successfully. ID:117
08-20-2021 @ 06:28:46 - > Finished importing user 117
08-20-2021 @ 06:28:46 - Row :42 - User imported successfully.
08-20-2021 @ 06:28:46 - Row :43 - Parsing item.
08-20-2021 @ 06:28:46 - Row :43 - Processing item.
08-20-2021 @ 06:28:46 - Processing users.
08-20-2021 @ 06:28:46 - > &#8220;118&#8221;User imported successfully. ID:118
08-20-2021 @ 06:28:46 - > Finished importing user 118
08-20-2021 @ 06:28:46 - Row :43 - User imported successfully.
08-20-2021 @ 06:28:46 - Row :44 - Parsing item.
08-20-2021 @ 06:28:46 - Row :44 - Processing item.
08-20-2021 @ 06:28:46 - Processing users.
08-20-2021 @ 06:28:46 - > &#8220;119&#8221;User imported successfully. ID:119
08-20-2021 @ 06:28:46 - > Finished importing user 119
08-20-2021 @ 06:28:46 - Row :44 - User imported successfully.
08-20-2021 @ 06:28:46 - Row :45 - Parsing item.
08-20-2021 @ 06:28:46 - Row :45 - Processing item.
08-20-2021 @ 06:28:46 - Processing users.
08-20-2021 @ 06:28:46 - > &#8220;120&#8221;User imported successfully. ID:120
08-20-2021 @ 06:28:46 - > Finished importing user 120
08-20-2021 @ 06:28:46 - Row :45 - User imported successfully.
08-20-2021 @ 06:28:46 - Row :46 - Parsing item.
08-20-2021 @ 06:28:46 - Row :46 - Processing item.
08-20-2021 @ 06:28:46 - Processing users.
08-20-2021 @ 06:28:46 - > &#8220;121&#8221;User imported successfully. ID:121
08-20-2021 @ 06:28:46 - > Finished importing user 121
08-20-2021 @ 06:28:46 - Row :46 - User imported successfully.
08-20-2021 @ 06:28:46 - Row :47 - Parsing item.
08-20-2021 @ 06:28:46 - Row :47 - Processing item.
08-20-2021 @ 06:28:46 - Processing users.
08-20-2021 @ 06:28:46 - > &#8220;122&#8221;User imported successfully. ID:122
08-20-2021 @ 06:28:46 - > Finished importing user 122
08-20-2021 @ 06:28:46 - Row :47 - User imported successfully.
08-20-2021 @ 06:28:46 - Row :48 - Parsing item.
08-20-2021 @ 06:28:46 - Row :48 - Processing item.
08-20-2021 @ 06:28:46 - Processing users.
08-20-2021 @ 06:28:46 - > &#8220;123&#8221;User imported successfully. ID:123
08-20-2021 @ 06:28:46 - > Finished importing user 123
08-20-2021 @ 06:28:46 - Row :48 - User imported successfully.
08-20-2021 @ 06:28:46 - Row :49 - Parsing item.
08-20-2021 @ 06:28:46 - Row :49 - Processing item.
08-20-2021 @ 06:28:46 - Processing users.
08-20-2021 @ 06:28:46 - > &#8220;73&#8221;User updated successfully. ID:73
08-20-2021 @ 06:28:46 - > Finished importing user 73
08-20-2021 @ 06:28:46 - Row :49 - User updated successfully.
08-20-2021 @ 06:28:46 - Row :50 - Parsing item.
08-20-2021 @ 06:28:46 - Row :50 - Processing item.
08-20-2021 @ 06:28:46 - Processing users.
08-20-2021 @ 06:28:46 - > &#8220;124&#8221;User imported successfully. ID:124
08-20-2021 @ 06:28:46 - > Finished importing user 124
08-20-2021 @ 06:28:46 - Row :50 - User updated successfully.
08-20-2021 @ 06:28:46 - Row :51 - Parsing item.
08-20-2021 @ 06:28:46 - Row :51 - Processing item.
08-20-2021 @ 06:28:46 - Processing users.
08-20-2021 @ 06:28:46 - > &#8220;125&#8221;User imported successfully. ID:125
08-20-2021 @ 06:28:46 - > Finished importing user 125
08-20-2021 @ 06:28:46 - Row :51 - User updated successfully.
08-20-2021 @ 06:28:46 - Row :52 - Parsing item.
08-20-2021 @ 06:28:46 - Row :52 - Processing item.
08-20-2021 @ 06:28:46 - Processing users.
08-20-2021 @ 06:28:46 - > &#8220;126&#8221;User imported successfully. ID:126
08-20-2021 @ 06:28:46 - > Finished importing user 126
08-20-2021 @ 06:28:46 - Row :52 - User updated successfully.
08-20-2021 @ 06:28:46 - Row :53 - Parsing item.
08-20-2021 @ 06:28:46 - Row :53 - Processing item.
08-20-2021 @ 06:28:46 - Processing users.
08-20-2021 @ 06:28:46 - > &#8220;127&#8221;User imported successfully. ID:127
08-20-2021 @ 06:28:46 - > Finished importing user 127
08-20-2021 @ 06:28:46 - Row :53 - User updated successfully.
08-20-2021 @ 06:28:46 - Row :54 - Parsing item.
08-20-2021 @ 06:28:46 - Row :54 - Processing item.
08-20-2021 @ 06:28:46 - Processing users.
08-20-2021 @ 06:28:46 - > &#8220;128&#8221;User imported successfully. ID:128
08-20-2021 @ 06:28:46 - > Finished importing user 128
08-20-2021 @ 06:28:46 - Row :54 - User updated successfully.
08-20-2021 @ 06:28:46 - Row :55 - Parsing item.
08-20-2021 @ 06:28:46 - Row :55 - Processing item.
08-20-2021 @ 06:28:46 - Processing users.
08-20-2021 @ 06:28:46 - > &#8220;129&#8221;User imported successfully. ID:129
08-20-2021 @ 06:28:46 - > Finished importing user 129
08-20-2021 @ 06:28:46 - Row :55 - User updated successfully.
08-20-2021 @ 06:28:46 - Row :56 - Parsing item.
08-20-2021 @ 06:28:46 - Row :56 - Processing item.
08-20-2021 @ 06:28:46 - Processing users.
08-20-2021 @ 06:28:46 - > &#8220;130&#8221;User imported successfully. ID:130
08-20-2021 @ 06:28:46 - > Finished importing user 130
08-20-2021 @ 06:28:46 - Row :56 - User updated successfully.
08-20-2021 @ 06:28:46 - Row :57 - Parsing item.
08-20-2021 @ 06:28:46 - Row :57 - Processing item.
08-20-2021 @ 06:28:46 - Processing users.
08-20-2021 @ 06:28:46 - > &#8220;131&#8221;User imported successfully. ID:131
08-20-2021 @ 06:28:46 - > Finished importing user 131
08-20-2021 @ 06:28:46 - Row :57 - User updated successfully.
08-20-2021 @ 06:28:46 - Row :58 - Parsing item.
08-20-2021 @ 06:28:46 - Row :58 - Processing item.
08-20-2021 @ 06:28:46 - Processing users.
08-20-2021 @ 06:28:46 - > &#8220;132&#8221;User imported successfully. ID:132
08-20-2021 @ 06:28:46 - > Finished importing user 132
08-20-2021 @ 06:28:46 - Row :58 - User updated successfully.
08-20-2021 @ 06:28:46 - Row :59 - Parsing item.
08-20-2021 @ 06:28:46 - Row :59 - Processing item.
08-20-2021 @ 06:28:46 - Processing users.
08-20-2021 @ 06:28:46 - > &#8220;133&#8221;User imported successfully. ID:133
08-20-2021 @ 06:28:46 - > Finished importing user 133
08-20-2021 @ 06:28:46 - Row :59 - User updated successfully.
08-20-2021 @ 06:28:46 - Row :60 - Parsing item.
08-20-2021 @ 06:28:46 - Row :60 - Processing item.
08-20-2021 @ 06:28:46 - Processing users.
08-20-2021 @ 06:28:46 - > &#8220;134&#8221;User imported successfully. ID:134
08-20-2021 @ 06:28:46 - > Finished importing user 134
08-20-2021 @ 06:28:46 - Row :60 - User updated successfully.
08-20-2021 @ 06:28:46 - Row :61 - Parsing item.
08-20-2021 @ 06:28:46 - Row :61 - Processing item.
08-20-2021 @ 06:28:46 - Processing users.
08-20-2021 @ 06:28:46 - > &#8220;135&#8221;User imported successfully. ID:135
08-20-2021 @ 06:28:46 - > Finished importing user 135
08-20-2021 @ 06:28:46 - Row :61 - User updated successfully.
08-20-2021 @ 06:28:46 - Row :62 - Parsing item.
08-20-2021 @ 06:28:46 - Row :62 - Processing item.
08-20-2021 @ 06:28:46 - Processing users.
08-20-2021 @ 06:28:46 - > &#8220;136&#8221;User imported successfully. ID:136
08-20-2021 @ 06:28:46 - > Finished importing user 136
08-20-2021 @ 06:28:46 - Row :62 - User updated successfully.
08-20-2021 @ 06:28:46 - Row :63 - Parsing item.
08-20-2021 @ 06:28:46 - Row :63 - Processing item.
08-20-2021 @ 06:28:46 - Processing users.
08-20-2021 @ 06:28:46 - > &#8220;137&#8221;User imported successfully. ID:137
08-20-2021 @ 06:28:46 - > Finished importing user 137
08-20-2021 @ 06:28:46 - Row :63 - User updated successfully.
08-20-2021 @ 06:28:46 - Row :64 - Parsing item.
08-20-2021 @ 06:28:46 - Row :64 - Processing item.
08-20-2021 @ 06:28:46 - Processing users.
08-20-2021 @ 06:28:47 - > &#8220;138&#8221;User imported successfully. ID:138
08-20-2021 @ 06:28:47 - > Finished importing user 138
08-20-2021 @ 06:28:47 - Row :64 - User updated successfully.
08-20-2021 @ 06:28:47 - Row :65 - Parsing item.
08-20-2021 @ 06:28:47 - Row :65 - Processing item.
08-20-2021 @ 06:28:47 - Processing users.
08-20-2021 @ 06:28:47 - > &#8220;139&#8221;User imported successfully. ID:139
08-20-2021 @ 06:28:47 - > Finished importing user 139
08-20-2021 @ 06:28:47 - Row :65 - User updated successfully.
08-20-2021 @ 06:28:47 - Row :66 - Parsing item.
08-20-2021 @ 06:28:47 - Row :66 - Processing item.
08-20-2021 @ 06:28:47 - Processing users.
08-20-2021 @ 06:28:47 - > &#8220;140&#8221;User imported successfully. ID:140
08-20-2021 @ 06:28:47 - > Finished importing user 140
08-20-2021 @ 06:28:47 - Row :66 - User updated successfully.
08-20-2021 @ 06:28:47 - Row :67 - Parsing item.
08-20-2021 @ 06:28:47 - Row :67 - Processing item.
08-20-2021 @ 06:28:47 - Processing users.
08-20-2021 @ 06:28:47 - > &#8220;141&#8221;User imported successfully. ID:141
08-20-2021 @ 06:28:47 - > Finished importing user 141
08-20-2021 @ 06:28:47 - Row :67 - User updated successfully.
08-20-2021 @ 06:28:47 - Row :68 - Parsing item.
08-20-2021 @ 06:28:47 - Row :68 - Processing item.
08-20-2021 @ 06:28:47 - Processing users.
08-20-2021 @ 06:28:47 - > &#8220;142&#8221;User imported successfully. ID:142
08-20-2021 @ 06:28:47 - > Finished importing user 142
08-20-2021 @ 06:28:47 - Row :68 - User updated successfully.
08-20-2021 @ 06:28:47 - Row :69 - Parsing item.
08-20-2021 @ 06:28:47 - Row :69 - Processing item.
08-20-2021 @ 06:28:47 - Processing users.
08-20-2021 @ 06:28:47 - > &#8220;143&#8221;User imported successfully. ID:143
08-20-2021 @ 06:28:47 - > Finished importing user 143
08-20-2021 @ 06:28:47 - Row :69 - User updated successfully.
08-20-2021 @ 06:28:47 - Row :70 - Parsing item.
08-20-2021 @ 06:28:47 - Row :70 - Processing item.
08-20-2021 @ 06:28:47 - Processing users.
08-20-2021 @ 06:28:47 - > &#8220;144&#8221;User imported successfully. ID:144
08-20-2021 @ 06:28:47 - > Finished importing user 144
08-20-2021 @ 06:28:47 - Row :70 - User updated successfully.
08-20-2021 @ 06:28:47 - Row :71 - Parsing item.
08-20-2021 @ 06:28:47 - Row :71 - Processing item.
08-20-2021 @ 06:28:47 - Processing users.
08-20-2021 @ 06:28:47 - > &#8220;145&#8221;User imported successfully. ID:145
08-20-2021 @ 06:28:47 - > Finished importing user 145
08-20-2021 @ 06:28:47 - Row :71 - User updated successfully.
08-20-2021 @ 06:28:47 - Row :72 - Parsing item.
08-20-2021 @ 06:28:47 - Row :72 - Processing item.
08-20-2021 @ 06:28:47 - Processing users.
08-20-2021 @ 06:28:47 - > &#8220;146&#8221;User imported successfully. ID:146
08-20-2021 @ 06:28:47 - > Finished importing user 146
08-20-2021 @ 06:28:47 - Row :72 - User updated successfully.
08-20-2021 @ 06:28:47 - Row :73 - Parsing item.
08-20-2021 @ 06:28:47 - Row :73 - Processing item.
08-20-2021 @ 06:28:47 - Processing users.
08-20-2021 @ 06:28:47 - > &#8220;147&#8221;User imported successfully. ID:147
08-20-2021 @ 06:28:47 - > Finished importing user 147
08-20-2021 @ 06:28:47 - Row :73 - User updated successfully.
08-20-2021 @ 06:28:47 - Row :74 - Parsing item.
08-20-2021 @ 06:28:47 - Row :74 - Processing item.
08-20-2021 @ 06:28:47 - Processing users.
08-20-2021 @ 06:28:47 - > &#8220;148&#8221;User imported successfully. ID:148
08-20-2021 @ 06:28:47 - > Finished importing user 148
08-20-2021 @ 06:28:47 - Row :74 - User updated successfully.
08-20-2021 @ 06:28:47 - Row :75 - Parsing item.
08-20-2021 @ 06:28:47 - Row :75 - Processing item.
08-20-2021 @ 06:28:47 - Processing users.
08-20-2021 @ 06:28:47 - > &#8220;149&#8221;User imported successfully. ID:149
08-20-2021 @ 06:28:47 - > Finished importing user 149
08-20-2021 @ 06:28:47 - Row :75 - User updated successfully.
08-20-2021 @ 06:28:47 - Row :76 - Parsing item.
08-20-2021 @ 06:28:47 - Row :76 - Processing item.
08-20-2021 @ 06:28:47 - Processing users.
08-20-2021 @ 06:28:47 - > &#8220;150&#8221;User imported successfully. ID:150
08-20-2021 @ 06:28:47 - > Finished importing user 150
08-20-2021 @ 06:28:47 - Row :76 - User updated successfully.
08-20-2021 @ 06:28:47 - Row :77 - Parsing item.
08-20-2021 @ 06:28:47 - Row :77 - Processing item.
08-20-2021 @ 06:28:47 - Processing users.
08-20-2021 @ 06:28:47 - > &#8220;151&#8221;User imported successfully. ID:151
08-20-2021 @ 06:28:47 - > Finished importing user 151
08-20-2021 @ 06:28:47 - Row :77 - User updated successfully.
08-20-2021 @ 06:28:47 - Row :78 - Parsing item.
08-20-2021 @ 06:28:47 - Row :78 - Processing item.
08-20-2021 @ 06:28:47 - Processing users.
08-20-2021 @ 06:28:47 - > &#8220;152&#8221;User imported successfully. ID:152
08-20-2021 @ 06:28:47 - > Finished importing user 152
08-20-2021 @ 06:28:47 - Row :78 - User updated successfully.
08-20-2021 @ 06:28:47 - Row :79 - Parsing item.
08-20-2021 @ 06:28:47 - Row :79 - Processing item.
08-20-2021 @ 06:28:47 - Processing users.
08-20-2021 @ 06:28:47 - > &#8220;153&#8221;User imported successfully. ID:153
08-20-2021 @ 06:28:47 - > Finished importing user 153
08-20-2021 @ 06:28:47 - Row :79 - User updated successfully.
08-20-2021 @ 06:28:47 - Row :80 - Parsing item.
08-20-2021 @ 06:28:47 - Row :80 - Processing item.
08-20-2021 @ 06:28:47 - Processing users.
08-20-2021 @ 06:28:47 - > &#8220;154&#8221;User imported successfully. ID:154
08-20-2021 @ 06:28:47 - > Finished importing user 154
08-20-2021 @ 06:28:47 - Row :80 - User updated successfully.
08-20-2021 @ 06:28:47 - Row :81 - Parsing item.
08-20-2021 @ 06:28:47 - Row :81 - Processing item.
08-20-2021 @ 06:28:47 - Processing users.
08-20-2021 @ 06:28:47 - > &#8220;155&#8221;User imported successfully. ID:155
08-20-2021 @ 06:28:47 - > Finished importing user 155
08-20-2021 @ 06:28:47 - Row :81 - User updated successfully.
08-20-2021 @ 06:28:47 - Row :82 - Parsing item.
08-20-2021 @ 06:28:47 - Row :82 - Processing item.
08-20-2021 @ 06:28:47 - Processing users.
08-20-2021 @ 06:28:47 - > &#8220;156&#8221;User imported successfully. ID:156
08-20-2021 @ 06:28:47 - > Finished importing user 156
08-20-2021 @ 06:28:47 - Row :82 - User updated successfully.
08-20-2021 @ 06:28:47 - Row :83 - Parsing item.
08-20-2021 @ 06:28:47 - Row :83 - Processing item.
08-20-2021 @ 06:28:47 - Processing users.
08-20-2021 @ 06:28:47 - > &#8220;157&#8221;User imported successfully. ID:157
08-20-2021 @ 06:28:47 - > Finished importing user 157
08-20-2021 @ 06:28:47 - Row :83 - User updated successfully.
08-20-2021 @ 06:28:47 - Row :84 - Parsing item.
08-20-2021 @ 06:28:47 - Row :84 - Processing item.
08-20-2021 @ 06:28:47 - Processing users.
08-20-2021 @ 06:28:47 - > &#8220;158&#8221;User imported successfully. ID:158
08-20-2021 @ 06:28:47 - > Finished importing user 158
08-20-2021 @ 06:28:47 - Row :84 - User updated successfully.
08-20-2021 @ 06:28:47 - Row :85 - Parsing item.
08-20-2021 @ 06:28:47 - Row :85 - Processing item.
08-20-2021 @ 06:28:47 - Processing users.
08-20-2021 @ 06:28:47 - > &#8220;159&#8221;User imported successfully. ID:159
08-20-2021 @ 06:28:47 - > Finished importing user 159
08-20-2021 @ 06:28:47 - Row :85 - User updated successfully.
08-20-2021 @ 06:28:47 - Row :86 - Parsing item.
08-20-2021 @ 06:28:47 - Row :86 - Processing item.
08-20-2021 @ 06:28:47 - Processing users.
08-20-2021 @ 06:28:47 - > &#8220;160&#8221;User imported successfully. ID:160
08-20-2021 @ 06:28:47 - > Finished importing user 160
08-20-2021 @ 06:28:47 - Row :86 - User updated successfully.
08-20-2021 @ 06:28:47 - Row :87 - Parsing item.
08-20-2021 @ 06:28:47 - Row :87 - Processing item.
08-20-2021 @ 06:28:47 - Processing users.
08-20-2021 @ 06:28:47 - > &#8220;161&#8221;User imported successfully. ID:161
08-20-2021 @ 06:28:47 - > Finished importing user 161
08-20-2021 @ 06:28:47 - Row :87 - User updated successfully.
08-20-2021 @ 06:28:47 - Row :88 - Parsing item.
08-20-2021 @ 06:28:47 - Row :88 - Processing item.
08-20-2021 @ 06:28:47 - Processing users.
08-20-2021 @ 06:28:47 - > &#8220;162&#8221;User imported successfully. ID:162
08-20-2021 @ 06:28:47 - > Finished importing user 162
08-20-2021 @ 06:28:47 - Row :88 - User updated successfully.
08-20-2021 @ 06:28:47 - Row :89 - Parsing item.
08-20-2021 @ 06:28:47 - Row :89 - Processing item.
08-20-2021 @ 06:28:47 - Processing users.
08-20-2021 @ 06:28:48 - > &#8220;163&#8221;User imported successfully. ID:163
08-20-2021 @ 06:28:48 - > Finished importing user 163
08-20-2021 @ 06:28:48 - Row :89 - User updated successfully.
08-20-2021 @ 06:28:48 - Row :90 - Parsing item.
08-20-2021 @ 06:28:48 - Row :90 - Processing item.
08-20-2021 @ 06:28:48 - Processing users.
08-20-2021 @ 06:28:48 - > &#8220;164&#8221;User imported successfully. ID:164
08-20-2021 @ 06:28:48 - > Finished importing user 164
08-20-2021 @ 06:28:48 - Row :90 - User updated successfully.
08-20-2021 @ 06:28:48 - Row :91 - Parsing item.
08-20-2021 @ 06:28:48 - Row :91 - Processing item.
08-20-2021 @ 06:28:48 - Processing users.
08-20-2021 @ 06:28:48 - > &#8220;165&#8221;User imported successfully. ID:165
08-20-2021 @ 06:28:48 - > Finished importing user 165
08-20-2021 @ 06:28:48 - Row :91 - User updated successfully.
08-20-2021 @ 06:28:48 - Row :92 - Parsing item.
08-20-2021 @ 06:28:48 - Row :92 - Processing item.
08-20-2021 @ 06:28:48 - Processing users.
08-20-2021 @ 06:28:48 - > &#8220;166&#8221;User imported successfully. ID:166
08-20-2021 @ 06:28:48 - > Finished importing user 166
08-20-2021 @ 06:28:48 - Row :92 - User updated successfully.
08-20-2021 @ 06:28:48 - Row :93 - Parsing item.
08-20-2021 @ 06:28:48 - Row :93 - Processing item.
08-20-2021 @ 06:28:48 - Processing users.
08-20-2021 @ 06:28:48 - > &#8220;167&#8221;User imported successfully. ID:167
08-20-2021 @ 06:28:48 - > Finished importing user 167
08-20-2021 @ 06:28:48 - Row :93 - User updated successfully.
08-20-2021 @ 06:28:48 - Row :94 - Parsing item.
08-20-2021 @ 06:28:48 - Row :94 - Processing item.
08-20-2021 @ 06:28:48 - Processing users.
08-20-2021 @ 06:28:48 - > &#8220;168&#8221;User imported successfully. ID:168
08-20-2021 @ 06:28:48 - > Finished importing user 168
08-20-2021 @ 06:28:48 - Row :94 - User updated successfully.
08-20-2021 @ 06:28:48 - Row :95 - Parsing item.
08-20-2021 @ 06:28:48 - Row :95 - Processing item.
08-20-2021 @ 06:28:48 - Processing users.
08-20-2021 @ 06:28:48 - > &#8220;169&#8221;User imported successfully. ID:169
08-20-2021 @ 06:28:48 - > Finished importing user 169
08-20-2021 @ 06:28:48 - Row :95 - User updated successfully.
08-20-2021 @ 06:28:48 - Row :96 - Parsing item.
08-20-2021 @ 06:28:48 - Row :96 - Processing item.
08-20-2021 @ 06:28:48 - Processing users.
08-20-2021 @ 06:28:48 - > &#8220;170&#8221;User imported successfully. ID:170
08-20-2021 @ 06:28:48 - > Finished importing user 170
08-20-2021 @ 06:28:48 - Row :96 - User updated successfully.
08-20-2021 @ 06:28:48 - Row :97 - Parsing item.
08-20-2021 @ 06:28:48 - Row :97 - Processing item.
08-20-2021 @ 06:28:48 - Processing users.
08-20-2021 @ 06:28:48 - > &#8220;171&#8221;User imported successfully. ID:171
08-20-2021 @ 06:28:48 - > Finished importing user 171
08-20-2021 @ 06:28:48 - Row :97 - User updated successfully.
08-20-2021 @ 06:28:48 - Row :98 - Parsing item.
08-20-2021 @ 06:28:48 - Row :98 - Processing item.
08-20-2021 @ 06:28:48 - Processing users.
08-20-2021 @ 06:28:48 - > &#8220;172&#8221;User imported successfully. ID:172
08-20-2021 @ 06:28:48 - > Finished importing user 172
08-20-2021 @ 06:28:48 - Row :98 - User updated successfully.
08-20-2021 @ 06:28:48 - Row :99 - Parsing item.
08-20-2021 @ 06:28:48 - Row :99 - Processing item.
08-20-2021 @ 06:28:48 - Processing users.
08-20-2021 @ 06:28:48 - > &#8220;173&#8221;User imported successfully. ID:173
08-20-2021 @ 06:28:48 - > Finished importing user 173
08-20-2021 @ 06:28:48 - Row :99 - User updated successfully.
08-20-2021 @ 06:28:48 - Row :100 - Parsing item.
08-20-2021 @ 06:28:48 - Row :100 - Processing item.
08-20-2021 @ 06:28:48 - Processing users.
08-20-2021 @ 06:28:48 - > &#8220;174&#8221;User imported successfully. ID:174
08-20-2021 @ 06:28:48 - > Finished importing user 174
08-20-2021 @ 06:28:48 - Row :100 - User updated successfully.
