08-31-2021 @ 09:21:26 - ---[ New import started at 2021-08-31 13:21:26 ] PHP Memory: 512 MB, WP Memory: 40 MB
08-31-2021 @ 09:21:26 - Preparing for import.
08-31-2021 @ 09:21:26 - Row :1 - Parsing item.
08-31-2021 @ 09:21:26 - Importing as new product ID:67521
08-31-2021 @ 09:21:26 - Row :1 - Processing item.
08-31-2021 @ 09:21:26 - Found variation product object. ID:67521
08-31-2021 @ 09:21:26 - Setting Featured Image. URL:https://nylimages.s3.amazonaws.com/HBI_125462_PeacoatPeacoatSpaceDye.jpg
08-31-2021 @ 09:21:26 - Attachment ID:7284
08-31-2021 @ 09:21:26 - Row :1 - Product imported successfully.
08-31-2021 @ 09:21:26 - Row :2 - Parsing item.
08-31-2021 @ 09:21:26 - Importing as new product ID:67522
08-31-2021 @ 09:21:26 - Row :2 - Processing item.
08-31-2021 @ 09:21:26 - Found variation product object. ID:67522
08-31-2021 @ 09:21:26 - Setting Featured Image. URL:https://nylimages.s3.amazonaws.com/HBI_125462_PeacoatPeacoatSpaceDye.jpg
08-31-2021 @ 09:21:26 - Attachment ID:7284
08-31-2021 @ 09:21:26 - Row :2 - Product imported successfully.
08-31-2021 @ 09:21:26 - Row :3 - Parsing item.
08-31-2021 @ 09:21:26 - Importing as new product ID:67523
08-31-2021 @ 09:21:26 - Row :3 - Processing item.
08-31-2021 @ 09:21:26 - Found variation product object. ID:67523
08-31-2021 @ 09:21:26 - Setting Featured Image. URL:https://nylimages.s3.amazonaws.com/HBI_125462_PeacoatPeacoatSpaceDye.jpg
08-31-2021 @ 09:21:26 - Attachment ID:7284
08-31-2021 @ 09:21:26 - Row :3 - Product imported successfully.
08-31-2021 @ 09:21:26 - Row :4 - Parsing item.
08-31-2021 @ 09:21:26 - Importing as new product ID:67524
08-31-2021 @ 09:21:26 - Row :4 - Processing item.
08-31-2021 @ 09:21:26 - Found variation product object. ID:67524
08-31-2021 @ 09:21:27 - Setting Featured Image. URL:https://nylimages.s3.amazonaws.com/HBI_125462_PeacoatPeacoatSpaceDye.jpg
08-31-2021 @ 09:21:27 - Attachment ID:7284
08-31-2021 @ 09:21:27 - Row :4 - Product imported successfully.
08-31-2021 @ 09:21:27 - Row :5 - Parsing item.
08-31-2021 @ 09:21:27 - Importing as new product ID:67525
08-31-2021 @ 09:21:27 - Row :5 - Processing item.
08-31-2021 @ 09:21:27 - Found variation product object. ID:67525
08-31-2021 @ 09:21:27 - Setting Featured Image. URL:https://nylimages.s3.amazonaws.com/HBI_125462_PeacoatPeacoatSpaceDye.jpg
08-31-2021 @ 09:21:27 - Attachment ID:7284
08-31-2021 @ 09:21:27 - Row :5 - Product imported successfully.
08-31-2021 @ 09:21:27 - Row :6 - Parsing item.
08-31-2021 @ 09:21:27 - Importing as new product ID:67526
08-31-2021 @ 09:21:27 - Row :6 - Processing item.
08-31-2021 @ 09:21:27 - Found variation product object. ID:67526
08-31-2021 @ 09:21:28 - Setting Featured Image. URL:https://nylimages.s3.amazonaws.com/HBI_125462_AsphaltAsphaltSpaceDye.jpg
08-31-2021 @ 09:21:28 - Attachment ID:7290
08-31-2021 @ 09:21:28 - Row :6 - Product imported successfully.
08-31-2021 @ 09:21:28 - Row :7 - Parsing item.
08-31-2021 @ 09:21:28 - Importing as new product ID:67527
08-31-2021 @ 09:21:28 - Row :7 - Processing item.
08-31-2021 @ 09:21:28 - Found variation product object. ID:67527
08-31-2021 @ 09:21:28 - Setting Featured Image. URL:https://nylimages.s3.amazonaws.com/HBI_125462_AsphaltAsphaltSpaceDye.jpg
08-31-2021 @ 09:21:28 - Attachment ID:7290
08-31-2021 @ 09:21:28 - Row :7 - Product imported successfully.
08-31-2021 @ 09:21:28 - Row :8 - Parsing item.
08-31-2021 @ 09:21:28 - Importing as new product ID:67528
08-31-2021 @ 09:21:28 - Row :8 - Processing item.
08-31-2021 @ 09:21:28 - Found variation product object. ID:67528
08-31-2021 @ 09:21:28 - Setting Featured Image. URL:https://nylimages.s3.amazonaws.com/HBI_125462_AsphaltAsphaltSpaceDye.jpg
08-31-2021 @ 09:21:28 - Attachment ID:7290
08-31-2021 @ 09:21:29 - Row :8 - Product imported successfully.
08-31-2021 @ 09:21:29 - Row :9 - Parsing item.
08-31-2021 @ 09:21:29 - Importing as new product ID:67529
08-31-2021 @ 09:21:29 - Row :9 - Processing item.
08-31-2021 @ 09:21:29 - Found variation product object. ID:67529
08-31-2021 @ 09:21:29 - Setting Featured Image. URL:https://nylimages.s3.amazonaws.com/HBI_125462_AsphaltAsphaltSpaceDye.jpg
08-31-2021 @ 09:21:29 - Attachment ID:7290
08-31-2021 @ 09:21:29 - Row :9 - Product imported successfully.
08-31-2021 @ 09:21:29 - Row :10 - Parsing item.
08-31-2021 @ 09:21:29 - Importing as new product ID:67530
08-31-2021 @ 09:21:29 - Row :10 - Processing item.
08-31-2021 @ 09:21:29 - Found variation product object. ID:67530
08-31-2021 @ 09:21:30 - Setting Featured Image. URL:https://nylimages.s3.amazonaws.com/HBI_125462_AsphaltAsphaltSpaceDye.jpg
08-31-2021 @ 09:21:30 - Attachment ID:7290
08-31-2021 @ 09:21:30 - Row :10 - Product imported successfully.
08-31-2021 @ 09:21:31 - Preparing for import.
08-31-2021 @ 09:21:31 - Row :11 - Parsing item.
08-31-2021 @ 09:21:31 - Importing as new product ID:67531
08-31-2021 @ 09:21:31 - Row :11 - Processing item.
08-31-2021 @ 09:21:31 - Found variation product object. ID:67531
08-31-2021 @ 09:21:31 - Setting Featured Image. URL:https://nylimages.s3.amazonaws.com/HBI_M09729_Black_sw.jpg
08-31-2021 @ 09:21:32 - Attachment ID:7299
08-31-2021 @ 09:21:32 - Row :11 - Product imported successfully.
08-31-2021 @ 09:21:32 - Row :12 - Parsing item.
08-31-2021 @ 09:21:32 - Importing as new product ID:67532
08-31-2021 @ 09:21:32 - Row :12 - Processing item.
08-31-2021 @ 09:21:32 - Found variation product object. ID:67532
08-31-2021 @ 09:21:32 - Setting Featured Image. URL:https://nylimages.s3.amazonaws.com/HBI_M09729_Black_sw.jpg
08-31-2021 @ 09:21:32 - Attachment ID:7299
08-31-2021 @ 09:21:32 - Row :12 - Product imported successfully.
08-31-2021 @ 09:21:32 - Row :13 - Parsing item.
08-31-2021 @ 09:21:32 - Importing as new product ID:67533
08-31-2021 @ 09:21:32 - Row :13 - Processing item.
08-31-2021 @ 09:21:32 - Found variation product object. ID:67533
08-31-2021 @ 09:21:32 - Setting Featured Image. URL:https://nylimages.s3.amazonaws.com/HBI_M09729_Black_sw.jpg
08-31-2021 @ 09:21:32 - Attachment ID:7299
08-31-2021 @ 09:21:32 - Row :13 - Product imported successfully.
08-31-2021 @ 09:21:32 - Row :14 - Parsing item.
08-31-2021 @ 09:21:32 - Importing as new product ID:67534
08-31-2021 @ 09:21:32 - Row :14 - Processing item.
08-31-2021 @ 09:21:32 - Found variation product object. ID:67534
08-31-2021 @ 09:21:32 - Setting Featured Image. URL:https://nylimages.s3.amazonaws.com/HBI_M09729_Black_sw.jpg
08-31-2021 @ 09:21:32 - Attachment ID:7299
08-31-2021 @ 09:21:32 - Row :14 - Product imported successfully.
08-31-2021 @ 09:21:32 - Row :15 - Parsing item.
08-31-2021 @ 09:21:32 - Importing as new product ID:67535
08-31-2021 @ 09:21:32 - Row :15 - Processing item.
08-31-2021 @ 09:21:32 - Found variation product object. ID:67535
08-31-2021 @ 09:21:32 - Setting Featured Image. URL:https://nylimages.s3.amazonaws.com/HBI_M09729_Black_sw.jpg
08-31-2021 @ 09:21:32 - Attachment ID:7299
08-31-2021 @ 09:21:32 - Row :15 - Product imported successfully.
08-31-2021 @ 09:21:32 - Row :16 - Parsing item.
08-31-2021 @ 09:21:32 - Importing as new product ID:67536
08-31-2021 @ 09:21:32 - Row :16 - Processing item.
08-31-2021 @ 09:21:32 - Found variation product object. ID:67536
08-31-2021 @ 09:21:33 - Setting Featured Image. URL:https://nylimages.s3.amazonaws.com/HBI_M09729_LatteLift_sw.jpg
08-31-2021 @ 09:21:33 - Attachment ID:7305
08-31-2021 @ 09:21:33 - Row :16 - Product imported successfully.
08-31-2021 @ 09:21:33 - Row :17 - Parsing item.
08-31-2021 @ 09:21:33 - Importing as new product ID:67537
08-31-2021 @ 09:21:33 - Row :17 - Processing item.
08-31-2021 @ 09:21:33 - Found variation product object. ID:67537
08-31-2021 @ 09:21:33 - Setting Featured Image. URL:https://nylimages.s3.amazonaws.com/HBI_M09729_LatteLift_sw.jpg
08-31-2021 @ 09:21:33 - Attachment ID:7305
08-31-2021 @ 09:21:33 - Row :17 - Product imported successfully.
08-31-2021 @ 09:21:33 - Row :18 - Parsing item.
08-31-2021 @ 09:21:33 - Importing as new product ID:67538
08-31-2021 @ 09:21:33 - Row :18 - Processing item.
08-31-2021 @ 09:21:33 - Found variation product object. ID:67538
08-31-2021 @ 09:21:33 - Setting Featured Image. URL:https://nylimages.s3.amazonaws.com/HBI_125605_TealCombo.jpg
08-31-2021 @ 09:21:33 - Attachment ID:7352
08-31-2021 @ 09:21:33 - Row :18 - Product imported successfully.
08-31-2021 @ 09:21:33 - Row :19 - Parsing item.
08-31-2021 @ 09:21:33 - Importing as new product ID:67539
08-31-2021 @ 09:21:33 - Row :19 - Processing item.
08-31-2021 @ 09:21:33 - Found variation product object. ID:67539
08-31-2021 @ 09:21:33 - Setting Featured Image. URL:https://nylimages.s3.amazonaws.com/HBI_125605_TealCombo.jpg
08-31-2021 @ 09:21:33 - Attachment ID:7352
08-31-2021 @ 09:21:33 - Row :19 - Product imported successfully.
08-31-2021 @ 09:21:33 - Row :20 - Parsing item.
08-31-2021 @ 09:21:33 - Importing as new product ID:67540
08-31-2021 @ 09:21:33 - Row :20 - Processing item.
08-31-2021 @ 09:21:33 - Found variation product object. ID:67540
08-31-2021 @ 09:21:33 - Setting Featured Image. URL:https://nylimages.s3.amazonaws.com/HBI_125609_GreyBlackCombo.jpg
08-31-2021 @ 09:21:33 - Attachment ID:7373
08-31-2021 @ 09:21:33 - Row :20 - Product imported successfully.
08-31-2021 @ 09:21:35 - Preparing for import.
08-31-2021 @ 09:21:35 - Row :21 - Parsing item.
08-31-2021 @ 09:21:35 - Importing as new product ID:67541
08-31-2021 @ 09:21:35 - Row :21 - Processing item.
08-31-2021 @ 09:21:35 - Found variation product object. ID:67541
08-31-2021 @ 09:21:35 - Setting Featured Image. URL:https://nylimages.s3.amazonaws.com/HBI_125609_GreyBlackCombo.jpg
08-31-2021 @ 09:21:35 - Attachment ID:7373
08-31-2021 @ 09:21:35 - Row :21 - Product imported successfully.
08-31-2021 @ 09:21:35 - Row :22 - Parsing item.
08-31-2021 @ 09:21:35 - Importing as new product ID:67542
08-31-2021 @ 09:21:35 - Row :22 - Processing item.
08-31-2021 @ 09:21:36 - Found variation product object. ID:67542
08-31-2021 @ 09:21:36 - Setting Featured Image. URL:https://nylimages.s3.amazonaws.com/HBI_M12622_Black_sw.jpg
08-31-2021 @ 09:21:36 - Attachment ID:7406
08-31-2021 @ 09:21:36 - Row :22 - Product imported successfully.
08-31-2021 @ 09:21:36 - Row :23 - Parsing item.
08-31-2021 @ 09:21:36 - Importing as new product ID:67543
08-31-2021 @ 09:21:36 - Row :23 - Processing item.
08-31-2021 @ 09:21:36 - Found variation product object. ID:67543
08-31-2021 @ 09:21:36 - Setting Featured Image. URL:https://nylimages.s3.amazonaws.com/HBI_M12622_Black_sw.jpg
08-31-2021 @ 09:21:36 - Attachment ID:7406
08-31-2021 @ 09:21:36 - Row :23 - Product imported successfully.
08-31-2021 @ 09:21:36 - Row :24 - Parsing item.
08-31-2021 @ 09:21:36 - Importing as new product ID:67544
08-31-2021 @ 09:21:36 - Row :24 - Processing item.
08-31-2021 @ 09:21:36 - Found variation product object. ID:67544
08-31-2021 @ 09:21:36 - Setting Featured Image. URL:https://nylimages.s3.amazonaws.com/HBI_M12622_Black_sw.jpg
08-31-2021 @ 09:21:36 - Attachment ID:7406
08-31-2021 @ 09:21:36 - Row :24 - Product imported successfully.
08-31-2021 @ 09:21:36 - Row :25 - Parsing item.
08-31-2021 @ 09:21:36 - Importing as new product ID:67545
08-31-2021 @ 09:21:36 - Row :25 - Processing item.
08-31-2021 @ 09:21:36 - Found variation product object. ID:67545
08-31-2021 @ 09:21:36 - Setting Featured Image. URL:https://nylimages.s3.amazonaws.com/HBI_M12622_Black_sw.jpg
08-31-2021 @ 09:21:36 - Attachment ID:7406
08-31-2021 @ 09:21:36 - Row :25 - Product imported successfully.
08-31-2021 @ 09:21:36 - Row :26 - Parsing item.
08-31-2021 @ 09:21:36 - Importing as new product ID:67546
08-31-2021 @ 09:21:36 - Row :26 - Processing item.
08-31-2021 @ 09:21:36 - Found variation product object. ID:67546
08-31-2021 @ 09:21:36 - Setting Featured Image. URL:https://nylimages.s3.amazonaws.com/HBI_M12622_LatteLift_sw.jpg
08-31-2021 @ 09:21:36 - Attachment ID:7412
08-31-2021 @ 09:21:37 - Row :26 - Product imported successfully.
08-31-2021 @ 09:21:37 - Row :27 - Parsing item.
08-31-2021 @ 09:21:37 - Importing as new product ID:67547
08-31-2021 @ 09:21:37 - Row :27 - Processing item.
08-31-2021 @ 09:21:37 - Found variation product object. ID:67547
08-31-2021 @ 09:21:37 - Setting Featured Image. URL:https://nylimages.s3.amazonaws.com/HBI_M12622_LatteLift_sw.jpg
08-31-2021 @ 09:21:37 - Attachment ID:7412
08-31-2021 @ 09:21:37 - Row :27 - Product imported successfully.
08-31-2021 @ 09:21:37 - Row :28 - Parsing item.
08-31-2021 @ 09:21:37 - Importing as new product ID:67548
08-31-2021 @ 09:21:37 - Row :28 - Processing item.
08-31-2021 @ 09:21:37 - Found variation product object. ID:67548
08-31-2021 @ 09:21:37 - Setting Featured Image. URL:https://nylimages.s3.amazonaws.com/HBI_M12622_LatteLift_sw.jpg
08-31-2021 @ 09:21:37 - Attachment ID:7412
08-31-2021 @ 09:21:37 - Row :28 - Product imported successfully.
08-31-2021 @ 09:21:37 - Row :29 - Parsing item.
08-31-2021 @ 09:21:37 - Importing as new product ID:67549
08-31-2021 @ 09:21:37 - Row :29 - Processing item.
08-31-2021 @ 09:21:37 - Found variation product object. ID:67549
08-31-2021 @ 09:21:37 - Setting Featured Image. URL:http://199.250.200.51/~ncc35b5/wp-content/themes/apparel_direct/assets/images/coming-soon-image.jpg
08-31-2021 @ 09:21:38 - Attachment ID:67550
08-31-2021 @ 09:21:38 - Row :29 - Product imported successfully.
08-31-2021 @ 09:21:38 - Row :30 - Parsing item.
08-31-2021 @ 09:21:38 - Importing as new product ID:67551
08-31-2021 @ 09:21:38 - Row :30 - Processing item.
08-31-2021 @ 09:21:38 - Found variation product object. ID:67551
08-31-2021 @ 09:21:38 - Setting Featured Image. URL:http://199.250.200.51/~ncc35b5/wp-content/themes/apparel_direct/assets/images/coming-soon-image.jpg
08-31-2021 @ 09:21:38 - Attachment ID:67550
08-31-2021 @ 09:21:38 - Row :30 - Product imported successfully.
08-31-2021 @ 09:21:40 - Preparing for import.
08-31-2021 @ 09:21:40 - Row :31 - Parsing item.
08-31-2021 @ 09:21:40 - Importing as new product ID:67552
08-31-2021 @ 09:21:40 - Row :31 - Processing item.
08-31-2021 @ 09:21:40 - Found variation product object. ID:67552
08-31-2021 @ 09:21:40 - Setting Featured Image. URL:http://199.250.200.51/~ncc35b5/wp-content/themes/apparel_direct/assets/images/coming-soon-image.jpg
08-31-2021 @ 09:21:40 - Attachment ID:67550
08-31-2021 @ 09:21:40 - Row :31 - Product imported successfully.
08-31-2021 @ 09:21:40 - Row :32 - Parsing item.
08-31-2021 @ 09:21:40 - Importing as new product ID:67553
08-31-2021 @ 09:21:40 - Row :32 - Processing item.
08-31-2021 @ 09:21:40 - Found variation product object. ID:67553
08-31-2021 @ 09:21:40 - Setting Featured Image. URL:http://199.250.200.51/~ncc35b5/wp-content/themes/apparel_direct/assets/images/coming-soon-image.jpg
08-31-2021 @ 09:21:40 - Attachment ID:67550
08-31-2021 @ 09:21:40 - Row :32 - Product imported successfully.
08-31-2021 @ 09:21:40 - Row :33 - Parsing item.
08-31-2021 @ 09:21:40 - Importing as new product ID:67554
08-31-2021 @ 09:21:40 - Row :33 - Processing item.
08-31-2021 @ 09:21:40 - Found variation product object. ID:67554
08-31-2021 @ 09:21:40 - Setting Featured Image. URL:http://199.250.200.51/~ncc35b5/wp-content/themes/apparel_direct/assets/images/coming-soon-image.jpg
08-31-2021 @ 09:21:40 - Attachment ID:67550
08-31-2021 @ 09:21:40 - Row :33 - Product imported successfully.
08-31-2021 @ 09:21:40 - Row :34 - Parsing item.
08-31-2021 @ 09:21:40 - Importing as new product ID:67555
08-31-2021 @ 09:21:40 - Row :34 - Processing item.
08-31-2021 @ 09:21:40 - Found variation product object. ID:67555
08-31-2021 @ 09:21:40 - Setting Featured Image. URL:http://199.250.200.51/~ncc35b5/wp-content/themes/apparel_direct/assets/images/coming-soon-image.jpg
08-31-2021 @ 09:21:40 - Attachment ID:67550
08-31-2021 @ 09:21:41 - Row :34 - Product imported successfully.
08-31-2021 @ 09:21:41 - Row :35 - Parsing item.
08-31-2021 @ 09:21:41 - Importing as new product ID:67556
08-31-2021 @ 09:21:41 - Row :35 - Processing item.
08-31-2021 @ 09:21:41 - Found variation product object. ID:67556
08-31-2021 @ 09:21:41 - Setting Featured Image. URL:http://199.250.200.51/~ncc35b5/wp-content/themes/apparel_direct/assets/images/coming-soon-image.jpg
08-31-2021 @ 09:21:41 - Attachment ID:67550
08-31-2021 @ 09:21:41 - Row :35 - Product imported successfully.
08-31-2021 @ 09:21:41 - Row :36 - Parsing item.
08-31-2021 @ 09:21:41 - Importing as new product ID:67557
08-31-2021 @ 09:21:41 - Row :36 - Processing item.
08-31-2021 @ 09:21:41 - Found variation product object. ID:67557
08-31-2021 @ 09:21:41 - Setting Featured Image. URL:http://199.250.200.51/~ncc35b5/wp-content/themes/apparel_direct/assets/images/coming-soon-image.jpg
08-31-2021 @ 09:21:41 - Attachment ID:67550
08-31-2021 @ 09:21:41 - Row :36 - Product imported successfully.
08-31-2021 @ 09:21:41 - Row :37 - Parsing item.
08-31-2021 @ 09:21:41 - Importing as new product ID:67558
08-31-2021 @ 09:21:41 - Row :37 - Processing item.
08-31-2021 @ 09:21:41 - Found variation product object. ID:67558
08-31-2021 @ 09:21:41 - Setting Featured Image. URL:https://nylimages.s3.amazonaws.com/01008_redblackplaid.jpg
08-31-2021 @ 09:21:41 - Attachment ID:7434
08-31-2021 @ 09:21:41 - Row :37 - Product imported successfully.
08-31-2021 @ 09:21:41 - Row :38 - Parsing item.
08-31-2021 @ 09:21:41 - Importing as new product ID:67559
08-31-2021 @ 09:21:41 - Row :38 - Processing item.
08-31-2021 @ 09:21:41 - Found variation product object. ID:67559
08-31-2021 @ 09:21:41 - Setting Featured Image. URL:https://nylimages.s3.amazonaws.com/01008_redblackplaid.jpg
08-31-2021 @ 09:21:41 - Attachment ID:7434
08-31-2021 @ 09:21:41 - Row :38 - Product imported successfully.
08-31-2021 @ 09:21:41 - Row :39 - Parsing item.
08-31-2021 @ 09:21:41 - Importing as new product ID:67560
08-31-2021 @ 09:21:41 - Row :39 - Processing item.
08-31-2021 @ 09:21:41 - Found variation product object. ID:67560
08-31-2021 @ 09:21:41 - Setting Featured Image. URL:https://nylimages.s3.amazonaws.com/01008_redblackplaid.jpg
08-31-2021 @ 09:21:41 - Attachment ID:7434
08-31-2021 @ 09:21:41 - Row :39 - Product imported successfully.
08-31-2021 @ 09:21:41 - Row :40 - Parsing item.
08-31-2021 @ 09:21:41 - Importing as new product ID:67561
08-31-2021 @ 09:21:41 - Row :40 - Processing item.
08-31-2021 @ 09:21:41 - Found variation product object. ID:67561
08-31-2021 @ 09:21:42 - Setting Featured Image. URL:https://nylimages.s3.amazonaws.com/01008_redblackplaid.jpg
08-31-2021 @ 09:21:42 - Attachment ID:7434
08-31-2021 @ 09:21:42 - Row :40 - Product imported successfully.
08-31-2021 @ 09:21:43 - Preparing for import.
08-31-2021 @ 09:21:43 - Row :41 - Parsing item.
08-31-2021 @ 09:21:43 - Importing as new product ID:67562
08-31-2021 @ 09:21:43 - Row :41 - Processing item.
08-31-2021 @ 09:21:43 - Found variation product object. ID:67562
08-31-2021 @ 09:21:43 - Setting Featured Image. URL:https://nylimages.s3.amazonaws.com/01008_redblackplaid.jpg
08-31-2021 @ 09:21:43 - Attachment ID:7434
08-31-2021 @ 09:21:43 - Row :41 - Product imported successfully.
08-31-2021 @ 09:21:43 - Row :42 - Parsing item.
08-31-2021 @ 09:21:43 - Importing as new product ID:67563
08-31-2021 @ 09:21:43 - Row :42 - Processing item.
08-31-2021 @ 09:21:43 - Found variation product object. ID:67563
08-31-2021 @ 09:21:43 - Setting Featured Image. URL:https://nylimages.s3.amazonaws.com/01008_redblackplaid.jpg
08-31-2021 @ 09:21:44 - Attachment ID:7434
08-31-2021 @ 09:21:44 - Row :42 - Product imported successfully.
08-31-2021 @ 09:21:44 - Row :43 - Parsing item.
08-31-2021 @ 09:21:44 - Importing as new product ID:67564
08-31-2021 @ 09:21:44 - Row :43 - Processing item.
08-31-2021 @ 09:21:44 - Found variation product object. ID:67564
08-31-2021 @ 09:21:44 - Setting Featured Image. URL:https://nylimages.s3.amazonaws.com/01008_redblackplaid.jpg
08-31-2021 @ 09:21:44 - Attachment ID:7434
08-31-2021 @ 09:21:44 - Row :43 - Product imported successfully.
08-31-2021 @ 09:21:44 - Row :44 - Parsing item.
08-31-2021 @ 09:21:44 - Importing as new product ID:67565
08-31-2021 @ 09:21:44 - Row :44 - Processing item.
08-31-2021 @ 09:21:44 - Found variation product object. ID:67565
08-31-2021 @ 09:21:44 - Setting Featured Image. URL:https://nylimages.s3.amazonaws.com/01008_BlackWhitePlaid.jpg
08-31-2021 @ 09:21:44 - Attachment ID:7435
08-31-2021 @ 09:21:44 - Row :44 - Product imported successfully.
08-31-2021 @ 09:21:44 - Row :45 - Parsing item.
08-31-2021 @ 09:21:44 - Importing as new product ID:67566
08-31-2021 @ 09:21:44 - Row :45 - Processing item.
08-31-2021 @ 09:21:44 - Found variation product object. ID:67566
08-31-2021 @ 09:21:44 - Setting Featured Image. URL:https://nylimages.s3.amazonaws.com/01008_BlackWhitePlaid.jpg
08-31-2021 @ 09:21:44 - Attachment ID:7435
08-31-2021 @ 09:21:44 - Row :45 - Product imported successfully.
08-31-2021 @ 09:21:44 - Row :46 - Parsing item.
08-31-2021 @ 09:21:44 - Importing as new product ID:67567
08-31-2021 @ 09:21:44 - Row :46 - Processing item.
08-31-2021 @ 09:21:44 - Found variation product object. ID:67567
08-31-2021 @ 09:21:44 - Setting Featured Image. URL:https://nylimages.s3.amazonaws.com/01008_BlackWhitePlaid.jpg
08-31-2021 @ 09:21:44 - Attachment ID:7435
08-31-2021 @ 09:21:44 - Row :46 - Product imported successfully.
08-31-2021 @ 09:21:44 - Row :47 - Parsing item.
08-31-2021 @ 09:21:44 - Importing as new product ID:67568
08-31-2021 @ 09:21:44 - Row :47 - Processing item.
08-31-2021 @ 09:21:44 - Found variation product object. ID:67568
08-31-2021 @ 09:21:44 - Setting Featured Image. URL:https://nylimages.s3.amazonaws.com/01008_BlackWhitePlaid.jpg
08-31-2021 @ 09:21:45 - Attachment ID:7435
08-31-2021 @ 09:21:45 - Row :47 - Product imported successfully.
08-31-2021 @ 09:21:45 - Row :48 - Parsing item.
08-31-2021 @ 09:21:45 - Importing as new product ID:67569
08-31-2021 @ 09:21:45 - Row :48 - Processing item.
08-31-2021 @ 09:21:45 - Found variation product object. ID:67569
08-31-2021 @ 09:21:45 - Setting Featured Image. URL:https://nylimages.s3.amazonaws.com/01008_BlackWhitePlaid.jpg
08-31-2021 @ 09:21:45 - Attachment ID:7435
08-31-2021 @ 09:21:45 - Row :48 - Product imported successfully.
08-31-2021 @ 09:21:45 - Row :49 - Parsing item.
08-31-2021 @ 09:21:45 - Importing as new product ID:67570
08-31-2021 @ 09:21:45 - Row :49 - Processing item.
08-31-2021 @ 09:21:45 - Found variation product object. ID:67570
08-31-2021 @ 09:21:45 - Setting Featured Image. URL:https://nylimages.s3.amazonaws.com/01008_BlackWhitePlaid.jpg
08-31-2021 @ 09:21:45 - Attachment ID:7435
08-31-2021 @ 09:21:45 - Row :49 - Product imported successfully.
08-31-2021 @ 09:21:45 - Row :50 - Parsing item.
08-31-2021 @ 09:21:45 - Importing as new product ID:67571
08-31-2021 @ 09:21:45 - Row :50 - Processing item.
08-31-2021 @ 09:21:45 - Found variation product object. ID:67571
08-31-2021 @ 09:21:45 - Setting Featured Image. URL:https://nylimages.s3.amazonaws.com/HNS_018NT4_White_Front.jpg
08-31-2021 @ 09:21:45 - Attachment ID:7497
08-31-2021 @ 09:21:45 - Row :50 - Product imported successfully.
08-31-2021 @ 09:21:47 - Preparing for import.
08-31-2021 @ 09:21:47 - Row :51 - Parsing item.
08-31-2021 @ 09:21:47 - Importing as new product ID:67572
08-31-2021 @ 09:21:47 - Row :51 - Processing item.
08-31-2021 @ 09:21:47 - Found variation product object. ID:67572
08-31-2021 @ 09:21:47 - Setting Featured Image. URL:https://nylimages.s3.amazonaws.com/HNS_018NT4_White_Front.jpg
08-31-2021 @ 09:21:47 - Attachment ID:7497
08-31-2021 @ 09:21:47 - Row :51 - Product imported successfully.
08-31-2021 @ 09:21:47 - Row :52 - Parsing item.
08-31-2021 @ 09:21:47 - Importing as new product ID:67573
08-31-2021 @ 09:21:47 - Row :52 - Processing item.
08-31-2021 @ 09:21:47 - Found variation product object. ID:67573
08-31-2021 @ 09:21:47 - Setting Featured Image. URL:https://nylimages.s3.amazonaws.com/HNS_018NT4_White_Front.jpg
08-31-2021 @ 09:21:47 - Attachment ID:7497
08-31-2021 @ 09:21:47 - Row :52 - Product imported successfully.
08-31-2021 @ 09:21:47 - Row :53 - Parsing item.
08-31-2021 @ 09:21:47 - Importing as new product ID:67574
08-31-2021 @ 09:21:47 - Row :53 - Processing item.
08-31-2021 @ 09:21:47 - Found variation product object. ID:67574
08-31-2021 @ 09:21:47 - Setting Featured Image. URL:https://nylimages.s3.amazonaws.com/HNS_018NT4_White_Front.jpg
08-31-2021 @ 09:21:47 - Attachment ID:7497
08-31-2021 @ 09:21:47 - Row :53 - Product imported successfully.
08-31-2021 @ 09:21:47 - Row :54 - Parsing item.
08-31-2021 @ 09:21:47 - Importing as new product ID:67575
08-31-2021 @ 09:21:47 - Row :54 - Processing item.
08-31-2021 @ 09:21:47 - Found variation product object. ID:67575
08-31-2021 @ 09:21:48 - Setting Featured Image. URL:https://nylimages.s3.amazonaws.com/HNS_018NT4_White_Front.jpg
08-31-2021 @ 09:21:48 - Attachment ID:7497
08-31-2021 @ 09:21:48 - Row :54 - Product imported successfully.
08-31-2021 @ 09:21:48 - Row :55 - Parsing item.
08-31-2021 @ 09:21:48 - Importing as new product ID:67576
08-31-2021 @ 09:21:48 - Row :55 - Processing item.
08-31-2021 @ 09:21:48 - Found variation product object. ID:67576
08-31-2021 @ 09:21:48 - Setting Featured Image. URL:https://nylimages.s3.amazonaws.com/HBI_035P1_Black_sw.jpg
08-31-2021 @ 09:21:48 - Attachment ID:7542
08-31-2021 @ 09:21:48 - Row :55 - Product imported successfully.
08-31-2021 @ 09:21:48 - Row :56 - Parsing item.
08-31-2021 @ 09:21:48 - Importing as new product ID:67577
08-31-2021 @ 09:21:48 - Row :56 - Processing item.
08-31-2021 @ 09:21:48 - Found variation product object. ID:67577
08-31-2021 @ 09:21:48 - Setting Featured Image. URL:https://nylimages.s3.amazonaws.com/HBI_035P1_CharcoalHeather_sw.jpg
08-31-2021 @ 09:21:48 - Attachment ID:7556
08-31-2021 @ 09:21:48 - Row :56 - Product imported successfully.
08-31-2021 @ 09:21:48 - Row :57 - Parsing item.
08-31-2021 @ 09:21:48 - Importing as new product ID:67578
08-31-2021 @ 09:21:48 - Row :57 - Processing item.
08-31-2021 @ 09:21:48 - Found variation product object. ID:67578
08-31-2021 @ 09:21:48 - Setting Featured Image. URL:https://nylimages.s3.amazonaws.com/HBI_035P1_DeepForest_sw.jpg
08-31-2021 @ 09:21:48 - Attachment ID:7563
08-31-2021 @ 09:21:48 - Row :57 - Product imported successfully.
08-31-2021 @ 09:21:48 - Row :58 - Parsing item.
08-31-2021 @ 09:21:48 - Importing as new product ID:67579
08-31-2021 @ 09:21:48 - Row :58 - Processing item.
08-31-2021 @ 09:21:48 - Found variation product object. ID:67579
08-31-2021 @ 09:21:48 - Setting Featured Image. URL:https://nylimages.s3.amazonaws.com/HBI_035P1_DeepRed_sw.jpg
08-31-2021 @ 09:21:48 - Attachment ID:7570
08-31-2021 @ 09:21:49 - Row :58 - Product imported successfully.
08-31-2021 @ 09:21:49 - Row :59 - Parsing item.
08-31-2021 @ 09:21:49 - Importing as new product ID:67580
08-31-2021 @ 09:21:49 - Row :59 - Processing item.
08-31-2021 @ 09:21:49 - Found variation product object. ID:67580
08-31-2021 @ 09:21:49 - Setting Featured Image. URL:https://nylimages.s3.amazonaws.com/HBI_035P1_DeepRed_sw.jpg
08-31-2021 @ 09:21:49 - Attachment ID:7570
08-31-2021 @ 09:21:49 - Row :59 - Product imported successfully.
08-31-2021 @ 09:21:49 - Row :60 - Parsing item.
08-31-2021 @ 09:21:49 - Importing as new product ID:67581
08-31-2021 @ 09:21:49 - Row :60 - Processing item.
08-31-2021 @ 09:21:49 - Found variation product object. ID:67581
08-31-2021 @ 09:21:49 - Setting Featured Image. URL:https://nylimages.s3.amazonaws.com/HBI_035P1_DeepRoyal_sw.jpg
08-31-2021 @ 09:21:49 - Attachment ID:7577
08-31-2021 @ 09:21:49 - Row :60 - Product imported successfully.
08-31-2021 @ 09:21:51 - Preparing for import.
08-31-2021 @ 09:21:51 - Row :61 - Parsing item.
08-31-2021 @ 09:21:51 - Importing as new product ID:67582
08-31-2021 @ 09:21:51 - Row :61 - Processing item.
08-31-2021 @ 09:21:51 - Found variation product object. ID:67582
08-31-2021 @ 09:21:51 - Setting Featured Image. URL:https://nylimages.s3.amazonaws.com/HBI_035P1_DeepRoyal_sw.jpg
08-31-2021 @ 09:21:51 - Attachment ID:7577
08-31-2021 @ 09:21:51 - Row :61 - Product imported successfully.
08-31-2021 @ 09:21:51 - Row :62 - Parsing item.
08-31-2021 @ 09:21:51 - Importing as new product ID:67583
08-31-2021 @ 09:21:51 - Row :62 - Processing item.
08-31-2021 @ 09:21:51 - Found variation product object. ID:67583
08-31-2021 @ 09:21:51 - Setting Featured Image. URL:https://nylimages.s3.amazonaws.com/HBI_035P1_DeepRoyal_sw.jpg
08-31-2021 @ 09:21:51 - Attachment ID:7577
08-31-2021 @ 09:21:51 - Row :62 - Product imported successfully.
08-31-2021 @ 09:21:51 - Row :63 - Parsing item.
08-31-2021 @ 09:21:51 - Importing as new product ID:67584
08-31-2021 @ 09:21:51 - Row :63 - Processing item.
08-31-2021 @ 09:21:51 - Found variation product object. ID:67584
08-31-2021 @ 09:21:51 - Setting Featured Image. URL:https://nylimages.s3.amazonaws.com/HBI_035P1_DeepRoyal_sw.jpg
08-31-2021 @ 09:21:51 - Attachment ID:7577
08-31-2021 @ 09:21:51 - Row :63 - Product imported successfully.
08-31-2021 @ 09:21:51 - Row :64 - Parsing item.
08-31-2021 @ 09:21:51 - Importing as new product ID:67585
08-31-2021 @ 09:21:51 - Row :64 - Processing item.
08-31-2021 @ 09:21:51 - Found variation product object. ID:67585
08-31-2021 @ 09:21:51 - Setting Featured Image. URL:https://nylimages.s3.amazonaws.com/HBI_035P1_Navy_sw.jpg
08-31-2021 @ 09:21:51 - Attachment ID:7591
08-31-2021 @ 09:21:51 - Row :64 - Product imported successfully.
08-31-2021 @ 09:21:51 - Row :65 - Parsing item.
08-31-2021 @ 09:21:51 - Importing as new product ID:67586
08-31-2021 @ 09:21:51 - Row :65 - Processing item.
08-31-2021 @ 09:21:52 - Found variation product object. ID:67586
08-31-2021 @ 09:21:52 - Setting Featured Image. URL:https://nylimages.s3.amazonaws.com/HBI_035P1_White_sw.jpg
08-31-2021 @ 09:21:52 - Attachment ID:7598
08-31-2021 @ 09:21:52 - Row :65 - Product imported successfully.
08-31-2021 @ 09:21:52 - Row :66 - Parsing item.
08-31-2021 @ 09:21:52 - Importing as new product ID:67587
08-31-2021 @ 09:21:52 - Row :66 - Processing item.
08-31-2021 @ 09:21:52 - Found variation product object. ID:67587
08-31-2021 @ 09:21:52 - Setting Featured Image. URL:https://nylimages.s3.amazonaws.com/HBI_035P1_White_sw.jpg
08-31-2021 @ 09:21:52 - Attachment ID:7598
08-31-2021 @ 09:21:52 - Row :66 - Product imported successfully.
08-31-2021 @ 09:21:52 - Row :67 - Parsing item.
08-31-2021 @ 09:21:52 - Importing as new product ID:67588
08-31-2021 @ 09:21:52 - Row :67 - Processing item.
08-31-2021 @ 09:21:52 - Found variation product object. ID:67588
08-31-2021 @ 09:21:52 - Setting Featured Image. URL:https://nylimages.s3.amazonaws.com/EBY_H0504_Black_sw.jpg
08-31-2021 @ 09:21:52 - Attachment ID:7631
08-31-2021 @ 09:21:52 - Row :67 - Product imported successfully.
08-31-2021 @ 09:21:52 - Row :68 - Parsing item.
08-31-2021 @ 09:21:52 - Importing as new product ID:67589
08-31-2021 @ 09:21:52 - Row :68 - Processing item.
08-31-2021 @ 09:21:52 - Found variation product object. ID:67589
08-31-2021 @ 09:21:52 - Setting Featured Image. URL:https://nylimages.s3.amazonaws.com/EBY_H0504_Black_sw.jpg
08-31-2021 @ 09:21:52 - Attachment ID:7631
08-31-2021 @ 09:21:52 - Row :68 - Product imported successfully.
08-31-2021 @ 09:21:52 - Row :69 - Parsing item.
08-31-2021 @ 09:21:52 - Importing as new product ID:67590
08-31-2021 @ 09:21:52 - Row :69 - Processing item.
08-31-2021 @ 09:21:52 - Found variation product object. ID:67590
08-31-2021 @ 09:21:53 - Setting Featured Image. URL:http://199.250.200.51/~ncc35b5/wp-content/themes/apparel_direct/assets/images/coming-soon-image.jpg
08-31-2021 @ 09:21:53 - Attachment ID:67550
08-31-2021 @ 09:21:53 - Row :69 - Product imported successfully.
08-31-2021 @ 09:21:53 - Row :70 - Parsing item.
08-31-2021 @ 09:21:53 - Importing as new product ID:67591
08-31-2021 @ 09:21:53 - Row :70 - Processing item.
08-31-2021 @ 09:21:53 - Found variation product object. ID:67591
08-31-2021 @ 09:21:53 - Setting Featured Image. URL:http://199.250.200.51/~ncc35b5/wp-content/themes/apparel_direct/assets/images/coming-soon-image.jpg
08-31-2021 @ 09:21:53 - Attachment ID:67550
08-31-2021 @ 09:21:53 - Row :70 - Product imported successfully.
08-31-2021 @ 09:21:56 - Preparing for import.
08-31-2021 @ 09:21:56 - Row :71 - Parsing item.
08-31-2021 @ 09:21:56 - Importing as new product ID:67592
08-31-2021 @ 09:21:56 - Row :71 - Processing item.
08-31-2021 @ 09:21:56 - Found variation product object. ID:67592
08-31-2021 @ 09:21:56 - Setting Featured Image. URL:https://nylimages.s3.amazonaws.com/EBY_H0504_DeepRed_sw.jpg
08-31-2021 @ 09:21:56 - Attachment ID:7654
08-31-2021 @ 09:21:56 - Row :71 - Product imported successfully.
08-31-2021 @ 09:21:56 - Row :72 - Parsing item.
08-31-2021 @ 09:21:56 - Importing as new product ID:67593
08-31-2021 @ 09:21:56 - Row :72 - Processing item.
08-31-2021 @ 09:21:56 - Found variation product object. ID:67593
08-31-2021 @ 09:21:56 - Setting Featured Image. URL:https://nylimages.s3.amazonaws.com/EBY_H0504_DeepRoyal_sw.jpg
08-31-2021 @ 09:21:56 - Attachment ID:7662
08-31-2021 @ 09:21:56 - Row :72 - Product imported successfully.
08-31-2021 @ 09:21:56 - Row :73 - Parsing item.
08-31-2021 @ 09:21:56 - Importing as new product ID:67594
08-31-2021 @ 09:21:56 - Row :73 - Processing item.
08-31-2021 @ 09:21:56 - Found variation product object. ID:67594
08-31-2021 @ 09:21:56 - Setting Featured Image. URL:https://nylimages.s3.amazonaws.com/EBY_H0504_DeepRoyal_sw.jpg
08-31-2021 @ 09:21:56 - Attachment ID:7662
08-31-2021 @ 09:21:56 - Row :73 - Product imported successfully.
08-31-2021 @ 09:21:56 - Row :74 - Parsing item.
08-31-2021 @ 09:21:56 - Importing as new product ID:67595
08-31-2021 @ 09:21:56 - Row :74 - Processing item.
08-31-2021 @ 09:21:56 - Found variation product object. ID:67595
08-31-2021 @ 09:21:56 - Setting Featured Image. URL:https://nylimages.s3.amazonaws.com/EBY_H0504_LightSteel_sw.jpg
08-31-2021 @ 09:21:56 - Attachment ID:7677
08-31-2021 @ 09:21:56 - Row :74 - Product imported successfully.
08-31-2021 @ 09:21:56 - Row :75 - Parsing item.
08-31-2021 @ 09:21:56 - Importing as new product ID:67596
08-31-2021 @ 09:21:56 - Row :75 - Processing item.
08-31-2021 @ 09:21:56 - Found variation product object. ID:67596
08-31-2021 @ 09:21:56 - Setting Featured Image. URL:https://nylimages.s3.amazonaws.com/EBY_H0504_LightSteel_sw.jpg
08-31-2021 @ 09:21:56 - Attachment ID:7677
08-31-2021 @ 09:21:57 - Row :75 - Product imported successfully.
08-31-2021 @ 09:21:57 - Row :76 - Parsing item.
08-31-2021 @ 09:21:57 - Importing as new product ID:67597
08-31-2021 @ 09:21:57 - Row :76 - Processing item.
08-31-2021 @ 09:21:57 - Found variation product object. ID:67597
08-31-2021 @ 09:21:57 - Setting Featured Image. URL:https://nylimages.s3.amazonaws.com/EBY_H0504_Navy_sw.jpg
08-31-2021 @ 09:21:57 - Attachment ID:7684
08-31-2021 @ 09:21:57 - Row :76 - Product imported successfully.
08-31-2021 @ 09:21:57 - Row :77 - Parsing item.
08-31-2021 @ 09:21:57 - Importing as new product ID:67598
08-31-2021 @ 09:21:57 - Row :77 - Processing item.
08-31-2021 @ 09:21:57 - Found variation product object. ID:67598
08-31-2021 @ 09:21:57 - Setting Featured Image. URL:https://nylimages.s3.amazonaws.com/EBY_H0504_Navy_sw.jpg
08-31-2021 @ 09:21:57 - Attachment ID:7684
08-31-2021 @ 09:21:57 - Row :77 - Product imported successfully.
08-31-2021 @ 09:21:57 - Row :78 - Parsing item.
08-31-2021 @ 09:21:57 - Importing as new product ID:67599
08-31-2021 @ 09:21:57 - Row :78 - Processing item.
08-31-2021 @ 09:21:57 - Found variation product object. ID:67599
08-31-2021 @ 09:21:57 - Setting Featured Image. URL:https://nylimages.s3.amazonaws.com/EBY_HX054_Ash_sw.jpg
08-31-2021 @ 09:21:57 - Attachment ID:7720
08-31-2021 @ 09:21:57 - Row :78 - Product imported successfully.
08-31-2021 @ 09:21:57 - Row :79 - Parsing item.
08-31-2021 @ 09:21:57 - Importing as new product ID:67600
08-31-2021 @ 09:21:57 - Row :79 - Processing item.
08-31-2021 @ 09:21:57 - Found variation product object. ID:67600
08-31-2021 @ 09:21:57 - Setting Featured Image. URL:https://nylimages.s3.amazonaws.com/EBY_HX054_Ash_sw.jpg
08-31-2021 @ 09:21:57 - Attachment ID:7720
08-31-2021 @ 09:21:57 - Row :79 - Product imported successfully.
08-31-2021 @ 09:21:57 - Row :80 - Parsing item.
08-31-2021 @ 09:21:57 - Importing as new product ID:67601
08-31-2021 @ 09:21:57 - Row :80 - Processing item.
08-31-2021 @ 09:21:57 - Found variation product object. ID:67601
08-31-2021 @ 09:21:58 - Setting Featured Image. URL:https://nylimages.s3.amazonaws.com/EBY_HX054_Ash_sw.jpg
08-31-2021 @ 09:21:58 - Attachment ID:7720
08-31-2021 @ 09:21:58 - Row :80 - Product imported successfully.
08-31-2021 @ 09:21:59 - Preparing for import.
08-31-2021 @ 09:21:59 - Row :81 - Parsing item.
08-31-2021 @ 09:21:59 - Importing as new product ID:67602
08-31-2021 @ 09:21:59 - Row :81 - Processing item.
08-31-2021 @ 09:21:59 - Found variation product object. ID:67602
08-31-2021 @ 09:21:59 - Setting Featured Image. URL:https://nylimages.s3.amazonaws.com/EBY_HX054_Ash_sw.jpg
08-31-2021 @ 09:21:59 - Attachment ID:7720
08-31-2021 @ 09:22:00 - Row :81 - Product imported successfully.
08-31-2021 @ 09:22:00 - Row :82 - Parsing item.
08-31-2021 @ 09:22:00 - Importing as new product ID:67603
08-31-2021 @ 09:22:00 - Row :82 - Processing item.
08-31-2021 @ 09:22:00 - Found variation product object. ID:67603
08-31-2021 @ 09:22:00 - Setting Featured Image. URL:https://nylimages.s3.amazonaws.com/EBY_HX054_Ash_sw.jpg
08-31-2021 @ 09:22:00 - Attachment ID:7720
08-31-2021 @ 09:22:00 - Row :82 - Product imported successfully.
08-31-2021 @ 09:22:00 - Row :83 - Parsing item.
08-31-2021 @ 09:22:00 - Importing as new product ID:67604
08-31-2021 @ 09:22:00 - Row :83 - Processing item.
08-31-2021 @ 09:22:00 - Found variation product object. ID:67604
08-31-2021 @ 09:22:00 - Setting Featured Image. URL:https://nylimages.s3.amazonaws.com/EBY_HX054_Ash_sw.jpg
08-31-2021 @ 09:22:00 - Attachment ID:7720
08-31-2021 @ 09:22:00 - Row :83 - Product imported successfully.
08-31-2021 @ 09:22:00 - Row :84 - Parsing item.
08-31-2021 @ 09:22:00 - Importing as new product ID:67605
08-31-2021 @ 09:22:00 - Row :84 - Processing item.
08-31-2021 @ 09:22:00 - Found variation product object. ID:67605
08-31-2021 @ 09:22:00 - Setting Featured Image. URL:https://nylimages.s3.amazonaws.com/EBY_HX054_Ash_sw.jpg
08-31-2021 @ 09:22:00 - Attachment ID:7720
08-31-2021 @ 09:22:00 - Row :84 - Product imported successfully.
08-31-2021 @ 09:22:00 - Row :85 - Parsing item.
08-31-2021 @ 09:22:01 - Importing as new product ID:67606
08-31-2021 @ 09:22:01 - Row :85 - Processing item.
08-31-2021 @ 09:22:01 - Found variation product object. ID:67606
08-31-2021 @ 09:22:01 - Setting Featured Image. URL:https://nylimages.s3.amazonaws.com/EBY_HX054_Black_sw.jpg
08-31-2021 @ 09:22:01 - Attachment ID:7728
08-31-2021 @ 09:22:01 - Row :85 - Product imported successfully.
08-31-2021 @ 09:22:01 - Row :86 - Parsing item.
08-31-2021 @ 09:22:01 - Importing as new product ID:67607
08-31-2021 @ 09:22:01 - Row :86 - Processing item.
08-31-2021 @ 09:22:01 - Found variation product object. ID:67607
08-31-2021 @ 09:22:01 - Setting Featured Image. URL:https://nylimages.s3.amazonaws.com/EBY_HX054_Black_sw.jpg
08-31-2021 @ 09:22:01 - Attachment ID:7728
08-31-2021 @ 09:22:01 - Row :86 - Product imported successfully.
08-31-2021 @ 09:22:01 - Row :87 - Parsing item.
08-31-2021 @ 09:22:01 - Importing as new product ID:67608
08-31-2021 @ 09:22:01 - Row :87 - Processing item.
08-31-2021 @ 09:22:01 - Found variation product object. ID:67608
08-31-2021 @ 09:22:01 - Setting Featured Image. URL:https://nylimages.s3.amazonaws.com/EBY_HX054_Black_sw.jpg
08-31-2021 @ 09:22:01 - Attachment ID:7728
08-31-2021 @ 09:22:01 - Row :87 - Product imported successfully.
08-31-2021 @ 09:22:01 - Row :88 - Parsing item.
08-31-2021 @ 09:22:01 - Importing as new product ID:67609
08-31-2021 @ 09:22:01 - Row :88 - Processing item.
08-31-2021 @ 09:22:01 - Found variation product object. ID:67609
08-31-2021 @ 09:22:01 - Setting Featured Image. URL:https://nylimages.s3.amazonaws.com/EBY_HX054_Black_sw.jpg
08-31-2021 @ 09:22:01 - Attachment ID:7728
08-31-2021 @ 09:22:01 - Row :88 - Product imported successfully.
08-31-2021 @ 09:22:01 - Row :89 - Parsing item.
08-31-2021 @ 09:22:01 - Importing as new product ID:67610
08-31-2021 @ 09:22:01 - Row :89 - Processing item.
08-31-2021 @ 09:22:01 - Found variation product object. ID:67610
08-31-2021 @ 09:22:02 - Setting Featured Image. URL:https://nylimages.s3.amazonaws.com/EBY_HX054_Black_sw.jpg
08-31-2021 @ 09:22:02 - Attachment ID:7728
08-31-2021 @ 09:22:02 - Row :89 - Product imported successfully.
08-31-2021 @ 09:22:02 - Row :90 - Parsing item.
08-31-2021 @ 09:22:02 - Importing as new product ID:67611
08-31-2021 @ 09:22:02 - Row :90 - Processing item.
08-31-2021 @ 09:22:02 - Found variation product object. ID:67611
08-31-2021 @ 09:22:02 - Setting Featured Image. URL:https://nylimages.s3.amazonaws.com/EBY_HX054_Black_sw.jpg
08-31-2021 @ 09:22:02 - Attachment ID:7728
08-31-2021 @ 09:22:02 - Row :90 - Product imported successfully.
08-31-2021 @ 09:22:03 - Preparing for import.
08-31-2021 @ 09:22:03 - Row :91 - Parsing item.
08-31-2021 @ 09:22:03 - Importing as new product ID:67612
08-31-2021 @ 09:22:03 - Row :91 - Processing item.
08-31-2021 @ 09:22:03 - Found variation product object. ID:67612
08-31-2021 @ 09:22:03 - Setting Featured Image. URL:https://nylimages.s3.amazonaws.com/EBY_HX054_Black_sw.jpg
08-31-2021 @ 09:22:04 - Attachment ID:7728
08-31-2021 @ 09:22:04 - Row :91 - Product imported successfully.
08-31-2021 @ 09:22:04 - Row :92 - Parsing item.
08-31-2021 @ 09:22:04 - Importing as new product ID:67613
08-31-2021 @ 09:22:04 - Row :92 - Processing item.
08-31-2021 @ 09:22:04 - Found variation product object. ID:67613
08-31-2021 @ 09:22:04 - Setting Featured Image. URL:https://nylimages.s3.amazonaws.com/HBI_054X_CharcoalHeather.jpg
08-31-2021 @ 09:22:04 - Attachment ID:7752
08-31-2021 @ 09:22:04 - Row :92 - Product imported successfully.
08-31-2021 @ 09:22:04 - Row :93 - Parsing item.
08-31-2021 @ 09:22:04 - Importing as new product ID:67614
08-31-2021 @ 09:22:04 - Row :93 - Processing item.
08-31-2021 @ 09:22:04 - Found variation product object. ID:67614
08-31-2021 @ 09:22:04 - Setting Featured Image. URL:https://nylimages.s3.amazonaws.com/HBI_054X_CharcoalHeather.jpg
08-31-2021 @ 09:22:04 - Attachment ID:7752
08-31-2021 @ 09:22:04 - Row :93 - Product imported successfully.
08-31-2021 @ 09:22:04 - Row :94 - Parsing item.
08-31-2021 @ 09:22:04 - Importing as new product ID:67615
08-31-2021 @ 09:22:04 - Row :94 - Processing item.
08-31-2021 @ 09:22:04 - Found variation product object. ID:67615
08-31-2021 @ 09:22:04 - Setting Featured Image. URL:https://nylimages.s3.amazonaws.com/HBI_054X_CharcoalHeather.jpg
08-31-2021 @ 09:22:04 - Attachment ID:7752
08-31-2021 @ 09:22:04 - Row :94 - Product imported successfully.
08-31-2021 @ 09:22:04 - Row :95 - Parsing item.
08-31-2021 @ 09:22:04 - Importing as new product ID:67616
08-31-2021 @ 09:22:04 - Row :95 - Processing item.
08-31-2021 @ 09:22:04 - Found variation product object. ID:67616
08-31-2021 @ 09:22:04 - Setting Featured Image. URL:https://nylimages.s3.amazonaws.com/HBI_054X_CharcoalHeather.jpg
08-31-2021 @ 09:22:04 - Attachment ID:7752
08-31-2021 @ 09:22:04 - Row :95 - Product imported successfully.
08-31-2021 @ 09:22:04 - Row :96 - Parsing item.
08-31-2021 @ 09:22:04 - Importing as new product ID:67617
08-31-2021 @ 09:22:04 - Row :96 - Processing item.
08-31-2021 @ 09:22:04 - Found variation product object. ID:67617
08-31-2021 @ 09:22:05 - Setting Featured Image. URL:https://nylimages.s3.amazonaws.com/HBI_054X_CharcoalHeather.jpg
08-31-2021 @ 09:22:05 - Attachment ID:7752
08-31-2021 @ 09:22:05 - Row :96 - Product imported successfully.
08-31-2021 @ 09:22:05 - Row :97 - Parsing item.
08-31-2021 @ 09:22:05 - Importing as new product ID:67618
08-31-2021 @ 09:22:05 - Row :97 - Processing item.
08-31-2021 @ 09:22:05 - Found variation product object. ID:67618
08-31-2021 @ 09:22:05 - Setting Featured Image. URL:https://nylimages.s3.amazonaws.com/HBI_054X_CharcoalHeather.jpg
08-31-2021 @ 09:22:05 - Attachment ID:7752
08-31-2021 @ 09:22:05 - Row :97 - Product imported successfully.
08-31-2021 @ 09:22:05 - Row :98 - Parsing item.
08-31-2021 @ 09:22:05 - Importing as new product ID:67619
08-31-2021 @ 09:22:05 - Row :98 - Processing item.
08-31-2021 @ 09:22:05 - Found variation product object. ID:67619
08-31-2021 @ 09:22:05 - Setting Featured Image. URL:https://nylimages.s3.amazonaws.com/HBI_054X_CharcoalHeather.jpg
08-31-2021 @ 09:22:05 - Attachment ID:7752
08-31-2021 @ 09:22:05 - Row :98 - Product imported successfully.
08-31-2021 @ 09:22:05 - Row :99 - Parsing item.
08-31-2021 @ 09:22:05 - Importing as new product ID:67620
08-31-2021 @ 09:22:05 - Row :99 - Processing item.
08-31-2021 @ 09:22:05 - Found variation product object. ID:67620
08-31-2021 @ 09:22:05 - Setting Featured Image. URL:https://nylimages.s3.amazonaws.com/HBI_054X_CharcoalHeather.jpg
08-31-2021 @ 09:22:05 - Attachment ID:7752
08-31-2021 @ 09:22:05 - Row :99 - Product imported successfully.
08-31-2021 @ 09:22:05 - Row :100 - Parsing item.
08-31-2021 @ 09:22:05 - Importing as new product ID:67621
08-31-2021 @ 09:22:05 - Row :100 - Processing item.
08-31-2021 @ 09:22:05 - Found variation product object. ID:67621
08-31-2021 @ 09:22:05 - Setting Featured Image. URL:https://nylimages.s3.amazonaws.com/EBY_HX054_DeepForest_sw.jpg
08-31-2021 @ 09:22:05 - Attachment ID:7762
08-31-2021 @ 09:22:05 - Row :100 - Product imported successfully.
08-31-2021 @ 09:22:07 - Preparing for import.
08-31-2021 @ 09:22:07 - Row :101 - Parsing item.
08-31-2021 @ 09:22:07 - Importing as new product ID:67622
08-31-2021 @ 09:22:07 - Row :101 - Processing item.
08-31-2021 @ 09:22:07 - Found variation product object. ID:67622
08-31-2021 @ 09:22:07 - Setting Featured Image. URL:https://nylimages.s3.amazonaws.com/EBY_HX054_DeepForest_sw.jpg
08-31-2021 @ 09:22:07 - Attachment ID:7762
08-31-2021 @ 09:22:07 - Row :101 - Product imported successfully.
08-31-2021 @ 09:22:07 - Row :102 - Parsing item.
08-31-2021 @ 09:22:07 - Importing as new product ID:67623
08-31-2021 @ 09:22:07 - Row :102 - Processing item.
08-31-2021 @ 09:22:07 - Found variation product object. ID:67623
08-31-2021 @ 09:22:07 - Setting Featured Image. URL:https://nylimages.s3.amazonaws.com/EBY_HX054_DeepForest_sw.jpg
08-31-2021 @ 09:22:07 - Attachment ID:7762
08-31-2021 @ 09:22:07 - Row :102 - Product imported successfully.
08-31-2021 @ 09:22:07 - Row :103 - Parsing item.
08-31-2021 @ 09:22:07 - Importing as new product ID:67624
08-31-2021 @ 09:22:07 - Row :103 - Processing item.
08-31-2021 @ 09:22:07 - Found variation product object. ID:67624
08-31-2021 @ 09:22:08 - Setting Featured Image. URL:https://nylimages.s3.amazonaws.com/EBY_HX054_DeepForest_sw.jpg
08-31-2021 @ 09:22:08 - Attachment ID:7762
08-31-2021 @ 09:22:08 - Row :103 - Product imported successfully.
08-31-2021 @ 09:22:08 - Row :104 - Parsing item.
08-31-2021 @ 09:22:08 - Importing as new product ID:67625
08-31-2021 @ 09:22:08 - Row :104 - Processing item.
08-31-2021 @ 09:22:08 - Found variation product object. ID:67625
08-31-2021 @ 09:22:08 - Setting Featured Image. URL:https://nylimages.s3.amazonaws.com/EBY_HX054_DeepForest_sw.jpg
08-31-2021 @ 09:22:08 - Attachment ID:7762
08-31-2021 @ 09:22:08 - Row :104 - Product imported successfully.
08-31-2021 @ 09:22:08 - Row :105 - Parsing item.
08-31-2021 @ 09:22:08 - Importing as new product ID:67626
08-31-2021 @ 09:22:08 - Row :105 - Processing item.
08-31-2021 @ 09:22:08 - Found variation product object. ID:67626
08-31-2021 @ 09:22:08 - Setting Featured Image. URL:https://nylimages.s3.amazonaws.com/EBY_HX054_DeepForest_sw.jpg
08-31-2021 @ 09:22:08 - Attachment ID:7762
08-31-2021 @ 09:22:08 - Row :105 - Product imported successfully.
08-31-2021 @ 09:22:08 - Row :106 - Parsing item.
08-31-2021 @ 09:22:08 - Importing as new product ID:67627
08-31-2021 @ 09:22:08 - Row :106 - Processing item.
08-31-2021 @ 09:22:08 - Found variation product object. ID:67627
08-31-2021 @ 09:22:08 - Setting Featured Image. URL:https://nylimages.s3.amazonaws.com/EBY_HX054_DeepRed_sw.jpg
08-31-2021 @ 09:22:08 - Attachment ID:7777
08-31-2021 @ 09:22:08 - Row :106 - Product imported successfully.
08-31-2021 @ 09:22:08 - Row :107 - Parsing item.
08-31-2021 @ 09:22:08 - Importing as new product ID:67628
08-31-2021 @ 09:22:08 - Row :107 - Processing item.
08-31-2021 @ 09:22:08 - Found variation product object. ID:67628
08-31-2021 @ 09:22:08 - Setting Featured Image. URL:https://nylimages.s3.amazonaws.com/EBY_HX054_DeepRed_sw.jpg
08-31-2021 @ 09:22:08 - Attachment ID:7777
08-31-2021 @ 09:22:08 - Row :107 - Product imported successfully.
08-31-2021 @ 09:22:08 - Row :108 - Parsing item.
08-31-2021 @ 09:22:09 - Importing as new product ID:67629
08-31-2021 @ 09:22:09 - Row :108 - Processing item.
08-31-2021 @ 09:22:09 - Found variation product object. ID:67629
08-31-2021 @ 09:22:09 - Setting Featured Image. URL:https://nylimages.s3.amazonaws.com/EBY_HX054_DeepRed_sw.jpg
08-31-2021 @ 09:22:09 - Attachment ID:7777
08-31-2021 @ 09:22:09 - Row :108 - Product imported successfully.
08-31-2021 @ 09:22:09 - Row :109 - Parsing item.
08-31-2021 @ 09:22:09 - Importing as new product ID:67630
08-31-2021 @ 09:22:09 - Row :109 - Processing item.
08-31-2021 @ 09:22:09 - Found variation product object. ID:67630
08-31-2021 @ 09:22:09 - Setting Featured Image. URL:https://nylimages.s3.amazonaws.com/EBY_HX054_DeepRed_sw.jpg
08-31-2021 @ 09:22:09 - Attachment ID:7777
08-31-2021 @ 09:22:09 - Row :109 - Product imported successfully.
08-31-2021 @ 09:22:09 - Row :110 - Parsing item.
08-31-2021 @ 09:22:09 - Importing as new product ID:67631
08-31-2021 @ 09:22:09 - Row :110 - Processing item.
08-31-2021 @ 09:22:09 - Found variation product object. ID:67631
08-31-2021 @ 09:22:09 - Setting Featured Image. URL:https://nylimages.s3.amazonaws.com/EBY_HX054_DeepRed_sw.jpg
08-31-2021 @ 09:22:09 - Attachment ID:7777
08-31-2021 @ 09:22:09 - Row :110 - Product imported successfully.
08-31-2021 @ 09:22:11 - Preparing for import.
08-31-2021 @ 09:22:11 - Row :111 - Parsing item.
08-31-2021 @ 09:22:11 - Importing as new product ID:67632
08-31-2021 @ 09:22:11 - Row :111 - Processing item.
08-31-2021 @ 09:22:11 - Found variation product object. ID:67632
08-31-2021 @ 09:22:11 - Setting Featured Image. URL:https://nylimages.s3.amazonaws.com/EBY_HX054_DeepRed_sw.jpg
08-31-2021 @ 09:22:11 - Attachment ID:7777
08-31-2021 @ 09:22:11 - Row :111 - Product imported successfully.
08-31-2021 @ 09:22:11 - Row :112 - Parsing item.
08-31-2021 @ 09:22:11 - Importing as new product ID:67633
08-31-2021 @ 09:22:11 - Row :112 - Processing item.
08-31-2021 @ 09:22:11 - Found variation product object. ID:67633
08-31-2021 @ 09:22:11 - Setting Featured Image. URL:https://nylimages.s3.amazonaws.com/EBY_HX054_DeepRed_sw.jpg
08-31-2021 @ 09:22:11 - Attachment ID:7777
08-31-2021 @ 09:22:11 - Row :112 - Product imported successfully.
08-31-2021 @ 09:22:11 - Row :113 - Parsing item.
08-31-2021 @ 09:22:11 - Importing as new product ID:67634
08-31-2021 @ 09:22:11 - Row :113 - Processing item.
08-31-2021 @ 09:22:11 - Found variation product object. ID:67634
08-31-2021 @ 09:22:11 - Setting Featured Image. URL:https://nylimages.s3.amazonaws.com/EBY_HX054_DeepRoyal_sw.jpg
08-31-2021 @ 09:22:11 - Attachment ID:7785
08-31-2021 @ 09:22:11 - Row :113 - Product imported successfully.
08-31-2021 @ 09:22:11 - Row :114 - Parsing item.
08-31-2021 @ 09:22:11 - Importing as new product ID:67635
08-31-2021 @ 09:22:11 - Row :114 - Processing item.
08-31-2021 @ 09:22:11 - Found variation product object. ID:67635
08-31-2021 @ 09:22:11 - Setting Featured Image. URL:https://nylimages.s3.amazonaws.com/EBY_HX054_DeepRoyal_sw.jpg
08-31-2021 @ 09:22:11 - Attachment ID:7785
08-31-2021 @ 09:22:11 - Row :114 - Product imported successfully.
08-31-2021 @ 09:22:11 - Row :115 - Parsing item.
08-31-2021 @ 09:22:12 - Importing as new product ID:67636
08-31-2021 @ 09:22:12 - Row :115 - Processing item.
08-31-2021 @ 09:22:12 - Found variation product object. ID:67636
08-31-2021 @ 09:22:12 - Setting Featured Image. URL:https://nylimages.s3.amazonaws.com/EBY_HX054_DeepRoyal_sw.jpg
08-31-2021 @ 09:22:12 - Attachment ID:7785
08-31-2021 @ 09:22:12 - Row :115 - Product imported successfully.
08-31-2021 @ 09:22:12 - Row :116 - Parsing item.
08-31-2021 @ 09:22:12 - Importing as new product ID:67637
08-31-2021 @ 09:22:12 - Row :116 - Processing item.
08-31-2021 @ 09:22:12 - Found variation product object. ID:67637
08-31-2021 @ 09:22:12 - Setting Featured Image. URL:https://nylimages.s3.amazonaws.com/EBY_HX054_DeepRoyal_sw.jpg
08-31-2021 @ 09:22:12 - Attachment ID:7785
08-31-2021 @ 09:22:12 - Row :116 - Product imported successfully.
08-31-2021 @ 09:22:12 - Row :117 - Parsing item.
08-31-2021 @ 09:22:12 - Importing as new product ID:67638
08-31-2021 @ 09:22:12 - Row :117 - Processing item.
08-31-2021 @ 09:22:12 - Found variation product object. ID:67638
08-31-2021 @ 09:22:12 - Setting Featured Image. URL:https://nylimages.s3.amazonaws.com/EBY_HX054_DeepRoyal_sw.jpg
08-31-2021 @ 09:22:12 - Attachment ID:7785
08-31-2021 @ 09:22:12 - Row :117 - Product imported successfully.
08-31-2021 @ 09:22:12 - Row :118 - Parsing item.
08-31-2021 @ 09:22:12 - Importing as new product ID:67639
08-31-2021 @ 09:22:12 - Row :118 - Processing item.
08-31-2021 @ 09:22:12 - Found variation product object. ID:67639
08-31-2021 @ 09:22:12 - Setting Featured Image. URL:https://nylimages.s3.amazonaws.com/EBY_HX054_DeepRoyal_sw.jpg
08-31-2021 @ 09:22:12 - Attachment ID:7785
08-31-2021 @ 09:22:12 - Row :118 - Product imported successfully.
08-31-2021 @ 09:22:12 - Row :119 - Parsing item.
08-31-2021 @ 09:22:12 - Importing as new product ID:67640
08-31-2021 @ 09:22:12 - Row :119 - Processing item.
08-31-2021 @ 09:22:12 - Found variation product object. ID:67640
08-31-2021 @ 09:22:12 - Setting Featured Image. URL:https://nylimages.s3.amazonaws.com/EBY_HX054_KellyGreen_sw.jpg
08-31-2021 @ 09:22:13 - Attachment ID:7794
08-31-2021 @ 09:22:13 - Row :119 - Product imported successfully.
08-31-2021 @ 09:22:13 - Row :120 - Parsing item.
08-31-2021 @ 09:22:13 - Importing as new product ID:67641
08-31-2021 @ 09:22:13 - Row :120 - Processing item.
08-31-2021 @ 09:22:13 - Found variation product object. ID:67641
08-31-2021 @ 09:22:13 - Setting Featured Image. URL:https://nylimages.s3.amazonaws.com/EBY_HX054_KellyGreen_sw.jpg
08-31-2021 @ 09:22:13 - Attachment ID:7794
08-31-2021 @ 09:22:13 - Row :120 - Product imported successfully.
08-31-2021 @ 09:22:14 - Preparing for import.
08-31-2021 @ 09:22:14 - Row :121 - Parsing item.
08-31-2021 @ 09:22:14 - Importing as new product ID:67642
08-31-2021 @ 09:22:14 - Row :121 - Processing item.
08-31-2021 @ 09:22:14 - Found variation product object. ID:67642
08-31-2021 @ 09:22:14 - Setting Featured Image. URL:https://nylimages.s3.amazonaws.com/EBY_HX054_KellyGreen_sw.jpg
08-31-2021 @ 09:22:14 - Attachment ID:7794
08-31-2021 @ 09:22:15 - Row :121 - Product imported successfully.
08-31-2021 @ 09:22:15 - Row :122 - Parsing item.
08-31-2021 @ 09:22:15 - Importing as new product ID:67643
08-31-2021 @ 09:22:15 - Row :122 - Processing item.
08-31-2021 @ 09:22:15 - Found variation product object. ID:67643
08-31-2021 @ 09:22:15 - Setting Featured Image. URL:https://nylimages.s3.amazonaws.com/EBY_HX054_KellyGreen_sw.jpg
08-31-2021 @ 09:22:15 - Attachment ID:7794
08-31-2021 @ 09:22:15 - Row :122 - Product imported successfully.
08-31-2021 @ 09:22:15 - Row :123 - Parsing item.
08-31-2021 @ 09:22:15 - Importing as new product ID:67644
08-31-2021 @ 09:22:15 - Row :123 - Processing item.
08-31-2021 @ 09:22:15 - Found variation product object. ID:67644
08-31-2021 @ 09:22:15 - Setting Featured Image. URL:https://nylimages.s3.amazonaws.com/EBY_HX054_LightBlue_sw.jpg
08-31-2021 @ 09:22:15 - Attachment ID:7801
08-31-2021 @ 09:22:15 - Row :123 - Product imported successfully.
08-31-2021 @ 09:22:15 - Row :124 - Parsing item.
08-31-2021 @ 09:22:15 - Importing as new product ID:67645
08-31-2021 @ 09:22:15 - Row :124 - Processing item.
08-31-2021 @ 09:22:15 - Found variation product object. ID:67645
08-31-2021 @ 09:22:15 - Setting Featured Image. URL:https://nylimages.s3.amazonaws.com/EBY_HX054_LightBlue_sw.jpg
08-31-2021 @ 09:22:15 - Attachment ID:7801
08-31-2021 @ 09:22:15 - Row :124 - Product imported successfully.
08-31-2021 @ 09:22:15 - Row :125 - Parsing item.
08-31-2021 @ 09:22:15 - Importing as new product ID:67646
08-31-2021 @ 09:22:15 - Row :125 - Processing item.
08-31-2021 @ 09:22:15 - Found variation product object. ID:67646
08-31-2021 @ 09:22:15 - Setting Featured Image. URL:https://nylimages.s3.amazonaws.com/EBY_HX054_LightBlue_sw.jpg
08-31-2021 @ 09:22:15 - Attachment ID:7801
08-31-2021 @ 09:22:15 - Row :125 - Product imported successfully.
08-31-2021 @ 09:22:15 - Row :126 - Parsing item.
08-31-2021 @ 09:22:15 - Importing as new product ID:67647
08-31-2021 @ 09:22:15 - Row :126 - Processing item.
08-31-2021 @ 09:22:15 - Found variation product object. ID:67647
08-31-2021 @ 09:22:15 - Setting Featured Image. URL:https://nylimages.s3.amazonaws.com/EBY_HX054_LightBlue_sw.jpg
08-31-2021 @ 09:22:16 - Attachment ID:7801
08-31-2021 @ 09:22:16 - Row :126 - Product imported successfully.
08-31-2021 @ 09:22:16 - Row :127 - Parsing item.
08-31-2021 @ 09:22:16 - Importing as new product ID:67648
08-31-2021 @ 09:22:16 - Row :127 - Processing item.
08-31-2021 @ 09:22:16 - Found variation product object. ID:67648
08-31-2021 @ 09:22:16 - Setting Featured Image. URL:https://nylimages.s3.amazonaws.com/EBY_HX054_LightBlue_sw.jpg
08-31-2021 @ 09:22:16 - Attachment ID:7801
08-31-2021 @ 09:22:16 - Row :127 - Product imported successfully.
08-31-2021 @ 09:22:16 - Row :128 - Parsing item.
08-31-2021 @ 09:22:16 - Importing as new product ID:67649
08-31-2021 @ 09:22:16 - Row :128 - Processing item.
08-31-2021 @ 09:22:16 - Found variation product object. ID:67649
08-31-2021 @ 09:22:16 - Setting Featured Image. URL:https://nylimages.s3.amazonaws.com/EBY_HX054_LightBlue_sw.jpg
08-31-2021 @ 09:22:16 - Attachment ID:7801
08-31-2021 @ 09:22:16 - Row :128 - Product imported successfully.
08-31-2021 @ 09:22:16 - Row :129 - Parsing item.
08-31-2021 @ 09:22:16 - Importing as new product ID:67650
08-31-2021 @ 09:22:16 - Row :129 - Processing item.
08-31-2021 @ 09:22:16 - Found variation product object. ID:67650
08-31-2021 @ 09:22:16 - Setting Featured Image. URL:https://nylimages.s3.amazonaws.com/EBY_HX054_LightSteel_sw.jpg
08-31-2021 @ 09:22:16 - Attachment ID:7808
08-31-2021 @ 09:22:16 - Row :129 - Product imported successfully.
08-31-2021 @ 09:22:16 - Row :130 - Parsing item.
08-31-2021 @ 09:22:16 - Importing as new product ID:67651
08-31-2021 @ 09:22:16 - Row :130 - Processing item.
08-31-2021 @ 09:22:16 - Found variation product object. ID:67651
08-31-2021 @ 09:22:16 - Setting Featured Image. URL:https://nylimages.s3.amazonaws.com/EBY_HX054_LightSteel_sw.jpg
08-31-2021 @ 09:22:16 - Attachment ID:7808
08-31-2021 @ 09:22:16 - Row :130 - Product imported successfully.
08-31-2021 @ 09:22:18 - Preparing for import.
08-31-2021 @ 09:22:18 - Row :131 - Parsing item.
08-31-2021 @ 09:22:18 - Importing as new product ID:67652
08-31-2021 @ 09:22:18 - Row :131 - Processing item.
08-31-2021 @ 09:22:18 - Found variation product object. ID:67652
08-31-2021 @ 09:22:18 - Setting Featured Image. URL:https://nylimages.s3.amazonaws.com/EBY_HX054_LightSteel_sw.jpg
08-31-2021 @ 09:22:18 - Attachment ID:7808
08-31-2021 @ 09:22:18 - Row :131 - Product imported successfully.
08-31-2021 @ 09:22:18 - Row :132 - Parsing item.
08-31-2021 @ 09:22:18 - Importing as new product ID:67653
08-31-2021 @ 09:22:18 - Row :132 - Processing item.
08-31-2021 @ 09:22:18 - Found variation product object. ID:67653
08-31-2021 @ 09:22:18 - Setting Featured Image. URL:https://nylimages.s3.amazonaws.com/EBY_HX054_LightSteel_sw.jpg
08-31-2021 @ 09:22:18 - Attachment ID:7808
08-31-2021 @ 09:22:18 - Row :132 - Product imported successfully.
08-31-2021 @ 09:22:18 - Row :133 - Parsing item.
08-31-2021 @ 09:22:18 - Importing as new product ID:67654
08-31-2021 @ 09:22:18 - Row :133 - Processing item.
08-31-2021 @ 09:22:18 - Found variation product object. ID:67654
08-31-2021 @ 09:22:19 - Setting Featured Image. URL:https://nylimages.s3.amazonaws.com/EBY_HX054_LightSteel_sw.jpg
08-31-2021 @ 09:22:19 - Attachment ID:7808
08-31-2021 @ 09:22:19 - Row :133 - Product imported successfully.
08-31-2021 @ 09:22:19 - Row :134 - Parsing item.
08-31-2021 @ 09:22:19 - Importing as new product ID:67655
08-31-2021 @ 09:22:19 - Row :134 - Processing item.
08-31-2021 @ 09:22:19 - Found variation product object. ID:67655
08-31-2021 @ 09:22:19 - Setting Featured Image. URL:https://nylimages.s3.amazonaws.com/EBY_HX054_LightSteel_sw.jpg
08-31-2021 @ 09:22:19 - Attachment ID:7808
08-31-2021 @ 09:22:19 - Row :134 - Product imported successfully.
08-31-2021 @ 09:22:19 - Row :135 - Parsing item.
08-31-2021 @ 09:22:19 - Importing as new product ID:67656
08-31-2021 @ 09:22:19 - Row :135 - Processing item.
08-31-2021 @ 09:22:19 - Found variation product object. ID:67656
08-31-2021 @ 09:22:19 - Setting Featured Image. URL:https://nylimages.s3.amazonaws.com/EBY_HX054_Maroon_sw.jpg
08-31-2021 @ 09:22:19 - Attachment ID:7816
08-31-2021 @ 09:22:19 - Row :135 - Product imported successfully.
08-31-2021 @ 09:22:19 - Row :136 - Parsing item.
08-31-2021 @ 09:22:19 - Importing as new product ID:67657
08-31-2021 @ 09:22:19 - Row :136 - Processing item.
08-31-2021 @ 09:22:19 - Found variation product object. ID:67657
08-31-2021 @ 09:22:19 - Setting Featured Image. URL:https://nylimages.s3.amazonaws.com/EBY_HX054_Maroon_sw.jpg
08-31-2021 @ 09:22:19 - Attachment ID:7816
08-31-2021 @ 09:22:19 - Row :136 - Product imported successfully.
08-31-2021 @ 09:22:19 - Row :137 - Parsing item.
08-31-2021 @ 09:22:19 - Importing as new product ID:67658
08-31-2021 @ 09:22:19 - Row :137 - Processing item.
08-31-2021 @ 09:22:19 - Found variation product object. ID:67658
08-31-2021 @ 09:22:19 - Setting Featured Image. URL:https://nylimages.s3.amazonaws.com/EBY_HX054_Maroon_sw.jpg
08-31-2021 @ 09:22:19 - Attachment ID:7816
08-31-2021 @ 09:22:20 - Row :137 - Product imported successfully.
08-31-2021 @ 09:22:20 - Row :138 - Parsing item.
08-31-2021 @ 09:22:20 - Importing as new product ID:67659
08-31-2021 @ 09:22:20 - Row :138 - Processing item.
08-31-2021 @ 09:22:20 - Found variation product object. ID:67659
08-31-2021 @ 09:22:20 - Setting Featured Image. URL:https://nylimages.s3.amazonaws.com/EBY_HX054_Maroon_sw.jpg
08-31-2021 @ 09:22:20 - Attachment ID:7816
08-31-2021 @ 09:22:20 - Row :138 - Product imported successfully.
08-31-2021 @ 09:22:20 - Row :139 - Parsing item.
08-31-2021 @ 09:22:20 - Importing as new product ID:67660
08-31-2021 @ 09:22:20 - Row :139 - Processing item.
08-31-2021 @ 09:22:20 - Found variation product object. ID:67660
08-31-2021 @ 09:22:20 - Setting Featured Image. URL:https://nylimages.s3.amazonaws.com/EBY_HX054_Maroon_sw.jpg
08-31-2021 @ 09:22:20 - Attachment ID:7816
08-31-2021 @ 09:22:20 - Row :139 - Product imported successfully.
08-31-2021 @ 09:22:20 - Row :140 - Parsing item.
08-31-2021 @ 09:22:20 - Importing as new product ID:67661
08-31-2021 @ 09:22:20 - Row :140 - Processing item.
08-31-2021 @ 09:22:20 - Found variation product object. ID:67661
08-31-2021 @ 09:22:20 - Setting Featured Image. URL:https://nylimages.s3.amazonaws.com/EBY_HX054_Maroon_sw.jpg
08-31-2021 @ 09:22:20 - Attachment ID:7816
08-31-2021 @ 09:22:20 - Row :140 - Product imported successfully.
08-31-2021 @ 09:22:22 - Preparing for import.
08-31-2021 @ 09:22:22 - Row :141 - Parsing item.
08-31-2021 @ 09:22:22 - Importing as new product ID:67662
08-31-2021 @ 09:22:22 - Row :141 - Processing item.
08-31-2021 @ 09:22:22 - Found variation product object. ID:67662
08-31-2021 @ 09:22:22 - Setting Featured Image. URL:https://nylimages.s3.amazonaws.com/EBY_HX054_Navy_sw.jpg
08-31-2021 @ 09:22:22 - Attachment ID:7823
08-31-2021 @ 09:22:22 - Row :141 - Product imported successfully.
08-31-2021 @ 09:22:22 - Row :142 - Parsing item.
08-31-2021 @ 09:22:22 - Importing as new product ID:67663
08-31-2021 @ 09:22:22 - Row :142 - Processing item.
08-31-2021 @ 09:22:22 - Found variation product object. ID:67663
08-31-2021 @ 09:22:22 - Setting Featured Image. URL:https://nylimages.s3.amazonaws.com/EBY_HX054_Navy_sw.jpg
08-31-2021 @ 09:22:22 - Attachment ID:7823
08-31-2021 @ 09:22:22 - Row :142 - Product imported successfully.
08-31-2021 @ 09:22:22 - Row :143 - Parsing item.
08-31-2021 @ 09:22:22 - Importing as new product ID:67664
08-31-2021 @ 09:22:22 - Row :143 - Processing item.
08-31-2021 @ 09:22:22 - Found variation product object. ID:67664
08-31-2021 @ 09:22:22 - Setting Featured Image. URL:https://nylimages.s3.amazonaws.com/EBY_HX054_Navy_sw.jpg
08-31-2021 @ 09:22:22 - Attachment ID:7823
08-31-2021 @ 09:22:22 - Row :143 - Product imported successfully.
08-31-2021 @ 09:22:22 - Row :144 - Parsing item.
08-31-2021 @ 09:22:22 - Importing as new product ID:67665
08-31-2021 @ 09:22:22 - Row :144 - Processing item.
08-31-2021 @ 09:22:22 - Found variation product object. ID:67665
08-31-2021 @ 09:22:22 - Setting Featured Image. URL:https://nylimages.s3.amazonaws.com/EBY_HX054_Navy_sw.jpg
08-31-2021 @ 09:22:23 - Attachment ID:7823
08-31-2021 @ 09:22:23 - Row :144 - Product imported successfully.
08-31-2021 @ 09:22:23 - Row :145 - Parsing item.
08-31-2021 @ 09:22:23 - Importing as new product ID:67666
08-31-2021 @ 09:22:23 - Row :145 - Processing item.
08-31-2021 @ 09:22:23 - Found variation product object. ID:67666
08-31-2021 @ 09:22:23 - Setting Featured Image. URL:https://nylimages.s3.amazonaws.com/EBY_HX054_Navy_sw.jpg
08-31-2021 @ 09:22:23 - Attachment ID:7823
08-31-2021 @ 09:22:23 - Row :145 - Product imported successfully.
08-31-2021 @ 09:22:23 - Row :146 - Parsing item.
08-31-2021 @ 09:22:23 - Importing as new product ID:67667
08-31-2021 @ 09:22:23 - Row :146 - Processing item.
08-31-2021 @ 09:22:23 - Found variation product object. ID:67667
08-31-2021 @ 09:22:23 - Setting Featured Image. URL:https://nylimages.s3.amazonaws.com/EBY_HX054_Orange_sw.jpg
08-31-2021 @ 09:22:23 - Attachment ID:7831
08-31-2021 @ 09:22:23 - Row :146 - Product imported successfully.
08-31-2021 @ 09:22:23 - Row :147 - Parsing item.
08-31-2021 @ 09:22:23 - Importing as new product ID:67668
08-31-2021 @ 09:22:23 - Row :147 - Processing item.
08-31-2021 @ 09:22:23 - Found variation product object. ID:67668
08-31-2021 @ 09:22:23 - Setting Featured Image. URL:https://nylimages.s3.amazonaws.com/EBY_HX054_Orange_sw.jpg
08-31-2021 @ 09:22:23 - Attachment ID:7831
08-31-2021 @ 09:22:23 - Row :147 - Product imported successfully.
08-31-2021 @ 09:22:23 - Row :148 - Parsing item.
08-31-2021 @ 09:22:23 - Importing as new product ID:67669
08-31-2021 @ 09:22:23 - Row :148 - Processing item.
08-31-2021 @ 09:22:23 - Found variation product object. ID:67669
08-31-2021 @ 09:22:23 - Setting Featured Image. URL:https://nylimages.s3.amazonaws.com/EBY_HX054_Orange_sw.jpg
08-31-2021 @ 09:22:23 - Attachment ID:7831
08-31-2021 @ 09:22:23 - Row :148 - Product imported successfully.
08-31-2021 @ 09:22:23 - Row :149 - Parsing item.
08-31-2021 @ 09:22:23 - Importing as new product ID:67670
08-31-2021 @ 09:22:23 - Row :149 - Processing item.
08-31-2021 @ 09:22:23 - Found variation product object. ID:67670
08-31-2021 @ 09:22:24 - Setting Featured Image. URL:https://nylimages.s3.amazonaws.com/EBY_HX054_Orange_sw.jpg
08-31-2021 @ 09:22:24 - Attachment ID:7831
08-31-2021 @ 09:22:24 - Row :149 - Product imported successfully.
08-31-2021 @ 09:22:24 - Row :150 - Parsing item.
08-31-2021 @ 09:22:24 - Importing as new product ID:67671
08-31-2021 @ 09:22:24 - Row :150 - Processing item.
08-31-2021 @ 09:22:24 - Found variation product object. ID:67671
08-31-2021 @ 09:22:24 - Setting Featured Image. URL:https://nylimages.s3.amazonaws.com/EBY_HX054_Orange_sw.jpg
08-31-2021 @ 09:22:24 - Attachment ID:7831
08-31-2021 @ 09:22:24 - Row :150 - Product imported successfully.
08-31-2021 @ 09:22:25 - Preparing for import.
08-31-2021 @ 09:22:25 - Row :151 - Parsing item.
08-31-2021 @ 09:22:25 - Importing as new product ID:67672
08-31-2021 @ 09:22:25 - Row :151 - Processing item.
08-31-2021 @ 09:22:25 - Found variation product object. ID:67672
08-31-2021 @ 09:22:26 - Setting Featured Image. URL:https://nylimages.s3.amazonaws.com/EBY_HX054_Orange_sw.jpg
08-31-2021 @ 09:22:26 - Attachment ID:7831
08-31-2021 @ 09:22:26 - Row :151 - Product imported successfully.
08-31-2021 @ 09:22:26 - Row :152 - Parsing item.
08-31-2021 @ 09:22:26 - Importing as new product ID:67673
08-31-2021 @ 09:22:26 - Row :152 - Processing item.
08-31-2021 @ 09:22:26 - Found variation product object. ID:67673
08-31-2021 @ 09:22:26 - Setting Featured Image. URL:https://nylimages.s3.amazonaws.com/EBY_HX054_White_sw.jpg
08-31-2021 @ 09:22:26 - Attachment ID:7847
08-31-2021 @ 09:22:26 - Row :152 - Product imported successfully.
08-31-2021 @ 09:22:26 - Row :153 - Parsing item.
08-31-2021 @ 09:22:26 - Importing as new product ID:67674
08-31-2021 @ 09:22:26 - Row :153 - Processing item.
08-31-2021 @ 09:22:26 - Found variation product object. ID:67674
08-31-2021 @ 09:22:26 - Setting Featured Image. URL:https://nylimages.s3.amazonaws.com/EBY_HX054_White_sw.jpg
08-31-2021 @ 09:22:26 - Attachment ID:7847
08-31-2021 @ 09:22:26 - Row :153 - Product imported successfully.
08-31-2021 @ 09:22:26 - Row :154 - Parsing item.
08-31-2021 @ 09:22:26 - Importing as new product ID:67675
08-31-2021 @ 09:22:26 - Row :154 - Processing item.
08-31-2021 @ 09:22:26 - Found variation product object. ID:67675
08-31-2021 @ 09:22:26 - Setting Featured Image. URL:https://nylimages.s3.amazonaws.com/EBY_HX054_White_sw.jpg
08-31-2021 @ 09:22:26 - Attachment ID:7847
08-31-2021 @ 09:22:26 - Row :154 - Product imported successfully.
08-31-2021 @ 09:22:26 - Row :155 - Parsing item.
08-31-2021 @ 09:22:26 - Importing as new product ID:67676
08-31-2021 @ 09:22:26 - Row :155 - Processing item.
08-31-2021 @ 09:22:26 - Found variation product object. ID:67676
08-31-2021 @ 09:22:26 - Setting Featured Image. URL:https://nylimages.s3.amazonaws.com/EBY_HX054_White_sw.jpg
08-31-2021 @ 09:22:26 - Attachment ID:7847
08-31-2021 @ 09:22:27 - Row :155 - Product imported successfully.
08-31-2021 @ 09:22:27 - Row :156 - Parsing item.
08-31-2021 @ 09:22:27 - Importing as new product ID:67677
08-31-2021 @ 09:22:27 - Row :156 - Processing item.
08-31-2021 @ 09:22:27 - Found variation product object. ID:67677
08-31-2021 @ 09:22:27 - Setting Featured Image. URL:https://nylimages.s3.amazonaws.com/EBY_HX054_White_sw.jpg
08-31-2021 @ 09:22:27 - Attachment ID:7847
08-31-2021 @ 09:22:27 - Row :156 - Product imported successfully.
08-31-2021 @ 09:22:27 - Row :157 - Parsing item.
08-31-2021 @ 09:22:27 - Importing as new product ID:67678
08-31-2021 @ 09:22:27 - Row :157 - Processing item.
08-31-2021 @ 09:22:27 - Found variation product object. ID:67678
08-31-2021 @ 09:22:27 - Setting Featured Image. URL:https://nylimages.s3.amazonaws.com/EBY_HX054_White_sw.jpg
08-31-2021 @ 09:22:27 - Attachment ID:7847
08-31-2021 @ 09:22:27 - Row :157 - Product imported successfully.
08-31-2021 @ 09:22:27 - Row :158 - Parsing item.
08-31-2021 @ 09:22:27 - Importing as new product ID:67679
08-31-2021 @ 09:22:27 - Row :158 - Processing item.
08-31-2021 @ 09:22:27 - Found variation product object. ID:67679
08-31-2021 @ 09:22:27 - Setting Featured Image. URL:https://nylimages.s3.amazonaws.com/EBY_HX054_White_sw.jpg
08-31-2021 @ 09:22:27 - Attachment ID:7847
08-31-2021 @ 09:22:27 - Row :158 - Product imported successfully.
08-31-2021 @ 09:22:27 - Row :159 - Parsing item.
08-31-2021 @ 09:22:27 - Importing as new product ID:67680
08-31-2021 @ 09:22:27 - Row :159 - Processing item.
08-31-2021 @ 09:22:27 - Found variation product object. ID:67680
08-31-2021 @ 09:22:27 - Setting Featured Image. URL:https://nylimages.s3.amazonaws.com/EBY_23453_Black_sw.jpg
08-31-2021 @ 09:22:27 - Attachment ID:7876
08-31-2021 @ 09:22:27 - Row :159 - Product imported successfully.
08-31-2021 @ 09:22:27 - Row :160 - Parsing item.
08-31-2021 @ 09:22:27 - Importing as new product ID:67681
08-31-2021 @ 09:22:27 - Row :160 - Processing item.
08-31-2021 @ 09:22:27 - Found variation product object. ID:67681
08-31-2021 @ 09:22:27 - Setting Featured Image. URL:https://nylimages.s3.amazonaws.com/EBY_23453_Black_sw.jpg
08-31-2021 @ 09:22:27 - Attachment ID:7876
08-31-2021 @ 09:22:27 - Row :160 - Product imported successfully.
08-31-2021 @ 09:22:29 - Preparing for import.
08-31-2021 @ 09:22:29 - Row :161 - Parsing item.
08-31-2021 @ 09:22:29 - Importing as new product ID:67682
08-31-2021 @ 09:22:29 - Row :161 - Processing item.
08-31-2021 @ 09:22:29 - Found variation product object. ID:67682
08-31-2021 @ 09:22:29 - Setting Featured Image. URL:https://nylimages.s3.amazonaws.com/EBY_23453_Black_sw.jpg
08-31-2021 @ 09:22:29 - Attachment ID:7876
08-31-2021 @ 09:22:29 - Row :161 - Product imported successfully.
08-31-2021 @ 09:22:29 - Row :162 - Parsing item.
08-31-2021 @ 09:22:29 - Importing as new product ID:67683
08-31-2021 @ 09:22:29 - Row :162 - Processing item.
08-31-2021 @ 09:22:29 - Found variation product object. ID:67683
08-31-2021 @ 09:22:29 - Setting Featured Image. URL:https://nylimages.s3.amazonaws.com/EBY_23453_DeepForest_sw.jpg
08-31-2021 @ 09:22:29 - Attachment ID:7882
08-31-2021 @ 09:22:29 - Row :162 - Product imported successfully.
08-31-2021 @ 09:22:29 - Row :163 - Parsing item.
08-31-2021 @ 09:22:29 - Importing as new product ID:67684
08-31-2021 @ 09:22:29 - Row :163 - Processing item.
08-31-2021 @ 09:22:29 - Found variation product object. ID:67684
08-31-2021 @ 09:22:29 - Setting Featured Image. URL:https://nylimages.s3.amazonaws.com/EBY_23453_DeepRed_sw.jpg
08-31-2021 @ 09:22:29 - Attachment ID:7893
08-31-2021 @ 09:22:29 - Row :163 - Product imported successfully.
08-31-2021 @ 09:22:29 - Row :164 - Parsing item.
08-31-2021 @ 09:22:30 - Importing as new product ID:67685
08-31-2021 @ 09:22:30 - Row :164 - Processing item.
08-31-2021 @ 09:22:30 - Found variation product object. ID:67685
08-31-2021 @ 09:22:30 - Setting Featured Image. URL:https://nylimages.s3.amazonaws.com/EBY_23453_DeepRed_sw.jpg
08-31-2021 @ 09:22:30 - Attachment ID:7893
08-31-2021 @ 09:22:30 - Row :164 - Product imported successfully.
08-31-2021 @ 09:22:30 - Row :165 - Parsing item.
08-31-2021 @ 09:22:30 - Importing as new product ID:67686
08-31-2021 @ 09:22:30 - Row :165 - Processing item.
08-31-2021 @ 09:22:30 - Found variation product object. ID:67686
08-31-2021 @ 09:22:30 - Setting Featured Image. URL:https://nylimages.s3.amazonaws.com/EBY_23453_DeepRed_sw.jpg
08-31-2021 @ 09:22:30 - Attachment ID:7893
08-31-2021 @ 09:22:30 - Row :165 - Product imported successfully.
08-31-2021 @ 09:22:30 - Row :166 - Parsing item.
08-31-2021 @ 09:22:30 - Importing as new product ID:67687
08-31-2021 @ 09:22:30 - Row :166 - Processing item.
08-31-2021 @ 09:22:30 - Found variation product object. ID:67687
08-31-2021 @ 09:22:30 - Setting Featured Image. URL:https://nylimages.s3.amazonaws.com/EBY_23453_DeepRoyal_sw.jpg
08-31-2021 @ 09:22:30 - Attachment ID:7899
08-31-2021 @ 09:22:30 - Row :166 - Product imported successfully.
08-31-2021 @ 09:22:30 - Row :167 - Parsing item.
08-31-2021 @ 09:22:30 - Importing as new product ID:67688
08-31-2021 @ 09:22:30 - Row :167 - Processing item.
08-31-2021 @ 09:22:30 - Found variation product object. ID:67688
08-31-2021 @ 09:22:30 - Setting Featured Image. URL:https://nylimages.s3.amazonaws.com/EBY_23453_DeepRoyal_sw.jpg
08-31-2021 @ 09:22:30 - Attachment ID:7899
08-31-2021 @ 09:22:30 - Row :167 - Product imported successfully.
08-31-2021 @ 09:22:30 - Row :168 - Parsing item.
08-31-2021 @ 09:22:30 - Importing as new product ID:67689
08-31-2021 @ 09:22:30 - Row :168 - Processing item.
08-31-2021 @ 09:22:30 - Found variation product object. ID:67689
08-31-2021 @ 09:22:30 - Setting Featured Image. URL:https://nylimages.s3.amazonaws.com/EBY_23453_DeepRoyal_sw.jpg
08-31-2021 @ 09:22:30 - Attachment ID:7899
08-31-2021 @ 09:22:30 - Row :168 - Product imported successfully.
08-31-2021 @ 09:22:30 - Row :169 - Parsing item.
08-31-2021 @ 09:22:30 - Importing as new product ID:67690
08-31-2021 @ 09:22:30 - Row :169 - Processing item.
08-31-2021 @ 09:22:30 - Found variation product object. ID:67690
08-31-2021 @ 09:22:30 - Setting Featured Image. URL:https://nylimages.s3.amazonaws.com/EBY_23453_LightBlue_sw.jpg
08-31-2021 @ 09:22:30 - Attachment ID:7905
08-31-2021 @ 09:22:30 - Row :169 - Product imported successfully.
08-31-2021 @ 09:22:30 - Row :170 - Parsing item.
08-31-2021 @ 09:22:30 - Importing as new product ID:67691
08-31-2021 @ 09:22:30 - Row :170 - Processing item.
08-31-2021 @ 09:22:30 - Found variation product object. ID:67691
08-31-2021 @ 09:22:30 - Setting Featured Image. URL:https://nylimages.s3.amazonaws.com/EBY_23453_LightBlue_sw.jpg
08-31-2021 @ 09:22:31 - Attachment ID:7905
08-31-2021 @ 09:22:31 - Row :170 - Product imported successfully.
08-31-2021 @ 09:22:32 - Preparing for import.
08-31-2021 @ 09:22:32 - Row :171 - Parsing item.
08-31-2021 @ 09:22:32 - Importing as new product ID:67692
08-31-2021 @ 09:22:32 - Row :171 - Processing item.
08-31-2021 @ 09:22:32 - Found variation product object. ID:67692
08-31-2021 @ 09:22:32 - Setting Featured Image. URL:https://nylimages.s3.amazonaws.com/EBY_23453_LightBlue_sw.jpg
08-31-2021 @ 09:22:32 - Attachment ID:7905
08-31-2021 @ 09:22:32 - Row :171 - Product imported successfully.
08-31-2021 @ 09:22:32 - Row :172 - Parsing item.
08-31-2021 @ 09:22:32 - Importing as new product ID:67693
08-31-2021 @ 09:22:32 - Row :172 - Processing item.
08-31-2021 @ 09:22:32 - Found variation product object. ID:67693
08-31-2021 @ 09:22:32 - Setting Featured Image. URL:https://nylimages.s3.amazonaws.com/EBY_23453_Maroon_sw.jpg
08-31-2021 @ 09:22:32 - Attachment ID:7917
08-31-2021 @ 09:22:33 - Row :172 - Product imported successfully.
08-31-2021 @ 09:22:33 - Row :173 - Parsing item.
08-31-2021 @ 09:22:33 - Importing as new product ID:67694
08-31-2021 @ 09:22:33 - Row :173 - Processing item.
08-31-2021 @ 09:22:33 - Found variation product object. ID:67694
08-31-2021 @ 09:22:33 - Setting Featured Image. URL:https://nylimages.s3.amazonaws.com/EBY_23453_White_sw.jpg
08-31-2021 @ 09:22:33 - Attachment ID:7935
08-31-2021 @ 09:22:33 - Row :173 - Product imported successfully.
08-31-2021 @ 09:22:33 - Row :174 - Parsing item.
08-31-2021 @ 09:22:33 - Importing as new product ID:67695
08-31-2021 @ 09:22:33 - Row :174 - Processing item.
08-31-2021 @ 09:22:33 - Found variation product object. ID:67695
08-31-2021 @ 09:22:33 - Setting Featured Image. URL:https://nylimages.s3.amazonaws.com/EBY_23453_White_sw.jpg
08-31-2021 @ 09:22:33 - Attachment ID:7935
08-31-2021 @ 09:22:33 - Row :174 - Product imported successfully.
08-31-2021 @ 09:22:33 - Row :175 - Parsing item.
08-31-2021 @ 09:22:33 - Importing as new product ID:67696
08-31-2021 @ 09:22:33 - Row :175 - Processing item.
08-31-2021 @ 09:22:33 - Found variation product object. ID:67696
08-31-2021 @ 09:22:33 - Setting Featured Image. URL:https://nylimages.s3.amazonaws.com/EBY_23453_White_sw.jpg
08-31-2021 @ 09:22:33 - Attachment ID:7935
08-31-2021 @ 09:22:33 - Row :175 - Product imported successfully.
08-31-2021 @ 09:22:33 - Row :176 - Parsing item.
08-31-2021 @ 09:22:33 - Importing as new product ID:67697
08-31-2021 @ 09:22:33 - Row :176 - Processing item.
08-31-2021 @ 09:22:33 - Found variation product object. ID:67697
08-31-2021 @ 09:22:33 - Setting Featured Image. URL:https://nylimages.s3.amazonaws.com/EBY_23453_White_sw.jpg
08-31-2021 @ 09:22:33 - Attachment ID:7935
08-31-2021 @ 09:22:33 - Row :176 - Product imported successfully.
08-31-2021 @ 09:22:33 - Row :177 - Parsing item.
08-31-2021 @ 09:22:33 - Importing as new product ID:67698
08-31-2021 @ 09:22:33 - Row :177 - Processing item.
08-31-2021 @ 09:22:33 - Found variation product object. ID:67698
08-31-2021 @ 09:22:33 - Setting Featured Image. URL:https://nylimages.s3.amazonaws.com/EBY_23453_White_sw.jpg
08-31-2021 @ 09:22:33 - Attachment ID:7935
08-31-2021 @ 09:22:33 - Row :177 - Product imported successfully.
08-31-2021 @ 09:22:33 - Row :178 - Parsing item.
08-31-2021 @ 09:22:33 - Importing as new product ID:67699
08-31-2021 @ 09:22:33 - Row :178 - Processing item.
08-31-2021 @ 09:22:33 - Found variation product object. ID:67699
08-31-2021 @ 09:22:33 - Setting Featured Image. URL:https://nylimages.s3.amazonaws.com/HBI_055P1_Black_sw.jpg
08-31-2021 @ 09:22:33 - Attachment ID:7952
08-31-2021 @ 09:22:34 - Row :178 - Product imported successfully.
08-31-2021 @ 09:22:34 - Row :179 - Parsing item.
08-31-2021 @ 09:22:34 - Importing as new product ID:67700
08-31-2021 @ 09:22:34 - Row :179 - Processing item.
08-31-2021 @ 09:22:34 - Found variation product object. ID:67700
08-31-2021 @ 09:22:34 - Setting Featured Image. URL:https://nylimages.s3.amazonaws.com/HBI_055P1_Black_sw.jpg
08-31-2021 @ 09:22:34 - Attachment ID:7952
08-31-2021 @ 09:22:34 - Row :179 - Product imported successfully.
08-31-2021 @ 09:22:34 - Row :180 - Parsing item.
08-31-2021 @ 09:22:34 - Importing as new product ID:67701
08-31-2021 @ 09:22:34 - Row :180 - Processing item.
08-31-2021 @ 09:22:34 - Found variation product object. ID:67701
08-31-2021 @ 09:22:34 - Setting Featured Image. URL:https://nylimages.s3.amazonaws.com/HBI_055P1_Black_sw.jpg
08-31-2021 @ 09:22:34 - Attachment ID:7952
08-31-2021 @ 09:22:34 - Row :180 - Product imported successfully.
08-31-2021 @ 09:22:36 - Preparing for import.
08-31-2021 @ 09:22:36 - Row :181 - Parsing item.
08-31-2021 @ 09:22:36 - Importing as new product ID:67702
08-31-2021 @ 09:22:36 - Row :181 - Processing item.
08-31-2021 @ 09:22:36 - Found variation product object. ID:67702
08-31-2021 @ 09:22:36 - Setting Featured Image. URL:https://nylimages.s3.amazonaws.com/HBI_055P1_Black_sw.jpg
08-31-2021 @ 09:22:36 - Attachment ID:7952
08-31-2021 @ 09:22:36 - Row :181 - Product imported successfully.
08-31-2021 @ 09:22:36 - Row :182 - Parsing item.
08-31-2021 @ 09:22:36 - Importing as new product ID:67703
08-31-2021 @ 09:22:36 - Row :182 - Processing item.
08-31-2021 @ 09:22:36 - Found variation product object. ID:67703
08-31-2021 @ 09:22:36 - Setting Featured Image. URL:https://nylimages.s3.amazonaws.com/HBI_055P1_CharcoalHeather_sw.jpg
08-31-2021 @ 09:22:36 - Attachment ID:7969
08-31-2021 @ 09:22:36 - Row :182 - Product imported successfully.
08-31-2021 @ 09:22:36 - Row :183 - Parsing item.
08-31-2021 @ 09:22:36 - Importing as new product ID:67704
08-31-2021 @ 09:22:36 - Row :183 - Processing item.
08-31-2021 @ 09:22:36 - Found variation product object. ID:67704
08-31-2021 @ 09:22:36 - Setting Featured Image. URL:https://nylimages.s3.amazonaws.com/HBI_055P1_CharcoalHeather_sw.jpg
08-31-2021 @ 09:22:36 - Attachment ID:7969
08-31-2021 @ 09:22:36 - Row :183 - Product imported successfully.
08-31-2021 @ 09:22:36 - Row :184 - Parsing item.
08-31-2021 @ 09:22:36 - Importing as new product ID:67705
08-31-2021 @ 09:22:36 - Row :184 - Processing item.
08-31-2021 @ 09:22:36 - Found variation product object. ID:67705
08-31-2021 @ 09:22:36 - Setting Featured Image. URL:https://nylimages.s3.amazonaws.com/HBI_055P1_CharcoalHeather_sw.jpg
08-31-2021 @ 09:22:36 - Attachment ID:7969
08-31-2021 @ 09:22:36 - Row :184 - Product imported successfully.
08-31-2021 @ 09:22:36 - Row :185 - Parsing item.
08-31-2021 @ 09:22:36 - Importing as new product ID:67706
08-31-2021 @ 09:22:36 - Row :185 - Processing item.
08-31-2021 @ 09:22:37 - Found variation product object. ID:67706
08-31-2021 @ 09:22:37 - Setting Featured Image. URL:https://nylimages.s3.amazonaws.com/HBI_055P1_DeepForest_sw.jpg
08-31-2021 @ 09:22:37 - Attachment ID:7979
08-31-2021 @ 09:22:37 - Row :185 - Product imported successfully.
08-31-2021 @ 09:22:37 - Row :186 - Parsing item.
08-31-2021 @ 09:22:37 - Importing as new product ID:67707
08-31-2021 @ 09:22:37 - Row :186 - Processing item.
08-31-2021 @ 09:22:37 - Found variation product object. ID:67707
08-31-2021 @ 09:22:37 - Setting Featured Image. URL:https://nylimages.s3.amazonaws.com/HBI_055P1_DeepRed_sw.jpg
08-31-2021 @ 09:22:37 - Attachment ID:7986
08-31-2021 @ 09:22:37 - Row :186 - Product imported successfully.
08-31-2021 @ 09:22:37 - Row :187 - Parsing item.
08-31-2021 @ 09:22:37 - Importing as new product ID:67708
08-31-2021 @ 09:22:37 - Row :187 - Processing item.
08-31-2021 @ 09:22:37 - Found variation product object. ID:67708
08-31-2021 @ 09:22:37 - Setting Featured Image. URL:https://nylimages.s3.amazonaws.com/HBI_055P1_DeepRed_sw.jpg
08-31-2021 @ 09:22:37 - Attachment ID:7986
08-31-2021 @ 09:22:37 - Row :187 - Product imported successfully.
08-31-2021 @ 09:22:37 - Row :188 - Parsing item.
08-31-2021 @ 09:22:37 - Importing as new product ID:67709
08-31-2021 @ 09:22:37 - Row :188 - Processing item.
08-31-2021 @ 09:22:37 - Found variation product object. ID:67709
08-31-2021 @ 09:22:37 - Setting Featured Image. URL:https://nylimages.s3.amazonaws.com/HBI_055P1_DeepRed_sw.jpg
08-31-2021 @ 09:22:37 - Attachment ID:7986
08-31-2021 @ 09:22:37 - Row :188 - Product imported successfully.
08-31-2021 @ 09:22:37 - Row :189 - Parsing item.
08-31-2021 @ 09:22:37 - Importing as new product ID:67710
08-31-2021 @ 09:22:37 - Row :189 - Processing item.
08-31-2021 @ 09:22:37 - Found variation product object. ID:67710
08-31-2021 @ 09:22:37 - Setting Featured Image. URL:https://nylimages.s3.amazonaws.com/HBI_055P1_DeepRed_sw.jpg
08-31-2021 @ 09:22:37 - Attachment ID:7986
08-31-2021 @ 09:22:38 - Row :189 - Product imported successfully.
08-31-2021 @ 09:22:38 - Row :190 - Parsing item.
08-31-2021 @ 09:22:38 - Importing as new product ID:67711
08-31-2021 @ 09:22:38 - Row :190 - Processing item.
08-31-2021 @ 09:22:38 - Found variation product object. ID:67711
08-31-2021 @ 09:22:38 - Setting Featured Image. URL:https://nylimages.s3.amazonaws.com/HBI_055P1_DeepRoyal_sw.jpg
08-31-2021 @ 09:22:38 - Attachment ID:7993
08-31-2021 @ 09:22:38 - Row :190 - Product imported successfully.
08-31-2021 @ 09:22:39 - Preparing for import.
08-31-2021 @ 09:22:39 - Row :191 - Parsing item.
08-31-2021 @ 09:22:39 - Importing as new product ID:67712
08-31-2021 @ 09:22:39 - Row :191 - Processing item.
08-31-2021 @ 09:22:39 - Found variation product object. ID:67712
08-31-2021 @ 09:22:39 - Setting Featured Image. URL:https://nylimages.s3.amazonaws.com/HBI_055P1_DeepRoyal_sw.jpg
08-31-2021 @ 09:22:39 - Attachment ID:7993
08-31-2021 @ 09:22:40 - Row :191 - Product imported successfully.
08-31-2021 @ 09:22:40 - Row :192 - Parsing item.
08-31-2021 @ 09:22:40 - Importing as new product ID:67713
08-31-2021 @ 09:22:40 - Row :192 - Processing item.
08-31-2021 @ 09:22:40 - Found variation product object. ID:67713
08-31-2021 @ 09:22:40 - Setting Featured Image. URL:https://nylimages.s3.amazonaws.com/HBI_055P1_DeepRoyal_sw.jpg
08-31-2021 @ 09:22:40 - Attachment ID:7993
08-31-2021 @ 09:22:40 - Row :192 - Product imported successfully.
08-31-2021 @ 09:22:40 - Row :193 - Parsing item.
08-31-2021 @ 09:22:40 - Importing as new product ID:67714
08-31-2021 @ 09:22:40 - Row :193 - Processing item.
08-31-2021 @ 09:22:40 - Found variation product object. ID:67714
08-31-2021 @ 09:22:40 - Setting Featured Image. URL:https://nylimages.s3.amazonaws.com/HBI_055P1_DeepRoyal_sw.jpg
08-31-2021 @ 09:22:40 - Attachment ID:7993
08-31-2021 @ 09:22:40 - Row :193 - Product imported successfully.
08-31-2021 @ 09:22:40 - Row :194 - Parsing item.
08-31-2021 @ 09:22:40 - Importing as new product ID:67715
08-31-2021 @ 09:22:40 - Row :194 - Processing item.
08-31-2021 @ 09:22:40 - Found variation product object. ID:67715
08-31-2021 @ 09:22:40 - Setting Featured Image. URL:https://nylimages.s3.amazonaws.com/HBI_055P1_LightSteel_sw.jpg
08-31-2021 @ 09:22:40 - Attachment ID:8000
08-31-2021 @ 09:22:40 - Row :194 - Product imported successfully.
08-31-2021 @ 09:22:40 - Row :195 - Parsing item.
08-31-2021 @ 09:22:40 - Importing as new product ID:67716
08-31-2021 @ 09:22:40 - Row :195 - Processing item.
08-31-2021 @ 09:22:40 - Found variation product object. ID:67716
08-31-2021 @ 09:22:40 - Setting Featured Image. URL:https://nylimages.s3.amazonaws.com/HBI_055P1_LightSteel_sw.jpg
08-31-2021 @ 09:22:40 - Attachment ID:8000
08-31-2021 @ 09:22:40 - Row :195 - Product imported successfully.
08-31-2021 @ 09:22:40 - Row :196 - Parsing item.
08-31-2021 @ 09:22:40 - Importing as new product ID:67717
08-31-2021 @ 09:22:40 - Row :196 - Processing item.
08-31-2021 @ 09:22:40 - Found variation product object. ID:67717
08-31-2021 @ 09:22:40 - Setting Featured Image. URL:https://nylimages.s3.amazonaws.com/HBI_055P1_LightSteel_sw.jpg
08-31-2021 @ 09:22:41 - Attachment ID:8000
08-31-2021 @ 09:22:41 - Row :196 - Product imported successfully.
08-31-2021 @ 09:22:41 - Row :197 - Parsing item.
08-31-2021 @ 09:22:41 - Importing as new product ID:67718
08-31-2021 @ 09:22:41 - Row :197 - Processing item.
08-31-2021 @ 09:22:41 - Found variation product object. ID:67718
08-31-2021 @ 09:22:41 - Setting Featured Image. URL:https://nylimages.s3.amazonaws.com/HBI_055P1_LightSteel_sw.jpg
08-31-2021 @ 09:22:41 - Attachment ID:8000
08-31-2021 @ 09:22:41 - Row :197 - Product imported successfully.
08-31-2021 @ 09:22:41 - Row :198 - Parsing item.
08-31-2021 @ 09:22:41 - Importing as new product ID:67719
08-31-2021 @ 09:22:41 - Row :198 - Processing item.
08-31-2021 @ 09:22:41 - Found variation product object. ID:67719
08-31-2021 @ 09:22:41 - Setting Featured Image. URL:https://nylimages.s3.amazonaws.com/HBI_055P1_LightSteel_sw.jpg
08-31-2021 @ 09:22:41 - Attachment ID:8000
08-31-2021 @ 09:22:41 - Row :198 - Product imported successfully.
08-31-2021 @ 09:22:41 - Row :199 - Parsing item.
08-31-2021 @ 09:22:41 - Importing as new product ID:67720
08-31-2021 @ 09:22:41 - Row :199 - Processing item.
08-31-2021 @ 09:22:41 - Found variation product object. ID:67720
08-31-2021 @ 09:22:41 - Setting Featured Image. URL:https://nylimages.s3.amazonaws.com/HBI_055P1_LightSteel_sw.jpg
08-31-2021 @ 09:22:41 - Attachment ID:8000
08-31-2021 @ 09:22:41 - Row :199 - Product imported successfully.
08-31-2021 @ 09:22:41 - Row :200 - Parsing item.
08-31-2021 @ 09:22:41 - Importing as new product ID:67721
08-31-2021 @ 09:22:41 - Row :200 - Processing item.
08-31-2021 @ 09:22:41 - Found variation product object. ID:67721
08-31-2021 @ 09:22:41 - Setting Featured Image. URL:https://nylimages.s3.amazonaws.com/HBI_055P1_Navy_sw.jpg
08-31-2021 @ 09:22:41 - Attachment ID:8010
08-31-2021 @ 09:22:41 - Row :200 - Product imported successfully.
08-31-2021 @ 09:22:43 - Preparing for import.
08-31-2021 @ 09:22:43 - Row :201 - Parsing item.
08-31-2021 @ 09:22:43 - Importing as new product ID:67722
08-31-2021 @ 09:22:43 - Row :201 - Processing item.
08-31-2021 @ 09:22:43 - Found variation product object. ID:67722
08-31-2021 @ 09:22:43 - Setting Featured Image. URL:https://nylimages.s3.amazonaws.com/HBI_055P1_Navy_sw.jpg
08-31-2021 @ 09:22:43 - Attachment ID:8010
08-31-2021 @ 09:22:43 - Row :201 - Product imported successfully.
08-31-2021 @ 09:22:43 - Row :202 - Parsing item.
08-31-2021 @ 09:22:43 - Importing as new product ID:67723
08-31-2021 @ 09:22:43 - Row :202 - Processing item.
08-31-2021 @ 09:22:43 - Found variation product object. ID:67723
08-31-2021 @ 09:22:43 - Setting Featured Image. URL:https://nylimages.s3.amazonaws.com/HBI_055P1_Navy_sw.jpg
08-31-2021 @ 09:22:43 - Attachment ID:8010
08-31-2021 @ 09:22:43 - Row :202 - Product imported successfully.
08-31-2021 @ 09:22:43 - Row :203 - Parsing item.
08-31-2021 @ 09:22:43 - Importing as new product ID:67724
08-31-2021 @ 09:22:43 - Row :203 - Processing item.
08-31-2021 @ 09:22:43 - Found variation product object. ID:67724
08-31-2021 @ 09:22:43 - Setting Featured Image. URL:https://nylimages.s3.amazonaws.com/HBI_055P1_White_sw.jpg
08-31-2021 @ 09:22:43 - Attachment ID:8020
08-31-2021 @ 09:22:44 - Row :203 - Product imported successfully.
08-31-2021 @ 09:22:44 - Row :204 - Parsing item.
08-31-2021 @ 09:22:44 - Importing as new product ID:67725
08-31-2021 @ 09:22:44 - Row :204 - Processing item.
08-31-2021 @ 09:22:44 - Found variation product object. ID:67725
08-31-2021 @ 09:22:44 - Setting Featured Image. URL:https://nylimages.s3.amazonaws.com/HBI_055P1_White_sw.jpg
08-31-2021 @ 09:22:44 - Attachment ID:8020
08-31-2021 @ 09:22:44 - Row :204 - Product imported successfully.
08-31-2021 @ 09:22:44 - Row :205 - Parsing item.
08-31-2021 @ 09:22:44 - Importing as new product ID:67726
08-31-2021 @ 09:22:44 - Row :205 - Processing item.
08-31-2021 @ 09:22:44 - Found variation product object. ID:67726
08-31-2021 @ 09:22:44 - Setting Featured Image. URL:https://nylimages.s3.amazonaws.com/HBI_055P1_White_sw.jpg
08-31-2021 @ 09:22:44 - Attachment ID:8020
08-31-2021 @ 09:22:44 - Row :205 - Product imported successfully.
08-31-2021 @ 09:22:44 - Row :206 - Parsing item.
08-31-2021 @ 09:22:44 - Importing as new product ID:67727
08-31-2021 @ 09:22:44 - Row :206 - Processing item.
08-31-2021 @ 09:22:44 - Found variation product object. ID:67727
08-31-2021 @ 09:22:44 - Setting Featured Image. URL:https://nylimages.s3.amazonaws.com/HBI_055P1_White_sw.jpg
08-31-2021 @ 09:22:44 - Attachment ID:8020
08-31-2021 @ 09:22:44 - Row :206 - Product imported successfully.
08-31-2021 @ 09:22:44 - ---[ Import ended at 2021-08-31 13:22:44]---
