09-01-2021 @ 03:36:36 - ---[ New import started at 2021-09-01 07:36:36 ] PHP Memory: 512 MB, WP Memory: 40 MB
09-01-2021 @ 03:36:36 - Preparing for import.
09-01-2021 @ 03:36:36 - Row :1 - Parsing item.
09-01-2021 @ 03:36:36 - Row :1 - Processing item.
09-01-2021 @ 03:36:36 - Processing users.
09-01-2021 @ 03:36:36 - > &#8220;188&#8221;User updated successfully. ID:188
09-01-2021 @ 03:36:36 - > Finished importing user 188
09-01-2021 @ 03:36:36 - Row :1 - User updated successfully.
09-01-2021 @ 03:36:36 - Row :2 - Parsing item.
09-01-2021 @ 03:36:36 - Row :2 - Processing item.
09-01-2021 @ 03:36:36 - Processing users.
09-01-2021 @ 03:36:36 - > &#8220;189&#8221;User updated successfully. ID:189
09-01-2021 @ 03:36:36 - > Finished importing user 189
09-01-2021 @ 03:36:36 - Row :2 - User updated successfully.
09-01-2021 @ 03:36:36 - Row :3 - Parsing item.
09-01-2021 @ 03:36:36 - Row :3 - Processing item.
09-01-2021 @ 03:36:36 - Processing users.
09-01-2021 @ 03:36:36 - > &#8220;190&#8221;User updated successfully. ID:190
09-01-2021 @ 03:36:36 - > Finished importing user 190
09-01-2021 @ 03:36:36 - Row :3 - User updated successfully.
09-01-2021 @ 03:36:36 - Row :4 - Parsing item.
09-01-2021 @ 03:36:36 - Row :4 - Processing item.
09-01-2021 @ 03:36:36 - Processing users.
09-01-2021 @ 03:36:36 - > &#8220;191&#8221;User updated successfully. ID:191
09-01-2021 @ 03:36:36 - > Finished importing user 191
09-01-2021 @ 03:36:36 - Row :4 - User updated successfully.
09-01-2021 @ 03:36:36 - Row :5 - Parsing item.
09-01-2021 @ 03:36:36 - Row :5 - Processing item.
09-01-2021 @ 03:36:36 - Processing users.
09-01-2021 @ 03:36:36 - > &#8220;192&#8221;User updated successfully. ID:192
09-01-2021 @ 03:36:36 - > Finished importing user 192
09-01-2021 @ 03:36:36 - Row :5 - User updated successfully.
09-01-2021 @ 03:36:36 - Row :6 - Parsing item.
09-01-2021 @ 03:36:36 - Row :6 - Processing item.
09-01-2021 @ 03:36:36 - Processing users.
09-01-2021 @ 03:36:36 - > &#8220;193&#8221;User updated successfully. ID:193
09-01-2021 @ 03:36:36 - > Finished importing user 193
09-01-2021 @ 03:36:36 - Row :6 - User updated successfully.
09-01-2021 @ 03:36:36 - Row :7 - Parsing item.
09-01-2021 @ 03:36:36 - Row :7 - Processing item.
09-01-2021 @ 03:36:36 - Processing users.
09-01-2021 @ 03:36:36 - > &#8220;194&#8221;User updated successfully. ID:194
09-01-2021 @ 03:36:36 - > Finished importing user 194
09-01-2021 @ 03:36:36 - Row :7 - User updated successfully.
09-01-2021 @ 03:36:36 - Row :8 - Parsing item.
09-01-2021 @ 03:36:36 - Row :8 - Processing item.
09-01-2021 @ 03:36:36 - Processing users.
09-01-2021 @ 03:36:36 - > &#8220;195&#8221;User updated successfully. ID:195
09-01-2021 @ 03:36:36 - > Finished importing user 195
09-01-2021 @ 03:36:36 - Row :8 - User updated successfully.
09-01-2021 @ 03:36:36 - Row :9 - Parsing item.
09-01-2021 @ 03:36:36 - Row :9 - Processing item.
09-01-2021 @ 03:36:36 - Processing users.
09-01-2021 @ 03:36:36 - > &#8220;196&#8221;User updated successfully. ID:196
09-01-2021 @ 03:36:36 - > Finished importing user 196
09-01-2021 @ 03:36:36 - Row :9 - User updated successfully.
09-01-2021 @ 03:36:36 - Row :10 - Parsing item.
09-01-2021 @ 03:36:36 - Row :10 - Processing item.
09-01-2021 @ 03:36:36 - Processing users.
09-01-2021 @ 03:36:36 - > &#8220;197&#8221;User updated successfully. ID:197
09-01-2021 @ 03:36:36 - > Finished importing user 197
09-01-2021 @ 03:36:36 - Row :10 - User updated successfully.
09-01-2021 @ 03:36:36 - Row :11 - Parsing item.
09-01-2021 @ 03:36:36 - Row :11 - Processing item.
09-01-2021 @ 03:36:36 - Processing users.
09-01-2021 @ 03:36:36 - > &#8220;198&#8221;User updated successfully. ID:198
09-01-2021 @ 03:36:36 - > Finished importing user 198
09-01-2021 @ 03:36:36 - Row :11 - User updated successfully.
09-01-2021 @ 03:36:36 - Row :12 - Parsing item.
09-01-2021 @ 03:36:36 - Row :12 - Processing item.
09-01-2021 @ 03:36:36 - Processing users.
09-01-2021 @ 03:36:36 - > &#8220;199&#8221;User updated successfully. ID:199
09-01-2021 @ 03:36:36 - > Finished importing user 199
09-01-2021 @ 03:36:36 - Row :12 - User updated successfully.
09-01-2021 @ 03:36:36 - Row :13 - Parsing item.
09-01-2021 @ 03:36:36 - Row :13 - Processing item.
09-01-2021 @ 03:36:36 - Processing users.
09-01-2021 @ 03:36:36 - > &#8220;200&#8221;User updated successfully. ID:200
09-01-2021 @ 03:36:36 - > Finished importing user 200
09-01-2021 @ 03:36:36 - Row :13 - User updated successfully.
09-01-2021 @ 03:36:36 - Row :14 - Parsing item.
09-01-2021 @ 03:36:36 - Row :14 - Processing item.
09-01-2021 @ 03:36:36 - Processing users.
09-01-2021 @ 03:36:36 - > &#8220;201&#8221;User updated successfully. ID:201
09-01-2021 @ 03:36:36 - > Finished importing user 201
09-01-2021 @ 03:36:36 - Row :14 - User updated successfully.
09-01-2021 @ 03:36:36 - Row :15 - Parsing item.
09-01-2021 @ 03:36:36 - Row :15 - Processing item.
09-01-2021 @ 03:36:36 - Processing users.
09-01-2021 @ 03:36:36 - > &#8220;202&#8221;User updated successfully. ID:202
09-01-2021 @ 03:36:36 - > Finished importing user 202
09-01-2021 @ 03:36:36 - Row :15 - User updated successfully.
09-01-2021 @ 03:36:36 - Row :16 - Parsing item.
09-01-2021 @ 03:36:36 - Row :16 - Processing item.
09-01-2021 @ 03:36:36 - Processing users.
09-01-2021 @ 03:36:36 - > &#8220;203&#8221;User updated successfully. ID:203
09-01-2021 @ 03:36:36 - > Finished importing user 203
09-01-2021 @ 03:36:36 - Row :16 - User updated successfully.
09-01-2021 @ 03:36:36 - Row :17 - Parsing item.
09-01-2021 @ 03:36:36 - Row :17 - Processing item.
09-01-2021 @ 03:36:36 - Processing users.
09-01-2021 @ 03:36:37 - > &#8220;204&#8221;User updated successfully. ID:204
09-01-2021 @ 03:36:37 - > Finished importing user 204
09-01-2021 @ 03:36:37 - Row :17 - User updated successfully.
09-01-2021 @ 03:36:37 - Row :18 - Parsing item.
09-01-2021 @ 03:36:37 - Row :18 - Processing item.
09-01-2021 @ 03:36:37 - Processing users.
09-01-2021 @ 03:36:37 - > &#8220;205&#8221;User updated successfully. ID:205
09-01-2021 @ 03:36:37 - > Finished importing user 205
09-01-2021 @ 03:36:37 - Row :18 - User updated successfully.
09-01-2021 @ 03:36:37 - Row :19 - Parsing item.
09-01-2021 @ 03:36:37 - Row :19 - Processing item.
09-01-2021 @ 03:36:37 - Processing users.
09-01-2021 @ 03:36:37 - > &#8220;206&#8221;User updated successfully. ID:206
09-01-2021 @ 03:36:37 - > Finished importing user 206
09-01-2021 @ 03:36:37 - Row :19 - User updated successfully.
09-01-2021 @ 03:36:37 - Row :20 - Parsing item.
09-01-2021 @ 03:36:37 - Row :20 - Processing item.
09-01-2021 @ 03:36:37 - Processing users.
09-01-2021 @ 03:36:37 - > &#8220;207&#8221;User updated successfully. ID:207
09-01-2021 @ 03:36:37 - > Finished importing user 207
09-01-2021 @ 03:36:37 - Row :20 - User updated successfully.
09-01-2021 @ 03:36:37 - Row :21 - Parsing item.
09-01-2021 @ 03:36:37 - Row :21 - Processing item.
09-01-2021 @ 03:36:37 - Processing users.
09-01-2021 @ 03:36:37 - > &#8220;208&#8221;User updated successfully. ID:208
09-01-2021 @ 03:36:37 - > Finished importing user 208
09-01-2021 @ 03:36:37 - Row :21 - User updated successfully.
09-01-2021 @ 03:36:37 - Row :22 - Parsing item.
09-01-2021 @ 03:36:37 - Row :22 - Processing item.
09-01-2021 @ 03:36:37 - Processing users.
09-01-2021 @ 03:36:37 - > &#8220;209&#8221;User updated successfully. ID:209
09-01-2021 @ 03:36:37 - > Finished importing user 209
09-01-2021 @ 03:36:37 - Row :22 - User updated successfully.
09-01-2021 @ 03:36:37 - Row :23 - Parsing item.
09-01-2021 @ 03:36:37 - Row :23 - Processing item.
09-01-2021 @ 03:36:37 - Processing users.
09-01-2021 @ 03:36:37 - > &#8220;210&#8221;User updated successfully. ID:210
09-01-2021 @ 03:36:37 - > Finished importing user 210
09-01-2021 @ 03:36:37 - Row :23 - User updated successfully.
09-01-2021 @ 03:36:37 - Row :24 - Parsing item.
09-01-2021 @ 03:36:37 - Row :24 - Processing item.
09-01-2021 @ 03:36:37 - Processing users.
09-01-2021 @ 03:36:37 - > &#8220;211&#8221;User updated successfully. ID:211
09-01-2021 @ 03:36:37 - > Finished importing user 211
09-01-2021 @ 03:36:37 - Row :24 - User updated successfully.
09-01-2021 @ 03:36:37 - Row :25 - Parsing item.
09-01-2021 @ 03:36:37 - Row :25 - Processing item.
09-01-2021 @ 03:36:37 - Processing users.
09-01-2021 @ 03:36:37 - > &#8220;212&#8221;User updated successfully. ID:212
09-01-2021 @ 03:36:37 - > Finished importing user 212
09-01-2021 @ 03:36:37 - Row :25 - User updated successfully.
09-01-2021 @ 03:36:37 - Row :26 - Parsing item.
09-01-2021 @ 03:36:37 - Row :26 - Processing item.
09-01-2021 @ 03:36:37 - Processing users.
09-01-2021 @ 03:36:37 - > &#8220;213&#8221;User updated successfully. ID:213
09-01-2021 @ 03:36:37 - > Finished importing user 213
09-01-2021 @ 03:36:37 - Row :26 - User updated successfully.
09-01-2021 @ 03:36:37 - Row :27 - Parsing item.
09-01-2021 @ 03:36:37 - Row :27 - Processing item.
09-01-2021 @ 03:36:37 - Processing users.
09-01-2021 @ 03:36:37 - > &#8220;214&#8221;User updated successfully. ID:214
09-01-2021 @ 03:36:37 - > Finished importing user 214
09-01-2021 @ 03:36:37 - Row :27 - User updated successfully.
09-01-2021 @ 03:36:37 - Row :28 - Parsing item.
09-01-2021 @ 03:36:37 - Row :28 - Processing item.
09-01-2021 @ 03:36:37 - Processing users.
09-01-2021 @ 03:36:37 - > &#8220;215&#8221;User updated successfully. ID:215
09-01-2021 @ 03:36:37 - > Finished importing user 215
09-01-2021 @ 03:36:37 - Row :28 - User updated successfully.
09-01-2021 @ 03:36:37 - Row :29 - Parsing item.
09-01-2021 @ 03:36:37 - Row :29 - Processing item.
09-01-2021 @ 03:36:37 - Processing users.
09-01-2021 @ 03:36:37 - > &#8220;216&#8221;User updated successfully. ID:216
09-01-2021 @ 03:36:37 - > Finished importing user 216
09-01-2021 @ 03:36:37 - Row :29 - User updated successfully.
09-01-2021 @ 03:36:37 - Row :30 - Parsing item.
09-01-2021 @ 03:36:37 - Row :30 - Processing item.
09-01-2021 @ 03:36:37 - Processing users.
09-01-2021 @ 03:36:37 - > &#8220;217&#8221;User updated successfully. ID:217
09-01-2021 @ 03:36:37 - > Finished importing user 217
09-01-2021 @ 03:36:37 - Row :30 - User updated successfully.
09-01-2021 @ 03:36:37 - Row :31 - Parsing item.
09-01-2021 @ 03:36:37 - Row :31 - Processing item.
09-01-2021 @ 03:36:37 - Processing users.
09-01-2021 @ 03:36:37 - > &#8220;218&#8221;User updated successfully. ID:218
09-01-2021 @ 03:36:37 - > Finished importing user 218
09-01-2021 @ 03:36:37 - Row :31 - User updated successfully.
09-01-2021 @ 03:36:37 - Row :32 - Parsing item.
09-01-2021 @ 03:36:37 - Row :32 - Processing item.
09-01-2021 @ 03:36:37 - Processing users.
09-01-2021 @ 03:36:37 - > &#8220;219&#8221;User updated successfully. ID:219
09-01-2021 @ 03:36:37 - > Finished importing user 219
09-01-2021 @ 03:36:37 - Row :32 - User updated successfully.
09-01-2021 @ 03:36:37 - Row :33 - Parsing item.
09-01-2021 @ 03:36:37 - Row :33 - Processing item.
09-01-2021 @ 03:36:37 - Processing users.
09-01-2021 @ 03:36:37 - > &#8220;220&#8221;User updated successfully. ID:220
09-01-2021 @ 03:36:37 - > Finished importing user 220
09-01-2021 @ 03:36:37 - Row :33 - User updated successfully.
09-01-2021 @ 03:36:37 - Row :34 - Parsing item.
09-01-2021 @ 03:36:37 - Row :34 - Processing item.
09-01-2021 @ 03:36:37 - Processing users.
09-01-2021 @ 03:36:37 - > &#8220;221&#8221;User updated successfully. ID:221
09-01-2021 @ 03:36:37 - > Finished importing user 221
09-01-2021 @ 03:36:37 - Row :34 - User updated successfully.
09-01-2021 @ 03:36:37 - Row :35 - Parsing item.
09-01-2021 @ 03:36:37 - Row :35 - Processing item.
09-01-2021 @ 03:36:37 - Processing users.
09-01-2021 @ 03:36:37 - > &#8220;222&#8221;User updated successfully. ID:222
09-01-2021 @ 03:36:37 - > Finished importing user 222
09-01-2021 @ 03:36:37 - Row :35 - User updated successfully.
09-01-2021 @ 03:36:37 - Row :36 - Parsing item.
09-01-2021 @ 03:36:37 - Row :36 - Processing item.
09-01-2021 @ 03:36:37 - Processing users.
09-01-2021 @ 03:36:37 - > &#8220;223&#8221;User updated successfully. ID:223
09-01-2021 @ 03:36:37 - > Finished importing user 223
09-01-2021 @ 03:36:37 - Row :36 - User updated successfully.
09-01-2021 @ 03:36:37 - Row :37 - Parsing item.
09-01-2021 @ 03:36:37 - Row :37 - Processing item.
09-01-2021 @ 03:36:37 - Processing users.
09-01-2021 @ 03:36:37 - > &#8220;224&#8221;User updated successfully. ID:224
09-01-2021 @ 03:36:37 - > Finished importing user 224
09-01-2021 @ 03:36:37 - Row :37 - User updated successfully.
09-01-2021 @ 03:36:37 - Row :38 - Parsing item.
09-01-2021 @ 03:36:37 - Row :38 - Processing item.
09-01-2021 @ 03:36:37 - Processing users.
09-01-2021 @ 03:36:37 - > &#8220;225&#8221;User updated successfully. ID:225
09-01-2021 @ 03:36:37 - > Finished importing user 225
09-01-2021 @ 03:36:37 - Row :38 - User updated successfully.
09-01-2021 @ 03:36:37 - Row :39 - Parsing item.
09-01-2021 @ 03:36:37 - Row :39 - Processing item.
09-01-2021 @ 03:36:37 - Processing users.
09-01-2021 @ 03:36:37 - > &#8220;226&#8221;User updated successfully. ID:226
09-01-2021 @ 03:36:37 - > Finished importing user 226
09-01-2021 @ 03:36:37 - Row :39 - User updated successfully.
09-01-2021 @ 03:36:37 - Row :40 - Parsing item.
09-01-2021 @ 03:36:37 - Row :40 - Processing item.
09-01-2021 @ 03:36:37 - Processing users.
09-01-2021 @ 03:36:37 - > &#8220;227&#8221;User updated successfully. ID:227
09-01-2021 @ 03:36:37 - > Finished importing user 227
09-01-2021 @ 03:36:37 - Row :40 - User updated successfully.
09-01-2021 @ 03:36:37 - Row :41 - Parsing item.
09-01-2021 @ 03:36:37 - Row :41 - Processing item.
09-01-2021 @ 03:36:37 - Processing users.
09-01-2021 @ 03:36:37 - > &#8220;228&#8221;User updated successfully. ID:228
09-01-2021 @ 03:36:37 - > Finished importing user 228
09-01-2021 @ 03:36:37 - Row :41 - User updated successfully.
09-01-2021 @ 03:36:37 - Row :42 - Parsing item.
09-01-2021 @ 03:36:37 - Row :42 - Processing item.
09-01-2021 @ 03:36:37 - Processing users.
09-01-2021 @ 03:36:37 - > &#8220;229&#8221;User updated successfully. ID:229
09-01-2021 @ 03:36:37 - > Finished importing user 229
09-01-2021 @ 03:36:37 - Row :42 - User updated successfully.
09-01-2021 @ 03:36:37 - Row :43 - Parsing item.
09-01-2021 @ 03:36:37 - Row :43 - Processing item.
09-01-2021 @ 03:36:37 - Processing users.
09-01-2021 @ 03:36:37 - > &#8220;230&#8221;User updated successfully. ID:230
09-01-2021 @ 03:36:37 - > Finished importing user 230
09-01-2021 @ 03:36:37 - Row :43 - User updated successfully.
09-01-2021 @ 03:36:37 - Row :44 - Parsing item.
09-01-2021 @ 03:36:37 - Row :44 - Processing item.
09-01-2021 @ 03:36:37 - Processing users.
09-01-2021 @ 03:36:37 - > &#8220;231&#8221;User updated successfully. ID:231
09-01-2021 @ 03:36:37 - > Finished importing user 231
09-01-2021 @ 03:36:37 - Row :44 - User updated successfully.
09-01-2021 @ 03:36:37 - Row :45 - Parsing item.
09-01-2021 @ 03:36:37 - Row :45 - Processing item.
09-01-2021 @ 03:36:37 - Processing users.
09-01-2021 @ 03:36:37 - > &#8220;232&#8221;User updated successfully. ID:232
09-01-2021 @ 03:36:37 - > Finished importing user 232
09-01-2021 @ 03:36:37 - Row :45 - User updated successfully.
09-01-2021 @ 03:36:37 - ---[ Import ended at 2021-09-01 07:36:37]---
