07-16-2021 @ 08:28:56 - ---[ New import started at 2021-07-16 08:28:56 ] PHP Memory: 4 GB, WP Memory: 40 MB
07-16-2021 @ 08:28:56 - Preparing for import.
07-16-2021 @ 08:28:56 - Row :1 - Parsing item.
07-16-2021 @ 08:28:56 - Importing as new product ID:1006
07-16-2021 @ 08:28:56 - Row :1 - Processing item.
07-16-2021 @ 08:28:56 - Found variable product object. ID:1006
07-16-2021 @ 08:28:56 - Setting Featured Image. URL:https://nylimages.s3.amazonaws.com/HNS_25439_Black.jpg
07-16-2021 @ 08:28:58 - Attachment ID:1007
07-16-2021 @ 08:28:58 - Setting Gallery Images.
07-16-2021 @ 08:28:58 - Image URL:https://nylimages.s3.amazonaws.com/EBY_22803_Natural.jpg
07-16-2021 @ 08:28:59 - Attachment ID:1008
07-16-2021 @ 08:28:59 - Image URL:https://nylimages.s3.amazonaws.com/HBI_28559_HeatherGrey.jpg
07-16-2021 @ 08:29:01 - Attachment ID:1009
07-16-2021 @ 08:29:01 - Image URL:https://nylimages.s3.amazonaws.com/HBI_28559_Natural.jpg
07-16-2021 @ 08:29:03 - Attachment ID:1010
07-16-2021 @ 08:29:03 - Image URL:https://nylimages.s3.amazonaws.com/HBI_125439_Black.jpg
07-16-2021 @ 08:29:04 - Attachment ID:1011
07-16-2021 @ 08:29:04 - Image URL:https://nylimages.s3.amazonaws.com/HBI_125439_HeatherGrey-1.jpg
07-16-2021 @ 08:29:05 - URL:https://nylimages.s3.amazonaws.com/HBI_125439_HeatherGrey-1.jpg Reason:Error getting remote image https://nylimages.s3.amazonaws.com/HBI_125439_HeatherGrey-1.jpg. Error: Forbidden
07-16-2021 @ 08:29:05 - Image URL:https://nylimages.s3.amazonaws.com/HBI_125439_Natural-1.jpg
07-16-2021 @ 08:29:05 - URL:https://nylimages.s3.amazonaws.com/HBI_125439_Natural-1.jpg Reason:Error getting remote image https://nylimages.s3.amazonaws.com/HBI_125439_Natural-1.jpg. Error: Forbidden
07-16-2021 @ 08:29:05 - Image URL:https://nylimages.s3.amazonaws.com/HNS_22803_Black.jpg
07-16-2021 @ 08:29:07 - Attachment ID:1012
07-16-2021 @ 08:29:07 - Image URL:https://nylimages.s3.amazonaws.com/HNS_25439_HeatherGrey.jpg
07-16-2021 @ 08:29:08 - Attachment ID:1013
07-16-2021 @ 08:29:08 - Image URL:https://nylimages.s3.amazonaws.com/HNS_25439_Natural.jpg
07-16-2021 @ 08:29:10 - Attachment ID:1014
07-16-2021 @ 08:29:10 - Row :1 - Product imported successfully.
07-16-2021 @ 08:29:10 - Row :2 - Parsing item.
07-16-2021 @ 08:29:10 - Importing as new product ID:1015
07-16-2021 @ 08:29:10 - Row :2 - Processing item.
07-16-2021 @ 08:29:10 - Found variation product object. ID:1015
07-16-2021 @ 08:29:10 - Setting Featured Image. URL:https://nylimages.s3.amazonaws.com/HBI_125439_Black.jpg
07-16-2021 @ 08:29:10 - Attachment ID:1011
07-16-2021 @ 08:29:10 - Row :2 - Product imported successfully.
07-16-2021 @ 08:29:10 - Row :3 - Parsing item.
07-16-2021 @ 08:29:10 - Importing as new product ID:1016
07-16-2021 @ 08:29:10 - Row :3 - Processing item.
07-16-2021 @ 08:29:10 - Found variation product object. ID:1016
07-16-2021 @ 08:29:10 - Setting Featured Image. URL:https://nylimages.s3.amazonaws.com/HBI_125439_Black.jpg
07-16-2021 @ 08:29:10 - Attachment ID:1011
07-16-2021 @ 08:29:10 - Row :3 - Product imported successfully.
07-16-2021 @ 08:29:10 - Row :4 - Parsing item.
07-16-2021 @ 08:29:10 - Importing as new product ID:1017
07-16-2021 @ 08:29:10 - Row :4 - Processing item.
07-16-2021 @ 08:29:11 - Found variation product object. ID:1017
07-16-2021 @ 08:29:11 - Setting Featured Image. URL:https://nylimages.s3.amazonaws.com/HBI_125439_Black.jpg
07-16-2021 @ 08:29:11 - Attachment ID:1011
07-16-2021 @ 08:29:11 - Row :4 - Product imported successfully.
07-16-2021 @ 08:29:11 - Row :5 - Parsing item.
07-16-2021 @ 08:29:11 - Importing as new product ID:1018
07-16-2021 @ 08:29:11 - Row :5 - Processing item.
07-16-2021 @ 08:29:11 - Found variation product object. ID:1018
07-16-2021 @ 08:29:11 - Setting Featured Image. URL:https://nylimages.s3.amazonaws.com/HBI_125439_Black.jpg
07-16-2021 @ 08:29:11 - Attachment ID:1011
07-16-2021 @ 08:29:11 - Row :5 - Product imported successfully.
07-16-2021 @ 08:29:11 - Row :6 - Parsing item.
07-16-2021 @ 08:29:11 - Importing as new product ID:1019
07-16-2021 @ 08:29:11 - Row :6 - Processing item.
07-16-2021 @ 08:29:11 - Found variation product object. ID:1019
07-16-2021 @ 08:29:11 - Setting Featured Image. URL:https://nylimages.s3.amazonaws.com/HBI_125439_Black.jpg
07-16-2021 @ 08:29:11 - Attachment ID:1011
07-16-2021 @ 08:29:11 - Row :6 - Product imported successfully.
07-16-2021 @ 08:29:11 - Row :7 - Parsing item.
07-16-2021 @ 08:29:11 - Importing as new product ID:1020
07-16-2021 @ 08:29:11 - Row :7 - Processing item.
07-16-2021 @ 08:29:11 - Found variation product object. ID:1020
07-16-2021 @ 08:29:11 - Setting Featured Image. URL:https://nylimages.s3.amazonaws.com/HBI_125439_HeatherGrey.jpg
07-16-2021 @ 08:29:12 - Attachment ID:1021
07-16-2021 @ 08:29:12 - Row :7 - Product imported successfully.
07-16-2021 @ 08:29:12 - Row :8 - Parsing item.
07-16-2021 @ 08:29:12 - Importing as new product ID:1022
07-16-2021 @ 08:29:12 - Row :8 - Processing item.
07-16-2021 @ 08:29:12 - Found variation product object. ID:1022
07-16-2021 @ 08:29:13 - Setting Featured Image. URL:https://nylimages.s3.amazonaws.com/HBI_125439_HeatherGrey.jpg
07-16-2021 @ 08:29:13 - Attachment ID:1021
07-16-2021 @ 08:29:13 - Row :8 - Product imported successfully.
07-16-2021 @ 08:29:13 - Row :9 - Parsing item.
07-16-2021 @ 08:29:13 - Importing as new product ID:1023
07-16-2021 @ 08:29:13 - Row :9 - Processing item.
07-16-2021 @ 08:29:13 - Found variation product object. ID:1023
07-16-2021 @ 08:29:13 - Setting Featured Image. URL:https://nylimages.s3.amazonaws.com/HBI_125439_HeatherGrey.jpg
07-16-2021 @ 08:29:13 - Attachment ID:1021
07-16-2021 @ 08:29:13 - Row :9 - Product imported successfully.
07-16-2021 @ 08:29:13 - Row :10 - Parsing item.
07-16-2021 @ 08:29:13 - Importing as new product ID:1024
07-16-2021 @ 08:29:13 - Row :10 - Processing item.
07-16-2021 @ 08:29:13 - Found variation product object. ID:1024
07-16-2021 @ 08:29:13 - Setting Featured Image. URL:https://nylimages.s3.amazonaws.com/HBI_125439_HeatherGrey.jpg
07-16-2021 @ 08:29:13 - Attachment ID:1021
07-16-2021 @ 08:29:13 - Row :10 - Product imported successfully.
07-16-2021 @ 08:29:16 - Preparing for import.
07-16-2021 @ 08:29:16 - Row :11 - Parsing item.
07-16-2021 @ 08:29:16 - Importing as new product ID:1025
07-16-2021 @ 08:29:16 - Row :11 - Processing item.
07-16-2021 @ 08:29:16 - Found variation product object. ID:1025
07-16-2021 @ 08:29:16 - Setting Featured Image. URL:https://nylimages.s3.amazonaws.com/HBI_125439_HeatherGrey.jpg
07-16-2021 @ 08:29:16 - Attachment ID:1021
07-16-2021 @ 08:29:16 - Row :11 - Product imported successfully.
07-16-2021 @ 08:29:16 - Row :12 - Parsing item.
07-16-2021 @ 08:29:16 - Importing as new product ID:1026
07-16-2021 @ 08:29:16 - Row :12 - Processing item.
07-16-2021 @ 08:29:16 - Found variation product object. ID:1026
07-16-2021 @ 08:29:16 - Setting Featured Image. URL:https://nylimages.s3.amazonaws.com/HBI_125439_Natural.jpg
07-16-2021 @ 08:29:17 - Attachment ID:1027
07-16-2021 @ 08:29:17 - Row :12 - Product imported successfully.
07-16-2021 @ 08:29:17 - Row :13 - Parsing item.
07-16-2021 @ 08:29:17 - Importing as new product ID:1028
07-16-2021 @ 08:29:17 - Row :13 - Processing item.
07-16-2021 @ 08:29:17 - Found variation product object. ID:1028
07-16-2021 @ 08:29:17 - Setting Featured Image. URL:https://nylimages.s3.amazonaws.com/HBI_125439_Natural.jpg
07-16-2021 @ 08:29:17 - Attachment ID:1027
07-16-2021 @ 08:29:17 - Row :13 - Product imported successfully.
07-16-2021 @ 08:29:17 - Row :14 - Parsing item.
07-16-2021 @ 08:29:17 - Importing as new product ID:1029
07-16-2021 @ 08:29:17 - Row :14 - Processing item.
07-16-2021 @ 08:29:17 - Found variation product object. ID:1029
07-16-2021 @ 08:29:17 - Setting Featured Image. URL:https://nylimages.s3.amazonaws.com/HBI_125439_Natural.jpg
07-16-2021 @ 08:29:17 - Attachment ID:1027
07-16-2021 @ 08:29:17 - Row :14 - Product imported successfully.
07-16-2021 @ 08:29:17 - Row :15 - Parsing item.
07-16-2021 @ 08:29:17 - Importing as new product ID:1030
07-16-2021 @ 08:29:17 - Row :15 - Processing item.
07-16-2021 @ 08:29:17 - Found variation product object. ID:1030
07-16-2021 @ 08:29:17 - Setting Featured Image. URL:https://nylimages.s3.amazonaws.com/HBI_125439_Natural.jpg
07-16-2021 @ 08:29:17 - Attachment ID:1027
07-16-2021 @ 08:29:17 - Row :15 - Product imported successfully.
07-16-2021 @ 08:29:17 - Row :16 - Parsing item.
07-16-2021 @ 08:29:17 - Importing as new product ID:1031
07-16-2021 @ 08:29:17 - Row :16 - Processing item.
07-16-2021 @ 08:29:17 - Found variation product object. ID:1031
07-16-2021 @ 08:29:17 - Setting Featured Image. URL:https://nylimages.s3.amazonaws.com/HBI_125439_Natural.jpg
07-16-2021 @ 08:29:17 - Attachment ID:1027
07-16-2021 @ 08:29:17 - Row :16 - Product imported successfully.
07-16-2021 @ 08:29:17 - Row :17 - Parsing item.
07-16-2021 @ 08:29:17 - Importing as new product ID:1032
07-16-2021 @ 08:29:17 - Row :17 - Processing item.
07-16-2021 @ 08:29:17 - Found variable product object. ID:1032
07-16-2021 @ 08:29:17 - Setting Featured Image. URL:https://nylimages.s3.amazonaws.com/HBI_125462_AsphaltAsphaltSpaceDye.jpg
07-16-2021 @ 08:29:19 - Attachment ID:1033
07-16-2021 @ 08:29:19 - Setting Gallery Images.
07-16-2021 @ 08:29:19 - Image URL:https://nylimages.s3.amazonaws.com/HBI_125462_PeacoatPeacoatSpaceDye.jpg
07-16-2021 @ 08:29:20 - Attachment ID:1034
07-16-2021 @ 08:29:20 - Row :17 - Product imported successfully.
07-16-2021 @ 08:29:20 - Row :18 - Parsing item.
07-16-2021 @ 08:29:20 - Importing as new product ID:1035
07-16-2021 @ 08:29:20 - Row :18 - Processing item.
07-16-2021 @ 08:29:20 - Found variation product object. ID:1035
07-16-2021 @ 08:29:20 - Setting Featured Image. URL:https://nylimages.s3.amazonaws.com/HBI_125462_AsphaltAsphaltSpaceDye.jpg
07-16-2021 @ 08:29:20 - Attachment ID:1033
07-16-2021 @ 08:29:20 - Row :18 - Product imported successfully.
07-16-2021 @ 08:29:20 - Row :19 - Parsing item.
07-16-2021 @ 08:29:20 - Importing as new product ID:1036
07-16-2021 @ 08:29:20 - Row :19 - Processing item.
07-16-2021 @ 08:29:21 - Found variation product object. ID:1036
07-16-2021 @ 08:29:21 - Setting Featured Image. URL:https://nylimages.s3.amazonaws.com/HBI_125462_PeacoatPeacoatSpaceDye.jpg
07-16-2021 @ 08:29:21 - Attachment ID:1034
07-16-2021 @ 08:29:21 - Row :19 - Product imported successfully.
07-16-2021 @ 08:29:21 - Row :20 - Parsing item.
07-16-2021 @ 08:29:21 - Importing as new product ID:1037
07-16-2021 @ 08:29:21 - Row :20 - Processing item.
07-16-2021 @ 08:29:21 - Found variation product object. ID:1037
07-16-2021 @ 08:29:21 - Setting Featured Image. URL:https://nylimages.s3.amazonaws.com/HBI_125462_AsphaltAsphaltSpaceDye.jpg
07-16-2021 @ 08:29:21 - Attachment ID:1033
07-16-2021 @ 08:29:21 - Row :20 - Product imported successfully.
07-16-2021 @ 08:29:22 - Preparing for import.
07-16-2021 @ 08:29:22 - Row :21 - Parsing item.
07-16-2021 @ 08:29:22 - Importing as new product ID:1038
07-16-2021 @ 08:29:22 - Row :21 - Processing item.
07-16-2021 @ 08:29:22 - Found variation product object. ID:1038
07-16-2021 @ 08:29:22 - Setting Featured Image. URL:https://nylimages.s3.amazonaws.com/HBI_125462_PeacoatPeacoatSpaceDye.jpg
07-16-2021 @ 08:29:22 - Attachment ID:1034
07-16-2021 @ 08:29:22 - Row :21 - Product imported successfully.
07-16-2021 @ 08:29:22 - Row :22 - Parsing item.
07-16-2021 @ 08:29:22 - Importing as new product ID:1039
07-16-2021 @ 08:29:22 - Row :22 - Processing item.
07-16-2021 @ 08:29:22 - Found variation product object. ID:1039
07-16-2021 @ 08:29:22 - Setting Featured Image. URL:https://nylimages.s3.amazonaws.com/HBI_125462_AsphaltAsphaltSpaceDye.jpg
07-16-2021 @ 08:29:22 - Attachment ID:1033
07-16-2021 @ 08:29:22 - Row :22 - Product imported successfully.
07-16-2021 @ 08:29:22 - Row :23 - Parsing item.
07-16-2021 @ 08:29:22 - Importing as new product ID:1040
07-16-2021 @ 08:29:22 - Row :23 - Processing item.
07-16-2021 @ 08:29:22 - Found variation product object. ID:1040
07-16-2021 @ 08:29:22 - Setting Featured Image. URL:https://nylimages.s3.amazonaws.com/HBI_125462_PeacoatPeacoatSpaceDye.jpg
07-16-2021 @ 08:29:22 - Attachment ID:1034
07-16-2021 @ 08:29:22 - Row :23 - Product imported successfully.
07-16-2021 @ 08:29:22 - Row :24 - Parsing item.
07-16-2021 @ 08:29:22 - Importing as new product ID:1041
07-16-2021 @ 08:29:22 - Row :24 - Processing item.
07-16-2021 @ 08:29:22 - Found variation product object. ID:1041
07-16-2021 @ 08:29:22 - Setting Featured Image. URL:https://nylimages.s3.amazonaws.com/HBI_125462_AsphaltAsphaltSpaceDye.jpg
07-16-2021 @ 08:29:22 - Attachment ID:1033
07-16-2021 @ 08:29:22 - Row :24 - Product imported successfully.
07-16-2021 @ 08:29:22 - Row :25 - Parsing item.
07-16-2021 @ 08:29:22 - Importing as new product ID:1042
07-16-2021 @ 08:29:22 - Row :25 - Processing item.
07-16-2021 @ 08:29:22 - Found variation product object. ID:1042
07-16-2021 @ 08:29:22 - Setting Featured Image. URL:https://nylimages.s3.amazonaws.com/HBI_125462_PeacoatPeacoatSpaceDye.jpg
07-16-2021 @ 08:29:22 - Attachment ID:1034
07-16-2021 @ 08:29:22 - Row :25 - Product imported successfully.
07-16-2021 @ 08:29:22 - Row :26 - Parsing item.
07-16-2021 @ 08:29:22 - Importing as new product ID:1043
07-16-2021 @ 08:29:22 - Row :26 - Processing item.
07-16-2021 @ 08:29:22 - Found variation product object. ID:1043
07-16-2021 @ 08:29:22 - Setting Featured Image. URL:https://nylimages.s3.amazonaws.com/HBI_125462_AsphaltAsphaltSpaceDye.jpg
07-16-2021 @ 08:29:22 - Attachment ID:1033
07-16-2021 @ 08:29:22 - Row :26 - Product imported successfully.
07-16-2021 @ 08:29:22 - Row :27 - Parsing item.
07-16-2021 @ 08:29:22 - Importing as new product ID:1044
07-16-2021 @ 08:29:22 - Row :27 - Processing item.
07-16-2021 @ 08:29:22 - Found variation product object. ID:1044
07-16-2021 @ 08:29:22 - Setting Featured Image. URL:https://nylimages.s3.amazonaws.com/HBI_125462_PeacoatPeacoatSpaceDye.jpg
07-16-2021 @ 08:29:22 - Attachment ID:1034
07-16-2021 @ 08:29:22 - Row :27 - Product imported successfully.
07-16-2021 @ 08:29:22 - Row :28 - Parsing item.
07-16-2021 @ 08:29:22 - Importing as new product ID:1045
07-16-2021 @ 08:29:22 - Row :28 - Processing item.
07-16-2021 @ 08:29:22 - Found variable product object. ID:1045
07-16-2021 @ 08:29:22 - Setting Featured Image. URL:https://cdn1.nuorder.com/product/265ff924cace96d5780f0dd4386e96b0.jpg
07-16-2021 @ 08:29:23 - Attachment ID:1046
07-16-2021 @ 08:29:23 - Setting Gallery Images.
07-16-2021 @ 08:29:23 - Image URL:https://cdn1.nuorder.com/product/4a173e65776bbb5e1aa92f39de47ce40.jpg
07-16-2021 @ 08:29:23 - Attachment ID:1047
07-16-2021 @ 08:29:23 - Row :28 - Product imported successfully.
07-16-2021 @ 08:29:23 - Row :29 - Parsing item.
07-16-2021 @ 08:29:23 - Importing as new product ID:1048
07-16-2021 @ 08:29:23 - Row :29 - Processing item.
07-16-2021 @ 08:29:23 - Found variation product object. ID:1048
07-16-2021 @ 08:29:23 - Setting Featured Image. URL:https://nylimages.s3.amazonaws.com/HBI_M09729_Black_sw.jpg
07-16-2021 @ 08:29:24 - Attachment ID:1049
07-16-2021 @ 08:29:24 - Row :29 - Product imported successfully.
07-16-2021 @ 08:29:24 - Row :30 - Parsing item.
07-16-2021 @ 08:29:24 - Importing as new product ID:1050
07-16-2021 @ 08:29:24 - Row :30 - Processing item.
07-16-2021 @ 08:29:24 - Found variation product object. ID:1050
07-16-2021 @ 08:29:24 - Setting Featured Image. URL:https://nylimages.s3.amazonaws.com/HBI_M09729_LatteLift_sw.jpg
07-16-2021 @ 08:29:24 - Attachment ID:1051
07-16-2021 @ 08:29:25 - Row :30 - Product imported successfully.
07-16-2021 @ 08:29:26 - Preparing for import.
07-16-2021 @ 08:29:26 - Row :31 - Parsing item.
07-16-2021 @ 08:29:26 - Importing as new product ID:1052
07-16-2021 @ 08:29:26 - Row :31 - Processing item.
07-16-2021 @ 08:29:26 - Found variation product object. ID:1052
07-16-2021 @ 08:29:26 - Setting Featured Image. URL:https://nylimages.s3.amazonaws.com/HBI_M09729_Black_sw.jpg
07-16-2021 @ 08:29:26 - Attachment ID:1049
07-16-2021 @ 08:29:26 - Row :31 - Product imported successfully.
07-16-2021 @ 08:29:26 - Row :32 - Parsing item.
07-16-2021 @ 08:29:26 - Importing as new product ID:1053
07-16-2021 @ 08:29:26 - Row :32 - Processing item.
07-16-2021 @ 08:29:26 - Found variation product object. ID:1053
07-16-2021 @ 08:29:26 - Setting Featured Image. URL:https://nylimages.s3.amazonaws.com/HBI_M09729_LatteLift_sw.jpg
07-16-2021 @ 08:29:26 - Attachment ID:1051
07-16-2021 @ 08:29:26 - Row :32 - Product imported successfully.
07-16-2021 @ 08:29:26 - Row :33 - Parsing item.
07-16-2021 @ 08:29:26 - Importing as new product ID:1054
07-16-2021 @ 08:29:26 - Row :33 - Processing item.
07-16-2021 @ 08:29:26 - Found variation product object. ID:1054
07-16-2021 @ 08:29:26 - Setting Featured Image. URL:https://nylimages.s3.amazonaws.com/HBI_M09729_Black_sw.jpg
07-16-2021 @ 08:29:26 - Attachment ID:1049
07-16-2021 @ 08:29:26 - Row :33 - Product imported successfully.
07-16-2021 @ 08:29:26 - Row :34 - Parsing item.
07-16-2021 @ 08:29:26 - Importing as new product ID:1055
07-16-2021 @ 08:29:26 - Row :34 - Processing item.
07-16-2021 @ 08:29:26 - Found variation product object. ID:1055
07-16-2021 @ 08:29:26 - Setting Featured Image. URL:https://nylimages.s3.amazonaws.com/HBI_M09729_LatteLift_sw.jpg
07-16-2021 @ 08:29:26 - Attachment ID:1051
07-16-2021 @ 08:29:26 - Row :34 - Product imported successfully.
07-16-2021 @ 08:29:26 - Row :35 - Parsing item.
07-16-2021 @ 08:29:26 - Importing as new product ID:1056
07-16-2021 @ 08:29:26 - Row :35 - Processing item.
07-16-2021 @ 08:29:26 - Found variation product object. ID:1056
07-16-2021 @ 08:29:26 - Setting Featured Image. URL:https://nylimages.s3.amazonaws.com/HBI_M09729_Black_sw.jpg
07-16-2021 @ 08:29:26 - Attachment ID:1049
07-16-2021 @ 08:29:26 - Row :35 - Product imported successfully.
07-16-2021 @ 08:29:26 - Row :36 - Parsing item.
07-16-2021 @ 08:29:26 - Importing as new product ID:1057
07-16-2021 @ 08:29:26 - Row :36 - Processing item.
07-16-2021 @ 08:29:26 - Found variation product object. ID:1057
07-16-2021 @ 08:29:26 - Setting Featured Image. URL:https://nylimages.s3.amazonaws.com/HBI_M09729_LatteLift_sw.jpg
07-16-2021 @ 08:29:26 - Attachment ID:1051
07-16-2021 @ 08:29:26 - Row :36 - Product imported successfully.
07-16-2021 @ 08:29:26 - Row :37 - Parsing item.
07-16-2021 @ 08:29:26 - Importing as new product ID:1058
07-16-2021 @ 08:29:26 - Row :37 - Processing item.
07-16-2021 @ 08:29:26 - Found variation product object. ID:1058
07-16-2021 @ 08:29:26 - Setting Featured Image. URL:https://nylimages.s3.amazonaws.com/HBI_M09729_Black_sw.jpg
07-16-2021 @ 08:29:26 - Attachment ID:1049
07-16-2021 @ 08:29:26 - Row :37 - Product imported successfully.
07-16-2021 @ 08:29:26 - Row :38 - Parsing item.
07-16-2021 @ 08:29:26 - Importing as new product ID:1059
07-16-2021 @ 08:29:26 - Row :38 - Processing item.
07-16-2021 @ 08:29:26 - Found variation product object. ID:1059
07-16-2021 @ 08:29:26 - Setting Featured Image. URL:https://nylimages.s3.amazonaws.com/HBI_M09729_LatteLift_sw.jpg
07-16-2021 @ 08:29:26 - Attachment ID:1051
07-16-2021 @ 08:29:26 - Row :38 - Product imported successfully.
07-16-2021 @ 08:29:26 - ---[ Import ended at 2021-07-16 08:29:26]---
