07-16-2021 @ 08:38:00 - ---[ New import started at 2021-07-16 08:38:00 ] PHP Memory: 4 GB, WP Memory: 40 MB
07-16-2021 @ 08:38:00 - Preparing for import.
07-16-2021 @ 08:38:00 - Row :1 - Parsing item.
07-16-2021 @ 08:38:00 - Importing as new product ID:1060
07-16-2021 @ 08:38:00 - Row :1 - Processing item.
07-16-2021 @ 08:38:00 - Found variable product object. ID:1060
07-16-2021 @ 08:38:00 - Setting Featured Image. URL:https://nylimages.s3.amazonaws.com/HNS_25439_Black.jpg
07-16-2021 @ 08:38:02 - Attachment ID:1061
07-16-2021 @ 08:38:02 - Setting Gallery Images.
07-16-2021 @ 08:38:02 - Image URL:https://nylimages.s3.amazonaws.com/EBY_22803_Natural.jpg
07-16-2021 @ 08:38:04 - Attachment ID:1062
07-16-2021 @ 08:38:04 - Image URL:https://nylimages.s3.amazonaws.com/HBI_28559_HeatherGrey.jpg
07-16-2021 @ 08:38:05 - Attachment ID:1063
07-16-2021 @ 08:38:05 - Image URL:https://nylimages.s3.amazonaws.com/HBI_28559_Natural.jpg
07-16-2021 @ 08:38:06 - Attachment ID:1064
07-16-2021 @ 08:38:06 - Image URL:https://nylimages.s3.amazonaws.com/HBI_125439_Black.jpg
07-16-2021 @ 08:38:07 - Attachment ID:1065
07-16-2021 @ 08:38:07 - Image URL:https://nylimages.s3.amazonaws.com/HBI_125439_HeatherGrey-1.jpg
07-16-2021 @ 08:38:08 - URL:https://nylimages.s3.amazonaws.com/HBI_125439_HeatherGrey-1.jpg Reason:Error getting remote image https://nylimages.s3.amazonaws.com/HBI_125439_HeatherGrey-1.jpg. Error: Forbidden
07-16-2021 @ 08:38:08 - Image URL:https://nylimages.s3.amazonaws.com/HBI_125439_Natural-1.jpg
07-16-2021 @ 08:38:08 - URL:https://nylimages.s3.amazonaws.com/HBI_125439_Natural-1.jpg Reason:Error getting remote image https://nylimages.s3.amazonaws.com/HBI_125439_Natural-1.jpg. Error: Forbidden
07-16-2021 @ 08:38:08 - Image URL:https://nylimages.s3.amazonaws.com/HNS_22803_Black.jpg
07-16-2021 @ 08:38:09 - Attachment ID:1066
07-16-2021 @ 08:38:09 - Image URL:https://nylimages.s3.amazonaws.com/HNS_25439_HeatherGrey.jpg
07-16-2021 @ 08:38:11 - Attachment ID:1067
07-16-2021 @ 08:38:11 - Image URL:https://nylimages.s3.amazonaws.com/HNS_25439_Natural.jpg
07-16-2021 @ 08:38:12 - Attachment ID:1068
07-16-2021 @ 08:38:12 - Row :1 - Product imported successfully.
07-16-2021 @ 08:38:12 - Row :2 - Parsing item.
07-16-2021 @ 08:38:12 - Importing as new product ID:1069
07-16-2021 @ 08:38:12 - Row :2 - Processing item.
07-16-2021 @ 08:38:12 - Found variation product object. ID:1069
07-16-2021 @ 08:38:12 - Setting Featured Image. URL:https://nylimages.s3.amazonaws.com/HBI_125439_Black.jpg
07-16-2021 @ 08:38:12 - Attachment ID:1065
07-16-2021 @ 08:38:12 - Row :2 - Product imported successfully.
07-16-2021 @ 08:38:12 - Row :3 - Parsing item.
07-16-2021 @ 08:38:12 - Importing as new product ID:1070
07-16-2021 @ 08:38:12 - Row :3 - Processing item.
07-16-2021 @ 08:38:12 - Found variation product object. ID:1070
07-16-2021 @ 08:38:12 - Setting Featured Image. URL:https://nylimages.s3.amazonaws.com/HBI_125439_Black.jpg
07-16-2021 @ 08:38:12 - Attachment ID:1065
07-16-2021 @ 08:38:12 - Row :3 - Product imported successfully.
07-16-2021 @ 08:38:12 - Row :4 - Parsing item.
07-16-2021 @ 08:38:12 - Importing as new product ID:1071
07-16-2021 @ 08:38:12 - Row :4 - Processing item.
07-16-2021 @ 08:38:12 - Found variation product object. ID:1071
07-16-2021 @ 08:38:12 - Setting Featured Image. URL:https://nylimages.s3.amazonaws.com/HBI_125439_Black.jpg
07-16-2021 @ 08:38:12 - Attachment ID:1065
07-16-2021 @ 08:38:12 - Row :4 - Product imported successfully.
07-16-2021 @ 08:38:12 - Row :5 - Parsing item.
07-16-2021 @ 08:38:12 - Importing as new product ID:1072
07-16-2021 @ 08:38:12 - Row :5 - Processing item.
07-16-2021 @ 08:38:12 - Found variation product object. ID:1072
07-16-2021 @ 08:38:13 - Setting Featured Image. URL:https://nylimages.s3.amazonaws.com/HBI_125439_Black.jpg
07-16-2021 @ 08:38:13 - Attachment ID:1065
07-16-2021 @ 08:38:13 - Row :5 - Product imported successfully.
07-16-2021 @ 08:38:13 - Row :6 - Parsing item.
07-16-2021 @ 08:38:13 - Importing as new product ID:1073
07-16-2021 @ 08:38:13 - Row :6 - Processing item.
07-16-2021 @ 08:38:13 - Found variation product object. ID:1073
07-16-2021 @ 08:38:13 - Setting Featured Image. URL:https://nylimages.s3.amazonaws.com/HBI_125439_Black.jpg
07-16-2021 @ 08:38:13 - Attachment ID:1065
07-16-2021 @ 08:38:13 - Row :6 - Product imported successfully.
07-16-2021 @ 08:38:13 - Row :7 - Parsing item.
07-16-2021 @ 08:38:13 - Importing as new product ID:1074
07-16-2021 @ 08:38:13 - Row :7 - Processing item.
07-16-2021 @ 08:38:13 - Found variation product object. ID:1074
07-16-2021 @ 08:38:13 - Setting Featured Image. URL:https://nylimages.s3.amazonaws.com/HBI_125439_HeatherGrey.jpg
07-16-2021 @ 08:38:14 - Attachment ID:1075
07-16-2021 @ 08:38:14 - Row :7 - Product imported successfully.
07-16-2021 @ 08:38:14 - Row :8 - Parsing item.
07-16-2021 @ 08:38:14 - Importing as new product ID:1076
07-16-2021 @ 08:38:14 - Row :8 - Processing item.
07-16-2021 @ 08:38:14 - Found variation product object. ID:1076
07-16-2021 @ 08:38:14 - Setting Featured Image. URL:https://nylimages.s3.amazonaws.com/HBI_125439_HeatherGrey.jpg
07-16-2021 @ 08:38:14 - Attachment ID:1075
07-16-2021 @ 08:38:14 - Row :8 - Product imported successfully.
07-16-2021 @ 08:38:14 - Row :9 - Parsing item.
07-16-2021 @ 08:38:14 - Importing as new product ID:1077
07-16-2021 @ 08:38:14 - Row :9 - Processing item.
07-16-2021 @ 08:38:14 - Found variation product object. ID:1077
07-16-2021 @ 08:38:15 - Setting Featured Image. URL:https://nylimages.s3.amazonaws.com/HBI_125439_HeatherGrey.jpg
07-16-2021 @ 08:38:15 - Attachment ID:1075
07-16-2021 @ 08:38:15 - Row :9 - Product imported successfully.
07-16-2021 @ 08:38:15 - Row :10 - Parsing item.
07-16-2021 @ 08:38:15 - Importing as new product ID:1078
07-16-2021 @ 08:38:15 - Row :10 - Processing item.
07-16-2021 @ 08:38:15 - Found variation product object. ID:1078
07-16-2021 @ 08:38:15 - Setting Featured Image. URL:https://nylimages.s3.amazonaws.com/HBI_125439_HeatherGrey.jpg
07-16-2021 @ 08:38:15 - Attachment ID:1075
07-16-2021 @ 08:38:15 - Row :10 - Product imported successfully.
07-16-2021 @ 08:38:16 - Preparing for import.
07-16-2021 @ 08:38:16 - Row :11 - Parsing item.
07-16-2021 @ 08:38:16 - Importing as new product ID:1079
07-16-2021 @ 08:38:16 - Row :11 - Processing item.
07-16-2021 @ 08:38:16 - Found variation product object. ID:1079
07-16-2021 @ 08:38:16 - Setting Featured Image. URL:https://nylimages.s3.amazonaws.com/HBI_125439_HeatherGrey.jpg
07-16-2021 @ 08:38:16 - Attachment ID:1075
07-16-2021 @ 08:38:16 - Row :11 - Product imported successfully.
07-16-2021 @ 08:38:16 - Row :12 - Parsing item.
07-16-2021 @ 08:38:16 - Importing as new product ID:1080
07-16-2021 @ 08:38:16 - Row :12 - Processing item.
07-16-2021 @ 08:38:16 - Found variation product object. ID:1080
07-16-2021 @ 08:38:16 - Setting Featured Image. URL:https://nylimages.s3.amazonaws.com/HBI_125439_Natural.jpg
07-16-2021 @ 08:38:18 - Attachment ID:1081
07-16-2021 @ 08:38:18 - Row :12 - Product imported successfully.
07-16-2021 @ 08:38:18 - Row :13 - Parsing item.
07-16-2021 @ 08:38:18 - Importing as new product ID:1082
07-16-2021 @ 08:38:18 - Row :13 - Processing item.
07-16-2021 @ 08:38:18 - Found variation product object. ID:1082
07-16-2021 @ 08:38:18 - Setting Featured Image. URL:https://nylimages.s3.amazonaws.com/HBI_125439_Natural.jpg
07-16-2021 @ 08:38:18 - Attachment ID:1081
07-16-2021 @ 08:38:18 - Row :13 - Product imported successfully.
07-16-2021 @ 08:38:18 - Row :14 - Parsing item.
07-16-2021 @ 08:38:18 - Importing as new product ID:1083
07-16-2021 @ 08:38:18 - Row :14 - Processing item.
07-16-2021 @ 08:38:18 - Found variation product object. ID:1083
07-16-2021 @ 08:38:18 - Setting Featured Image. URL:https://nylimages.s3.amazonaws.com/HBI_125439_Natural.jpg
07-16-2021 @ 08:38:18 - Attachment ID:1081
07-16-2021 @ 08:38:18 - Row :14 - Product imported successfully.
07-16-2021 @ 08:38:18 - Row :15 - Parsing item.
07-16-2021 @ 08:38:18 - Importing as new product ID:1084
07-16-2021 @ 08:38:18 - Row :15 - Processing item.
07-16-2021 @ 08:38:18 - Found variation product object. ID:1084
07-16-2021 @ 08:38:18 - Setting Featured Image. URL:https://nylimages.s3.amazonaws.com/HBI_125439_Natural.jpg
07-16-2021 @ 08:38:18 - Attachment ID:1081
07-16-2021 @ 08:38:18 - Row :15 - Product imported successfully.
07-16-2021 @ 08:38:18 - Row :16 - Parsing item.
07-16-2021 @ 08:38:18 - Importing as new product ID:1085
07-16-2021 @ 08:38:18 - Row :16 - Processing item.
07-16-2021 @ 08:38:18 - Found variation product object. ID:1085
07-16-2021 @ 08:38:18 - Setting Featured Image. URL:https://nylimages.s3.amazonaws.com/HBI_125439_Natural.jpg
07-16-2021 @ 08:38:18 - Attachment ID:1081
07-16-2021 @ 08:38:18 - Row :16 - Product imported successfully.
07-16-2021 @ 08:38:18 - Row :17 - Parsing item.
07-16-2021 @ 08:38:18 - Importing as new product ID:1086
07-16-2021 @ 08:38:18 - Row :17 - Processing item.
07-16-2021 @ 08:38:18 - Found variable product object. ID:1086
07-16-2021 @ 08:38:18 - Setting Featured Image. URL:https://nylimages.s3.amazonaws.com/HBI_125462_AsphaltAsphaltSpaceDye.jpg
07-16-2021 @ 08:38:19 - Attachment ID:1087
07-16-2021 @ 08:38:19 - Setting Gallery Images.
07-16-2021 @ 08:38:19 - Image URL:https://nylimages.s3.amazonaws.com/HBI_125462_PeacoatPeacoatSpaceDye.jpg
07-16-2021 @ 08:38:21 - Attachment ID:1088
07-16-2021 @ 08:38:21 - Row :17 - Product imported successfully.
07-16-2021 @ 08:38:21 - Row :18 - Parsing item.
07-16-2021 @ 08:38:21 - Importing as new product ID:1089
07-16-2021 @ 08:38:21 - Row :18 - Processing item.
07-16-2021 @ 08:38:21 - Found variation product object. ID:1089
07-16-2021 @ 08:38:21 - Setting Featured Image. URL:https://nylimages.s3.amazonaws.com/HBI_125462_AsphaltAsphaltSpaceDye.jpg
07-16-2021 @ 08:38:21 - Attachment ID:1087
07-16-2021 @ 08:38:21 - Row :18 - Product imported successfully.
07-16-2021 @ 08:38:21 - Row :19 - Parsing item.
07-16-2021 @ 08:38:21 - Importing as new product ID:1090
07-16-2021 @ 08:38:21 - Row :19 - Processing item.
07-16-2021 @ 08:38:21 - Found variation product object. ID:1090
07-16-2021 @ 08:38:21 - Setting Featured Image. URL:https://nylimages.s3.amazonaws.com/HBI_125462_PeacoatPeacoatSpaceDye.jpg
07-16-2021 @ 08:38:21 - Attachment ID:1088
07-16-2021 @ 08:38:21 - Row :19 - Product imported successfully.
07-16-2021 @ 08:38:21 - Row :20 - Parsing item.
07-16-2021 @ 08:38:21 - Importing as new product ID:1091
07-16-2021 @ 08:38:21 - Row :20 - Processing item.
07-16-2021 @ 08:38:21 - Found variation product object. ID:1091
07-16-2021 @ 08:38:21 - Setting Featured Image. URL:https://nylimages.s3.amazonaws.com/HBI_125462_AsphaltAsphaltSpaceDye.jpg
07-16-2021 @ 08:38:21 - Attachment ID:1087
07-16-2021 @ 08:38:21 - Row :20 - Product imported successfully.
07-16-2021 @ 08:38:23 - Preparing for import.
07-16-2021 @ 08:38:23 - Row :21 - Parsing item.
07-16-2021 @ 08:38:23 - Importing as new product ID:1092
07-16-2021 @ 08:38:23 - Row :21 - Processing item.
07-16-2021 @ 08:38:23 - Found variation product object. ID:1092
07-16-2021 @ 08:38:23 - Setting Featured Image. URL:https://nylimages.s3.amazonaws.com/HBI_125462_PeacoatPeacoatSpaceDye.jpg
07-16-2021 @ 08:38:23 - Attachment ID:1088
07-16-2021 @ 08:38:23 - Row :21 - Product imported successfully.
07-16-2021 @ 08:38:23 - Row :22 - Parsing item.
07-16-2021 @ 08:38:23 - Importing as new product ID:1093
07-16-2021 @ 08:38:23 - Row :22 - Processing item.
07-16-2021 @ 08:38:23 - Found variation product object. ID:1093
07-16-2021 @ 08:38:23 - Setting Featured Image. URL:https://nylimages.s3.amazonaws.com/HBI_125462_AsphaltAsphaltSpaceDye.jpg
07-16-2021 @ 08:38:23 - Attachment ID:1087
07-16-2021 @ 08:38:23 - Row :22 - Product imported successfully.
07-16-2021 @ 08:38:23 - Row :23 - Parsing item.
07-16-2021 @ 08:38:23 - Importing as new product ID:1094
07-16-2021 @ 08:38:23 - Row :23 - Processing item.
07-16-2021 @ 08:38:23 - Found variation product object. ID:1094
07-16-2021 @ 08:38:23 - Setting Featured Image. URL:https://nylimages.s3.amazonaws.com/HBI_125462_PeacoatPeacoatSpaceDye.jpg
07-16-2021 @ 08:38:23 - Attachment ID:1088
07-16-2021 @ 08:38:23 - Row :23 - Product imported successfully.
07-16-2021 @ 08:38:23 - Row :24 - Parsing item.
07-16-2021 @ 08:38:23 - Importing as new product ID:1095
07-16-2021 @ 08:38:23 - Row :24 - Processing item.
07-16-2021 @ 08:38:23 - Found variation product object. ID:1095
07-16-2021 @ 08:38:23 - Setting Featured Image. URL:https://nylimages.s3.amazonaws.com/HBI_125462_AsphaltAsphaltSpaceDye.jpg
07-16-2021 @ 08:38:23 - Attachment ID:1087
07-16-2021 @ 08:38:23 - Row :24 - Product imported successfully.
07-16-2021 @ 08:38:23 - Row :25 - Parsing item.
07-16-2021 @ 08:38:23 - Importing as new product ID:1096
07-16-2021 @ 08:38:23 - Row :25 - Processing item.
07-16-2021 @ 08:38:23 - Found variation product object. ID:1096
07-16-2021 @ 08:38:23 - Setting Featured Image. URL:https://nylimages.s3.amazonaws.com/HBI_125462_PeacoatPeacoatSpaceDye.jpg
07-16-2021 @ 08:38:23 - Attachment ID:1088
07-16-2021 @ 08:38:23 - Row :25 - Product imported successfully.
07-16-2021 @ 08:38:23 - Row :26 - Parsing item.
07-16-2021 @ 08:38:23 - Importing as new product ID:1097
07-16-2021 @ 08:38:23 - Row :26 - Processing item.
07-16-2021 @ 08:38:23 - Found variation product object. ID:1097
07-16-2021 @ 08:38:23 - Setting Featured Image. URL:https://nylimages.s3.amazonaws.com/HBI_125462_AsphaltAsphaltSpaceDye.jpg
07-16-2021 @ 08:38:23 - Attachment ID:1087
07-16-2021 @ 08:38:23 - Row :26 - Product imported successfully.
07-16-2021 @ 08:38:23 - Row :27 - Parsing item.
07-16-2021 @ 08:38:23 - Importing as new product ID:1098
07-16-2021 @ 08:38:23 - Row :27 - Processing item.
07-16-2021 @ 08:38:23 - Found variation product object. ID:1098
07-16-2021 @ 08:38:23 - Setting Featured Image. URL:https://nylimages.s3.amazonaws.com/HBI_125462_PeacoatPeacoatSpaceDye.jpg
07-16-2021 @ 08:38:23 - Attachment ID:1088
07-16-2021 @ 08:38:23 - Row :27 - Product imported successfully.
07-16-2021 @ 08:38:23 - Row :28 - Parsing item.
07-16-2021 @ 08:38:23 - Importing as new product ID:1099
07-16-2021 @ 08:38:23 - Row :28 - Processing item.
07-16-2021 @ 08:38:23 - Found variable product object. ID:1099
07-16-2021 @ 08:38:23 - Setting Featured Image. URL:https://cdn1.nuorder.com/product/265ff924cace96d5780f0dd4386e96b0.jpg
07-16-2021 @ 08:38:23 - Attachment ID:1100
07-16-2021 @ 08:38:23 - Setting Gallery Images.
07-16-2021 @ 08:38:23 - Image URL:https://cdn1.nuorder.com/product/4a173e65776bbb5e1aa92f39de47ce40.jpg
07-16-2021 @ 08:38:23 - Attachment ID:1101
07-16-2021 @ 08:38:24 - Row :28 - Product imported successfully.
07-16-2021 @ 08:38:24 - Row :29 - Parsing item.
07-16-2021 @ 08:38:24 - Importing as new product ID:1102
07-16-2021 @ 08:38:24 - Row :29 - Processing item.
07-16-2021 @ 08:38:24 - Found variation product object. ID:1102
07-16-2021 @ 08:38:24 - Setting Featured Image. URL:https://nylimages.s3.amazonaws.com/HBI_M09729_Black_sw.jpg
07-16-2021 @ 08:38:24 - Attachment ID:1103
07-16-2021 @ 08:38:24 - Row :29 - Product imported successfully.
07-16-2021 @ 08:38:24 - Row :30 - Parsing item.
07-16-2021 @ 08:38:24 - Importing as new product ID:1104
07-16-2021 @ 08:38:24 - Row :30 - Processing item.
07-16-2021 @ 08:38:24 - Found variation product object. ID:1104
07-16-2021 @ 08:38:24 - Setting Featured Image. URL:https://nylimages.s3.amazonaws.com/HBI_M09729_LatteLift_sw.jpg
07-16-2021 @ 08:38:25 - Attachment ID:1105
07-16-2021 @ 08:38:25 - Row :30 - Product imported successfully.
07-16-2021 @ 08:38:26 - Preparing for import.
07-16-2021 @ 08:38:26 - Row :31 - Parsing item.
07-16-2021 @ 08:38:26 - Importing as new product ID:1106
07-16-2021 @ 08:38:26 - Row :31 - Processing item.
07-16-2021 @ 08:38:26 - Found variation product object. ID:1106
07-16-2021 @ 08:38:26 - Setting Featured Image. URL:https://nylimages.s3.amazonaws.com/HBI_M09729_Black_sw.jpg
07-16-2021 @ 08:38:26 - Attachment ID:1103
07-16-2021 @ 08:38:26 - Row :31 - Product imported successfully.
07-16-2021 @ 08:38:26 - Row :32 - Parsing item.
07-16-2021 @ 08:38:26 - Importing as new product ID:1107
07-16-2021 @ 08:38:26 - Row :32 - Processing item.
07-16-2021 @ 08:38:26 - Found variation product object. ID:1107
07-16-2021 @ 08:38:26 - Setting Featured Image. URL:https://nylimages.s3.amazonaws.com/HBI_M09729_LatteLift_sw.jpg
07-16-2021 @ 08:38:26 - Attachment ID:1105
07-16-2021 @ 08:38:26 - Row :32 - Product imported successfully.
07-16-2021 @ 08:38:26 - Row :33 - Parsing item.
07-16-2021 @ 08:38:26 - Importing as new product ID:1108
07-16-2021 @ 08:38:26 - Row :33 - Processing item.
07-16-2021 @ 08:38:26 - Found variation product object. ID:1108
07-16-2021 @ 08:38:26 - Setting Featured Image. URL:https://nylimages.s3.amazonaws.com/HBI_M09729_Black_sw.jpg
07-16-2021 @ 08:38:26 - Attachment ID:1103
07-16-2021 @ 08:38:26 - Row :33 - Product imported successfully.
07-16-2021 @ 08:38:26 - Row :34 - Parsing item.
07-16-2021 @ 08:38:26 - Importing as new product ID:1109
07-16-2021 @ 08:38:26 - Row :34 - Processing item.
07-16-2021 @ 08:38:26 - Found variation product object. ID:1109
07-16-2021 @ 08:38:26 - Setting Featured Image. URL:https://nylimages.s3.amazonaws.com/HBI_M09729_LatteLift_sw.jpg
07-16-2021 @ 08:38:26 - Attachment ID:1105
07-16-2021 @ 08:38:26 - Row :34 - Product imported successfully.
07-16-2021 @ 08:38:26 - Row :35 - Parsing item.
07-16-2021 @ 08:38:26 - Importing as new product ID:1110
07-16-2021 @ 08:38:26 - Row :35 - Processing item.
07-16-2021 @ 08:38:26 - Found variation product object. ID:1110
07-16-2021 @ 08:38:26 - Setting Featured Image. URL:https://nylimages.s3.amazonaws.com/HBI_M09729_Black_sw.jpg
07-16-2021 @ 08:38:26 - Attachment ID:1103
07-16-2021 @ 08:38:26 - Row :35 - Product imported successfully.
07-16-2021 @ 08:38:26 - Row :36 - Parsing item.
07-16-2021 @ 08:38:26 - Importing as new product ID:1111
07-16-2021 @ 08:38:26 - Row :36 - Processing item.
07-16-2021 @ 08:38:26 - Found variation product object. ID:1111
07-16-2021 @ 08:38:26 - Setting Featured Image. URL:https://nylimages.s3.amazonaws.com/HBI_M09729_LatteLift_sw.jpg
07-16-2021 @ 08:38:26 - Attachment ID:1105
07-16-2021 @ 08:38:26 - Row :36 - Product imported successfully.
07-16-2021 @ 08:38:26 - Row :37 - Parsing item.
07-16-2021 @ 08:38:26 - Importing as new product ID:1112
07-16-2021 @ 08:38:26 - Row :37 - Processing item.
07-16-2021 @ 08:38:26 - Found variation product object. ID:1112
07-16-2021 @ 08:38:26 - Setting Featured Image. URL:https://nylimages.s3.amazonaws.com/HBI_M09729_Black_sw.jpg
07-16-2021 @ 08:38:26 - Attachment ID:1103
07-16-2021 @ 08:38:26 - Row :37 - Product imported successfully.
07-16-2021 @ 08:38:26 - Row :38 - Parsing item.
07-16-2021 @ 08:38:26 - Importing as new product ID:1113
07-16-2021 @ 08:38:26 - Row :38 - Processing item.
07-16-2021 @ 08:38:26 - Found variation product object. ID:1113
07-16-2021 @ 08:38:26 - Setting Featured Image. URL:https://nylimages.s3.amazonaws.com/HBI_M09729_LatteLift_sw.jpg
07-16-2021 @ 08:38:26 - Attachment ID:1105
07-16-2021 @ 08:38:27 - Row :38 - Product imported successfully.
07-16-2021 @ 08:38:27 - ---[ Import ended at 2021-07-16 08:38:27]---
