07-21-2021 @ 16:07:40 - ---[ New import started at 2021-07-21 16:07:40 ] PHP Memory: 4 GB, WP Memory: 40 MB
07-21-2021 @ 16:07:40 - Preparing for import.
07-21-2021 @ 16:07:40 - Row :1 - Parsing item.
07-21-2021 @ 16:07:40 - Importing as new product ID:1233
07-21-2021 @ 16:07:40 - Row :1 - Processing item.
07-21-2021 @ 16:07:40 - Found variable product object. ID:1233
07-21-2021 @ 16:07:40 - Setting Featured Image. URL:https://nylimages.s3.amazonaws.com/HNS_25439_Black.jpg
07-21-2021 @ 16:07:41 - Attachment ID:1234
07-21-2021 @ 16:07:41 - Setting Gallery Images.
07-21-2021 @ 16:07:41 - Image URL:https://nylimages.s3.amazonaws.com/HNS_22803_Black.jpg
07-21-2021 @ 16:07:43 - Attachment ID:1235
07-21-2021 @ 16:07:43 - Image URL:https://nylimages.s3.amazonaws.com/HBI_125439_Black.jpg
07-21-2021 @ 16:07:44 - Attachment ID:1236
07-21-2021 @ 16:07:44 - Image URL:https://nylimages.s3.amazonaws.com/HNS_25439_HeatherGrey.jpg
07-21-2021 @ 16:07:45 - Attachment ID:1237
07-21-2021 @ 16:07:45 - Image URL:https://nylimages.s3.amazonaws.com/HBI_28559_HeatherGrey.jpg
07-21-2021 @ 16:07:46 - Attachment ID:1238
07-21-2021 @ 16:07:46 - Image URL:https://nylimages.s3.amazonaws.com/HBI_125439_HeatherGrey.jpg
07-21-2021 @ 16:07:48 - Attachment ID:1239
07-21-2021 @ 16:07:48 - Image URL:https://nylimages.s3.amazonaws.com/HBI_28559_Natural.jpg
07-21-2021 @ 16:07:49 - Attachment ID:1240
07-21-2021 @ 16:07:49 - Image URL:https://nylimages.s3.amazonaws.com/HBI_125439_Natural.jpg
07-21-2021 @ 16:07:50 - Attachment ID:1241
07-21-2021 @ 16:07:50 - Image URL:https://nylimages.s3.amazonaws.com/EBY_22803_Natural.jpg
07-21-2021 @ 16:07:51 - Attachment ID:1242
07-21-2021 @ 16:07:51 - Image URL:https://nylimages.s3.amazonaws.com/HNS_25439_Natural.jpg
07-21-2021 @ 16:07:53 - Attachment ID:1243
07-21-2021 @ 16:07:53 - Image URL:https://nylimages.s3.amazonaws.com/HNS_25439_Black.jpg
07-21-2021 @ 16:07:53 - Attachment ID:1234
07-21-2021 @ 16:07:53 - Image URL:NULL
07-21-2021 @ 16:07:53 - Unable to use image "NULL".
07-21-2021 @ 16:07:53 - Image URL:NULL
07-21-2021 @ 16:07:53 - Unable to use image "NULL".
07-21-2021 @ 16:07:53 - Image URL:NULL
07-21-2021 @ 16:07:53 - Unable to use image "NULL".
07-21-2021 @ 16:07:53 - Row :1 - Product imported successfully.
07-21-2021 @ 16:07:53 - Row :2 - Parsing item.
07-21-2021 @ 16:07:53 - Importing as new product ID:1244
07-21-2021 @ 16:07:53 - Row :2 - Processing item.
07-21-2021 @ 16:07:53 - Found variation product object. ID:1244
07-21-2021 @ 16:07:53 - Setting Featured Image. URL:https://nylimages.s3.amazonaws.com/HNS_25439_Black.jpg
07-21-2021 @ 16:07:53 - Attachment ID:1234
07-21-2021 @ 16:07:53 - Setting Gallery Images.
07-21-2021 @ 16:07:53 - Image URL:https://nylimages.s3.amazonaws.com/HNS_25439_Black.jpg
07-21-2021 @ 16:07:53 - Attachment ID:1234
07-21-2021 @ 16:07:53 - Image URL:NULL
07-21-2021 @ 16:07:53 - Unable to use image "NULL".
07-21-2021 @ 16:07:53 - Image URL:NULL
07-21-2021 @ 16:07:53 - Unable to use image "NULL".
07-21-2021 @ 16:07:53 - Image URL:NULL
07-21-2021 @ 16:07:53 - Unable to use image "NULL".
07-21-2021 @ 16:07:53 - Row :2 - Product imported successfully.
07-21-2021 @ 16:07:53 - Row :3 - Parsing item.
07-21-2021 @ 16:07:53 - Importing as new product ID:1245
07-21-2021 @ 16:07:53 - Row :3 - Processing item.
07-21-2021 @ 16:07:53 - Found variation product object. ID:1245
07-21-2021 @ 16:07:53 - Setting Featured Image. URL:https://nylimages.s3.amazonaws.com/HNS_22803_Black.jpg
07-21-2021 @ 16:07:53 - Attachment ID:1235
07-21-2021 @ 16:07:53 - Setting Gallery Images.
07-21-2021 @ 16:07:53 - Image URL:https://nylimages.s3.amazonaws.com/HNS_25439_Black.jpg
07-21-2021 @ 16:07:53 - Attachment ID:1234
07-21-2021 @ 16:07:53 - Image URL:NULL
07-21-2021 @ 16:07:53 - Unable to use image "NULL".
07-21-2021 @ 16:07:53 - Image URL:NULL
07-21-2021 @ 16:07:53 - Unable to use image "NULL".
07-21-2021 @ 16:07:53 - Image URL:NULL
07-21-2021 @ 16:07:53 - Unable to use image "NULL".
07-21-2021 @ 16:07:53 - Row :3 - Product imported successfully.
07-21-2021 @ 16:07:53 - Row :4 - Parsing item.
07-21-2021 @ 16:07:53 - Importing as new product ID:1246
07-21-2021 @ 16:07:53 - Row :4 - Processing item.
07-21-2021 @ 16:07:53 - Found variation product object. ID:1246
07-21-2021 @ 16:07:53 - Setting Featured Image. URL:https://nylimages.s3.amazonaws.com/HNS_22803_Black.jpg
07-21-2021 @ 16:07:53 - Attachment ID:1235
07-21-2021 @ 16:07:53 - Setting Gallery Images.
07-21-2021 @ 16:07:53 - Image URL:https://nylimages.s3.amazonaws.com/HNS_25439_Black.jpg
07-21-2021 @ 16:07:53 - Attachment ID:1234
07-21-2021 @ 16:07:53 - Image URL:NULL
07-21-2021 @ 16:07:53 - Unable to use image "NULL".
07-21-2021 @ 16:07:53 - Image URL:NULL
07-21-2021 @ 16:07:53 - Unable to use image "NULL".
07-21-2021 @ 16:07:53 - Image URL:NULL
07-21-2021 @ 16:07:53 - Unable to use image "NULL".
07-21-2021 @ 16:07:53 - Row :4 - Product imported successfully.
07-21-2021 @ 16:07:53 - Row :5 - Parsing item.
07-21-2021 @ 16:07:53 - Importing as new product ID:1247
07-21-2021 @ 16:07:53 - Row :5 - Processing item.
07-21-2021 @ 16:07:53 - Found variation product object. ID:1247
07-21-2021 @ 16:07:53 - Setting Featured Image. URL:https://nylimages.s3.amazonaws.com/HNS_25439_Black.jpg
07-21-2021 @ 16:07:53 - Attachment ID:1234
07-21-2021 @ 16:07:53 - Setting Gallery Images.
07-21-2021 @ 16:07:53 - Image URL:https://nylimages.s3.amazonaws.com/HNS_25439_Black.jpg
07-21-2021 @ 16:07:53 - Attachment ID:1234
07-21-2021 @ 16:07:53 - Image URL:NULL
07-21-2021 @ 16:07:53 - Unable to use image "NULL".
07-21-2021 @ 16:07:53 - Image URL:NULL
07-21-2021 @ 16:07:53 - Unable to use image "NULL".
07-21-2021 @ 16:07:53 - Image URL:NULL
07-21-2021 @ 16:07:53 - Unable to use image "NULL".
07-21-2021 @ 16:07:54 - Row :5 - Product imported successfully.
07-21-2021 @ 16:07:54 - Row :6 - Parsing item.
07-21-2021 @ 16:07:54 - Importing as new product ID:1248
07-21-2021 @ 16:07:54 - Row :6 - Processing item.
07-21-2021 @ 16:07:54 - Found variation product object. ID:1248
07-21-2021 @ 16:07:54 - Setting Featured Image. URL:https://nylimages.s3.amazonaws.com/HBI_125439_Black.jpg
07-21-2021 @ 16:07:54 - Attachment ID:1236
07-21-2021 @ 16:07:54 - Setting Gallery Images.
07-21-2021 @ 16:07:54 - Image URL:https://nylimages.s3.amazonaws.com/HNS_25439_Black.jpg
07-21-2021 @ 16:07:54 - Attachment ID:1234
07-21-2021 @ 16:07:54 - Image URL:NULL
07-21-2021 @ 16:07:54 - Unable to use image "NULL".
07-21-2021 @ 16:07:54 - Image URL:NULL
07-21-2021 @ 16:07:54 - Unable to use image "NULL".
07-21-2021 @ 16:07:54 - Image URL:NULL
07-21-2021 @ 16:07:54 - Unable to use image "NULL".
07-21-2021 @ 16:07:54 - Row :6 - Product imported successfully.
07-21-2021 @ 16:07:54 - Row :7 - Parsing item.
07-21-2021 @ 16:07:54 - Importing as new product ID:1249
07-21-2021 @ 16:07:54 - Row :7 - Processing item.
07-21-2021 @ 16:07:54 - Found variation product object. ID:1249
07-21-2021 @ 16:07:54 - Setting Featured Image. URL:https://nylimages.s3.amazonaws.com/HNS_25439_HeatherGrey.jpg
07-21-2021 @ 16:07:54 - Attachment ID:1237
07-21-2021 @ 16:07:54 - Setting Gallery Images.
07-21-2021 @ 16:07:54 - Image URL:https://nylimages.s3.amazonaws.com/HNS_25439_Black.jpg
07-21-2021 @ 16:07:54 - Attachment ID:1234
07-21-2021 @ 16:07:54 - Image URL:NULL
07-21-2021 @ 16:07:54 - Unable to use image "NULL".
07-21-2021 @ 16:07:54 - Image URL:NULL
07-21-2021 @ 16:07:54 - Unable to use image "NULL".
07-21-2021 @ 16:07:54 - Image URL:NULL
07-21-2021 @ 16:07:54 - Unable to use image "NULL".
07-21-2021 @ 16:07:54 - Row :7 - Product imported successfully.
07-21-2021 @ 16:07:54 - Row :8 - Parsing item.
07-21-2021 @ 16:07:54 - Importing as new product ID:1250
07-21-2021 @ 16:07:54 - Row :8 - Processing item.
07-21-2021 @ 16:07:54 - Found variation product object. ID:1250
07-21-2021 @ 16:07:54 - Setting Featured Image. URL:https://nylimages.s3.amazonaws.com/HNS_25439_HeatherGrey.jpg
07-21-2021 @ 16:07:54 - Attachment ID:1237
07-21-2021 @ 16:07:54 - Setting Gallery Images.
07-21-2021 @ 16:07:54 - Image URL:https://nylimages.s3.amazonaws.com/HNS_25439_Black.jpg
07-21-2021 @ 16:07:54 - Attachment ID:1234
07-21-2021 @ 16:07:54 - Image URL:NULL
07-21-2021 @ 16:07:54 - Unable to use image "NULL".
07-21-2021 @ 16:07:54 - Image URL:NULL
07-21-2021 @ 16:07:54 - Unable to use image "NULL".
07-21-2021 @ 16:07:54 - Image URL:NULL
07-21-2021 @ 16:07:54 - Unable to use image "NULL".
07-21-2021 @ 16:07:54 - Row :8 - Product imported successfully.
07-21-2021 @ 16:07:54 - Row :9 - Parsing item.
07-21-2021 @ 16:07:54 - Importing as new product ID:1251
07-21-2021 @ 16:07:54 - Row :9 - Processing item.
07-21-2021 @ 16:07:54 - Found variation product object. ID:1251
07-21-2021 @ 16:07:54 - Setting Featured Image. URL:https://nylimages.s3.amazonaws.com/HBI_28559_HeatherGrey.jpg
07-21-2021 @ 16:07:54 - Attachment ID:1238
07-21-2021 @ 16:07:54 - Setting Gallery Images.
07-21-2021 @ 16:07:54 - Image URL:https://nylimages.s3.amazonaws.com/HNS_25439_Black.jpg
07-21-2021 @ 16:07:54 - Attachment ID:1234
07-21-2021 @ 16:07:54 - Image URL:NULL
07-21-2021 @ 16:07:54 - Unable to use image "NULL".
07-21-2021 @ 16:07:54 - Image URL:NULL
07-21-2021 @ 16:07:54 - Unable to use image "NULL".
07-21-2021 @ 16:07:54 - Image URL:NULL
07-21-2021 @ 16:07:54 - Unable to use image "NULL".
07-21-2021 @ 16:07:54 - Row :9 - Product imported successfully.
07-21-2021 @ 16:07:54 - Row :10 - Parsing item.
07-21-2021 @ 16:07:54 - Importing as new product ID:1252
07-21-2021 @ 16:07:54 - Row :10 - Processing item.
07-21-2021 @ 16:07:54 - Found variation product object. ID:1252
07-21-2021 @ 16:07:55 - Setting Featured Image. URL:https://nylimages.s3.amazonaws.com/HBI_125439_HeatherGrey.jpg
07-21-2021 @ 16:07:55 - Attachment ID:1239
07-21-2021 @ 16:07:55 - Setting Gallery Images.
07-21-2021 @ 16:07:55 - Image URL:https://nylimages.s3.amazonaws.com/HNS_25439_Black.jpg
07-21-2021 @ 16:07:55 - Attachment ID:1234
07-21-2021 @ 16:07:55 - Image URL:NULL
07-21-2021 @ 16:07:55 - Unable to use image "NULL".
07-21-2021 @ 16:07:55 - Image URL:NULL
07-21-2021 @ 16:07:55 - Unable to use image "NULL".
07-21-2021 @ 16:07:55 - Image URL:NULL
07-21-2021 @ 16:07:55 - Unable to use image "NULL".
07-21-2021 @ 16:07:55 - Row :10 - Product imported successfully.
07-21-2021 @ 16:07:57 - Preparing for import.
07-21-2021 @ 16:07:57 - Row :11 - Parsing item.
07-21-2021 @ 16:07:57 - Importing as new product ID:1253
07-21-2021 @ 16:07:57 - Row :11 - Processing item.
07-21-2021 @ 16:07:57 - Found variation product object. ID:1253
07-21-2021 @ 16:07:57 - Setting Featured Image. URL:https://nylimages.s3.amazonaws.com/HBI_125439_HeatherGrey.jpg
07-21-2021 @ 16:07:57 - Attachment ID:1239
07-21-2021 @ 16:07:57 - Setting Gallery Images.
07-21-2021 @ 16:07:57 - Image URL:https://nylimages.s3.amazonaws.com/HNS_25439_Black.jpg
07-21-2021 @ 16:07:57 - Attachment ID:1234
07-21-2021 @ 16:07:57 - Image URL:NULL
07-21-2021 @ 16:07:57 - Unable to use image "NULL".
07-21-2021 @ 16:07:57 - Image URL:NULL
07-21-2021 @ 16:07:57 - Unable to use image "NULL".
07-21-2021 @ 16:07:57 - Image URL:NULL
07-21-2021 @ 16:07:57 - Unable to use image "NULL".
07-21-2021 @ 16:07:57 - Row :11 - Product imported successfully.
07-21-2021 @ 16:07:57 - Row :12 - Parsing item.
07-21-2021 @ 16:07:57 - Importing as new product ID:1254
07-21-2021 @ 16:07:57 - Row :12 - Processing item.
07-21-2021 @ 16:07:57 - Found variation product object. ID:1254
07-21-2021 @ 16:07:57 - Setting Featured Image. URL:https://nylimages.s3.amazonaws.com/HBI_28559_Natural.jpg
07-21-2021 @ 16:07:57 - Attachment ID:1240
07-21-2021 @ 16:07:57 - Setting Gallery Images.
07-21-2021 @ 16:07:57 - Image URL:https://nylimages.s3.amazonaws.com/HNS_25439_Black.jpg
07-21-2021 @ 16:07:57 - Attachment ID:1234
07-21-2021 @ 16:07:57 - Image URL:NULL
07-21-2021 @ 16:07:57 - Unable to use image "NULL".
07-21-2021 @ 16:07:57 - Image URL:NULL
07-21-2021 @ 16:07:57 - Unable to use image "NULL".
07-21-2021 @ 16:07:57 - Image URL:NULL
07-21-2021 @ 16:07:57 - Unable to use image "NULL".
07-21-2021 @ 16:07:57 - Row :12 - Product imported successfully.
07-21-2021 @ 16:07:57 - Row :13 - Parsing item.
07-21-2021 @ 16:07:57 - Importing as new product ID:1255
07-21-2021 @ 16:07:57 - Row :13 - Processing item.
07-21-2021 @ 16:07:57 - Found variation product object. ID:1255
07-21-2021 @ 16:07:57 - Setting Featured Image. URL:https://nylimages.s3.amazonaws.com/HBI_125439_Natural.jpg
07-21-2021 @ 16:07:57 - Attachment ID:1241
07-21-2021 @ 16:07:57 - Setting Gallery Images.
07-21-2021 @ 16:07:57 - Image URL:https://nylimages.s3.amazonaws.com/HNS_25439_Black.jpg
07-21-2021 @ 16:07:57 - Attachment ID:1234
07-21-2021 @ 16:07:57 - Image URL:NULL
07-21-2021 @ 16:07:57 - Unable to use image "NULL".
07-21-2021 @ 16:07:57 - Image URL:NULL
07-21-2021 @ 16:07:57 - Unable to use image "NULL".
07-21-2021 @ 16:07:57 - Image URL:NULL
07-21-2021 @ 16:07:57 - Unable to use image "NULL".
07-21-2021 @ 16:07:58 - Row :13 - Product imported successfully.
07-21-2021 @ 16:07:58 - Row :14 - Parsing item.
07-21-2021 @ 16:07:58 - Importing as new product ID:1256
07-21-2021 @ 16:07:58 - Row :14 - Processing item.
07-21-2021 @ 16:07:58 - Found variation product object. ID:1256
07-21-2021 @ 16:07:58 - Setting Featured Image. URL:https://nylimages.s3.amazonaws.com/EBY_22803_Natural.jpg
07-21-2021 @ 16:07:58 - Attachment ID:1242
07-21-2021 @ 16:07:58 - Setting Gallery Images.
07-21-2021 @ 16:07:58 - Image URL:https://nylimages.s3.amazonaws.com/HNS_25439_Black.jpg
07-21-2021 @ 16:07:58 - Attachment ID:1234
07-21-2021 @ 16:07:58 - Image URL:NULL
07-21-2021 @ 16:07:58 - Unable to use image "NULL".
07-21-2021 @ 16:07:58 - Image URL:NULL
07-21-2021 @ 16:07:58 - Unable to use image "NULL".
07-21-2021 @ 16:07:58 - Image URL:NULL
07-21-2021 @ 16:07:58 - Unable to use image "NULL".
07-21-2021 @ 16:07:58 - Row :14 - Product imported successfully.
07-21-2021 @ 16:07:58 - Row :15 - Parsing item.
07-21-2021 @ 16:07:58 - Importing as new product ID:1257
07-21-2021 @ 16:07:58 - Row :15 - Processing item.
07-21-2021 @ 16:07:58 - Found variation product object. ID:1257
07-21-2021 @ 16:07:58 - Setting Featured Image. URL:https://nylimages.s3.amazonaws.com/HNS_25439_Natural.jpg
07-21-2021 @ 16:07:58 - Attachment ID:1243
07-21-2021 @ 16:07:58 - Setting Gallery Images.
07-21-2021 @ 16:07:58 - Image URL:https://nylimages.s3.amazonaws.com/HNS_25439_Black.jpg
07-21-2021 @ 16:07:58 - Attachment ID:1234
07-21-2021 @ 16:07:58 - Image URL:NULL
07-21-2021 @ 16:07:58 - Unable to use image "NULL".
07-21-2021 @ 16:07:58 - Image URL:NULL
07-21-2021 @ 16:07:58 - Unable to use image "NULL".
07-21-2021 @ 16:07:58 - Image URL:NULL
07-21-2021 @ 16:07:58 - Unable to use image "NULL".
07-21-2021 @ 16:07:58 - Row :15 - Product imported successfully.
07-21-2021 @ 16:07:58 - Row :16 - Parsing item.
07-21-2021 @ 16:07:58 - Importing as new product ID:1258
07-21-2021 @ 16:07:58 - Row :16 - Processing item.
07-21-2021 @ 16:07:58 - Found variation product object. ID:1258
07-21-2021 @ 16:07:58 - Setting Featured Image. URL:https://nylimages.s3.amazonaws.com/HNS_25439_Natural.jpg
07-21-2021 @ 16:07:58 - Attachment ID:1243
07-21-2021 @ 16:07:58 - Setting Gallery Images.
07-21-2021 @ 16:07:58 - Image URL:https://nylimages.s3.amazonaws.com/HNS_25439_Black.jpg
07-21-2021 @ 16:07:58 - Attachment ID:1234
07-21-2021 @ 16:07:58 - Image URL:NULL
07-21-2021 @ 16:07:58 - Unable to use image "NULL".
07-21-2021 @ 16:07:58 - Image URL:NULL
07-21-2021 @ 16:07:58 - Unable to use image "NULL".
07-21-2021 @ 16:07:58 - Image URL:NULL
07-21-2021 @ 16:07:58 - Unable to use image "NULL".
07-21-2021 @ 16:07:58 - Row :16 - Product imported successfully.
07-21-2021 @ 16:07:58 - Row :17 - Parsing item.
07-21-2021 @ 16:07:58 - Importing as new product ID:1259
07-21-2021 @ 16:07:58 - Row :17 - Processing item.
07-21-2021 @ 16:07:58 - Found variable product object. ID:1259
07-21-2021 @ 16:07:58 - Setting Featured Image. URL:https://cdn1.nuorder.com/product/ef3f17e20555e0b0f5e25a29c65ebe73.jpg
07-21-2021 @ 16:07:58 - Attachment ID:1260
07-21-2021 @ 16:07:58 - Setting Gallery Images.
07-21-2021 @ 16:07:58 - Image URL:https://cdn1.nuorder.com/product/154edc1b94edc174abc318a6e9709ac0.jpg
07-21-2021 @ 16:07:58 - Attachment ID:1261
07-21-2021 @ 16:07:58 - Image URL:https://cdn1.nuorder.com/product/154edc1b94edc174abc318a6e9709ac0.jpg
07-21-2021 @ 16:07:58 - Attachment ID:1261
07-21-2021 @ 16:07:58 - Image URL:NULL
07-21-2021 @ 16:07:58 - Unable to use image "NULL".
07-21-2021 @ 16:07:58 - Image URL:NULL
07-21-2021 @ 16:07:58 - Unable to use image "NULL".
07-21-2021 @ 16:07:58 - Image URL:NULL
07-21-2021 @ 16:07:58 - Unable to use image "NULL".
07-21-2021 @ 16:07:58 - Row :17 - Product imported successfully.
07-21-2021 @ 16:07:58 - Row :18 - Parsing item.
07-21-2021 @ 16:07:58 - Importing as new product ID:1262
07-21-2021 @ 16:07:58 - Row :18 - Processing item.
07-21-2021 @ 16:07:58 - Found variation product object. ID:1262
07-21-2021 @ 16:07:58 - Setting Featured Image. URL:https://cdn1.nuorder.com/product/ef3f17e20555e0b0f5e25a29c65ebe73.jpg
07-21-2021 @ 16:07:58 - Attachment ID:1260
07-21-2021 @ 16:07:58 - Setting Gallery Images.
07-21-2021 @ 16:07:58 - Image URL:https://cdn1.nuorder.com/product/154edc1b94edc174abc318a6e9709ac0.jpg
07-21-2021 @ 16:07:58 - Attachment ID:1261
07-21-2021 @ 16:07:58 - Image URL:NULL
07-21-2021 @ 16:07:58 - Unable to use image "NULL".
07-21-2021 @ 16:07:58 - Image URL:NULL
07-21-2021 @ 16:07:58 - Unable to use image "NULL".
07-21-2021 @ 16:07:58 - Image URL:NULL
07-21-2021 @ 16:07:58 - Unable to use image "NULL".
07-21-2021 @ 16:07:58 - Row :18 - Product imported successfully.
07-21-2021 @ 16:07:58 - Row :19 - Parsing item.
07-21-2021 @ 16:07:58 - Importing as new product ID:1263
07-21-2021 @ 16:07:58 - Row :19 - Processing item.
07-21-2021 @ 16:07:58 - Found variation product object. ID:1263
07-21-2021 @ 16:07:58 - Setting Featured Image. URL:https://cdn1.nuorder.com/product/ef3f17e20555e0b0f5e25a29c65ebe73.jpg
07-21-2021 @ 16:07:58 - Attachment ID:1260
07-21-2021 @ 16:07:58 - Setting Gallery Images.
07-21-2021 @ 16:07:58 - Image URL:https://cdn1.nuorder.com/product/154edc1b94edc174abc318a6e9709ac0.jpg
07-21-2021 @ 16:07:58 - Attachment ID:1261
07-21-2021 @ 16:07:58 - Image URL:NULL
07-21-2021 @ 16:07:59 - Unable to use image "NULL".
07-21-2021 @ 16:07:59 - Image URL:NULL
07-21-2021 @ 16:07:59 - Unable to use image "NULL".
07-21-2021 @ 16:07:59 - Image URL:NULL
07-21-2021 @ 16:07:59 - Unable to use image "NULL".
07-21-2021 @ 16:07:59 - Row :19 - Product imported successfully.
07-21-2021 @ 16:07:59 - Row :20 - Parsing item.
07-21-2021 @ 16:07:59 - Importing as new product ID:1264
07-21-2021 @ 16:07:59 - Row :20 - Processing item.
07-21-2021 @ 16:07:59 - Found variation product object. ID:1264
07-21-2021 @ 16:07:59 - Setting Featured Image. URL:https://cdn1.nuorder.com/product/ef3f17e20555e0b0f5e25a29c65ebe73.jpg
07-21-2021 @ 16:07:59 - Attachment ID:1260
07-21-2021 @ 16:07:59 - Setting Gallery Images.
07-21-2021 @ 16:07:59 - Image URL:https://cdn1.nuorder.com/product/154edc1b94edc174abc318a6e9709ac0.jpg
07-21-2021 @ 16:07:59 - Attachment ID:1261
07-21-2021 @ 16:07:59 - Image URL:NULL
07-21-2021 @ 16:07:59 - Unable to use image "NULL".
07-21-2021 @ 16:07:59 - Image URL:NULL
07-21-2021 @ 16:07:59 - Unable to use image "NULL".
07-21-2021 @ 16:07:59 - Image URL:NULL
07-21-2021 @ 16:07:59 - Unable to use image "NULL".
07-21-2021 @ 16:07:59 - Row :20 - Product imported successfully.
07-21-2021 @ 16:08:01 - Preparing for import.
07-21-2021 @ 16:08:01 - Row :21 - Parsing item.
07-21-2021 @ 16:08:01 - Importing as new product ID:1265
07-21-2021 @ 16:08:01 - Row :21 - Processing item.
07-21-2021 @ 16:08:01 - Found variation product object. ID:1265
07-21-2021 @ 16:08:01 - Setting Featured Image. URL:https://cdn1.nuorder.com/product/ef3f17e20555e0b0f5e25a29c65ebe73.jpg
07-21-2021 @ 16:08:01 - Attachment ID:1260
07-21-2021 @ 16:08:01 - Setting Gallery Images.
07-21-2021 @ 16:08:01 - Image URL:https://cdn1.nuorder.com/product/154edc1b94edc174abc318a6e9709ac0.jpg
07-21-2021 @ 16:08:01 - Attachment ID:1261
07-21-2021 @ 16:08:01 - Image URL:NULL
07-21-2021 @ 16:08:01 - Unable to use image "NULL".
07-21-2021 @ 16:08:01 - Image URL:NULL
07-21-2021 @ 16:08:01 - Unable to use image "NULL".
07-21-2021 @ 16:08:01 - Image URL:NULL
07-21-2021 @ 16:08:01 - Unable to use image "NULL".
07-21-2021 @ 16:08:01 - Row :21 - Product imported successfully.
07-21-2021 @ 16:08:01 - Row :22 - Parsing item.
07-21-2021 @ 16:08:01 - Importing as new product ID:1266
07-21-2021 @ 16:08:01 - Row :22 - Processing item.
07-21-2021 @ 16:08:01 - Found variation product object. ID:1266
07-21-2021 @ 16:08:01 - Setting Featured Image. URL:https://cdn1.nuorder.com/product/ef3f17e20555e0b0f5e25a29c65ebe73.jpg
07-21-2021 @ 16:08:01 - Attachment ID:1260
07-21-2021 @ 16:08:01 - Setting Gallery Images.
07-21-2021 @ 16:08:01 - Image URL:https://cdn1.nuorder.com/product/154edc1b94edc174abc318a6e9709ac0.jpg
07-21-2021 @ 16:08:01 - Attachment ID:1261
07-21-2021 @ 16:08:01 - Image URL:NULL
07-21-2021 @ 16:08:01 - Unable to use image "NULL".
07-21-2021 @ 16:08:01 - Image URL:NULL
07-21-2021 @ 16:08:01 - Unable to use image "NULL".
07-21-2021 @ 16:08:01 - Image URL:NULL
07-21-2021 @ 16:08:01 - Unable to use image "NULL".
07-21-2021 @ 16:08:02 - Row :22 - Product imported successfully.
07-21-2021 @ 16:08:02 - Row :23 - Parsing item.
07-21-2021 @ 16:08:02 - Importing as new product ID:1267
07-21-2021 @ 16:08:02 - Row :23 - Processing item.
07-21-2021 @ 16:08:02 - Found variation product object. ID:1267
07-21-2021 @ 16:08:02 - Setting Featured Image. URL:https://cdn1.nuorder.com/product/154edc1b94edc174abc318a6e9709ac0.jpg
07-21-2021 @ 16:08:02 - Attachment ID:1261
07-21-2021 @ 16:08:02 - Setting Gallery Images.
07-21-2021 @ 16:08:02 - Image URL:https://cdn1.nuorder.com/product/154edc1b94edc174abc318a6e9709ac0.jpg
07-21-2021 @ 16:08:02 - Attachment ID:1261
07-21-2021 @ 16:08:02 - Image URL:NULL
07-21-2021 @ 16:08:02 - Unable to use image "NULL".
07-21-2021 @ 16:08:02 - Image URL:NULL
07-21-2021 @ 16:08:02 - Unable to use image "NULL".
07-21-2021 @ 16:08:02 - Image URL:NULL
07-21-2021 @ 16:08:02 - Unable to use image "NULL".
07-21-2021 @ 16:08:02 - Row :23 - Product imported successfully.
07-21-2021 @ 16:08:02 - Row :24 - Parsing item.
07-21-2021 @ 16:08:02 - Importing as new product ID:1268
07-21-2021 @ 16:08:02 - Row :24 - Processing item.
07-21-2021 @ 16:08:02 - Found variation product object. ID:1268
07-21-2021 @ 16:08:02 - Setting Featured Image. URL:https://cdn1.nuorder.com/product/154edc1b94edc174abc318a6e9709ac0.jpg
07-21-2021 @ 16:08:02 - Attachment ID:1261
07-21-2021 @ 16:08:02 - Setting Gallery Images.
07-21-2021 @ 16:08:02 - Image URL:https://cdn1.nuorder.com/product/154edc1b94edc174abc318a6e9709ac0.jpg
07-21-2021 @ 16:08:02 - Attachment ID:1261
07-21-2021 @ 16:08:02 - Image URL:NULL
07-21-2021 @ 16:08:02 - Unable to use image "NULL".
07-21-2021 @ 16:08:02 - Image URL:NULL
07-21-2021 @ 16:08:02 - Unable to use image "NULL".
07-21-2021 @ 16:08:02 - Image URL:NULL
07-21-2021 @ 16:08:02 - Unable to use image "NULL".
07-21-2021 @ 16:08:02 - Row :24 - Product imported successfully.
07-21-2021 @ 16:08:02 - Row :25 - Parsing item.
07-21-2021 @ 16:08:02 - Importing as new product ID:1269
07-21-2021 @ 16:08:02 - Row :25 - Processing item.
07-21-2021 @ 16:08:02 - Found variation product object. ID:1269
07-21-2021 @ 16:08:02 - Setting Featured Image. URL:https://cdn1.nuorder.com/product/154edc1b94edc174abc318a6e9709ac0.jpg
07-21-2021 @ 16:08:02 - Attachment ID:1261
07-21-2021 @ 16:08:02 - Setting Gallery Images.
07-21-2021 @ 16:08:02 - Image URL:https://cdn1.nuorder.com/product/154edc1b94edc174abc318a6e9709ac0.jpg
07-21-2021 @ 16:08:02 - Attachment ID:1261
07-21-2021 @ 16:08:02 - Image URL:NULL
07-21-2021 @ 16:08:02 - Unable to use image "NULL".
07-21-2021 @ 16:08:02 - Image URL:NULL
07-21-2021 @ 16:08:02 - Unable to use image "NULL".
07-21-2021 @ 16:08:02 - Image URL:NULL
07-21-2021 @ 16:08:02 - Unable to use image "NULL".
07-21-2021 @ 16:08:02 - Row :25 - Product imported successfully.
07-21-2021 @ 16:08:02 - Row :26 - Parsing item.
07-21-2021 @ 16:08:02 - Importing as new product ID:1270
07-21-2021 @ 16:08:02 - Row :26 - Processing item.
07-21-2021 @ 16:08:02 - Found variation product object. ID:1270
07-21-2021 @ 16:08:02 - Setting Featured Image. URL:https://cdn1.nuorder.com/product/154edc1b94edc174abc318a6e9709ac0.jpg
07-21-2021 @ 16:08:02 - Attachment ID:1261
07-21-2021 @ 16:08:02 - Setting Gallery Images.
07-21-2021 @ 16:08:02 - Image URL:https://cdn1.nuorder.com/product/154edc1b94edc174abc318a6e9709ac0.jpg
07-21-2021 @ 16:08:02 - Attachment ID:1261
07-21-2021 @ 16:08:02 - Image URL:NULL
07-21-2021 @ 16:08:02 - Unable to use image "NULL".
07-21-2021 @ 16:08:02 - Image URL:NULL
07-21-2021 @ 16:08:02 - Unable to use image "NULL".
07-21-2021 @ 16:08:02 - Image URL:NULL
07-21-2021 @ 16:08:02 - Unable to use image "NULL".
07-21-2021 @ 16:08:03 - Row :26 - Product imported successfully.
07-21-2021 @ 16:08:03 - Row :27 - Parsing item.
07-21-2021 @ 16:08:03 - Importing as new product ID:1271
07-21-2021 @ 16:08:03 - Row :27 - Processing item.
07-21-2021 @ 16:08:03 - Found variation product object. ID:1271
07-21-2021 @ 16:08:03 - Setting Featured Image. URL:https://cdn1.nuorder.com/product/154edc1b94edc174abc318a6e9709ac0.jpg
07-21-2021 @ 16:08:03 - Attachment ID:1261
07-21-2021 @ 16:08:03 - Setting Gallery Images.
07-21-2021 @ 16:08:03 - Image URL:https://cdn1.nuorder.com/product/154edc1b94edc174abc318a6e9709ac0.jpg
07-21-2021 @ 16:08:03 - Attachment ID:1261
07-21-2021 @ 16:08:03 - Image URL:NULL
07-21-2021 @ 16:08:03 - Unable to use image "NULL".
07-21-2021 @ 16:08:03 - Image URL:NULL
07-21-2021 @ 16:08:03 - Unable to use image "NULL".
07-21-2021 @ 16:08:03 - Image URL:NULL
07-21-2021 @ 16:08:03 - Unable to use image "NULL".
07-21-2021 @ 16:08:03 - Row :27 - Product imported successfully.
07-21-2021 @ 16:08:03 - Row :28 - Parsing item.
07-21-2021 @ 16:08:03 - Importing as new product ID:1272
07-21-2021 @ 16:08:03 - Row :28 - Processing item.
07-21-2021 @ 16:08:03 - Found variable product object. ID:1272
07-21-2021 @ 16:08:03 - Setting Featured Image. URL:https://cdn1.nuorder.com/product/265ff924cace96d5780f0dd4386e96b0.jpg
07-21-2021 @ 16:08:03 - Attachment ID:1273
07-21-2021 @ 16:08:03 - Setting Gallery Images.
07-21-2021 @ 16:08:03 - Image URL:https://cdn1.nuorder.com/product/265ff924cace96d5780f0dd4386e96b0.jpg
07-21-2021 @ 16:08:03 - Attachment ID:1273
07-21-2021 @ 16:08:03 - Image URL:NULL
07-21-2021 @ 16:08:03 - Unable to use image "NULL".
07-21-2021 @ 16:08:03 - Image URL:NULL
07-21-2021 @ 16:08:03 - Unable to use image "NULL".
07-21-2021 @ 16:08:03 - Image URL:NULL
07-21-2021 @ 16:08:03 - Unable to use image "NULL".
07-21-2021 @ 16:08:03 - Row :28 - Product imported successfully.
07-21-2021 @ 16:08:03 - Row :29 - Parsing item.
07-21-2021 @ 16:08:03 - Importing as new product ID:1274
07-21-2021 @ 16:08:03 - Row :29 - Processing item.
07-21-2021 @ 16:08:03 - Found variation product object. ID:1274
07-21-2021 @ 16:08:03 - Setting Featured Image. URL:https://cdn1.nuorder.com/product/265ff924cace96d5780f0dd4386e96b0.jpg
07-21-2021 @ 16:08:03 - Attachment ID:1273
07-21-2021 @ 16:08:03 - Setting Gallery Images.
07-21-2021 @ 16:08:03 - Image URL:https://cdn1.nuorder.com/product/4a173e65776bbb5e1aa92f39de47ce40.jpg
07-21-2021 @ 16:08:03 - Attachment ID:1275
07-21-2021 @ 16:08:03 - Image URL:https://cdn1.nuorder.com/product/265ff924cace96d5780f0dd4386e96b0.jpg
07-21-2021 @ 16:08:03 - Attachment ID:1273
07-21-2021 @ 16:08:03 - Image URL:NULL
07-21-2021 @ 16:08:03 - Unable to use image "NULL".
07-21-2021 @ 16:08:03 - Image URL:NULL
07-21-2021 @ 16:08:03 - Unable to use image "NULL".
07-21-2021 @ 16:08:03 - Image URL:NULL
07-21-2021 @ 16:08:03 - Unable to use image "NULL".
07-21-2021 @ 16:08:03 - Row :29 - Product imported successfully.
07-21-2021 @ 16:08:03 - Row :30 - Parsing item.
07-21-2021 @ 16:08:03 - Importing as new product ID:1276
07-21-2021 @ 16:08:03 - Row :30 - Processing item.
07-21-2021 @ 16:08:03 - Found variation product object. ID:1276
07-21-2021 @ 16:08:03 - Setting Featured Image. URL:https://cdn1.nuorder.com/product/265ff924cace96d5780f0dd4386e96b0.jpg
07-21-2021 @ 16:08:03 - Attachment ID:1273
07-21-2021 @ 16:08:03 - Setting Gallery Images.
07-21-2021 @ 16:08:03 - Image URL:https://cdn1.nuorder.com/product/265ff924cace96d5780f0dd4386e96b0.jpg
07-21-2021 @ 16:08:03 - Attachment ID:1273
07-21-2021 @ 16:08:03 - Image URL:NULL
07-21-2021 @ 16:08:03 - Unable to use image "NULL".
07-21-2021 @ 16:08:03 - Image URL:NULL
07-21-2021 @ 16:08:03 - Unable to use image "NULL".
07-21-2021 @ 16:08:03 - Image URL:NULL
07-21-2021 @ 16:08:03 - Unable to use image "NULL".
07-21-2021 @ 16:08:03 - Row :30 - Product imported successfully.
07-21-2021 @ 16:08:05 - Preparing for import.
07-21-2021 @ 16:08:05 - Row :31 - Parsing item.
07-21-2021 @ 16:08:05 - Importing as new product ID:1277
07-21-2021 @ 16:08:05 - Row :31 - Processing item.
07-21-2021 @ 16:08:05 - Found variation product object. ID:1277
07-21-2021 @ 16:08:05 - Setting Featured Image. URL:https://cdn1.nuorder.com/product/265ff924cace96d5780f0dd4386e96b0.jpg
07-21-2021 @ 16:08:05 - Attachment ID:1273
07-21-2021 @ 16:08:05 - Setting Gallery Images.
07-21-2021 @ 16:08:05 - Image URL:https://cdn1.nuorder.com/product/265ff924cace96d5780f0dd4386e96b0.jpg
07-21-2021 @ 16:08:05 - Attachment ID:1273
07-21-2021 @ 16:08:05 - Image URL:NULL
07-21-2021 @ 16:08:05 - Unable to use image "NULL".
07-21-2021 @ 16:08:05 - Image URL:NULL
07-21-2021 @ 16:08:05 - Unable to use image "NULL".
07-21-2021 @ 16:08:05 - Image URL:NULL
07-21-2021 @ 16:08:05 - Unable to use image "NULL".
07-21-2021 @ 16:08:05 - Row :31 - Product imported successfully.
07-21-2021 @ 16:08:05 - Row :32 - Parsing item.
07-21-2021 @ 16:08:05 - Importing as new product ID:1278
07-21-2021 @ 16:08:05 - Row :32 - Processing item.
07-21-2021 @ 16:08:05 - Found variation product object. ID:1278
07-21-2021 @ 16:08:05 - Setting Featured Image. URL:https://cdn1.nuorder.com/product/265ff924cace96d5780f0dd4386e96b0.jpg
07-21-2021 @ 16:08:05 - Attachment ID:1273
07-21-2021 @ 16:08:05 - Setting Gallery Images.
07-21-2021 @ 16:08:05 - Image URL:https://cdn1.nuorder.com/product/265ff924cace96d5780f0dd4386e96b0.jpg
07-21-2021 @ 16:08:05 - Attachment ID:1273
07-21-2021 @ 16:08:05 - Image URL:NULL
07-21-2021 @ 16:08:05 - Unable to use image "NULL".
07-21-2021 @ 16:08:05 - Image URL:NULL
07-21-2021 @ 16:08:05 - Unable to use image "NULL".
07-21-2021 @ 16:08:05 - Image URL:NULL
07-21-2021 @ 16:08:05 - Unable to use image "NULL".
07-21-2021 @ 16:08:05 - Row :32 - Product imported successfully.
07-21-2021 @ 16:08:05 - Row :33 - Parsing item.
07-21-2021 @ 16:08:05 - Importing as new product ID:1279
07-21-2021 @ 16:08:05 - Row :33 - Processing item.
07-21-2021 @ 16:08:05 - Found variation product object. ID:1279
07-21-2021 @ 16:08:05 - Setting Featured Image. URL:https://cdn1.nuorder.com/product/265ff924cace96d5780f0dd4386e96b0.jpg
07-21-2021 @ 16:08:05 - Attachment ID:1273
07-21-2021 @ 16:08:05 - Setting Gallery Images.
07-21-2021 @ 16:08:05 - Image URL:https://cdn1.nuorder.com/product/265ff924cace96d5780f0dd4386e96b0.jpg
07-21-2021 @ 16:08:05 - Attachment ID:1273
07-21-2021 @ 16:08:05 - Image URL:NULL
07-21-2021 @ 16:08:05 - Unable to use image "NULL".
07-21-2021 @ 16:08:05 - Image URL:NULL
07-21-2021 @ 16:08:05 - Unable to use image "NULL".
07-21-2021 @ 16:08:05 - Image URL:NULL
07-21-2021 @ 16:08:05 - Unable to use image "NULL".
07-21-2021 @ 16:08:05 - Row :33 - Product imported successfully.
07-21-2021 @ 16:08:05 - Row :34 - Parsing item.
07-21-2021 @ 16:08:05 - Importing as new product ID:1280
07-21-2021 @ 16:08:05 - Row :34 - Processing item.
07-21-2021 @ 16:08:05 - Found variation product object. ID:1280
07-21-2021 @ 16:08:05 - Setting Featured Image. URL:https://cdn1.nuorder.com/product/4a173e65776bbb5e1aa92f39de47ce40.jpg
07-21-2021 @ 16:08:05 - Attachment ID:1275
07-21-2021 @ 16:08:05 - Setting Gallery Images.
07-21-2021 @ 16:08:05 - Image URL:https://cdn1.nuorder.com/product/265ff924cace96d5780f0dd4386e96b0.jpg
07-21-2021 @ 16:08:05 - Attachment ID:1273
07-21-2021 @ 16:08:05 - Image URL:NULL
07-21-2021 @ 16:08:05 - Unable to use image "NULL".
07-21-2021 @ 16:08:05 - Image URL:NULL
07-21-2021 @ 16:08:05 - Unable to use image "NULL".
07-21-2021 @ 16:08:05 - Image URL:NULL
07-21-2021 @ 16:08:05 - Unable to use image "NULL".
07-21-2021 @ 16:08:05 - Row :34 - Product imported successfully.
07-21-2021 @ 16:08:05 - Row :35 - Parsing item.
07-21-2021 @ 16:08:05 - Importing as new product ID:1281
07-21-2021 @ 16:08:05 - Row :35 - Processing item.
07-21-2021 @ 16:08:05 - Found variation product object. ID:1281
07-21-2021 @ 16:08:05 - Setting Featured Image. URL:https://cdn1.nuorder.com/product/4a173e65776bbb5e1aa92f39de47ce40.jpg
07-21-2021 @ 16:08:05 - Attachment ID:1275
07-21-2021 @ 16:08:05 - Setting Gallery Images.
07-21-2021 @ 16:08:05 - Image URL:https://cdn1.nuorder.com/product/265ff924cace96d5780f0dd4386e96b0.jpg
07-21-2021 @ 16:08:05 - Attachment ID:1273
07-21-2021 @ 16:08:05 - Image URL:NULL
07-21-2021 @ 16:08:05 - Unable to use image "NULL".
07-21-2021 @ 16:08:05 - Image URL:NULL
07-21-2021 @ 16:08:05 - Unable to use image "NULL".
07-21-2021 @ 16:08:05 - Image URL:NULL
07-21-2021 @ 16:08:05 - Unable to use image "NULL".
07-21-2021 @ 16:08:05 - Row :35 - Product imported successfully.
07-21-2021 @ 16:08:05 - Row :36 - Parsing item.
07-21-2021 @ 16:08:05 - Importing as new product ID:1282
07-21-2021 @ 16:08:05 - Row :36 - Processing item.
07-21-2021 @ 16:08:05 - Found variation product object. ID:1282
07-21-2021 @ 16:08:05 - Setting Featured Image. URL:https://cdn1.nuorder.com/product/4a173e65776bbb5e1aa92f39de47ce40.jpg
07-21-2021 @ 16:08:05 - Attachment ID:1275
07-21-2021 @ 16:08:05 - Setting Gallery Images.
07-21-2021 @ 16:08:05 - Image URL:https://cdn1.nuorder.com/product/265ff924cace96d5780f0dd4386e96b0.jpg
07-21-2021 @ 16:08:05 - Attachment ID:1273
07-21-2021 @ 16:08:05 - Image URL:NULL
07-21-2021 @ 16:08:06 - Unable to use image "NULL".
07-21-2021 @ 16:08:06 - Image URL:NULL
07-21-2021 @ 16:08:06 - Unable to use image "NULL".
07-21-2021 @ 16:08:06 - Image URL:NULL
07-21-2021 @ 16:08:06 - Unable to use image "NULL".
07-21-2021 @ 16:08:06 - Row :36 - Product imported successfully.
07-21-2021 @ 16:08:06 - Row :37 - Parsing item.
07-21-2021 @ 16:08:06 - Importing as new product ID:1283
07-21-2021 @ 16:08:06 - Row :37 - Processing item.
07-21-2021 @ 16:08:06 - Found variation product object. ID:1283
07-21-2021 @ 16:08:06 - Setting Featured Image. URL:https://cdn1.nuorder.com/product/4a173e65776bbb5e1aa92f39de47ce40.jpg
07-21-2021 @ 16:08:06 - Attachment ID:1275
07-21-2021 @ 16:08:06 - Setting Gallery Images.
07-21-2021 @ 16:08:06 - Image URL:https://cdn1.nuorder.com/product/265ff924cace96d5780f0dd4386e96b0.jpg
07-21-2021 @ 16:08:06 - Attachment ID:1273
07-21-2021 @ 16:08:06 - Image URL:NULL
07-21-2021 @ 16:08:06 - Unable to use image "NULL".
07-21-2021 @ 16:08:06 - Image URL:NULL
07-21-2021 @ 16:08:06 - Unable to use image "NULL".
07-21-2021 @ 16:08:06 - Image URL:NULL
07-21-2021 @ 16:08:06 - Unable to use image "NULL".
07-21-2021 @ 16:08:06 - Row :37 - Product imported successfully.
07-21-2021 @ 16:08:06 - Row :38 - Parsing item.
07-21-2021 @ 16:08:06 - Importing as new product ID:1284
07-21-2021 @ 16:08:06 - Row :38 - Processing item.
07-21-2021 @ 16:08:06 - Found variation product object. ID:1284
07-21-2021 @ 16:08:06 - Setting Featured Image. URL:https://cdn1.nuorder.com/product/4a173e65776bbb5e1aa92f39de47ce40.jpg
07-21-2021 @ 16:08:06 - Attachment ID:1275
07-21-2021 @ 16:08:06 - Setting Gallery Images.
07-21-2021 @ 16:08:06 - Image URL:https://cdn1.nuorder.com/product/265ff924cace96d5780f0dd4386e96b0.jpg
07-21-2021 @ 16:08:06 - Attachment ID:1273
07-21-2021 @ 16:08:06 - Image URL:NULL
07-21-2021 @ 16:08:06 - Unable to use image "NULL".
07-21-2021 @ 16:08:06 - Image URL:NULL
07-21-2021 @ 16:08:06 - Unable to use image "NULL".
07-21-2021 @ 16:08:06 - Image URL:NULL
07-21-2021 @ 16:08:06 - Unable to use image "NULL".
07-21-2021 @ 16:08:06 - Row :38 - Product imported successfully.
07-21-2021 @ 16:08:06 - Row :39 - Parsing item.
07-21-2021 @ 16:08:06 - Importing as new product ID:1285
07-21-2021 @ 16:08:06 - Row :39 - Processing item.
07-21-2021 @ 16:08:06 - Found variable product object. ID:1285
07-21-2021 @ 16:08:06 - Setting Featured Image. URL:https://nylimages.s3.amazonaws.com/HBI_125601_Black.jpg
07-21-2021 @ 16:08:07 - Attachment ID:1286
07-21-2021 @ 16:08:07 - Setting Gallery Images.
07-21-2021 @ 16:08:07 - Image URL:https://nylimages.s3.amazonaws.com/HBI_125601_HeatherGrey.jpg
07-21-2021 @ 16:08:08 - Attachment ID:1287
07-21-2021 @ 16:08:08 - Image URL:https://nylimages.s3.amazonaws.com/HBI_125601_DustyBlue.jpg
07-21-2021 @ 16:08:10 - Attachment ID:1288
07-21-2021 @ 16:08:10 - Image URL:https://nylimages.s3.amazonaws.com/HBI_125601_SeaportCombo.jpg
07-21-2021 @ 16:08:11 - Attachment ID:1289
07-21-2021 @ 16:08:11 - Image URL:https://nylimages.s3.amazonaws.com/HBI_125601_FlintStoneCombo.jpg
07-21-2021 @ 16:08:13 - Attachment ID:1290
07-21-2021 @ 16:08:13 - Image URL:https://nylimages.s3.amazonaws.com/HBI_125601_Black.jpg
07-21-2021 @ 16:08:13 - Attachment ID:1286
07-21-2021 @ 16:08:13 - Image URL:NULL
07-21-2021 @ 16:08:13 - Unable to use image "NULL".
07-21-2021 @ 16:08:13 - Image URL:NULL
07-21-2021 @ 16:08:13 - Unable to use image "NULL".
07-21-2021 @ 16:08:13 - Image URL:NULL
07-21-2021 @ 16:08:13 - Unable to use image "NULL".
07-21-2021 @ 16:08:13 - Row :39 - Product imported successfully.
07-21-2021 @ 16:08:13 - Row :40 - Parsing item.
07-21-2021 @ 16:08:13 - Importing as new product ID:1291
07-21-2021 @ 16:08:13 - Row :40 - Processing item.
07-21-2021 @ 16:08:13 - Found variation product object. ID:1291
07-21-2021 @ 16:08:13 - Setting Featured Image. URL:https://nylimages.s3.amazonaws.com/HBI_125601_Black.jpg
07-21-2021 @ 16:08:13 - Attachment ID:1286
07-21-2021 @ 16:08:13 - Setting Gallery Images.
07-21-2021 @ 16:08:13 - Image URL:https://nylimages.s3.amazonaws.com/HBI_125601_Black.jpg
07-21-2021 @ 16:08:13 - Attachment ID:1286
07-21-2021 @ 16:08:13 - Image URL:NULL
07-21-2021 @ 16:08:13 - Unable to use image "NULL".
07-21-2021 @ 16:08:13 - Image URL:NULL
07-21-2021 @ 16:08:13 - Unable to use image "NULL".
07-21-2021 @ 16:08:13 - Image URL:NULL
07-21-2021 @ 16:08:13 - Unable to use image "NULL".
07-21-2021 @ 16:08:13 - Row :40 - Product imported successfully.
07-21-2021 @ 16:08:14 - Preparing for import.
07-21-2021 @ 16:08:14 - Row :41 - Parsing item.
07-21-2021 @ 16:08:14 - Importing as new product ID:1292
07-21-2021 @ 16:08:14 - Row :41 - Processing item.
07-21-2021 @ 16:08:14 - Found variation product object. ID:1292
07-21-2021 @ 16:08:14 - Setting Featured Image. URL:https://nylimages.s3.amazonaws.com/HBI_125601_Black.jpg
07-21-2021 @ 16:08:14 - Attachment ID:1286
07-21-2021 @ 16:08:14 - Setting Gallery Images.
07-21-2021 @ 16:08:14 - Image URL:https://nylimages.s3.amazonaws.com/HBI_125601_Black.jpg
07-21-2021 @ 16:08:14 - Attachment ID:1286
07-21-2021 @ 16:08:14 - Image URL:NULL
07-21-2021 @ 16:08:14 - Unable to use image "NULL".
07-21-2021 @ 16:08:14 - Image URL:NULL
07-21-2021 @ 16:08:14 - Unable to use image "NULL".
07-21-2021 @ 16:08:14 - Image URL:NULL
07-21-2021 @ 16:08:14 - Unable to use image "NULL".
07-21-2021 @ 16:08:14 - Row :41 - Product imported successfully.
07-21-2021 @ 16:08:14 - Row :42 - Parsing item.
07-21-2021 @ 16:08:14 - Importing as new product ID:1293
07-21-2021 @ 16:08:14 - Row :42 - Processing item.
07-21-2021 @ 16:08:14 - Found variation product object. ID:1293
07-21-2021 @ 16:08:14 - Setting Featured Image. URL:https://nylimages.s3.amazonaws.com/HBI_125601_Black.jpg
07-21-2021 @ 16:08:14 - Attachment ID:1286
07-21-2021 @ 16:08:14 - Setting Gallery Images.
07-21-2021 @ 16:08:14 - Image URL:https://nylimages.s3.amazonaws.com/HBI_125601_Black.jpg
07-21-2021 @ 16:08:14 - Attachment ID:1286
07-21-2021 @ 16:08:14 - Image URL:NULL
07-21-2021 @ 16:08:14 - Unable to use image "NULL".
07-21-2021 @ 16:08:14 - Image URL:NULL
07-21-2021 @ 16:08:14 - Unable to use image "NULL".
07-21-2021 @ 16:08:14 - Image URL:NULL
07-21-2021 @ 16:08:14 - Unable to use image "NULL".
07-21-2021 @ 16:08:14 - Row :42 - Product imported successfully.
07-21-2021 @ 16:08:14 - Row :43 - Parsing item.
07-21-2021 @ 16:08:14 - Importing as new product ID:1294
07-21-2021 @ 16:08:14 - Row :43 - Processing item.
07-21-2021 @ 16:08:14 - Found variation product object. ID:1294
07-21-2021 @ 16:08:15 - Setting Featured Image. URL:https://nylimages.s3.amazonaws.com/HBI_125601_Black.jpg
07-21-2021 @ 16:08:15 - Attachment ID:1286
07-21-2021 @ 16:08:15 - Setting Gallery Images.
07-21-2021 @ 16:08:15 - Image URL:https://nylimages.s3.amazonaws.com/HBI_125601_Black.jpg
07-21-2021 @ 16:08:15 - Attachment ID:1286
07-21-2021 @ 16:08:15 - Image URL:NULL
07-21-2021 @ 16:08:15 - Unable to use image "NULL".
07-21-2021 @ 16:08:15 - Image URL:NULL
07-21-2021 @ 16:08:15 - Unable to use image "NULL".
07-21-2021 @ 16:08:15 - Image URL:NULL
07-21-2021 @ 16:08:15 - Unable to use image "NULL".
07-21-2021 @ 16:08:15 - Row :43 - Product imported successfully.
07-21-2021 @ 16:08:15 - Row :44 - Parsing item.
07-21-2021 @ 16:08:15 - Importing as new product ID:1295
07-21-2021 @ 16:08:15 - Row :44 - Processing item.
07-21-2021 @ 16:08:15 - Found variation product object. ID:1295
07-21-2021 @ 16:08:15 - Setting Featured Image. URL:https://nylimages.s3.amazonaws.com/HBI_125601_Black.jpg
07-21-2021 @ 16:08:15 - Attachment ID:1286
07-21-2021 @ 16:08:15 - Setting Gallery Images.
07-21-2021 @ 16:08:15 - Image URL:https://nylimages.s3.amazonaws.com/HBI_125601_Black.jpg
07-21-2021 @ 16:08:15 - Attachment ID:1286
07-21-2021 @ 16:08:15 - Image URL:NULL
07-21-2021 @ 16:08:15 - Unable to use image "NULL".
07-21-2021 @ 16:08:15 - Image URL:NULL
07-21-2021 @ 16:08:15 - Unable to use image "NULL".
07-21-2021 @ 16:08:15 - Image URL:NULL
07-21-2021 @ 16:08:15 - Unable to use image "NULL".
07-21-2021 @ 16:08:15 - Row :44 - Product imported successfully.
07-21-2021 @ 16:08:15 - Row :45 - Parsing item.
07-21-2021 @ 16:08:15 - Importing as new product ID:1296
07-21-2021 @ 16:08:15 - Row :45 - Processing item.
07-21-2021 @ 16:08:15 - Found variation product object. ID:1296
07-21-2021 @ 16:08:15 - Setting Featured Image. URL:https://nylimages.s3.amazonaws.com/HBI_125601_Black.jpg
07-21-2021 @ 16:08:15 - Attachment ID:1286
07-21-2021 @ 16:08:15 - Setting Gallery Images.
07-21-2021 @ 16:08:15 - Image URL:https://nylimages.s3.amazonaws.com/HBI_125601_Black.jpg
07-21-2021 @ 16:08:15 - Attachment ID:1286
07-21-2021 @ 16:08:15 - Image URL:NULL
07-21-2021 @ 16:08:15 - Unable to use image "NULL".
07-21-2021 @ 16:08:15 - Image URL:NULL
07-21-2021 @ 16:08:15 - Unable to use image "NULL".
07-21-2021 @ 16:08:15 - Image URL:NULL
07-21-2021 @ 16:08:15 - Unable to use image "NULL".
07-21-2021 @ 16:08:15 - Row :45 - Product imported successfully.
07-21-2021 @ 16:08:15 - Row :46 - Parsing item.
07-21-2021 @ 16:08:15 - Importing as new product ID:1297
07-21-2021 @ 16:08:15 - Row :46 - Processing item.
07-21-2021 @ 16:08:15 - Found variation product object. ID:1297
07-21-2021 @ 16:08:15 - Setting Featured Image. URL:https://nylimages.s3.amazonaws.com/HBI_125601_Black.jpg
07-21-2021 @ 16:08:15 - Attachment ID:1286
07-21-2021 @ 16:08:15 - Setting Gallery Images.
07-21-2021 @ 16:08:15 - Image URL:https://nylimages.s3.amazonaws.com/HBI_125601_Black.jpg
07-21-2021 @ 16:08:15 - Attachment ID:1286
07-21-2021 @ 16:08:15 - Image URL:NULL
07-21-2021 @ 16:08:15 - Unable to use image "NULL".
07-21-2021 @ 16:08:15 - Image URL:NULL
07-21-2021 @ 16:08:15 - Unable to use image "NULL".
07-21-2021 @ 16:08:15 - Image URL:NULL
07-21-2021 @ 16:08:15 - Unable to use image "NULL".
07-21-2021 @ 16:08:15 - Row :46 - Product imported successfully.
07-21-2021 @ 16:08:15 - Row :47 - Parsing item.
07-21-2021 @ 16:08:15 - Importing as new product ID:1298
07-21-2021 @ 16:08:15 - Row :47 - Processing item.
07-21-2021 @ 16:08:15 - Found variation product object. ID:1298
07-21-2021 @ 16:08:15 - Setting Featured Image. URL:https://nylimages.s3.amazonaws.com/HBI_125601_HeatherGrey.jpg
07-21-2021 @ 16:08:15 - Attachment ID:1287
07-21-2021 @ 16:08:15 - Setting Gallery Images.
07-21-2021 @ 16:08:15 - Image URL:https://nylimages.s3.amazonaws.com/HBI_125601_Black.jpg
07-21-2021 @ 16:08:15 - Attachment ID:1286
07-21-2021 @ 16:08:15 - Image URL:NULL
07-21-2021 @ 16:08:15 - Unable to use image "NULL".
07-21-2021 @ 16:08:15 - Image URL:NULL
07-21-2021 @ 16:08:15 - Unable to use image "NULL".
07-21-2021 @ 16:08:15 - Image URL:NULL
07-21-2021 @ 16:08:15 - Unable to use image "NULL".
07-21-2021 @ 16:08:15 - Row :47 - Product imported successfully.
07-21-2021 @ 16:08:15 - Row :48 - Parsing item.
07-21-2021 @ 16:08:15 - Importing as new product ID:1299
07-21-2021 @ 16:08:15 - Row :48 - Processing item.
07-21-2021 @ 16:08:15 - Found variation product object. ID:1299
07-21-2021 @ 16:08:15 - Setting Featured Image. URL:https://nylimages.s3.amazonaws.com/HBI_125601_HeatherGrey.jpg
07-21-2021 @ 16:08:15 - Attachment ID:1287
07-21-2021 @ 16:08:15 - Setting Gallery Images.
07-21-2021 @ 16:08:15 - Image URL:https://nylimages.s3.amazonaws.com/HBI_125601_Black.jpg
07-21-2021 @ 16:08:15 - Attachment ID:1286
07-21-2021 @ 16:08:15 - Image URL:NULL
07-21-2021 @ 16:08:15 - Unable to use image "NULL".
07-21-2021 @ 16:08:15 - Image URL:NULL
07-21-2021 @ 16:08:15 - Unable to use image "NULL".
07-21-2021 @ 16:08:15 - Image URL:NULL
07-21-2021 @ 16:08:15 - Unable to use image "NULL".
07-21-2021 @ 16:08:15 - Row :48 - Product imported successfully.
07-21-2021 @ 16:08:15 - Row :49 - Parsing item.
07-21-2021 @ 16:08:15 - Importing as new product ID:1300
07-21-2021 @ 16:08:15 - Row :49 - Processing item.
07-21-2021 @ 16:08:15 - Found variation product object. ID:1300
07-21-2021 @ 16:08:15 - Setting Featured Image. URL:https://nylimages.s3.amazonaws.com/HBI_125601_HeatherGrey.jpg
07-21-2021 @ 16:08:15 - Attachment ID:1287
07-21-2021 @ 16:08:15 - Setting Gallery Images.
07-21-2021 @ 16:08:15 - Image URL:https://nylimages.s3.amazonaws.com/HBI_125601_Black.jpg
07-21-2021 @ 16:08:15 - Attachment ID:1286
07-21-2021 @ 16:08:15 - Image URL:NULL
07-21-2021 @ 16:08:15 - Unable to use image "NULL".
07-21-2021 @ 16:08:15 - Image URL:NULL
07-21-2021 @ 16:08:15 - Unable to use image "NULL".
07-21-2021 @ 16:08:15 - Image URL:NULL
07-21-2021 @ 16:08:15 - Unable to use image "NULL".
07-21-2021 @ 16:08:15 - Row :49 - Product imported successfully.
07-21-2021 @ 16:08:15 - Row :50 - Parsing item.
07-21-2021 @ 16:08:15 - Importing as new product ID:1301
07-21-2021 @ 16:08:15 - Row :50 - Processing item.
07-21-2021 @ 16:08:15 - Found variation product object. ID:1301
07-21-2021 @ 16:08:15 - Setting Featured Image. URL:https://nylimages.s3.amazonaws.com/HBI_125601_HeatherGrey.jpg
07-21-2021 @ 16:08:15 - Attachment ID:1287
07-21-2021 @ 16:08:15 - Setting Gallery Images.
07-21-2021 @ 16:08:15 - Image URL:https://nylimages.s3.amazonaws.com/HBI_125601_Black.jpg
07-21-2021 @ 16:08:15 - Attachment ID:1286
07-21-2021 @ 16:08:15 - Image URL:NULL
07-21-2021 @ 16:08:15 - Unable to use image "NULL".
07-21-2021 @ 16:08:15 - Image URL:NULL
07-21-2021 @ 16:08:15 - Unable to use image "NULL".
07-21-2021 @ 16:08:15 - Image URL:NULL
07-21-2021 @ 16:08:15 - Unable to use image "NULL".
07-21-2021 @ 16:08:15 - Row :50 - Product imported successfully.
07-21-2021 @ 16:08:17 - Preparing for import.
07-21-2021 @ 16:08:17 - Row :51 - Parsing item.
07-21-2021 @ 16:08:17 - Importing as new product ID:1302
07-21-2021 @ 16:08:17 - Row :51 - Processing item.
07-21-2021 @ 16:08:17 - Found variation product object. ID:1302
07-21-2021 @ 16:08:17 - Setting Featured Image. URL:https://nylimages.s3.amazonaws.com/HBI_125601_HeatherGrey.jpg
07-21-2021 @ 16:08:17 - Attachment ID:1287
07-21-2021 @ 16:08:17 - Setting Gallery Images.
07-21-2021 @ 16:08:17 - Image URL:https://nylimages.s3.amazonaws.com/HBI_125601_Black.jpg
07-21-2021 @ 16:08:17 - Attachment ID:1286
07-21-2021 @ 16:08:17 - Image URL:NULL
07-21-2021 @ 16:08:17 - Unable to use image "NULL".
07-21-2021 @ 16:08:17 - Image URL:NULL
07-21-2021 @ 16:08:17 - Unable to use image "NULL".
07-21-2021 @ 16:08:17 - Image URL:NULL
07-21-2021 @ 16:08:17 - Unable to use image "NULL".
07-21-2021 @ 16:08:17 - Row :51 - Product imported successfully.
07-21-2021 @ 16:08:17 - Row :52 - Parsing item.
07-21-2021 @ 16:08:17 - Importing as new product ID:1303
07-21-2021 @ 16:08:17 - Row :52 - Processing item.
07-21-2021 @ 16:08:17 - Found variation product object. ID:1303
07-21-2021 @ 16:08:17 - Setting Featured Image. URL:https://nylimages.s3.amazonaws.com/HBI_125601_HeatherGrey.jpg
07-21-2021 @ 16:08:17 - Attachment ID:1287
07-21-2021 @ 16:08:17 - Setting Gallery Images.
07-21-2021 @ 16:08:17 - Image URL:https://nylimages.s3.amazonaws.com/HBI_125601_Black.jpg
07-21-2021 @ 16:08:17 - Attachment ID:1286
07-21-2021 @ 16:08:17 - Image URL:NULL
07-21-2021 @ 16:08:17 - Unable to use image "NULL".
07-21-2021 @ 16:08:17 - Image URL:NULL
07-21-2021 @ 16:08:17 - Unable to use image "NULL".
07-21-2021 @ 16:08:17 - Image URL:NULL
07-21-2021 @ 16:08:17 - Unable to use image "NULL".
07-21-2021 @ 16:08:17 - Row :52 - Product imported successfully.
07-21-2021 @ 16:08:17 - Row :53 - Parsing item.
07-21-2021 @ 16:08:17 - Importing as new product ID:1304
07-21-2021 @ 16:08:17 - Row :53 - Processing item.
07-21-2021 @ 16:08:17 - Found variation product object. ID:1304
07-21-2021 @ 16:08:17 - Setting Featured Image. URL:https://nylimages.s3.amazonaws.com/HBI_125601_HeatherGrey.jpg
07-21-2021 @ 16:08:17 - Attachment ID:1287
07-21-2021 @ 16:08:17 - Setting Gallery Images.
07-21-2021 @ 16:08:17 - Image URL:https://nylimages.s3.amazonaws.com/HBI_125601_Black.jpg
07-21-2021 @ 16:08:17 - Attachment ID:1286
07-21-2021 @ 16:08:17 - Image URL:NULL
07-21-2021 @ 16:08:17 - Unable to use image "NULL".
07-21-2021 @ 16:08:17 - Image URL:NULL
07-21-2021 @ 16:08:17 - Unable to use image "NULL".
07-21-2021 @ 16:08:17 - Image URL:NULL
07-21-2021 @ 16:08:17 - Unable to use image "NULL".
07-21-2021 @ 16:08:17 - Row :53 - Product imported successfully.
07-21-2021 @ 16:08:17 - Row :54 - Parsing item.
07-21-2021 @ 16:08:17 - Importing as new product ID:1305
07-21-2021 @ 16:08:17 - Row :54 - Processing item.
07-21-2021 @ 16:08:17 - Found variation product object. ID:1305
07-21-2021 @ 16:08:17 - Setting Featured Image. URL:https://nylimages.s3.amazonaws.com/HBI_125601_DustyBlue.jpg
07-21-2021 @ 16:08:17 - Attachment ID:1288
07-21-2021 @ 16:08:17 - Setting Gallery Images.
07-21-2021 @ 16:08:17 - Image URL:https://nylimages.s3.amazonaws.com/HBI_125601_Black.jpg
07-21-2021 @ 16:08:17 - Attachment ID:1286
07-21-2021 @ 16:08:17 - Image URL:NULL
07-21-2021 @ 16:08:17 - Unable to use image "NULL".
07-21-2021 @ 16:08:17 - Image URL:NULL
07-21-2021 @ 16:08:17 - Unable to use image "NULL".
07-21-2021 @ 16:08:17 - Image URL:NULL
07-21-2021 @ 16:08:17 - Unable to use image "NULL".
07-21-2021 @ 16:08:17 - Row :54 - Product imported successfully.
07-21-2021 @ 16:08:17 - Row :55 - Parsing item.
07-21-2021 @ 16:08:17 - Importing as new product ID:1306
07-21-2021 @ 16:08:17 - Row :55 - Processing item.
07-21-2021 @ 16:08:17 - Found variation product object. ID:1306
07-21-2021 @ 16:08:17 - Setting Featured Image. URL:https://nylimages.s3.amazonaws.com/HBI_125601_DustyBlue.jpg
07-21-2021 @ 16:08:17 - Attachment ID:1288
07-21-2021 @ 16:08:17 - Setting Gallery Images.
07-21-2021 @ 16:08:17 - Image URL:https://nylimages.s3.amazonaws.com/HBI_125601_Black.jpg
07-21-2021 @ 16:08:17 - Attachment ID:1286
07-21-2021 @ 16:08:17 - Image URL:NULL
07-21-2021 @ 16:08:17 - Unable to use image "NULL".
07-21-2021 @ 16:08:17 - Image URL:NULL
07-21-2021 @ 16:08:17 - Unable to use image "NULL".
07-21-2021 @ 16:08:17 - Image URL:NULL
07-21-2021 @ 16:08:17 - Unable to use image "NULL".
07-21-2021 @ 16:08:17 - Row :55 - Product imported successfully.
07-21-2021 @ 16:08:17 - Row :56 - Parsing item.
07-21-2021 @ 16:08:17 - Importing as new product ID:1307
07-21-2021 @ 16:08:17 - Row :56 - Processing item.
07-21-2021 @ 16:08:17 - Found variation product object. ID:1307
07-21-2021 @ 16:08:17 - Setting Featured Image. URL:https://nylimages.s3.amazonaws.com/HBI_125601_DustyBlue.jpg
07-21-2021 @ 16:08:17 - Attachment ID:1288
07-21-2021 @ 16:08:17 - Setting Gallery Images.
07-21-2021 @ 16:08:17 - Image URL:https://nylimages.s3.amazonaws.com/HBI_125601_Black.jpg
07-21-2021 @ 16:08:17 - Attachment ID:1286
07-21-2021 @ 16:08:17 - Image URL:NULL
07-21-2021 @ 16:08:17 - Unable to use image "NULL".
07-21-2021 @ 16:08:17 - Image URL:NULL
07-21-2021 @ 16:08:17 - Unable to use image "NULL".
07-21-2021 @ 16:08:17 - Image URL:NULL
07-21-2021 @ 16:08:17 - Unable to use image "NULL".
07-21-2021 @ 16:08:17 - Row :56 - Product imported successfully.
07-21-2021 @ 16:08:17 - Row :57 - Parsing item.
07-21-2021 @ 16:08:17 - Importing as new product ID:1308
07-21-2021 @ 16:08:17 - Row :57 - Processing item.
07-21-2021 @ 16:08:18 - Found variation product object. ID:1308
07-21-2021 @ 16:08:18 - Setting Featured Image. URL:https://nylimages.s3.amazonaws.com/HBI_125601_DustyBlue.jpg
07-21-2021 @ 16:08:18 - Attachment ID:1288
07-21-2021 @ 16:08:18 - Setting Gallery Images.
07-21-2021 @ 16:08:18 - Image URL:https://nylimages.s3.amazonaws.com/HBI_125601_Black.jpg
07-21-2021 @ 16:08:18 - Attachment ID:1286
07-21-2021 @ 16:08:18 - Image URL:NULL
07-21-2021 @ 16:08:18 - Unable to use image "NULL".
07-21-2021 @ 16:08:18 - Image URL:NULL
07-21-2021 @ 16:08:18 - Unable to use image "NULL".
07-21-2021 @ 16:08:18 - Image URL:NULL
07-21-2021 @ 16:08:18 - Unable to use image "NULL".
07-21-2021 @ 16:08:18 - Row :57 - Product imported successfully.
07-21-2021 @ 16:08:18 - Row :58 - Parsing item.
07-21-2021 @ 16:08:18 - Importing as new product ID:1309
07-21-2021 @ 16:08:18 - Row :58 - Processing item.
07-21-2021 @ 16:08:18 - Found variation product object. ID:1309
07-21-2021 @ 16:08:18 - Setting Featured Image. URL:https://nylimages.s3.amazonaws.com/HBI_125601_DustyBlue.jpg
07-21-2021 @ 16:08:18 - Attachment ID:1288
07-21-2021 @ 16:08:18 - Setting Gallery Images.
07-21-2021 @ 16:08:18 - Image URL:https://nylimages.s3.amazonaws.com/HBI_125601_Black.jpg
07-21-2021 @ 16:08:18 - Attachment ID:1286
07-21-2021 @ 16:08:18 - Image URL:NULL
07-21-2021 @ 16:08:18 - Unable to use image "NULL".
07-21-2021 @ 16:08:18 - Image URL:NULL
07-21-2021 @ 16:08:18 - Unable to use image "NULL".
07-21-2021 @ 16:08:18 - Image URL:NULL
07-21-2021 @ 16:08:18 - Unable to use image "NULL".
07-21-2021 @ 16:08:18 - Row :58 - Product imported successfully.
07-21-2021 @ 16:08:18 - Row :59 - Parsing item.
07-21-2021 @ 16:08:18 - Importing as new product ID:1310
07-21-2021 @ 16:08:18 - Row :59 - Processing item.
07-21-2021 @ 16:08:18 - Found variation product object. ID:1310
07-21-2021 @ 16:08:18 - Setting Featured Image. URL:https://nylimages.s3.amazonaws.com/HBI_125601_DustyBlue.jpg
07-21-2021 @ 16:08:18 - Attachment ID:1288
07-21-2021 @ 16:08:18 - Setting Gallery Images.
07-21-2021 @ 16:08:18 - Image URL:https://nylimages.s3.amazonaws.com/HBI_125601_Black.jpg
07-21-2021 @ 16:08:18 - Attachment ID:1286
07-21-2021 @ 16:08:18 - Image URL:NULL
07-21-2021 @ 16:08:18 - Unable to use image "NULL".
07-21-2021 @ 16:08:18 - Image URL:NULL
07-21-2021 @ 16:08:18 - Unable to use image "NULL".
07-21-2021 @ 16:08:18 - Image URL:NULL
07-21-2021 @ 16:08:18 - Unable to use image "NULL".
07-21-2021 @ 16:08:18 - Row :59 - Product imported successfully.
07-21-2021 @ 16:08:18 - Row :60 - Parsing item.
07-21-2021 @ 16:08:18 - Importing as new product ID:1311
07-21-2021 @ 16:08:18 - Row :60 - Processing item.
07-21-2021 @ 16:08:18 - Found variation product object. ID:1311
07-21-2021 @ 16:08:18 - Setting Featured Image. URL:https://nylimages.s3.amazonaws.com/HBI_125601_DustyBlue.jpg
07-21-2021 @ 16:08:18 - Attachment ID:1288
07-21-2021 @ 16:08:18 - Setting Gallery Images.
07-21-2021 @ 16:08:18 - Image URL:https://nylimages.s3.amazonaws.com/HBI_125601_Black.jpg
07-21-2021 @ 16:08:18 - Attachment ID:1286
07-21-2021 @ 16:08:18 - Image URL:NULL
07-21-2021 @ 16:08:18 - Unable to use image "NULL".
07-21-2021 @ 16:08:18 - Image URL:NULL
07-21-2021 @ 16:08:18 - Unable to use image "NULL".
07-21-2021 @ 16:08:18 - Image URL:NULL
07-21-2021 @ 16:08:18 - Unable to use image "NULL".
07-21-2021 @ 16:08:18 - Row :60 - Product imported successfully.
07-21-2021 @ 16:08:20 - Preparing for import.
07-21-2021 @ 16:08:20 - Row :61 - Parsing item.
07-21-2021 @ 16:08:20 - Importing as new product ID:1312
07-21-2021 @ 16:08:20 - Row :61 - Processing item.
07-21-2021 @ 16:08:20 - Found variation product object. ID:1312
07-21-2021 @ 16:08:21 - Setting Featured Image. URL:https://nylimages.s3.amazonaws.com/HBI_125601_SeaportCombo.jpg
07-21-2021 @ 16:08:21 - Attachment ID:1289
07-21-2021 @ 16:08:21 - Setting Gallery Images.
07-21-2021 @ 16:08:21 - Image URL:https://nylimages.s3.amazonaws.com/HBI_125601_Black.jpg
07-21-2021 @ 16:08:21 - Attachment ID:1286
07-21-2021 @ 16:08:21 - Image URL:NULL
07-21-2021 @ 16:08:21 - Unable to use image "NULL".
07-21-2021 @ 16:08:21 - Image URL:NULL
07-21-2021 @ 16:08:21 - Unable to use image "NULL".
07-21-2021 @ 16:08:21 - Image URL:NULL
07-21-2021 @ 16:08:21 - Unable to use image "NULL".
07-21-2021 @ 16:08:21 - Row :61 - Product imported successfully.
07-21-2021 @ 16:08:21 - Row :62 - Parsing item.
07-21-2021 @ 16:08:21 - Importing as new product ID:1313
07-21-2021 @ 16:08:21 - Row :62 - Processing item.
07-21-2021 @ 16:08:21 - Found variation product object. ID:1313
07-21-2021 @ 16:08:21 - Setting Featured Image. URL:https://nylimages.s3.amazonaws.com/HBI_125601_SeaportCombo.jpg
07-21-2021 @ 16:08:21 - Attachment ID:1289
07-21-2021 @ 16:08:21 - Setting Gallery Images.
07-21-2021 @ 16:08:21 - Image URL:https://nylimages.s3.amazonaws.com/HBI_125601_Black.jpg
07-21-2021 @ 16:08:21 - Attachment ID:1286
07-21-2021 @ 16:08:21 - Image URL:NULL
07-21-2021 @ 16:08:21 - Unable to use image "NULL".
07-21-2021 @ 16:08:21 - Image URL:NULL
07-21-2021 @ 16:08:21 - Unable to use image "NULL".
07-21-2021 @ 16:08:21 - Image URL:NULL
07-21-2021 @ 16:08:21 - Unable to use image "NULL".
07-21-2021 @ 16:08:21 - Row :62 - Product imported successfully.
07-21-2021 @ 16:08:21 - Row :63 - Parsing item.
07-21-2021 @ 16:08:21 - Importing as new product ID:1314
07-21-2021 @ 16:08:21 - Row :63 - Processing item.
07-21-2021 @ 16:08:21 - Found variation product object. ID:1314
07-21-2021 @ 16:08:21 - Setting Featured Image. URL:https://nylimages.s3.amazonaws.com/HBI_125601_SeaportCombo.jpg
07-21-2021 @ 16:08:21 - Attachment ID:1289
07-21-2021 @ 16:08:21 - Setting Gallery Images.
07-21-2021 @ 16:08:21 - Image URL:https://nylimages.s3.amazonaws.com/HBI_125601_Black.jpg
07-21-2021 @ 16:08:21 - Attachment ID:1286
07-21-2021 @ 16:08:21 - Image URL:NULL
07-21-2021 @ 16:08:21 - Unable to use image "NULL".
07-21-2021 @ 16:08:21 - Image URL:NULL
07-21-2021 @ 16:08:21 - Unable to use image "NULL".
07-21-2021 @ 16:08:21 - Image URL:NULL
07-21-2021 @ 16:08:21 - Unable to use image "NULL".
07-21-2021 @ 16:08:21 - Row :63 - Product imported successfully.
07-21-2021 @ 16:08:21 - Row :64 - Parsing item.
07-21-2021 @ 16:08:21 - Importing as new product ID:1315
07-21-2021 @ 16:08:21 - Row :64 - Processing item.
07-21-2021 @ 16:08:21 - Found variation product object. ID:1315
07-21-2021 @ 16:08:21 - Setting Featured Image. URL:https://nylimages.s3.amazonaws.com/HBI_125601_SeaportCombo.jpg
07-21-2021 @ 16:08:21 - Attachment ID:1289
07-21-2021 @ 16:08:21 - Setting Gallery Images.
07-21-2021 @ 16:08:21 - Image URL:https://nylimages.s3.amazonaws.com/HBI_125601_Black.jpg
07-21-2021 @ 16:08:21 - Attachment ID:1286
07-21-2021 @ 16:08:21 - Image URL:NULL
07-21-2021 @ 16:08:21 - Unable to use image "NULL".
07-21-2021 @ 16:08:21 - Image URL:NULL
07-21-2021 @ 16:08:21 - Unable to use image "NULL".
07-21-2021 @ 16:08:21 - Image URL:NULL
07-21-2021 @ 16:08:21 - Unable to use image "NULL".
07-21-2021 @ 16:08:21 - Row :64 - Product imported successfully.
07-21-2021 @ 16:08:21 - Row :65 - Parsing item.
07-21-2021 @ 16:08:21 - Importing as new product ID:1316
07-21-2021 @ 16:08:21 - Row :65 - Processing item.
07-21-2021 @ 16:08:21 - Found variation product object. ID:1316
07-21-2021 @ 16:08:21 - Setting Featured Image. URL:https://nylimages.s3.amazonaws.com/HBI_125601_SeaportCombo.jpg
07-21-2021 @ 16:08:21 - Attachment ID:1289
07-21-2021 @ 16:08:21 - Setting Gallery Images.
07-21-2021 @ 16:08:21 - Image URL:https://nylimages.s3.amazonaws.com/HBI_125601_Black.jpg
07-21-2021 @ 16:08:21 - Attachment ID:1286
07-21-2021 @ 16:08:21 - Image URL:NULL
07-21-2021 @ 16:08:21 - Unable to use image "NULL".
07-21-2021 @ 16:08:21 - Image URL:NULL
07-21-2021 @ 16:08:21 - Unable to use image "NULL".
07-21-2021 @ 16:08:21 - Image URL:NULL
07-21-2021 @ 16:08:21 - Unable to use image "NULL".
07-21-2021 @ 16:08:21 - Row :65 - Product imported successfully.
07-21-2021 @ 16:08:21 - Row :66 - Parsing item.
07-21-2021 @ 16:08:21 - Importing as new product ID:1317
07-21-2021 @ 16:08:21 - Row :66 - Processing item.
07-21-2021 @ 16:08:21 - Found variation product object. ID:1317
07-21-2021 @ 16:08:21 - Setting Featured Image. URL:https://nylimages.s3.amazonaws.com/HBI_125601_SeaportCombo.jpg
07-21-2021 @ 16:08:21 - Attachment ID:1289
07-21-2021 @ 16:08:21 - Setting Gallery Images.
07-21-2021 @ 16:08:21 - Image URL:https://nylimages.s3.amazonaws.com/HBI_125601_Black.jpg
07-21-2021 @ 16:08:21 - Attachment ID:1286
07-21-2021 @ 16:08:21 - Image URL:NULL
07-21-2021 @ 16:08:21 - Unable to use image "NULL".
07-21-2021 @ 16:08:21 - Image URL:NULL
07-21-2021 @ 16:08:21 - Unable to use image "NULL".
07-21-2021 @ 16:08:21 - Image URL:NULL
07-21-2021 @ 16:08:21 - Unable to use image "NULL".
07-21-2021 @ 16:08:21 - Row :66 - Product imported successfully.
07-21-2021 @ 16:08:21 - Row :67 - Parsing item.
07-21-2021 @ 16:08:21 - Importing as new product ID:1318
07-21-2021 @ 16:08:21 - Row :67 - Processing item.
07-21-2021 @ 16:08:21 - Found variation product object. ID:1318
07-21-2021 @ 16:08:21 - Setting Featured Image. URL:https://nylimages.s3.amazonaws.com/HBI_125601_SeaportCombo.jpg
07-21-2021 @ 16:08:21 - Attachment ID:1289
07-21-2021 @ 16:08:21 - Setting Gallery Images.
07-21-2021 @ 16:08:21 - Image URL:https://nylimages.s3.amazonaws.com/HBI_125601_Black.jpg
07-21-2021 @ 16:08:21 - Attachment ID:1286
07-21-2021 @ 16:08:21 - Image URL:NULL
07-21-2021 @ 16:08:21 - Unable to use image "NULL".
07-21-2021 @ 16:08:21 - Image URL:NULL
07-21-2021 @ 16:08:21 - Unable to use image "NULL".
07-21-2021 @ 16:08:21 - Image URL:NULL
07-21-2021 @ 16:08:21 - Unable to use image "NULL".
07-21-2021 @ 16:08:21 - Row :67 - Product imported successfully.
07-21-2021 @ 16:08:21 - Row :68 - Parsing item.
07-21-2021 @ 16:08:21 - Importing as new product ID:1319
07-21-2021 @ 16:08:21 - Row :68 - Processing item.
07-21-2021 @ 16:08:21 - Found variation product object. ID:1319
07-21-2021 @ 16:08:21 - Setting Featured Image. URL:https://nylimages.s3.amazonaws.com/HBI_125601_FlintStoneCombo.jpg
07-21-2021 @ 16:08:21 - Attachment ID:1290
07-21-2021 @ 16:08:21 - Setting Gallery Images.
07-21-2021 @ 16:08:21 - Image URL:https://nylimages.s3.amazonaws.com/HBI_125601_Black.jpg
07-21-2021 @ 16:08:21 - Attachment ID:1286
07-21-2021 @ 16:08:21 - Image URL:NULL
07-21-2021 @ 16:08:21 - Unable to use image "NULL".
07-21-2021 @ 16:08:21 - Image URL:NULL
07-21-2021 @ 16:08:21 - Unable to use image "NULL".
07-21-2021 @ 16:08:21 - Image URL:NULL
07-21-2021 @ 16:08:21 - Unable to use image "NULL".
07-21-2021 @ 16:08:21 - Row :68 - Product imported successfully.
07-21-2021 @ 16:08:21 - Row :69 - Parsing item.
07-21-2021 @ 16:08:21 - Importing as new product ID:1320
07-21-2021 @ 16:08:21 - Row :69 - Processing item.
07-21-2021 @ 16:08:21 - Found variation product object. ID:1320
07-21-2021 @ 16:08:21 - Setting Featured Image. URL:https://nylimages.s3.amazonaws.com/HBI_125601_FlintStoneCombo.jpg
07-21-2021 @ 16:08:21 - Attachment ID:1290
07-21-2021 @ 16:08:21 - Setting Gallery Images.
07-21-2021 @ 16:08:21 - Image URL:https://nylimages.s3.amazonaws.com/HBI_125601_Black.jpg
07-21-2021 @ 16:08:21 - Attachment ID:1286
07-21-2021 @ 16:08:21 - Image URL:NULL
07-21-2021 @ 16:08:21 - Unable to use image "NULL".
07-21-2021 @ 16:08:21 - Image URL:NULL
07-21-2021 @ 16:08:21 - Unable to use image "NULL".
07-21-2021 @ 16:08:21 - Image URL:NULL
07-21-2021 @ 16:08:21 - Unable to use image "NULL".
07-21-2021 @ 16:08:21 - Row :69 - Product imported successfully.
07-21-2021 @ 16:08:21 - Row :70 - Parsing item.
07-21-2021 @ 16:08:21 - Importing as new product ID:1321
07-21-2021 @ 16:08:21 - Row :70 - Processing item.
07-21-2021 @ 16:08:21 - Found variation product object. ID:1321
07-21-2021 @ 16:08:21 - Setting Featured Image. URL:https://nylimages.s3.amazonaws.com/HBI_125601_FlintStoneCombo.jpg
07-21-2021 @ 16:08:21 - Attachment ID:1290
07-21-2021 @ 16:08:21 - Setting Gallery Images.
07-21-2021 @ 16:08:21 - Image URL:https://nylimages.s3.amazonaws.com/HBI_125601_Black.jpg
07-21-2021 @ 16:08:21 - Attachment ID:1286
07-21-2021 @ 16:08:21 - Image URL:NULL
07-21-2021 @ 16:08:21 - Unable to use image "NULL".
07-21-2021 @ 16:08:21 - Image URL:NULL
07-21-2021 @ 16:08:21 - Unable to use image "NULL".
07-21-2021 @ 16:08:21 - Image URL:NULL
07-21-2021 @ 16:08:21 - Unable to use image "NULL".
07-21-2021 @ 16:08:22 - Row :70 - Product imported successfully.
07-21-2021 @ 16:08:23 - Preparing for import.
07-21-2021 @ 16:08:23 - Row :71 - Parsing item.
07-21-2021 @ 16:08:23 - Importing as new product ID:1322
07-21-2021 @ 16:08:23 - Row :71 - Processing item.
07-21-2021 @ 16:08:23 - Found variation product object. ID:1322
07-21-2021 @ 16:08:23 - Setting Featured Image. URL:https://nylimages.s3.amazonaws.com/HBI_125601_FlintStoneCombo.jpg
07-21-2021 @ 16:08:23 - Attachment ID:1290
07-21-2021 @ 16:08:23 - Setting Gallery Images.
07-21-2021 @ 16:08:23 - Image URL:https://nylimages.s3.amazonaws.com/HBI_125601_Black.jpg
07-21-2021 @ 16:08:23 - Attachment ID:1286
07-21-2021 @ 16:08:23 - Image URL:NULL
07-21-2021 @ 16:08:23 - Unable to use image "NULL".
07-21-2021 @ 16:08:23 - Image URL:NULL
07-21-2021 @ 16:08:23 - Unable to use image "NULL".
07-21-2021 @ 16:08:23 - Image URL:NULL
07-21-2021 @ 16:08:23 - Unable to use image "NULL".
07-21-2021 @ 16:08:23 - Row :71 - Product imported successfully.
07-21-2021 @ 16:08:23 - Row :72 - Parsing item.
07-21-2021 @ 16:08:23 - Importing as new product ID:1323
07-21-2021 @ 16:08:23 - Row :72 - Processing item.
07-21-2021 @ 16:08:23 - Found variation product object. ID:1323
07-21-2021 @ 16:08:23 - Setting Featured Image. URL:https://nylimages.s3.amazonaws.com/HBI_125601_FlintStoneCombo.jpg
07-21-2021 @ 16:08:23 - Attachment ID:1290
07-21-2021 @ 16:08:23 - Setting Gallery Images.
07-21-2021 @ 16:08:23 - Image URL:https://nylimages.s3.amazonaws.com/HBI_125601_Black.jpg
07-21-2021 @ 16:08:23 - Attachment ID:1286
07-21-2021 @ 16:08:23 - Image URL:NULL
07-21-2021 @ 16:08:23 - Unable to use image "NULL".
07-21-2021 @ 16:08:23 - Image URL:NULL
07-21-2021 @ 16:08:23 - Unable to use image "NULL".
07-21-2021 @ 16:08:23 - Image URL:NULL
07-21-2021 @ 16:08:23 - Unable to use image "NULL".
07-21-2021 @ 16:08:23 - Row :72 - Product imported successfully.
07-21-2021 @ 16:08:23 - Row :73 - Parsing item.
07-21-2021 @ 16:08:23 - Importing as new product ID:1324
07-21-2021 @ 16:08:23 - Row :73 - Processing item.
07-21-2021 @ 16:08:23 - Found variation product object. ID:1324
07-21-2021 @ 16:08:23 - Setting Featured Image. URL:https://nylimages.s3.amazonaws.com/HBI_125601_FlintStoneCombo.jpg
07-21-2021 @ 16:08:23 - Attachment ID:1290
07-21-2021 @ 16:08:23 - Setting Gallery Images.
07-21-2021 @ 16:08:23 - Image URL:https://nylimages.s3.amazonaws.com/HBI_125601_Black.jpg
07-21-2021 @ 16:08:23 - Attachment ID:1286
07-21-2021 @ 16:08:23 - Image URL:NULL
07-21-2021 @ 16:08:23 - Unable to use image "NULL".
07-21-2021 @ 16:08:23 - Image URL:NULL
07-21-2021 @ 16:08:23 - Unable to use image "NULL".
07-21-2021 @ 16:08:23 - Image URL:NULL
07-21-2021 @ 16:08:23 - Unable to use image "NULL".
07-21-2021 @ 16:08:23 - Row :73 - Product imported successfully.
07-21-2021 @ 16:08:23 - Row :74 - Parsing item.
07-21-2021 @ 16:08:23 - Importing as new product ID:1325
07-21-2021 @ 16:08:23 - Row :74 - Processing item.
07-21-2021 @ 16:08:23 - Found variation product object. ID:1325
07-21-2021 @ 16:08:23 - Setting Featured Image. URL:https://nylimages.s3.amazonaws.com/HBI_125601_FlintStoneCombo.jpg
07-21-2021 @ 16:08:23 - Attachment ID:1290
07-21-2021 @ 16:08:23 - Setting Gallery Images.
07-21-2021 @ 16:08:23 - Image URL:https://nylimages.s3.amazonaws.com/HBI_125601_Black.jpg
07-21-2021 @ 16:08:23 - Attachment ID:1286
07-21-2021 @ 16:08:23 - Image URL:NULL
07-21-2021 @ 16:08:23 - Unable to use image "NULL".
07-21-2021 @ 16:08:23 - Image URL:NULL
07-21-2021 @ 16:08:23 - Unable to use image "NULL".
07-21-2021 @ 16:08:23 - Image URL:NULL
07-21-2021 @ 16:08:23 - Unable to use image "NULL".
07-21-2021 @ 16:08:23 - Row :74 - Product imported successfully.
07-21-2021 @ 16:08:23 - Row :75 - Parsing item.
07-21-2021 @ 16:08:23 - Importing as new product ID:1326
07-21-2021 @ 16:08:23 - Row :75 - Processing item.
07-21-2021 @ 16:08:23 - Found variable product object. ID:1326
07-21-2021 @ 16:08:23 - Setting Featured Image. URL:https://cdn1.nuorder.com/product/be3a150263dcccf4212053836e73067a.jpg
07-21-2021 @ 16:08:24 - Attachment ID:1327
07-21-2021 @ 16:08:24 - Setting Gallery Images.
07-21-2021 @ 16:08:24 - Image URL:https://cdn1.nuorder.com/product/be3a150263dcccf4212053836e73067a.jpg
07-21-2021 @ 16:08:24 - Attachment ID:1327
07-21-2021 @ 16:08:24 - Image URL:NULL
07-21-2021 @ 16:08:24 - Unable to use image "NULL".
07-21-2021 @ 16:08:24 - Image URL:NULL
07-21-2021 @ 16:08:24 - Unable to use image "NULL".
07-21-2021 @ 16:08:24 - Image URL:NULL
07-21-2021 @ 16:08:24 - Unable to use image "NULL".
07-21-2021 @ 16:08:24 - Row :75 - Product imported successfully.
07-21-2021 @ 16:08:24 - Row :76 - Parsing item.
07-21-2021 @ 16:08:24 - Importing as new product ID:1328
07-21-2021 @ 16:08:24 - Row :76 - Processing item.
07-21-2021 @ 16:08:24 - Found variation product object. ID:1328
07-21-2021 @ 16:08:24 - Setting Featured Image. URL:https://cdn1.nuorder.com/product/be3a150263dcccf4212053836e73067a.jpg
07-21-2021 @ 16:08:24 - Attachment ID:1327
07-21-2021 @ 16:08:24 - Setting Gallery Images.
07-21-2021 @ 16:08:24 - Image URL:https://cdn1.nuorder.com/product/be3a150263dcccf4212053836e73067a.jpg
07-21-2021 @ 16:08:24 - Attachment ID:1327
07-21-2021 @ 16:08:24 - Image URL:NULL
07-21-2021 @ 16:08:24 - Unable to use image "NULL".
07-21-2021 @ 16:08:24 - Image URL:NULL
07-21-2021 @ 16:08:24 - Unable to use image "NULL".
07-21-2021 @ 16:08:24 - Image URL:NULL
07-21-2021 @ 16:08:24 - Unable to use image "NULL".
07-21-2021 @ 16:08:24 - Row :76 - Product imported successfully.
07-21-2021 @ 16:08:24 - Row :77 - Parsing item.
07-21-2021 @ 16:08:24 - Importing as new product ID:1329
07-21-2021 @ 16:08:24 - Row :77 - Processing item.
07-21-2021 @ 16:08:24 - Found variation product object. ID:1329
07-21-2021 @ 16:08:24 - Setting Featured Image. URL:https://cdn1.nuorder.com/product/be3a150263dcccf4212053836e73067a.jpg
07-21-2021 @ 16:08:24 - Attachment ID:1327
07-21-2021 @ 16:08:24 - Setting Gallery Images.
07-21-2021 @ 16:08:24 - Image URL:https://cdn1.nuorder.com/product/be3a150263dcccf4212053836e73067a.jpg
07-21-2021 @ 16:08:24 - Attachment ID:1327
07-21-2021 @ 16:08:24 - Image URL:NULL
07-21-2021 @ 16:08:24 - Unable to use image "NULL".
07-21-2021 @ 16:08:24 - Image URL:NULL
07-21-2021 @ 16:08:24 - Unable to use image "NULL".
07-21-2021 @ 16:08:24 - Image URL:NULL
07-21-2021 @ 16:08:24 - Unable to use image "NULL".
07-21-2021 @ 16:08:24 - Row :77 - Product imported successfully.
07-21-2021 @ 16:08:24 - Row :78 - Parsing item.
07-21-2021 @ 16:08:24 - Importing as new product ID:1330
07-21-2021 @ 16:08:24 - Row :78 - Processing item.
07-21-2021 @ 16:08:24 - Found variation product object. ID:1330
07-21-2021 @ 16:08:24 - Setting Featured Image. URL:https://cdn1.nuorder.com/product/be3a150263dcccf4212053836e73067a.jpg
07-21-2021 @ 16:08:24 - Attachment ID:1327
07-21-2021 @ 16:08:24 - Setting Gallery Images.
07-21-2021 @ 16:08:24 - Image URL:https://cdn1.nuorder.com/product/be3a150263dcccf4212053836e73067a.jpg
07-21-2021 @ 16:08:24 - Attachment ID:1327
07-21-2021 @ 16:08:24 - Image URL:NULL
07-21-2021 @ 16:08:24 - Unable to use image "NULL".
07-21-2021 @ 16:08:24 - Image URL:NULL
07-21-2021 @ 16:08:24 - Unable to use image "NULL".
07-21-2021 @ 16:08:24 - Image URL:NULL
07-21-2021 @ 16:08:24 - Unable to use image "NULL".
07-21-2021 @ 16:08:24 - Row :78 - Product imported successfully.
07-21-2021 @ 16:08:24 - Row :79 - Parsing item.
07-21-2021 @ 16:08:24 - Importing as new product ID:1331
07-21-2021 @ 16:08:24 - Row :79 - Processing item.
07-21-2021 @ 16:08:24 - Found variation product object. ID:1331
07-21-2021 @ 16:08:24 - Setting Featured Image. URL:https://cdn1.nuorder.com/product/be3a150263dcccf4212053836e73067a.jpg
07-21-2021 @ 16:08:24 - Attachment ID:1327
07-21-2021 @ 16:08:24 - Setting Gallery Images.
07-21-2021 @ 16:08:24 - Image URL:https://cdn1.nuorder.com/product/be3a150263dcccf4212053836e73067a.jpg
07-21-2021 @ 16:08:24 - Attachment ID:1327
07-21-2021 @ 16:08:24 - Image URL:NULL
07-21-2021 @ 16:08:24 - Unable to use image "NULL".
07-21-2021 @ 16:08:24 - Image URL:NULL
07-21-2021 @ 16:08:24 - Unable to use image "NULL".
07-21-2021 @ 16:08:24 - Image URL:NULL
07-21-2021 @ 16:08:24 - Unable to use image "NULL".
07-21-2021 @ 16:08:24 - Row :79 - Product imported successfully.
07-21-2021 @ 16:08:24 - Row :80 - Parsing item.
07-21-2021 @ 16:08:24 - Importing as new product ID:1332
07-21-2021 @ 16:08:24 - Row :80 - Processing item.
07-21-2021 @ 16:08:24 - Found variation product object. ID:1332
07-21-2021 @ 16:08:24 - Setting Featured Image. URL:https://cdn1.nuorder.com/product/be3a150263dcccf4212053836e73067a.jpg
07-21-2021 @ 16:08:24 - Attachment ID:1327
07-21-2021 @ 16:08:24 - Setting Gallery Images.
07-21-2021 @ 16:08:24 - Image URL:https://cdn1.nuorder.com/product/be3a150263dcccf4212053836e73067a.jpg
07-21-2021 @ 16:08:24 - Attachment ID:1327
07-21-2021 @ 16:08:24 - Image URL:NULL
07-21-2021 @ 16:08:24 - Unable to use image "NULL".
07-21-2021 @ 16:08:24 - Image URL:NULL
07-21-2021 @ 16:08:24 - Unable to use image "NULL".
07-21-2021 @ 16:08:24 - Image URL:NULL
07-21-2021 @ 16:08:24 - Unable to use image "NULL".
07-21-2021 @ 16:08:24 - Row :80 - Product imported successfully.
07-21-2021 @ 16:08:26 - Preparing for import.
07-21-2021 @ 16:08:26 - Row :81 - Parsing item.
07-21-2021 @ 16:08:26 - Importing as new product ID:1333
07-21-2021 @ 16:08:26 - Row :81 - Processing item.
07-21-2021 @ 16:08:26 - Found variable product object. ID:1333
07-21-2021 @ 16:08:26 - Setting Featured Image. URL:https://cdn1.nuorder.com/product/b53874e2ac7ad4d00ca95d91edb5d175.jpg
07-21-2021 @ 16:08:26 - Attachment ID:1334
07-21-2021 @ 16:08:26 - Setting Gallery Images.
07-21-2021 @ 16:08:26 - Image URL:https://cdn1.nuorder.com/product/b53874e2ac7ad4d00ca95d91edb5d175.jpg
07-21-2021 @ 16:08:26 - Attachment ID:1334
07-21-2021 @ 16:08:26 - Image URL:NULL
07-21-2021 @ 16:08:26 - Unable to use image "NULL".
07-21-2021 @ 16:08:26 - Image URL:NULL
07-21-2021 @ 16:08:26 - Unable to use image "NULL".
07-21-2021 @ 16:08:26 - Image URL:NULL
07-21-2021 @ 16:08:26 - Unable to use image "NULL".
07-21-2021 @ 16:08:26 - Row :81 - Product imported successfully.
07-21-2021 @ 16:08:26 - Row :82 - Parsing item.
07-21-2021 @ 16:08:26 - Importing as new product ID:1335
07-21-2021 @ 16:08:26 - Row :82 - Processing item.
07-21-2021 @ 16:08:26 - Found variation product object. ID:1335
07-21-2021 @ 16:08:26 - Setting Featured Image. URL:https://cdn1.nuorder.com/product/b53874e2ac7ad4d00ca95d91edb5d175.jpg
07-21-2021 @ 16:08:26 - Attachment ID:1334
07-21-2021 @ 16:08:26 - Setting Gallery Images.
07-21-2021 @ 16:08:26 - Image URL:https://cdn1.nuorder.com/product/b53874e2ac7ad4d00ca95d91edb5d175.jpg
07-21-2021 @ 16:08:26 - Attachment ID:1334
07-21-2021 @ 16:08:26 - Image URL:NULL
07-21-2021 @ 16:08:26 - Unable to use image "NULL".
07-21-2021 @ 16:08:26 - Image URL:NULL
07-21-2021 @ 16:08:26 - Unable to use image "NULL".
07-21-2021 @ 16:08:26 - Image URL:NULL
07-21-2021 @ 16:08:26 - Unable to use image "NULL".
07-21-2021 @ 16:08:26 - Row :82 - Product imported successfully.
07-21-2021 @ 16:08:26 - Row :83 - Parsing item.
07-21-2021 @ 16:08:26 - Importing as new product ID:1336
07-21-2021 @ 16:08:26 - Row :83 - Processing item.
07-21-2021 @ 16:08:26 - Found variation product object. ID:1336
07-21-2021 @ 16:08:26 - Setting Featured Image. URL:https://cdn1.nuorder.com/product/b53874e2ac7ad4d00ca95d91edb5d175.jpg
07-21-2021 @ 16:08:26 - Attachment ID:1334
07-21-2021 @ 16:08:26 - Setting Gallery Images.
07-21-2021 @ 16:08:26 - Image URL:https://cdn1.nuorder.com/product/b53874e2ac7ad4d00ca95d91edb5d175.jpg
07-21-2021 @ 16:08:26 - Attachment ID:1334
07-21-2021 @ 16:08:26 - Image URL:NULL
07-21-2021 @ 16:08:26 - Unable to use image "NULL".
07-21-2021 @ 16:08:26 - Image URL:NULL
07-21-2021 @ 16:08:26 - Unable to use image "NULL".
07-21-2021 @ 16:08:26 - Image URL:NULL
07-21-2021 @ 16:08:26 - Unable to use image "NULL".
07-21-2021 @ 16:08:26 - Row :83 - Product imported successfully.
07-21-2021 @ 16:08:26 - Row :84 - Parsing item.
07-21-2021 @ 16:08:26 - Importing as new product ID:1337
07-21-2021 @ 16:08:26 - Row :84 - Processing item.
07-21-2021 @ 16:08:26 - Found variation product object. ID:1337
07-21-2021 @ 16:08:26 - Setting Featured Image. URL:https://cdn1.nuorder.com/product/b53874e2ac7ad4d00ca95d91edb5d175.jpg
07-21-2021 @ 16:08:26 - Attachment ID:1334
07-21-2021 @ 16:08:26 - Setting Gallery Images.
07-21-2021 @ 16:08:26 - Image URL:https://cdn1.nuorder.com/product/b53874e2ac7ad4d00ca95d91edb5d175.jpg
07-21-2021 @ 16:08:26 - Attachment ID:1334
07-21-2021 @ 16:08:26 - Image URL:NULL
07-21-2021 @ 16:08:27 - Unable to use image "NULL".
07-21-2021 @ 16:08:27 - Image URL:NULL
07-21-2021 @ 16:08:27 - Unable to use image "NULL".
07-21-2021 @ 16:08:27 - Image URL:NULL
07-21-2021 @ 16:08:27 - Unable to use image "NULL".
07-21-2021 @ 16:08:27 - Row :84 - Product imported successfully.
07-21-2021 @ 16:08:27 - Row :85 - Parsing item.
07-21-2021 @ 16:08:27 - Importing as new product ID:1338
07-21-2021 @ 16:08:27 - Row :85 - Processing item.
07-21-2021 @ 16:08:27 - Found variation product object. ID:1338
07-21-2021 @ 16:08:27 - Setting Featured Image. URL:https://cdn1.nuorder.com/product/b53874e2ac7ad4d00ca95d91edb5d175.jpg
07-21-2021 @ 16:08:27 - Attachment ID:1334
07-21-2021 @ 16:08:27 - Setting Gallery Images.
07-21-2021 @ 16:08:27 - Image URL:https://cdn1.nuorder.com/product/b53874e2ac7ad4d00ca95d91edb5d175.jpg
07-21-2021 @ 16:08:27 - Attachment ID:1334
07-21-2021 @ 16:08:27 - Image URL:NULL
07-21-2021 @ 16:08:27 - Unable to use image "NULL".
07-21-2021 @ 16:08:27 - Image URL:NULL
07-21-2021 @ 16:08:27 - Unable to use image "NULL".
07-21-2021 @ 16:08:27 - Image URL:NULL
07-21-2021 @ 16:08:27 - Unable to use image "NULL".
07-21-2021 @ 16:08:27 - Row :85 - Product imported successfully.
07-21-2021 @ 16:08:27 - Row :86 - Parsing item.
07-21-2021 @ 16:08:27 - Importing as new product ID:1339
07-21-2021 @ 16:08:27 - Row :86 - Processing item.
07-21-2021 @ 16:08:27 - Found variation product object. ID:1339
07-21-2021 @ 16:08:27 - Setting Featured Image. URL:https://cdn1.nuorder.com/product/b53874e2ac7ad4d00ca95d91edb5d175.jpg
07-21-2021 @ 16:08:27 - Attachment ID:1334
07-21-2021 @ 16:08:27 - Setting Gallery Images.
07-21-2021 @ 16:08:27 - Image URL:https://cdn1.nuorder.com/product/b53874e2ac7ad4d00ca95d91edb5d175.jpg
07-21-2021 @ 16:08:27 - Attachment ID:1334
07-21-2021 @ 16:08:27 - Image URL:NULL
07-21-2021 @ 16:08:27 - Unable to use image "NULL".
07-21-2021 @ 16:08:27 - Image URL:NULL
07-21-2021 @ 16:08:27 - Unable to use image "NULL".
07-21-2021 @ 16:08:27 - Image URL:NULL
07-21-2021 @ 16:08:27 - Unable to use image "NULL".
07-21-2021 @ 16:08:27 - Row :86 - Product imported successfully.
07-21-2021 @ 16:08:27 - ---[ Import ended at 2021-07-21 16:08:27]---
